add_approx 140498849153088 140498858571840
set_read_ber 0.000000
set_write_ber 0.000010
add_approx 140498979160128 140498988578880
set_read_ber 0.000000
set_write_ber 0.000010
remove_approx 140498849153088 140498858571840
remove_approx 140498979160128 140498988578880
add_approx 140498775990336 140498785409088
set_read_ber 0.000000
set_write_ber 0.000010
add_approx 140498849153088 140498858571840
set_read_ber 0.000000
set_write_ber 0.000010
add_approx 140498979160128 140498988578880
set_read_ber 0.000000
set_write_ber 0.000010
remove_approx 140498775990336 140498785409088
remove_approx 140498849153088 140498858571840
remove_approx 140498979160128 140498988578880
add_approx 140498775990336 140498785409088
set_read_ber 0.000000
set_write_ber 0.000010
add_approx 140498849153088 140498858571840
set_read_ber 0.000000
set_write_ber 0.000010
add_approx 140498979160128 140498988578880
set_read_ber 0.000000
set_write_ber 0.000010
add_approx 248124000 257542752
set_read_ber 0.000000
set_write_ber 0.000010
remove_approx 140498775990336 140498785409088
remove_approx 140498849153088 140498858571840
remove_approx 140498979160128 140498988578880
remove_approx 248124000 257542752
add_approx 140498775990336 140498785409088
set_read_ber 0.000000
set_write_ber 0.000010
add_approx 140498849153088 140498858571840
set_read_ber 0.000000
set_write_ber 0.000010
add_approx 315054048 324472800
set_read_ber 0.000000
set_write_ber 0.000010
add_approx 248124000 257542752
set_read_ber 0.000000
set_write_ber 0.000010
remove_approx 140498775990336 140498785409088
remove_approx 140498849153088 140498858571840
remove_approx 315054048 324472800
remove_approx 248124000 257542752
add_approx 140498775990336 140498785409088
set_read_ber 0.000000
set_write_ber 0.000010
add_approx 140498849153088 140498858571840
set_read_ber 0.000000
set_write_ber 0.000010
add_approx 315054048 324472800
set_read_ber 0.000000
set_write_ber 0.000010
add_approx 248124000 257542752
set_read_ber 0.000000
set_write_ber 0.000010
remove_approx 140498775990336 140498785409088
remove_approx 140498849153088 140498858571840
remove_approx 315054048 324472800
remove_approx 248124000 257542752
add_approx 315054048 324472800
set_read_ber 0.000000
set_write_ber 0.000010
add_approx 140498775990336 140498785409088
set_read_ber 0.000000
set_write_ber 0.000010
add_approx 140498849153088 140498858571840
set_read_ber 0.000000
set_write_ber 0.000010
add_approx 248124000 257542752
set_read_ber 0.000000
set_write_ber 0.000010
remove_approx 315054048 324472800
remove_approx 140498775990336 140498785409088
remove_approx 140498849153088 140498858571840
remove_approx 248124000 257542752
add_approx 248124000 257542752
set_read_ber 0.000000
set_write_ber 0.000010
add_approx 315054048 324472800
set_read_ber 0.000000
set_write_ber 0.000010
add_approx 140498775990336 140498785409088
set_read_ber 0.000000
set_write_ber 0.000010
remove_approx 248124000 257542752
remove_approx 315054048 324472800
remove_approx 140498775990336 140498785409088
add_approx 248124000 257542752
set_read_ber 0.000000
set_write_ber 0.000010
add_approx 315054048 324472800
set_read_ber 0.000000
set_write_ber 0.000010
add_approx 140498775990336 140498785409088
set_read_ber 0.000000
set_write_ber 0.000010
add_approx 140498979160128 140498988578880
set_read_ber 0.000000
set_write_ber 0.000010
remove_approx 248124000 257542752
remove_approx 315054048 324472800
remove_approx 140498775990336 140498785409088
remove_approx 140498979160128 140498988578880
add_approx 248124000 257542752
set_read_ber 0.000000
set_write_ber 0.000010
add_approx 315054048 324472800
set_read_ber 0.000000
set_write_ber 0.000010
add_approx 381984096 391402848
set_read_ber 0.000000
set_write_ber 0.000010
add_approx 140498979160128 140498988578880
set_read_ber 0.000000
set_write_ber 0.000010
remove_approx 248124000 257542752
remove_approx 315054048 324472800
remove_approx 381984096 391402848
remove_approx 140498979160128 140498988578880
add_approx 140498979160128 140498988578880
set_read_ber 0.000000
set_write_ber 0.000010
add_approx 381984096 391402848
set_read_ber 0.000000
set_write_ber 0.000010
add_approx 248124000 257542752
set_read_ber 0.000000
set_write_ber 0.000010
remove_approx 140498979160128 140498988578880
remove_approx 381984096 391402848
remove_approx 248124000 257542752
add_approx 140498979160128 140498988578880
set_read_ber 0.000000
set_write_ber 0.000010
add_approx 381984096 391402848
set_read_ber 0.000000
set_write_ber 0.000010
add_approx 315054048 324472800
set_read_ber 0.000000
set_write_ber 0.000010
add_approx 140498775990336 140498785409088
set_read_ber 0.000000
set_write_ber 0.000010
remove_approx 140498979160128 140498988578880
remove_approx 381984096 391402848
remove_approx 315054048 324472800
remove_approx 140498775990336 140498785409088
add_approx 140498979160128 140498988578880
set_read_ber 0.000000
set_write_ber 0.000010
add_approx 381984096 391402848
set_read_ber 0.000000
set_write_ber 0.000010
add_approx 140498849153088 140498858571840
set_read_ber 0.000000
set_write_ber 0.000010
add_approx 140498775990336 140498785409088
set_read_ber 0.000000
set_write_ber 0.000010
remove_approx 140498979160128 140498988578880
remove_approx 381984096 391402848
remove_approx 140498849153088 140498858571840
remove_approx 140498775990336 140498785409088
add_approx 140498979160128 140498988578880
set_read_ber 0.000000
set_write_ber 0.000010
add_approx 381984096 391402848
set_read_ber 0.000000
set_write_ber 0.000010
add_approx 140498849153088 140498858571840
set_read_ber 0.000000
set_write_ber 0.000010
add_approx 140498775990336 140498785409088
set_read_ber 0.000000
set_write_ber 0.000010
remove_approx 140498979160128 140498988578880
remove_approx 381984096 391402848
remove_approx 140498849153088 140498858571840
remove_approx 140498775990336 140498785409088
add_approx 140498849153088 140498858571840
set_read_ber 0.000000
set_write_ber 0.000010
add_approx 140498979160128 140498988578880
set_read_ber 0.000000
set_write_ber 0.000010
add_approx 381984096 391402848
set_read_ber 0.000000
set_write_ber 0.000010
add_approx 140498775990336 140498785409088
set_read_ber 0.000000
set_write_ber 0.000010
remove_approx 140498849153088 140498858571840
remove_approx 140498979160128 140498988578880
remove_approx 381984096 391402848
remove_approx 140498775990336 140498785409088
add_approx 140498775990336 140498785409088
set_read_ber 0.000000
set_write_ber 0.000010
add_approx 140498849153088 140498858571840
set_read_ber 0.000000
set_write_ber 0.000010
add_approx 140498979160128 140498988578880
set_read_ber 0.000000
set_write_ber 0.000010
remove_approx 140498775990336 140498785409088
remove_approx 140498849153088 140498858571840
remove_approx 140498979160128 140498988578880
add_approx 140498775990336 140498785409088
set_read_ber 0.000000
set_write_ber 0.000010
add_approx 140498849153088 140498858571840
set_read_ber 0.000000
set_write_ber 0.000010
add_approx 381984096 391402848
set_read_ber 0.000000
set_write_ber 0.000010
add_approx 315054048 324472800
set_read_ber 0.000000
set_write_ber 0.000010
remove_approx 140498775990336 140498785409088
remove_approx 140498849153088 140498858571840
remove_approx 381984096 391402848
remove_approx 315054048 324472800
add_approx 140498775990336 140498785409088
set_read_ber 0.000000
set_write_ber 0.000010
add_approx 140498849153088 140498858571840
set_read_ber 0.000000
set_write_ber 0.000010
add_approx 248124000 257542752
set_read_ber 0.000000
set_write_ber 0.000010
add_approx 315054048 324472800
set_read_ber 0.000000
set_write_ber 0.000010
remove_approx 140498775990336 140498785409088
remove_approx 140498849153088 140498858571840
remove_approx 248124000 257542752
remove_approx 315054048 324472800
add_approx 140498775990336 140498785409088
set_read_ber 0.000000
set_write_ber 0.000010
add_approx 140498849153088 140498858571840
set_read_ber 0.000000
set_write_ber 0.000010
add_approx 248124000 257542752
set_read_ber 0.000000
set_write_ber 0.000010
add_approx 315054048 324472800
set_read_ber 0.000000
set_write_ber 0.000010
remove_approx 140498775990336 140498785409088
remove_approx 140498849153088 140498858571840
remove_approx 248124000 257542752
remove_approx 315054048 324472800
add_approx 248124000 257542752
set_read_ber 0.000000
set_write_ber 0.000010
add_approx 140498775990336 140498785409088
set_read_ber 0.000000
set_write_ber 0.000010
add_approx 140498849153088 140498858571840
set_read_ber 0.000000
set_write_ber 0.000010
add_approx 315054048 324472800
set_read_ber 0.000000
set_write_ber 0.000010
remove_approx 248124000 257542752
remove_approx 140498775990336 140498785409088
remove_approx 140498849153088 140498858571840
remove_approx 315054048 324472800
add_approx 315054048 324472800
set_read_ber 0.000000
set_write_ber 0.000010
add_approx 248124000 257542752
set_read_ber 0.000000
set_write_ber 0.000010
add_approx 140498775990336 140498785409088
set_read_ber 0.000000
set_write_ber 0.000010
remove_approx 315054048 324472800
remove_approx 248124000 257542752
remove_approx 140498775990336 140498785409088
add_approx 315054048 324472800
set_read_ber 0.000000
set_write_ber 0.000010
add_approx 248124000 257542752
set_read_ber 0.000000
set_write_ber 0.000010
add_approx 140498849153088 140498858571840
set_read_ber 0.000000
set_write_ber 0.000010
add_approx 381984096 391402848
set_read_ber 0.000000
set_write_ber 0.000010
remove_approx 315054048 324472800
remove_approx 248124000 257542752
remove_approx 140498849153088 140498858571840
remove_approx 381984096 391402848
add_approx 315054048 324472800
set_read_ber 0.000000
set_write_ber 0.000010
add_approx 248124000 257542752
set_read_ber 0.000000
set_write_ber 0.000010
add_approx 140498979160128 140498988578880
set_read_ber 0.000000
set_write_ber 0.000010
add_approx 381984096 391402848
set_read_ber 0.000000
set_write_ber 0.000010
remove_approx 315054048 324472800
remove_approx 248124000 257542752
remove_approx 140498979160128 140498988578880
remove_approx 381984096 391402848
add_approx 315054048 324472800
set_read_ber 0.000000
set_write_ber 0.000010
add_approx 248124000 257542752
set_read_ber 0.000000
set_write_ber 0.000010
add_approx 140498979160128 140498988578880
set_read_ber 0.000000
set_write_ber 0.000010
add_approx 381984096 391402848
set_read_ber 0.000000
set_write_ber 0.000010
remove_approx 315054048 324472800
remove_approx 248124000 257542752
remove_approx 140498979160128 140498988578880
remove_approx 381984096 391402848
add_approx 140498979160128 140498988578880
set_read_ber 0.000000
set_write_ber 0.000010
add_approx 315054048 324472800
set_read_ber 0.000000
set_write_ber 0.000010
add_approx 248124000 257542752
set_read_ber 0.000000
set_write_ber 0.000010
add_approx 381984096 391402848
set_read_ber 0.000000
set_write_ber 0.000010
remove_approx 140498979160128 140498988578880
remove_approx 315054048 324472800
remove_approx 248124000 257542752
remove_approx 381984096 391402848
add_approx 381984096 391402848
set_read_ber 0.000000
set_write_ber 0.000010
add_approx 140498979160128 140498988578880
set_read_ber 0.000000
set_write_ber 0.000010
add_approx 315054048 324472800
set_read_ber 0.000000
set_write_ber 0.000010
remove_approx 381984096 391402848
remove_approx 140498979160128 140498988578880
remove_approx 315054048 324472800
add_approx 381984096 391402848
set_read_ber 0.000000
set_write_ber 0.000010
add_approx 140498979160128 140498988578880
set_read_ber 0.000000
set_write_ber 0.000010
add_approx 248124000 257542752
set_read_ber 0.000000
set_write_ber 0.000010
add_approx 140498849153088 140498858571840
set_read_ber 0.000000
set_write_ber 0.000010
remove_approx 381984096 391402848
remove_approx 140498979160128 140498988578880
remove_approx 248124000 257542752
remove_approx 140498849153088 140498858571840
add_approx 381984096 391402848
set_read_ber 0.000000
set_write_ber 0.000010
add_approx 140498979160128 140498988578880
set_read_ber 0.000000
set_write_ber 0.000010
add_approx 140498775990336 140498785409088
set_read_ber 0.000000
set_write_ber 0.000010
add_approx 140498849153088 140498858571840
set_read_ber 0.000000
set_write_ber 0.000010
remove_approx 381984096 391402848
remove_approx 140498979160128 140498988578880
remove_approx 140498775990336 140498785409088
remove_approx 140498849153088 140498858571840
add_approx 140498849153088 140498858571840
set_read_ber 0.000000
set_write_ber 0.000010
add_approx 140498775990336 140498785409088
set_read_ber 0.000000
set_write_ber 0.000010
add_approx 381984096 391402848
set_read_ber 0.000000
set_write_ber 0.000010
remove_approx 140498849153088 140498858571840
remove_approx 140498775990336 140498785409088
remove_approx 381984096 391402848
add_approx 140498849153088 140498858571840
set_read_ber 0.000000
set_write_ber 0.000010
add_approx 140498775990336 140498785409088
set_read_ber 0.000000
set_write_ber 0.000010
add_approx 140498979160128 140498988578880
set_read_ber 0.000000
set_write_ber 0.000010
add_approx 248124000 257542752
set_read_ber 0.000000
set_write_ber 0.000010
remove_approx 140498849153088 140498858571840
remove_approx 140498775990336 140498785409088
remove_approx 140498979160128 140498988578880
remove_approx 248124000 257542752
add_approx 140498849153088 140498858571840
set_read_ber 0.000000
set_write_ber 0.000010
add_approx 140498775990336 140498785409088
set_read_ber 0.000000
set_write_ber 0.000010
add_approx 315054048 324472800
set_read_ber 0.000000
set_write_ber 0.000010
add_approx 248124000 257542752
set_read_ber 0.000000
set_write_ber 0.000010
remove_approx 140498849153088 140498858571840
remove_approx 140498775990336 140498785409088
remove_approx 315054048 324472800
remove_approx 248124000 257542752
add_approx 140498849153088 140498858571840
set_read_ber 0.000000
set_write_ber 0.000010
add_approx 140498775990336 140498785409088
set_read_ber 0.000000
set_write_ber 0.000010
add_approx 315054048 324472800
set_read_ber 0.000000
set_write_ber 0.000010
add_approx 248124000 257542752
set_read_ber 0.000000
set_write_ber 0.000010
remove_approx 140498849153088 140498858571840
remove_approx 140498775990336 140498785409088
remove_approx 315054048 324472800
remove_approx 248124000 257542752
add_approx 315054048 324472800
set_read_ber 0.000000
set_write_ber 0.000010
add_approx 140498849153088 140498858571840
set_read_ber 0.000000
set_write_ber 0.000010
add_approx 140498775990336 140498785409088
set_read_ber 0.000000
set_write_ber 0.000010
add_approx 248124000 257542752
set_read_ber 0.000000
set_write_ber 0.000010
remove_approx 315054048 324472800
remove_approx 140498849153088 140498858571840
remove_approx 140498775990336 140498785409088
remove_approx 248124000 257542752
add_approx 248124000 257542752
set_read_ber 0.000000
set_write_ber 0.000010
add_approx 315054048 324472800
set_read_ber 0.000000
set_write_ber 0.000010
add_approx 140498849153088 140498858571840
set_read_ber 0.000000
set_write_ber 0.000010
remove_approx 248124000 257542752
remove_approx 315054048 324472800
remove_approx 140498849153088 140498858571840
add_approx 248124000 257542752
set_read_ber 0.000000
set_write_ber 0.000010
add_approx 315054048 324472800
set_read_ber 0.000000
set_write_ber 0.000010
add_approx 140498775990336 140498785409088
set_read_ber 0.000000
set_write_ber 0.000010
add_approx 140498979160128 140498988578880
set_read_ber 0.000000
set_write_ber 0.000010
remove_approx 248124000 257542752
remove_approx 315054048 324472800
remove_a