add_approx 139814170574912 139814173210688
set_read_ber 0.000010
set_write_ber 0.000010
remove_approx 139814170574912 139814173210688
add_approx 139814170574912 139814173210688
set_read_ber 0.000010
set_write_ber 0.000010
add_approx 139814129324096 139814131959872
set_read_ber 0.000010
set_write_ber 0.000010
remove_approx 139814170574912 139814173210688
remove_approx 139814129324096 139814131959872
add_approx 139814170574912 139814173210688
set_read_ber 0.000010
set_write_ber 0.000010
add_approx 82754528 85390304
set_read_ber 0.000010
set_write_ber 0.000010
add_approx 139814129324096 139814131959872
set_read_ber 0.000010
set_write_ber 0.000010
remove_approx 139814170574912 139814173210688
remove_approx 82754528 85390304
remove_approx 139814129324096 139814131959872
add_approx 82754528 85390304
set_read_ber 0.000010
set_write_ber 0.000010
add_approx 139814170574912 139814173210688
set_read_ber 0.000010
set_write_ber 0.000010
add_approx 139814129324096 139814131959872
set_read_ber 0.000010
set_write_ber 0.000010
remove_approx 82754528 85390304
remove_approx 139814170574912 139814173210688
remove_approx 139814129324096 139814131959872
add_approx 139814129324096 139814131959872
set_read_ber 0.000010
set_write_ber 0.000010
add_approx 82754528 85390304
set_read_ber 0.000010
set_write_ber 0.000010
add_approx 139814170574912 139814173210688
set_read_ber 0.000010
set_write_ber 0.000010
remove_approx 139814129324096 139814131959872
remove_approx 82754528 85390304
remove_approx 139814170574912 139814173210688
add_approx 139814129324096 139814131959872
set_read_ber 0.000010
set_write_ber 0.000010
add_approx 82754528 85390304
set_read_ber 0.000010
set_write_ber 0.000010
add_approx 139814170574912 139814173210688
set_read_ber 0.000010
set_write_ber 0.000010
add_approx 101439552 104075328
set_read_ber 0.000010
set_write_ber 0.000010
remove_approx 139814129324096 139814131959872
remove_approx 82754528 85390304
remove_approx 139814170574912 139814173210688
remove_approx 101439552 104075328
add_approx 139814129324096 139814131959872
set_read_ber 0.000010
set_write_ber 0.000010
add_approx 82754528 85390304
set_read_ber 0.000010
set_write_ber 0.000010
add_approx 119805792 122441568
set_read_ber 0.000010
set_write_ber 0.000010
add_approx 101439552 104075328
set_read_ber 0.000010
set_write_ber 0.000010
remove_approx 139814129324096 139814131959872
remove_approx 82754528 85390304
remove_approx 119805792 122441568
remove_approx 101439552 104075328
add_approx 119805792 122441568
set_read_ber 0.000010
set_write_ber 0.000010
add_approx 139814129324096 139814131959872
set_read_ber 0.000010
set_write_ber 0.000010
add_approx 82754528 85390304
set_read_ber 0.000010
set_write_ber 0.000010
add_approx 101439552 104075328
set_read_ber 0.000010
set_write_ber 0.000010
remove_approx 119805792 122441568
remove_approx 139814129324096 139814131959872
remove_approx 82754528 85390304
remove_approx 101439552 104075328
add_approx 101439552 104075328
set_read_ber 0.000010
set_write_ber 0.000010
add_approx 119805792 122441568
set_read_ber 0.000010
set_write_ber 0.000010
add_approx 139814129324096 139814131959872
set_read_ber 0.000010
set_write_ber 0.000010
remove_approx 101439552 104075328
remove_approx 119805792 122441568
remove_approx 139814129324096 139814131959872
add_approx 101439552 104075328
set_read_ber 0.000010
set_write_ber 0.000010
add_approx 119805792 122441568
set_read_ber 0.000010
set_write_ber 0.000010
add_approx 82754528 85390304
set_read_ber 0.000010
set_write_ber 0.000010
add_approx 138172032 140807808
set_read_ber 0.000010
set_write_ber 0.000010
remove_approx 101439552 104075328
remove_approx 119805792 122441568
remove_approx 82754528 85390304
remove_approx 138172032 140807808
add_approx 101439552 104075328
set_read_ber 0.000010
set_write_ber 0.000010
add_approx 119805792 122441568
set_read_ber 0.000010
set_write_ber 0.000010
add_approx 139814170574912 139814173210688
set_read_ber 0.000010
set_write_ber 0.000010
add_approx 138172032 140807808
set_read_ber 0.000010
set_write_ber 0.000010
remove_approx 101439552 104075328
remove_approx 119805792 122441568
remove_approx 139814170574912 139814173210688
remove_approx 138172032 140807808
add_approx 101439552 104075328
set_read_ber 0.000010
set_write_ber 0.000010
add_approx 119805792 122441568
set_read_ber 0.000010
set_write_ber 0.000010
add_approx 139814170574912 139814173210688
set_read_ber 0.000010
set_write_ber 0.000010
add_approx 138172032 140807808
set_read_ber 0.000010
set_write_ber 0.000010
remove_approx 101439552 104075328
remove_approx 119805792 122441568
remove_approx 139814170574912 139814173210688
remove_approx 138172032 140807808
add_approx 139814170574912 139814173210688
set_read_ber 0.000010
set_write_ber 0.000010
add_approx 101439552 104075328
set_read_ber 0.000010
set_write_ber 0.000010
add_approx 119805792 122441568
set_read_ber 0.000010
set_write_ber 0.000010
add_approx 138172032 140807808
set_read_ber 0.000010
set_write_ber 0.000010
remove_approx 139814170574912 139814173210688
remove_approx 101439552 104075328
remove_approx 119805792 122441568
remove_approx 138172032 140807808
add_approx 138172032 140807808
set_read_ber 0.000010
set_write_ber 0.000010
add_approx 139814170574912 139814173210688
set_read_ber 0.000010
set_write_ber 0.000010
add_approx 101439552 104075328
set_read_ber 0.000010
set_write_ber 0.000010
remove_approx 138172032 140807808
remove_approx 139814170574912 139814173210688
remove_approx 101439552 104075328
add_approx 138172032 140807808
set_read_ber 0.000010
set_write_ber 0.000010
add_approx 139814170574912 139814173210688
set_read_ber 0.000010
set_write_ber 0.000010
add_approx 119805792 122441568
set_read_ber 0.000010
set_write_ber 0.000010
add_approx 82754528 85390304
set_read_ber 0.000010
set_write_ber 0.000010
remove_approx 138172032 140807808
remove_approx 139814170574912 139814173210688
remove_approx 119805792 122441568
remove_approx 82754528 85390304
add_approx 138172032 140807808
set_read_ber 0.000010
set_write_ber 0.000010
add_approx 139814170574912 139814173210688
set_read_ber 0.000010
set_write_ber 0.000010
add_approx 139814129324096 139814131959872
set_read_ber 