add_approx 140440566288448 140440575707200
set_read_ber 0.001000
set_write_ber 0.000010
add_approx 140440696803392 140440706222144
set_read_ber 0.001000
set_write_ber 0.000010
remove_approx 140440566288448 140440575707200
remove_approx 140440696803392 140440706222144
add_approx 140440493170752 140440502589504
set_read_ber 0.001000
set_write_ber 0.000010
add_approx 140440566288448 140440575707200
set_read_ber 0.001000
set_write_ber 0.000010
add_approx 140440696803392 140440706222144
set_read_ber 0.001000
set_write_ber 0.000010
remove_approx 140440493170752 140440502589504
remove_approx 140440566288448 140440575707200
remove_approx 140440696803392 140440706222144
add_approx 140440493170752 140440502589504
set_read_ber 0.001000
set_write_ber 0.000010
add_approx 140440566288448 140440575707200
set_read_ber 0.001000
set_write_ber 0.000010
add_approx 140440696803392 140440706222144
set_read_ber 0.001000
set_write_ber 0.000010
add_approx 246821472 256240224
set_read_ber 0.001000
set_write_ber 0.000010
remove_approx 140440493170752 140440502589504
remove_approx 140440566288448 140440575707200
remove_approx 140440696803392 140440706222144
remove_approx 246821472 256240224
add_approx 140440493170752 140440502589504
set_read_ber 0.001000
set_write_ber 0.000010
add_approx 140440566288448 140440575707200
set_read_ber 0.001000
set_write_ber 0.000010
add_approx 313751520 323170272
set_read_ber 0.001000
set_write_ber 0.000010
add_approx 246821472 256240224
set_read_ber 0.001000
set_write_ber 0.000010
remove_approx 140440493170752 140440502589504
remove_approx 140440566288448 140440575707200
remove_approx 313751520 323170272
remove_approx 246821472 256240224
add_approx 140440493170752 140440502589504
set_read_ber 0.001000
set_write_ber 0.000010
add_approx 140440566288448 140440575707200
set_read_ber 0.001000
set_write_ber 0.000010
add_approx 313751520 323170272
set_read_ber 0.001000
set_write_ber 0.000010
add_approx 246821472 256240224
set_read_ber 0.001000
set_write_ber 0.000010
remove_approx 140440493170752 140440502589504
remove_approx 140440566288448 140440575707200
remove_approx 313751520 323170272
remove_approx 246821472 256240224
add_approx 313751520 323170272
set_read_ber 0.001000
set_write_ber 0.000010
add_approx 140440493170752 140440502589504
set_read_ber 0.001000
set_write_ber 0.000010
add_approx 140440566288448 140440575707200
set_read_ber 0.001000
set_write_ber 0.000010
add_approx 246821472 256240224
set_read_ber 0.001000
set_write_ber 0.000010
remove_approx 313751520 323170272
remove_approx 140440493170752 140440502589504
remove_approx 140440566288448 140440575707200
remove_approx 246821472 256240224
add_approx 246821472 256240224
set_read_ber 0.001000
set_write_ber 0.000010
add_approx 313751520 323170272
set_read_ber 0.001000
set_write_ber 0.000010
add_approx 140440493170752 140440502589504
set_read_ber 0.001000
set_write_ber 0.000010
remove_approx 246821472 256240224
remove_approx 313751520 323170272
remove_approx 140440493170752 140440502589504
add_approx 246821472 256240224
set_read_ber 0.001000
set_write_ber 0.000010
add_approx 313751520 323170272
set_read_ber 0.001000
set_write_ber 0.000010
add_approx 140440493170752 140440502589504
set_read_ber 0.001000
set_write_ber 0.000010
add_approx 140440696803392 140440706222144
set_read_ber 0.001000
set_write_ber 0.000010
remove_approx 246821472 256240224
remove_approx 313751520 323170272
remove_approx 140440493170752 140440502589504
remove_approx 140440696803392 140440706222144
add_approx 246821472 256240224
set_read_ber 0.001000
set_write_ber 0.000010
add_approx 313751520 323170272
set_read_ber 0.001000
set_write_ber 0.000010
add_approx 380681568 390100320
set_read_ber 0.001000
set_write_ber 0.000010
add_approx 140440696803392 140440706222144
set_read_ber 0.001000
set_write_ber 0.000010
remove_approx 246821472 256240224
remove_approx 313751520 323170272
remove_approx 380681568 390100320
remove_approx 140440696803392 140440706222144
add_approx 140440696803392 140440706222144
set_read_ber 0.001000
set_write_ber 0.000010
add_approx 380681568 390100320
set_read_ber 0.001000
set_write_ber 0.000010
add_approx 246821472 256240224
set_read_ber 0.001000
set_write_ber 0.000010
remove_approx 140440696803392 140440706222144
remove_approx 380681568 390100320
remove_approx 246821472 256240224
add_approx 140440696803392 140440706222144
set_read_ber 0.001000
set_write_ber 0.000010
add_approx 380681568 390100320
set_read_ber 0.001000
set_write_ber 0.000010
add_approx 313751520 323170272
set_read_ber 0.001000
set_write_ber 0.000010
add_approx 140440493170752 140440502589504
set_read_ber 0.001000
set_write_ber 0.000010
remove_approx 140440696803392 140440706222144
remove_approx 380681568 390100320
remove_approx 313751520 323170272
remove_approx 140440493170752 140440502589504
add_approx 140440696803392 140440706222144
set_read_ber 0.001000
set_write_ber 0.000010
add_approx 380681568 390100320
set_read_ber 0.001000
set_write_ber 0.000010
add_approx 140440566288448 140440575707200
set_read_ber 0.001000
set_write_ber 0.000010
add_approx 140440493170752 140440502589504
set_read_ber 0.001000
set_write_ber 0.000010
remove_approx 140440696803392 140440706222144
remove_approx 380681568 390100320
remove_approx 140440566288448 140440575707200
remove_approx 140440493170752 140440502589504
add_approx 140440696803392 140440706222144
set_read_ber 0.001000
set_write_ber 0.000010
add_approx 380681568 390100320
set_read_ber 0.001000
set_write_ber 0.000010
add_approx 140440566288448 140440575707200
set_read_ber 0.001000
set_write_ber 0.000010
add_approx 140440493170752 140440502589504
set_read_ber 0.001000
set_write_ber 0.000010
remove_approx 140440696803392 140440706222144
remove_approx 380681568 390100320
remove_approx 140440566288448 140440575707200
remove_approx 140440493170752 140440502589504
add_approx 140440566288448 140440575707200
set_read_ber 0.001000
set_write_ber 0.000010
add_approx 140440696803392 140440706222144
set_read_ber 0.001000
set_write_ber 0.000010
add_approx 380681568 390100320
set_read_ber 0.001000
set_write_ber 0.000010
add_approx 140440493170752 140440502589504
set_read_ber 0.001000
set_write_ber 0.000010
remove_approx 140440566288448 140440575707200
remove_approx 140440696803392 140440706222144
remove_approx 380681568 390100320
remove_approx 140440493170752 140440502589504
add_approx 140440493170752 140440502589504
set_read_ber 0.001000
set_write_ber 0.000010
add_approx 140440566288448 140440575707200
set_read_ber 0.001000
set_write_ber 0.000010
add_approx 140440696803392 140440706222144
set_read_ber 0.001000
set_write_ber 0.000010
remove_approx 140440493170752 140440502589504
remove_approx 140440566288448 140440575707200
remove_approx 140440696803392 140440706222144
add_approx 140440493170752 140440502589504
set_read_ber 0.001000
set_write_ber 0.000010
add_approx 140440566288448 140440575707200
set_read_ber 0.001000
set_write_ber 0.000010
add_approx 380681568 390100320
set_read_ber 0.001000
set_write_ber 0.000010
add_approx 313751520 323170272
set_read_ber 0.001000
set_write_ber 0.000010
remove_approx 140440493170752 140440502589504
remove_approx 140440566288448 140440575707200
remove_approx 380681568 390100320
remove_approx 313751520 323170272
add_approx 140440493170752 140440502589504
set_read_ber 0.001000
set_write_ber 0.000010
add_approx 140440566288448 140440575707200
set_read_ber 0.001000
set_write_ber 0.000010
add_approx 246821472 256240224
set_read_ber 0.001000
set_write_ber 0.000010
add_approx 313751520 323170272
set_read_ber 0.001000
set_write_ber 0.000010
remove_approx 140440493170752 140440502589504
remove_approx 140440566288448 140440575707200
remove_approx 246821472 256240224
remove_approx 313751520 323170272
add_approx 140440493170752 140440502589504
set_read_ber 0.001000
set_write_ber 0.000010
add_approx 140440566288448 140440575707200
set_read_ber 0.001000
set_write_ber 0.000010
add_approx 246821472 256240224
set_read_ber 0.001000
set_write_ber 0.000010
add_approx 313751520 323170272
set_read_ber 0.001000
set_write_ber 0.000010
remove_approx 140440493170752 140440502589504
remove_approx 140440566288448 140440575707200
remove_approx 246821472 256240224
remove_approx 313751520 323170272
add_approx 246821472 256240224
set_read_ber 0.001000
set_write_ber 0.000010
add_approx 140440493170752 140440502589504
set_read_ber 0.001000
set_write_ber 0.000010
add_approx 140440566288448 140440575707200
set_read_ber 0.001000
set_write_ber 0.000010
add_approx 313751520 323170272
set_read_ber 0.001000
set_write_ber 0.000010
remove_approx 246821472 256240224
remove_approx 140440493170752 140440502589504
remove_approx 140440566288448 140440575707200
remove_approx 313751520 323170272
add_approx 313751520 323170272
set_read_ber 0.001000
set_write_ber 0.000010
add_approx 246821472 256240224
set_read_ber 0.001000
set_write_ber 0.000010
add_approx 140440493170752 140440502589504
set_read_ber 0.001000
set_write_ber 0.000010
remove_approx 313751520 323170272
remove_approx 246821472 256240224
remove_approx 140440493170752 140440502589504
add_approx 313751520 323170272
set_read_ber 0.001000
set_write_ber 0.000010
add_approx 246821472 256240224
set_read_ber 0.001000
set_write_ber 0.000010
add_approx 140440566288448 140440575707200
set_read_ber 0.001000
set_write_ber 0.000010
add_approx 380681568 390100320
set_read_ber 0.001000
set_write_ber 0.000010
remove_approx 313751520 323170272
remove_approx 246821472 256240224
remove_approx 140440566288448 140440575707200
remove_approx 380681568 390100320
add_approx 313751520 323170272
set_read_ber 0.001000
set_write_ber 0.000010
add_approx 246821472 256240224
set_read_ber 0.001000
set_write_ber 0.000010
add_approx 140440696803392 140440706222144
set_read_ber 0.001000
set_write_ber 0.000010
add_approx 380681568 390100320
set_read_ber 0.001000
set_write_ber 0.000010
remove_approx 313751520 323170272
remove_approx 246821472 256240224
remove_approx 140440696803392 140440706222144
remove_approx 380681568 390100320
add_approx 313751520 323170272
set_read_ber 0.001000
set_write_ber 0.000010
add_approx 246821472 256240224
set_read_ber 0.001000
set_write_ber 0.000010
add_approx 140440696803392 140440706222144
set_read_ber 0.001000
set_write_ber 0.000010
add_approx 380681568 390100320
set_read_ber 0.001000
set_write_ber 0.000010
remove_approx 313751520 323170272
remove_approx 246821472 256240224
remove_approx 140440696803392 140440706222144
remove_approx 380681568 390100320
add_approx 140440696803392 140440706222144
set_read_ber 0.001000
set_write_ber 0.000010
add_approx 313751520 323170272
set_read_ber 0.001000
set_write_ber 0.000010
add_approx 246821472 256240224
set_read_ber 0.001000
set_write_ber 0.000010
add_approx 380681568 390100320
set_read_ber 0.001000
set_write_ber 0.000010
remove_approx 140440696803392 140440706222144
remove_approx 313751520 323170272
remove_approx 246821472 256240224
remove_approx 380681568 390100320
add_approx 380681568 390100320
set_read_ber 0.001000
set_write_ber 0.000010
add_approx 140440696803392 140440706222144
set_read_ber 0.001000
set_write_ber 0.000010
add_approx 313751520 323170272
set_read_ber 0.001000
set_write_ber 0.000010
remove_approx 380681568 390100320
remove_approx 140440696803392 140440706222144
remove_approx 313751520 323170272
add_approx 380681568 390100320
set_read_ber 0.001000
set_write_ber 0.000010
add_approx 140440696803392 140440706222144
set_read_ber 0.001000
set_write_ber 0.000010
add_approx 246821472 256240224
set_read_ber 0.001000
set_write_ber 0.000010
add_approx 140440566288448 140440575707200
set_read_ber 0.001000
set_write_ber 0.000010
remove_approx 380681568 390100320
remove_approx 140440696803392 140440706222144
remove_approx 246821472 256240224
remove_approx 140440566288448 140440575707200
add_approx 380681568 390100320
set_read_ber 0.001000
set_write_ber 0.000010
add_approx 140440696803392 140440706222144
set_read_ber 0.001000
set_write_ber 0.000010
add_approx 140440493170752 140440502589504
set_read_ber 0.001000
set_write_ber 0.000010
add_approx 140440566288448 140440575707200
set_read_ber 0.001000
set_write_ber 0.000010
remove_approx 380681568 390100320
remove_approx 140440696803392 140440706222144
remove_approx 140440493170752 140440502589504
remove_approx 140440566288448 140440575707200
add_approx 140440566288448 140440575707200
set_read_ber 0.001000
set_write_ber 0.000010
add_approx 140440493170752 140440502589504
set_read_ber 0.001000
set_write_ber 0.000010
add_approx 380681568 390100320
set_read_ber 0.001000
set_write_ber 0.000010
remove_approx 140440566288448 140440575707200
remove_approx 140440493170752 140440502589504
remove_approx 380681568 390100320
add_approx 140440566288448 140440575707200
set_read_ber 0.001000
set_write_ber 0.000010
add_approx 140440493170752 140440502589504
set_read_ber 0.001000
set_write_ber 0.000010
add_approx 140440696803392 140440706222144
set_read_ber 0.001000
set_write_ber 0.000010
add_approx 246821472 256240224
set_read_ber 0.001000
set_write_ber 0.000010
remove_approx 140440566288448 140440575707200
remove_approx 140440493170752 140440502589504
remove_approx 140440696803392 140440706222144
remove_approx 246821472 256240224
add_approx 140440566288448 140440575707200
set_read_ber 0.001000
set_write_ber 0.000010
add_approx 140440493170752 140440502589504
set_read_ber 0.001000
set_write_ber 0.000010
add_approx 313751520 323170272
set_read_ber 0.001000
set_write_ber 0.000010
add_approx 246821472 256240224
set_read_ber 0.001000
set_write_ber 0.000010
remove_approx 140440566288448 140440575707200
remove_approx 140440493170752 140440502589504
remove_approx 313751520 323170272
remove_approx 246821472 256240224
add_approx 140440566288448 140440575707200
set_read_ber 0.001000
set_write_ber 0.000010
add_approx 140440493170752 140440502589504
set_read_ber 0.001000
set_write_ber 0.000010
add_approx 313751520 323170272
set_read_ber 0.001000
set_write_ber 0.000010
add_approx 246821472 256240224
set_read_ber 0.001000
set_write_ber 0.000010
remove_approx 140440566288448 140440575707200
remove_approx 140440493170752 140440502589504
remove_approx 313751520 323170272
remove_approx 246821472 256240224
add_approx 313751520 323170272
set_read_ber 0.001000
set_write_ber 0.000010
add_approx 140440566288448 140440575707200
set_read_ber 0.001000
set_write_ber 0.000010
add_approx 140440493170752 140440502589504
set_read_ber 0.