add_approx 140536208949312 140536218368064
set_read_ber 0.001000
set_write_ber 0.000100
add_approx 140536344899648 140536354318400
set_read_ber 0.001000
set_write_ber 0.000100
remove_approx 140536208949312 140536218368064
remove_approx 140536344899648 140536354318400
add_approx 140536144912448 140536154331200
set_read_ber 0.001000
set_write_ber 0.000100
add_approx 140536208949312 140536218368064
set_read_ber 0.001000
set_write_ber 0.000100
add_approx 140536344899648 140536354318400
set_read_ber 0.001000
set_write_ber 0.000100
remove_approx 140536144912448 140536154331200
remove_approx 140536208949312 140536218368064
remove_approx 140536344899648 140536354318400
add_approx 140536144912448 140536154331200
set_read_ber 0.001000
set_write_ber 0.000100
add_approx 140536208949312 140536218368064
set_read_ber 0.001000
set_write_ber 0.000100
add_approx 140536344899648 140536354318400
set_read_ber 0.001000
set_write_ber 0.000100
add_approx 234532416 243951168
set_read_ber 0.001000
set_write_ber 0.000100
remove_approx 140536144912448 140536154331200
remove_approx 140536208949312 140536218368064
remove_approx 140536344899648 140536354318400
remove_approx 234532416 243951168
add_approx 140536144912448 140536154331200
set_read_ber 0.001000
set_write_ber 0.000100
add_approx 140536208949312 140536218368064
set_read_ber 0.001000
set_write_ber 0.000100
add_approx 301462464 310881216
set_read_ber 0.001000
set_write_ber 0.000100
add_approx 234532416 243951168
set_read_ber 0.001000
set_write_ber 0.000100
remove_approx 140536144912448 140536154331200
remove_approx 140536208949312 140536218368064
remove_approx 301462464 310881216
remove_approx 234532416 243951168
add_approx 140536144912448 140536154331200
set_read_ber 0.001000
set_write_ber 0.000100
add_approx 140536208949312 140536218368064
set_read_ber 0.001000
set_write_ber 0.000100
add_approx 301462464 310881216
set_read_ber 0.001000
set_write_ber 0.000100
add_approx 234532416 243951168
set_read_ber 0.001000
set_write_ber 0.000100
remove_approx 140536144912448 140536154331200
remove_approx 140536208949312 140536218368064
remove_approx 301462464 310881216
remove_approx 234532416 243951168
add_approx 301462464 310881216
set_read_ber 0.001000
set_write_ber 0.000100
add_approx 140536144912448 140536154331200
set_read_ber 0.001000
set_write_ber 0.000100
add_approx 140536208949312 140536218368064
set_read_ber 0.001000
set_write_ber 0.000100
add_approx 234532416 243951168
set_read_ber 0.001000
set_write_ber 0.000100
remove_approx 301462464 310881216
remove_approx 140536144912448 140536154331200
remove_approx 140536208949312 140536218368064
remove_approx 234532416 243951168
add_approx 234532416 243951168
set_read_ber 0.001000
set_write_ber 0.000100
add_approx 301462464 310881216
set_read_ber 0.001000
set_write_ber 0.000100
add_approx 140536144912448 140536154331200
set_read_ber 0.001000
set_write_ber 0.000100
remove_approx 234532416 243951168
remove_approx 301462464 310881216
remove_approx 140536144912448 140536154331200
add_approx 234532416 243951168
set_read_ber 0.001000
set_write_ber 0.000100
add_approx 301462464 310881216
set_read_ber 0.001000
set_write_ber 0.000100
add_approx 140536144912448 140536154331200
set_read_ber 0.001000
set_write_ber 0.000100
add_approx 140536344899648 140536354318400
set_read_ber 0.001000
set_write_ber 0.000100
remove_approx 234532416 243951168
remove_approx 301462464 310881216
remove_approx 140536144912448 140536154331200
remove_approx 140536344899648 140536354318400
add_approx 234532416 243951168
set_read_ber 0.001000
set_write_ber 0.000100
add_approx 301462464 310881216
set_read_ber 0.001000
set_write_ber 0.000100
add_approx 368392512 377811264
set_read_ber 0.001000
set_write_ber 0.000100
add_approx 140536344899648 140536354318400
set_read_ber 0.001000
set_write_ber 0.000100
remove_approx 234532416 243951168
remove_approx 301462464 310881216
remove_approx 368392512 377811264
remove_approx 140536344899648 140536354318400
add_approx 140536344899648 140536354318400
set_read_ber 0.001000
set_write_ber 0.000100
add_approx 368392512 377811264
set_read_ber 0.001000
set_write_ber 0.000100
add_approx 234532416 243951168
set_read_ber 0.001000
set_write_ber 0.000100
remove_approx 140536344899648 140536354318400
remove_approx 368392512 377811264
remove_approx 234532416 243951168
add_approx 140536344899648 140536354318400
set_read_ber 0.001000
set_write_ber 0.000100
add_approx 368392512 377811264
set_read_ber 0.001000
set_write_ber 0.000100
add_approx 301462464 310881216
set_read_ber 0.001000
set_write_ber 0.000100
add_approx 140536144912448 140536154331200
set_read_ber 0.001000
set_write_ber 0.000100
remove_approx 140536344899648 140536354318400
remove_approx 368392512 377811264
remove_approx 301462464 310881216
remove_approx 140536144912448 140536154331200
add_approx 140536344899648 140536354318400
set_read_ber 0.001000
set_write_ber 0.000100
add_approx 368392512 377811264
set_read_ber 0.001000
set_write_ber 0.000100
add_approx 140536208949312 140536218368064
set_read_ber 0.001000
set_write_ber 0.000100
add_approx 140536144912448 140536154331200
set_read_ber 0.001000
set_write_ber 0.000100
#eof
