add_approx 139643897270336 139643906689088
set_read_ber 0.000100
set_write_ber 0.000100
add_approx 139644028031040 139644037449792
set_read_ber 0.000100
set_write_ber 0.000100
remove_approx 139643897270336 139643906689088
remove_approx 139644028031040 139644037449792
add_approx 139643824103488 139643833522240
set_read_ber 0.000100
set_write_ber 0.000100
add_approx 139643897270336 139643906689088
set_read_ber 0.000100
set_write_ber 0.000100
add_approx 139644028031040 139644037449792
set_read_ber 0.000100
set_write_ber 0.000100
remove_approx 139643824103488 139643833522240
remove_approx 139643897270336 139643906689088
remove_approx 139644028031040 139644037449792
add_approx 139643824103488 139643833522240
set_read_ber 0.000100
set_write_ber 0.000100
add_approx 139643897270336 139643906689088
set_read_ber 0.000100
set_write_ber 0.000100
add_approx 139644028031040 139644037449792
set_read_ber 0.000100
set_write_ber 0.000100
add_approx 224268896 233687648
set_read_ber 0.000100
set_write_ber 0.000100
remove_approx 139643824103488 139643833522240
remove_approx 139643897270336 139643906689088
remove_approx 139644028031040 139644037449792
remove_approx 224268896 233687648
add_approx 139643824103488 139643833522240
set_read_ber 0.000100
set_write_ber 0.000100
add_approx 139643897270336 139643906689088
set_read_ber 0.000100
set_write_ber 0.000100
add_approx 291198944 300617696
set_read_ber 0.000100
set_write_ber 0.000100
add_approx 224268896 233687648
set_read_ber 0.000100
set_write_ber 0.000100
remove_approx 139643824103488 139643833522240
remove_approx 139643897270336 139643906689088
remove_approx 291198944 300617696
remove_approx 224268896 233687648
add_approx 139643824103488 139643833522240
set_read_ber 0.000100
set_write_ber 0.000100
add_approx 139643897270336 139643906689088
set_read_ber 0.000100
set_write_ber 0.000100
add_approx 291198944 300617696
set_read_ber 0.000100
set_write_ber 0.000100
add_approx 224268896 233687648
set_read_ber 0.000100
set_write_ber 0.000100
remove_approx 139643824103488 139643833522240
remove_approx 139643897270336 139643906689088
remove_approx 291198944 300617696
remove_approx 224268896 233687648
add_approx 291198944 300617696
set_read_ber 0.000100
set_write_ber 0.000100
add_approx 139643824103488 139643833522240
set_read_ber 0.000100
set_write_ber 0.000100
add_approx 139643897270336 139643906689088
set_read_ber 0.000100
set_write_ber 0.000100
add_approx 224268896 233687648
set_read_ber 0.000100
set_write_ber 0.000100
remove_approx 291198944 300617696
remove_approx 139643824103488 139643833522240
remove_approx 139643897270336 139643906689088
remove_approx 224268896 233687648
add_approx 224268896 233687648
set_read_ber 0.000100
set_write_ber 0.000100
add_approx 291198944 300617696
set_read_ber 0.000100
set_write_ber 0.000100
add_approx 139643824103488 139643833522240
set_read_ber 0.000100
set_write_ber 0.000100
remove_approx 224268896 233687648
remove_approx 291198944 300617696
remove_approx 139643824103488 139643833522240
add_approx 224268896 233687648
set_read_ber 0.000100
set_write_ber 0.000100
add_approx 291198944 300617696
set_read_ber 0.000100
set_write_ber 0.000100
add_approx 139643824103488 139643833522240
set_read_ber 0.000100
set_write_ber 0.000100
add_approx 139644028031040 139644037449792
set_read_ber 0.000100
set_write_ber 0.000100
remove_approx 224268896 233687648
remove_approx 291198944 300617696
remove_approx 139643824103488 139643833522240
remove_approx 139644028031040 139644037449792
add_approx 224268896 233687648
set_read_ber 0.000100
set_write_ber 0.000100
add_approx 291198944 300617696
set_read_ber 0.000100
set_write_ber 0.000100
add_approx 358128992 367547744
set_read_ber 0.000100
set_write_ber 0.000100
add_approx 139644028031040 139644037449792
set_read_ber 0.000100
set_write_ber 0.000100
remove_approx 224268896 233687648
remove_approx 291198944 300617696
remove_approx 358128992 367547744
remove_approx 139644028031040 139644037449792
add_approx 139644028031040 139644037449792
set_read_ber 0.000100
set_write_ber 0.000100
add_approx 358128992 367547744
set_read_ber 0.000100
set_write_ber 0.000100
add_approx 224268896 233687648
set_read_ber 0.000100
set_write_ber 0.000100
remove_approx 139644028031040 139644037449792
remove_approx 358128992 367547744
remove_approx 224268896 233687648
add_approx 139644028031040 139644037449792
set_read_ber 0.000100
set_write_ber 0.000100
add_approx 358128992 367547744
set_read_ber 0.000100
set_write_ber 0.000100
add_approx 291198944 300617696
set_read_ber 0.000100
set_write_ber 0.000100
add_approx 139643824103488 139643833522240
set_read_ber 0.000100
set_write_ber 0.000100
remove_approx 139644028031040 139644037449792
remove_approx 358128992 367547744
remove_approx 291198944 300617696
remove_approx 139643824103488 139643833522240
add_approx 139644028031040 139644037449792
set_read_ber 0.000100
set_write_ber 0.000100
add_approx 358128992 367547744
set_read_ber 0.000100
set_write_ber 0.000100
add_approx 139643897270336 139643906689088
set_read_ber 0.000100
set_write_ber 0.000100
add_approx 139643824103488 139643833522240
set_read_ber 0.000100
set_write_ber 0.000100
remove_approx 139644028031040 139644037449792
remove_approx 358128992 367547744
remove_approx 139643897270336 139643906689088
remove_approx 139643824103488 139643833522240
add_approx 139644028031040 139644037449792
set_read_ber 0.000100
set_write_ber 0.000100
add_approx 358128992 367547744
set_read_ber 0.000100
set_write_ber 0.000100
add_approx 139643897270336 139643906689088
set_read_ber 0.000100
set_write_ber 0.000100
add_approx 139643824103488 139643833522240
set_read_ber 0.000100
set_write_ber 0.000100
remove_approx 139644028031040 139644037449792
remove_approx 358128992 367547744
remove_approx 139643897270336 139643906689088
remove_approx 139643824103488 139643833522240
add_approx 139643897270336 139643906689088
set_read_ber 0.000100
set_write_ber 0.000100
add_approx 139644028031040 139644037449792
set_read_ber 0.000100
set_write_ber 0.000100
add_approx 358128992 367547744
set_read_ber 0.000100
set_write_ber 0.000100
add_approx 139643824103488 139643833522240
set_read_ber 0.000100
set_write_ber 0.000100
remove_approx 139643897270336 139643906689088
remove_approx 139644028031040 139644037449792
remove_approx 358128992 367547744
remove_approx 139643824103488 139643833522240
add_approx 139643824103488 139643833522240
set_read_ber 0.000100
set_write_ber 0.000100
add_approx 139643897270336 139643906689088
set_read_ber 0.000100
set_write_ber 0.000100
add_approx 139644028031040 139644037449792
set_read_ber 0.000100
set_write_ber 0.000100
remove_approx 139643824103488 139643833522240
remove_approx 139643897270336 139643906689088
remove_approx 139644028031040 139644037449792
add_approx 139643824103488 139643833522240
set_read_ber 0.000100
set_write_ber 0.000100
add_approx 139643897270336 139643906689088
set_read_ber 0.000100
set_write_ber 0.000100
add_approx 358128992 367547744
set_read_ber 0.000100
set_write_ber 0.000100
add_approx 291198944 300617696
set_read_ber 0.000100
set_write_ber 0.000100
remove_approx 139643824103488 139643833522240
remove_approx 139643897270336 139643906689088
remove_approx 358128992 367547744
remove_approx 291198944 300617696
add_approx 139643824103488 139643833522240
set_read_ber 0.000100
set_write_ber 0.000100
add_approx 139643897270336 139643906689088
set_read_ber 0.000100
set_write_ber 0.000100
add_approx 224268896 233687648
set_read_ber 0.000100
set_write_ber 0.000100
add_approx 291198944 300617696
set_read_ber 0.000100
set_write_ber 0.000100
remove_approx 139643824103488 139643833522240
remove_approx 139643897270336 139643906689088
remove_approx 224268896 233687648
remove_approx 291198944 300617696
add_approx 139643824103488 139643833522240
set_read_ber 0.000100
set_write_ber 0.000100
add_approx 139643897270336 139643906689088
set_read_ber 0.000100
set_write_ber 0.000100
add_approx 224268896 233687648
set_read_ber 0.000100
set_write_ber 0.000100
add_approx 291198944 300617696
set_read_ber 0.000100
set_write_ber 0.000100
remove_approx 139643824103488 139643833522240
remove_approx 139643897270336 139643906689088
remove_approx 224268896 233687648
remove_approx 291198944 300617696
add_approx 224268896 233687648
set_read_ber 0.000100
set_write_ber 0.000100
add_approx 139643824103488 139643833522240
set_read_ber 0.000100
set_write_ber 0.000100
add_approx 139643897270336 139643906689088
set_read_ber 0.000100
set_write_ber 0.000100
add_approx 291198944 300617696
set_read_ber 0.000100
set_write_ber 0.000100
remove_approx 224268896 233687648
remove_approx 139643824103488 139643833522240
remove_approx 139643897270336 139643906689088
remove_approx 291198944 300617696
add_approx 291198944 300617696
set_read_ber 0.000100
set_write_ber 0.000100
add_approx 224268896 233687648
set_read_ber 0.000100
set_write_ber 0.000100
add_approx 139643824103488 139643833522240
set_read_ber 0.000100
set_write_ber 0.000100
remove_approx 291198944 300617696
remove_approx 224268896 233687648
remove_approx 139643824103488 139643833522240
add_approx 291198944 300617696
set_read_ber 0.000100
set_write_ber 0.000100
add_approx 224268896 233687648
set_read_ber 0.000100
set_write_ber 0.000100
add_approx 139643897270336 139643906689088
set_read_ber 0.000100
set_write_ber 0.000100
add_approx 358128992 367547744
set_read_ber 0.000100
set_write_ber 0.000100
remove_approx 291198944 300617696
remove_approx 224268896 233687648
remove_approx 139643897270336 139643906689088
remove_approx 358128992 367547744
add_approx 291198944 300617696
set_read_ber 0.000100
set_write_ber 0.000100
add_approx 224268896 233687648
set_read_ber 0.000100
set_write_ber 0.000100
add_approx 139644028031040 139644037449792
set_read_ber 0.000100
set_write_ber 0.000100
add_approx 358128992 367547744
set_read_ber 0.000100
set_write_ber 0.000100
remove_approx 291198944 300617696
remove_approx 224268896 233687648
remove_approx 139644028031040 139644037449792
remove_approx 358128992 367547744
add_approx 291198944 300617696
set_read_ber 0.000100
set_write_ber 0.000100
add_approx 224268896 233687648
set_read_ber 0.000100
set_write_ber 0.000100
add_approx 139644028031040 139644037449792
set_read_ber 0.000100
set_write_ber 0.000100
add_approx 358128992 367547744
set_read_ber 0.000100
set_write_ber 0.000100
remove_approx 291198944 300617696
remove_approx 224268896 233687648
remove_approx 139644028031040 139644037449792
remove_approx 358128992 367547744
add_approx 139644028031040 139644037449792
set_read_ber 0.000100
set_write_ber 0.000100
add_approx 291198944 300617696
set_read_ber 0.000100
set_write_ber 0.000100
add_approx 224268896 233687648
set_read_ber 0.000100
set_write_ber 0.000100
add_approx 358128992 367547744
set_read_ber 0.000100
set_write_ber 0.000100
remove_approx 139644028031040 139644037449792
remove_approx 291198944 300617696
remove_approx 224268896 233687648
remove_approx 358128992 367547744
add_approx 358128992 367547744
set_read_ber 0.000100
set_write_ber 0.000100
add_approx 139644028031040 139644037449792
set_read_ber 0.000100
set_write_ber 0.000100
add_approx 291198944 300617696
set_read_ber 0.000100
set_write_ber 0.000100
remove_approx 358128992 367547744
remove_approx 139644028031040 139644037449792
remove_approx 291198944 300617696
add_approx 358128992 367547744
set_read_ber 0.000100
set_write_ber 0.000100
add_approx 139644028031040 139644037449792
set_read_ber 0.000100
set_write_ber 0.000100
add_approx 224268896 233687648
set_read_ber 0.000100
set_write_ber 0.000100
add_approx 139643897270336 139643906689088
set_read_ber 0.000100
set_write_ber 0.000100
remove_approx 358128992 367547744
remove_approx 139644028031040 139644037449792
remove_approx 224268896 233687648
remove_approx 139643897270336 139643906689088
add_approx 358128992 367547744
set_read_ber 0.000100
set_write_ber 0.000100
add_approx 139644028031040 139644037449792
set_read_ber 0.000100
set_write_ber 0.000100
add_approx 139643824103488 139643833522240
set_read_ber 0.000100
set_write_ber 0.000100
add_approx 139643897270336 139643906689088
set_read_ber 0.000100
set_write_ber 0.000100
remove_approx 358128992 367547744
remove_approx 139644028031040 139644037449792
remove_approx 139643824103488 139643833522240
remove_approx 139643897270336 139643906689088
add_approx 139643897270336 139643906689088
set_read_ber 0.000100
set_write_ber 0.000100
add_approx 139643824103488 139643833522240
set_read_ber 0.000100
set_write_ber 0.000100
add_approx 358128992 367547744
set_read_ber 0.000100
set_write_ber 0.000100
remove_approx 139643897270336 139643906689088
remove_approx 139643824103488 139643833522240
remove_approx 358128992 367547744
add_approx 139643897270336 139643906689088
set_read_ber 0.000100
set_write_ber 0.000100
add_approx 139643824103488 139643833522240
set_read_ber 0.000100
set_write_ber 0.000100
add_approx 139644028031040 139644037449792
set_read_ber 0.000100
set_write_ber 0.000100
add_approx 224268896 233687648
set_read_ber 0.000100
set_write_ber 0.000100
remove_approx 139643897270336 139643906689088
remove_approx 139643824103488 139643833522240
remove_approx 139644028031040 139644037449792
remove_approx 224268896 233687648
add_approx 139643897270336 139643906689088
set_read_ber 0.000100
set_write_ber 0.000100
add_approx 139643824103488 139643833522240
set_read_ber 0.000100
set_write_ber 0.000100
add_approx 291198944 300617696
set_read_ber 0.000100
set_write_ber 0.000100
add_approx 224268896 233687648
set_read_ber 0.000100
set_write_ber 0.000100
remove_approx 139643897270336 139643906689088
remove_approx 139643824103488 139643833522240
remove_approx 291198944 300617696
remove_approx 224268896 233687648
add_approx 139643897270336 139643906689088
set_read_ber 0.000100
set_write_ber 0.000100
add_approx 139643824103488 139643833522240
set_read_ber 0.000100
set_write_ber 0.000100
add_approx 291198944 300617696
set_read_ber 0.000100
set_write_ber 0.000100
add_approx 224268896 233687648
set_read_ber 0.000100
set_write_ber 0.000100
remove_approx 139643897270336 139643906689088
remove_approx 139643824103488 139643833522240
remove_approx 291198944 300617696
remove_approx 224268896 233687648
add_approx 291198944 300617696
set_read_ber 0.000100
set_write_ber 0.000100
add_approx 139643897270336 139643906689088
set_read_ber 0.000100
set_write_ber 0.000100
add_approx 139643824103488 139643833522240
set_read_ber 0.000100
set_write_ber 0.000100
add_approx 224268896 233687648
set_read_ber 0.000100
set_write_ber 0.000100
remove_approx 291198944 300617696
remove_approx 139643897270336 139643906689088
remove_approx 139643824103488 139643833522240
remove_approx 224268896 233687648
add_approx 224268896 233687648
set_read_ber 0.000100
set_write_ber 0.000100
add_approx 291198944 300617696
set_read_ber 0.000100
set_write_ber 0.000100
add_approx 139643897270336 139643906689088
set_read_ber 0.000100
set_write_ber 0.000100
remove_approx 224268896 233687648
remove_approx 291198944 300617696
remove_approx 139643897270336 139643906689088
add_approx 224268896 233687648
set_read_ber 0.000100
set_write_ber 0.000100
add_approx 291198944 300617696
set_read_ber 0.000100
set_write_ber 0.000100
add_approx 139643824103488 139643833522240
set_read_ber 0.000100
set_write_ber 0.000100
add_approx 139644028031040 139644037449792
set_read_ber 0.000100
set_write_ber 0.000100
remove_approx 224268896 233687648
remove_approx 291198944 300617696
remove_a