add_approx 139818754605120 139818755084352
set_read_ber 0.000000
set_write_ber 0.000010
add_approx 139818839375936 139818839855168
set_read_ber 0.000000
set_write_ber 0.000010
remove_approx 139818754605120 139818755084352
remove_approx 139818839375936 139818839855168
add_approx 139818750386240 139818750865472
set_read_ber 0.000000
set_write_ber 0.000010
add_approx 139818754605120 139818755084352
set_read_ber 0.000000
set_write_ber 0.000010
add_approx 139818839375936 139818839855168
set_read_ber 0.000000
set_write_ber 0.000010
remove_approx 139818750386240 139818750865472
remove_approx 139818754605120 139818755084352
remove_approx 139818839375936 139818839855168
add_approx 31794784 32274016
set_read_ber 0.000000
set_write_ber 0.000010
add_approx 139818750386240 139818750865472
set_read_ber 0.000000
set_write_ber 0.000010
add_approx 139818754605120 139818755084352
set_read_ber 0.000000
set_write_ber 0.000010
remove_approx 31794784 32274016
remove_approx 139818750386240 139818750865472
remove_approx 139818754605120 139818755084352
add_approx 31794784 32274016
set_read_ber 0.000000
set_write_ber 0.000010
add_approx 139818750386240 139818750865472
set_read_ber 0.000000
set_write_ber 0.000010
add_approx 139818754605120 139818755084352
set_read_ber 0.000000
set_write_ber 0.000010
add_approx 35646336 36125568
set_read_ber 0.000000
set_write_ber 0.000010
remove_approx 31794784 32274016
remove_approx 139818750386240 139818750865472
remove_approx 139818754605120 139818755084352
remove_approx 35646336 36125568
add_approx 31794784 32274016
set_read_ber 0.000000
set_write_ber 0.000010
add_approx 139818750386240 139818750865472
set_read_ber 0.000000
set_write_ber 0.000010
add_approx 39497888 39977120
set_read_ber 0.000000
set_write_ber 0.000010
add_approx 35646336 36125568
set_read_ber 0.000000
set_write_ber 0.000010
remove_approx 31794784 32274016
remove_approx 139818750386240 139818750865472
remove_approx 39497888 39977120
remove_approx 35646336 36125568
add_approx 35646336 36125568
set_read_ber 0.000000
set_write_ber 0.000010
add_approx 39497888 39977120
set_read_ber 0.000000
set_write_ber 0.000010
add_approx 31794784 32274016
set_read_ber 0.000000
set_write_ber 0.000010
remove_approx 35646336 36125568
remove_approx 39497888 39977120
remove_approx 31794784 32274016
add_approx 139818754605120 139818755084352
set_read_ber 0.000000
set_write_ber 0.000010
add_approx 35646336 36125568
set_read_ber 0.000000
set_write_ber 0.000010
add_approx 39497888 39977120
set_read_ber 0.000000
set_write_ber 0.000010
remove_approx 139818754605120 139818755084352
remove_approx 35646336 36125568
remove_approx 39497888 39977120
add_approx 139818754605120 139818755084352
set_read_ber 0.000000
set_write_ber 0.000010
add_approx 35646336 36125568
set_read_ber 0.000000
set_write_ber 0.000010
add_approx 39497888 39977120
set_read_ber 0.000000
set_write_ber 0.000010
add_approx 139818839375936 139818839855168
set_read_ber 0.000000
set_write_ber 0.000010
remove_approx 139818754605120 139818755084352
remove_approx 35646336 36125568
remove_approx 39497888 39977120
remove_approx 139818839375936 139818839855168
add_approx 139818839375936 139818839855168
set_read_ber 0.000000
set_write_ber 0.000010
add_approx 139818754605120 139818755084352
set_read_ber 0.000000
set_write_ber 0.000010
add_approx 35646336 36125568
set_read_ber 0.000000
set_write_ber 0.000010
remove_approx 139818839375936 139818839855168
remove_approx 139818754605120 139818755084352
remove_approx 35646336 36125568
add_approx 31794784 32274016
set_read_ber 0.000000
set_write_ber 0.000010
add_approx 139818839375936 139818839855168
set_read_ber 0.000000
set_write_ber 0.000010
add_approx 139818754605120 139818755084352
set_read_ber 0.000000
set_write_ber 0.000010
remove_approx 31794784 32274016
remove_approx 139818839375936 139818839855168
remove_approx 139818754605120 139818755084352
add_approx 31794784 32274016
set_read_ber 0.000000
set_write_ber 0.000010
add_approx 139818839375936 139818839855168
set_read_ber 0.000000
set_write_ber 0.000010
add_approx 139818754605120 139818755084352
set_read_ber 0.000000
set_write_ber 0.000010
add_approx 139818750386240 139818750865472
set_read_ber 0.000000
set_write_ber 0.000010
remove_approx 31794784 32274016
remove_approx 139818839375936 139818839855168
remove_approx 139818754605120 139818755084352
remove_approx 139818750386240 139818750865472
add_approx 139818750386240 139818750865472
set_read_ber 0.000000
set_write_ber 0.000010
add_approx 31794784 32274016
set_read_ber 0.000000
set_write_ber 0.000010
add_approx 139818839375936 139818839855168
set_read_ber 0.000000
set_write_ber 0.000010
remove_approx 139818750386240 139818750865472
remove_approx 31794784 32274016
remove_approx 139818839375936 139818839855168
add_approx 39497888 39977120
set_read_ber 0.000000
set_write_ber 0.000010
add_approx 139818750386240 139818750865472
set_read_ber 0.000000
set_write_ber 0.000010
add_approx 31794784 32274016
set_read_ber 0.000000
set_write_ber 0.000010
remove_approx 39497888 39977120
remove_approx 139818750386240 139818750865472
remove_approx 31794784 32274016
add_approx 39497888 39977120
set_read_ber 0.000000
set_write_ber 0.000010
add_approx 139818750386240 139818750865472
set_read_ber 0.000000
set_write_ber 0.000010
add_approx 31794784 32274016
set_read_ber 0.000000
set_write_ber 0.000010
add_approx 35646336 36125568
set_read_ber 0.000000
set_write_ber 0.000010
remove_approx 39497888 39977120
remove_approx 139818750386240 139818750865472
remove_approx 31794784 32274016
remove_approx 35646336 36125568
add_approx 39497888 39977120
set_read_ber 0.000000
set_write_ber 0.000010
add_approx 139818750386240 139818750865472
set_read_ber 0.000000
set_write_ber 0.000010
add_approx 139818754605120 139818755084352
set_read_ber 0.000000
set_write_ber 0.000010
add_approx 35646336 36125568
set_read_ber 0.000000
set_write_ber 0.000010
remove_approx 39497888 39977120
remove_approx 139818750386240 139818750865472
remove_approx 139818754605120 139818755084352
remove_approx 35646336 36125568
add_approx 35646336 36125568
set_read_ber 0.000000
set_write_ber 0.000010
add_approx 139818754605120 139818755084352
set_read_ber 0.000000
set_write_ber 0.000010
add_approx 39497888 39977120
set_read_ber 0.000000
set_write_ber 0.000010
remove_approx 35646336 36125568
remove_approx 139818754605120 139818755084352
remove_approx 39497888 39977120
add_approx 31794784 32274016
set_read_ber 0.000000
set_write_ber 0.000010
add_approx 35646336 36125568
set_read_ber 0.000000
set_write_ber 0.000010
add_approx 139818754605120 139818755084352
set_read_ber 0.000000
set_write_ber 0.000010
remove_approx 31794784 32274016
remove_approx 35646336 36125568
remove_approx 139818754605120 139818755084352
add_approx 31794784 32274016
set_read_ber 0.000000
set_write_ber 0.000010
add_approx 35646336 36125568
set_read_ber 0.000000
set_write_ber 0.000010
add_approx 139818754605120 139818755084352
set_read_ber 0.000000
set_write_ber 0.000010
add_approx 139818839375936 139818839855168
set_read_ber 0.000000
set_write_ber 0.000010
remove_approx 31794784 32274016
remove_approx 35646336 36125568
remove_approx 139818754605120 139818755084352
remove_approx 139818839375936 139818839855168
add_approx 139818839375936 139818839855168
set_read_ber 0.000000
set_write_ber 0.000010
add_approx 31794784 32274016
set_read_ber 0.000000
set_write_ber 0.000010
add_approx 35646336 36125568
set_read_ber 0.000000
set_write_ber 0.000010
remove_approx 139818839375936 139818839855168
remove_approx 31794784 32274016
remove_approx 35646336 36125568
add_approx 39497888 39977120
set_read_ber 0.000000
set_write_ber 0.000010
add_approx 139818839375936 139818839855168
set_read_ber 0.000000
set_write_ber 0.000010
add_approx 31794784 32274016
set_read_ber 0.000000
set_write_ber 0.000010
remove_approx 39497888 39977120
remove_approx 139818839375936 139818839855168
remove_approx 31794784 32274016
add_approx 39497888 39977120
set_read_ber 0.000000
set_write_ber 0.000010
add_approx 139818839375936 139818839855168
set_read_ber 0.000000
set_write_ber 0.000010
add_approx 31794784 32274016
set_read_ber 0.000000
set_write_ber 0.000010
add_approx 139818750386240 139818750865472
set_read_ber 0.000000
set_write_ber 0.000010
remove_approx 39497888 39977120
remove_approx 139818839375936 139818839855168
remove_approx 31794784 32274016
remove_approx 139818750386240 139818750865472
add_approx 139818750386240 139818750865472
set_read_ber 0.000000
set_write_ber 0.000010
add_approx 39497888 39977120
set_read_ber 0.000000
set_write_ber 0.000010
add_approx 139818839375936 139818839855168
set_read_ber 0.000000
set_write_ber 0.000010
remove_approx 139818750386240 139818750865472
remove_approx 39497888 39977120
remove_approx 139818839375936 139818839855168
add_approx 139818754605120 139818755084352
set_read_ber 0.000000
set_write_ber 0.000010
add_approx 139818750386240 139818750865472
set_read_ber 0.000000
set_write_ber 0.000010
add_approx 39497888 39977120
set_read_ber 0.000000
set_write_ber 0.000010
remove_approx 139818754605120 139818755084352
remove_approx 139818750386240 139818750865472
remove_approx 39497888 39977120
add_approx 139818754605120 139818755084352
set_read_ber 0.000000
set_write_ber 0.000010
add_approx 139818750386240 139818750865472
set_read_ber 0.000000
set_write_ber 0.000010
add_approx 39497888 39977120
set_read_ber 0.000000
set_write_ber 0.000010
add_approx 35646336 36125568
set_read_ber 0.000000
set_write_ber 0.000010
remove_approx 139818754605120 139818755084352
remove_approx 139818750386240 139818750865472
remove_approx 39497888 39977120
remove_approx 35646336 36125568
add_approx 139818754605120 139818755084352
set_read_ber 0.000000
set_write_ber 0.000010
add_approx 139818750386240 139818750865472
set_read_ber 0.000000
set_write_ber 0.000010
add_approx 31794784 32274016
set_read_ber 0.000000
set_write_ber 0.000010
add_approx 35646336 36125568
set_read_ber 0.000000
set_write_ber 0.000010
remove_approx 139818754605120 139818755084352
remove_approx 139818750386240 139818750865472
remove_approx 31794784 32274016
remove_approx 35646336 36125568
add_approx 35646336 36125568
set_read_ber 0.000000
set_write_ber 0.000010
add_approx 31794784 32274016
set_read_ber 0.000000
set_write_ber 0.000010
add_approx 139818754605120 139818755084352
set_read_ber 0.000000
set_write_ber 0.000010
remove_approx 35646336 36125568
remove_approx 31794784 32274016
remove_approx 139818754605120 139818755084352
add_approx 39497888 39977120
set_read_ber 0.000000
set_write_ber 0.000010
add_approx 35646336 36125568
set_read_ber 0.000000
set_write_ber 0.000010
add_approx 31794784 32274016
set_read_ber 0.000000
set_write_ber 0.000010
remove_approx 39497888 39977120
remove_approx 35646336 36125568
remove_approx 31794784 32274016
add_approx 39497888 39977120
set_read_ber 0.000000
set_write_ber 0.000010
add_approx 35646336 36125568
set_read_ber 0.000000
set_write_ber 0.000010
add_approx 31794784 32274016
set_read_ber 0.000000
set_write_ber 0.000010
add_approx 139818839375936 139818839855168
set_read_ber 0.000000
set_write_ber 0.000010
remove_approx 39497888 39977120
remove_approx 35646336 36125568
remove_approx 31794784 32274016
remove_approx 139818839375936 139818839855168
add_approx 139818839375936 139818839855168
set_read_ber 0.000000
set