add_approx 140372940550208 140372949968960
set_read_ber 0.000001
set_write_ber 0.000010
add_approx 140373071482944 140373080901696
set_read_ber 0.000001
set_write_ber 0.000010
remove_approx 140372940550208 140372949968960
remove_approx 140373071482944 140373080901696
add_approx 140372867457088 140372876875840
set_read_ber 0.000001
set_write_ber 0.000010
add_approx 140372940550208 140372949968960
set_read_ber 0.000001
set_write_ber 0.000010
add_approx 140373071482944 140373080901696
set_read_ber 0.000001
set_write_ber 0.000010
remove_approx 140372867457088 140372876875840
remove_approx 140372940550208 140372949968960
remove_approx 140373071482944 140373080901696
add_approx 140372867457088 140372876875840
set_read_ber 0.000001
set_write_ber 0.000010
add_approx 140372940550208 140372949968960
set_read_ber 0.000001
set_write_ber 0.000010
add_approx 140373071482944 140373080901696
set_read_ber 0.000001
set_write_ber 0.000010
add_approx 251314784 260733536
set_read_ber 0.000001
set_write_ber 0.000010
remove_approx 140372867457088 140372876875840
remove_approx 140372940550208 140372949968960
remove_approx 140373071482944 140373080901696
remove_approx 251314784 260733536
add_approx 140372867457088 140372876875840
set_read_ber 0.000001
set_write_ber 0.000010
add_approx 140372940550208 140372949968960
set_read_ber 0.000001
set_write_ber 0.000010
add_approx 318244832 327663584
set_read_ber 0.000001
set_write_ber 0.000010
add_approx 251314784 260733536
set_read_ber 0.000001
set_write_ber 0.000010
remove_approx 140372867457088 140372876875840
remove_approx 140372940550208 140372949968960
remove_approx 318244832 327663584
remove_approx 251314784 260733536
add_approx 140372867457088 140372876875840
set_read_ber 0.000001
set_write_ber 0.000010
add_approx 140372940550208 140372949968960
set_read_ber 0.000001
set_write_ber 0.000010
add_approx 318244832 327663584
set_read_ber 0.000001
set_write_ber 0.000010
add_approx 251314784 260733536
set_read_ber 0.000001
set_write_ber 0.000010
remove_approx 140372867457088 140372876875840
remove_approx 140372940550208 140372949968960
remove_approx 318244832 327663584
remove_approx 251314784 260733536
add_approx 318244832 327663584
set_read_ber 0.000001
set_write_ber 0.000010
add_approx 140372867457088 140372876875840
set_read_ber 0.000001
set_write_ber 0.000010
add_approx 140372940550208 140372949968960
set_read_ber 0.000001
set_write_ber 0.000010
add_approx 251314784 260733536
set_read_ber 0.000001
set_write_ber 0.000010
remove_approx 318244832 327663584
remove_approx 140372867457088 140372876875840
remove_approx 140372940550208 140372949968960
remove_approx 251314784 260733536
add_approx 251314784 260733536
set_read_ber 0.000001
set_write_ber 0.000010
add_approx 318244832 327663584
set_read_ber 0.000001
set_write_ber 0.000010
add_approx 140372867457088 140372876875840
set_read_ber 0.000001
set_write_ber 0.000010
remove_approx 251314784 260733536
remove_approx 318244832 327663584
remove_approx 140372867457088 140372876875840
add_approx 251314784 260733536
set_read_ber 0.000001
set_write_ber 0.000010
add_approx 318244832 327663584
set_read_ber 0.000001
set_write_ber 0.000010
add_approx 140372867457088 140372876875840
set_read_ber 0.000001
set_write_ber 0.000010
add_approx 140373071482944 140373080901696
set_read_ber 0.000001
set_write_ber 0.000010
remove_approx 251314784 260733536
remove_approx 318244832 327663584
remove_approx 140372867457088 140372876875840
remove_approx 140373071482944 140373080901696
add_approx 251314784 260733536
set_read_ber 0.000001
set_write_ber 0.000010
add_approx 318244832 327663584
set_read_ber 0.000001
set_write_ber 0.000010
add_approx 385174880 394593632
set_read_ber 0.000001
set_write_ber 0.000010
add_approx 140373071482944 140373080901696
set_read_ber 0.000001
set_write_ber 0.000010
remove_approx 251314784 260733536
remove_approx 318244832 327663584
remove_approx 385174880 394593632
remove_approx 140373071482944 140373080901696
add_approx 140373071482944 140373080901696
set_read_ber 0.000001
set_write_ber 0.000010
add_approx 385174880 394593632
set_read_ber 0.000001
set_write_ber 0.000010
add_approx 251314784 260733536
set_read_ber 0.000001
set_write_ber 0.000010
remove_approx 140373071482944 140373080901696
remove_approx 385174880 394593632
remove_approx 251314784 260733536
add_approx 140373071482944 140373080901696
set_read_ber 0.000001
set_write_ber 0.000010
add_approx 385174880 394593632
set_read_ber 0.000001
set_write_ber 0.000010
add_approx 318244832 327663584
set_read_ber 0.000001
set_write_ber 0.000010
add_approx 140372867457088 140372876875840
set_read_ber 0.000001
set_write_ber 0.000010
remove_approx 140373071482944 140373080901696
remove_approx 385174880 394593632
remove_approx 318244832 327663584
remove_approx 140372867457088 140372876875840
add_approx 140373071482944 140373080901696
set_read_ber 0.000001
set_write_ber 0.000010
add_approx 385174880 394593632
set_read_ber 0.000001
set_write_ber 0.000010
add_approx 140372940550208 140372949968960
set_read_ber 0.000001
set_write_ber 0.000010
add_approx 140372867457088 140372876875840
set_read_ber 0.000001
set_write_ber 0.000010
#eof
