add_approx 140154870857792 140154880276544
set_read_ber 0.000001
set_write_ber 0.000000
add_approx 140154995486784 140155004905536
set_read_ber 0.000001
set_write_ber 0.000000
remove_approx 140154870857792 140154880276544
remove_approx 140154995486784 140155004905536
add_approx 140154780844096 140154790262848
set_read_ber 0.000001
set_write_ber 0.000000
add_approx 140154870857792 140154880276544
set_read_ber 0.000001
set_write_ber 0.000000
add_approx 140154995486784 140155004905536
set_read_ber 0.000001
set_write_ber 0.000000
remove_approx 140154780844096 140154790262848
remove_approx 140154870857792 140154880276544
remove_approx 140154995486784 140155004905536
add_approx 140154780844096 140154790262848
set_read_ber 0.000001
set_write_ber 0.000000
add_approx 140154870857792 140154880276544
set_read_ber 0.000001
set_write_ber 0.000000
add_approx 140154995486784 140155004905536
set_read_ber 0.000001
set_write_ber 0.000000
add_approx 240642432 250061184
set_read_ber 0.000001
set_write_ber 0.000000
remove_approx 140154780844096 140154790262848
remove_approx 140154870857792 140154880276544
remove_approx 140154995486784 140155004905536
remove_approx 240642432 250061184
add_approx 140154780844096 140154790262848
set_read_ber 0.000001
set_write_ber 0.000000
add_approx 140154870857792 140154880276544
set_read_ber 0.000001
set_write_ber 0.000000
add_approx 307572480 316991232
set_read_ber 0.000001
set_write_ber 0.000000
add_approx 240642432 250061184
set_read_ber 0.000001
set_write_ber 0.000000
remove_approx 140154780844096 140154790262848
remove_approx 140154870857792 140154880276544
remove_approx 307572480 316991232
remove_approx 240642432 250061184
add_approx 140154780844096 140154790262848
set_read_ber 0.000001
set_write_ber 0.000000
add_approx 140154870857792 140154880276544
set_read_ber 0.000001
set_write_ber 0.000000
add_approx 307572480 316991232
set_read_ber 0.000001
set_write_ber 0.000000
add_approx 240642432 250061184
set_read_ber 0.000001
set_write_ber 0.000000
remove_approx 140154780844096 140154790262848
remove_approx 140154870857792 140154880276544
remove_approx 307572480 316991232
remove_approx 240642432 250061184
add_approx 307572480 316991232
set_read_ber 0.000001
set_write_ber 0.000000
add_approx 140154780844096 140154790262848
set_read_ber 0.000001
set_write_ber 0.000000
add_approx 140154870857792 140154880276544
set_read_ber 0.000001
set_write_ber 0.000000
add_approx 240642432 250061184
set_read_ber 0.000001
set_write_ber 0.000000
remove_approx 307572480 316991232
remove_approx 140154780844096 140154790262848
remove_approx 140154870857792 140154880276544
remove_approx 240642432 250061184
add_approx 240642432 250061184
set_read_ber 0.000001
set_write_ber 0.000000
add_approx 307572480 316991232
set_read_ber 0.000001
set_write_ber 0.000000
add_approx 140154780844096 140154790262848
set_read_ber 0.000001
set_write_ber 0.000000
remove_approx 240642432 250061184
remove_approx 307572480 316991232
remove_approx 140154780844096 140154790262848
add_approx 240642432 250061184
set_read_ber 0.000001
set_write_ber 0.000000
add_approx 307572480 316991232
set_read_ber 0.000001
set_write_ber 0.000000
add_approx 140154780844096 140154790262848
set_read_ber 0.000001
set_write_ber 0.000000
add_approx 140154995486784 140155004905536
set_read_ber 0.000001
set_write_ber 0.000000
remove_approx 240642432 250061184
remove_approx 307572480 316991232
remove_approx 140154780844096 140154790262848
remove_approx 140154995486784 140155004905536
add_approx 240642432 250061184
set_read_ber 0.000001
set_write_ber 0.000000
add_approx 307572480 316991232
set_read_ber 0.000001
set_write_ber 0.000000
add_approx 374502528 383921280
set_read_ber 0.000001
set_write_ber 0.000000
add_approx 140154995486784 140155004905536
set_read_ber 0.000001
set_write_ber 0.000000
remove_approx 240642432 250061184
remove_approx 307572480 316991232
remove_approx 374502528 383921280
remove_approx 140154995486784 140155004905536
add_approx 140154995486784 140155004905536
set_read_ber 0.000001
set_write_ber 0.000000
add_approx 374502528 383921280
set_read_ber 0.000001
set_write_ber 0.000000
add_approx 240642432 250061184
set_read_ber 0.000001
set_write_ber 0.000000
remove_approx 140154995486784 140155004905536
remove_approx 374502528 383921280
remove_approx 240642432 250061184
add_approx 140154995486784 140155004905536
set_read_ber 0.000001
set_write_ber 0.000000
add_approx 374502528 383921280
set_read_ber 0.000001
set_write_ber 0.000000
add_approx 307572480 316991232
set_read_ber 0.000001
set_write_ber 0.000000
add_approx 140154780844096 140154790262848
set_read_ber 0.000001
set_write_ber 0.000000
remove_approx 140154995486784 140155004905536
remove_approx 374502528 383921280
remove_approx 307572480 316991232
remove_approx 140154780844096 140154790262848
add_approx 140154995486784 140155004905536
set_read_ber 0.000001
set_write_ber 0.000000
add_approx 374502528 383921280
set_read_ber 0.000001
set_write_ber 0.000000
add_approx 140154870857792 140154880276544
set_read_ber 0.000001
set_write_ber 0.000000
add_approx 140154780844096 140154790262848
set_read_ber 0.000001
set_write_ber 0.000000
remove_approx 140154995486784 140155004905536
remove_approx 374502528 383921280
remove_approx 140154870857792 140154880276544
remove_approx 140154780844096 140154790262848
add_approx 140154995486784 140155004905536
set_read_ber 0.000001
set_write_ber 0.000000
add_approx 374502528 383921280
set_read_ber 0.000001
set_write_ber 0.000000
add_approx 140154870857792 140154880276544
set_read_ber 0.000001
set_write_ber 0.000000
add_approx 140154780844096 140154790262848
set_read_ber 0.000001
set_write_ber 0.000000
remove_approx 140154995486784 140155004905536
remove_approx 374502528 383921280
remove_approx 140154870857792 140154880276544
remove_approx 140154780844096 140154790262848
add_approx 140154870857792 140154880276544
set_read_ber 0.000001
set_write_ber 0.000000
add_approx 140154995486784 140155004905536
set_read_ber 0.000001
set_write_ber 0.000000
add_approx 374502528 383921280
set_read_ber 0.000001
set_write_ber 0.000000
add_approx 140154780844096 140154790262848
set_read_ber 0.000001
set_write_ber 0.000000
remove_approx 140154870857792 140154880276544
remove_approx 140154995486784 140155004905536
remove_approx 374502528 383921280
remove_approx 140154780844096 140154790262848
add_approx 140154780844096 140154790262848
set_read_ber 0.000001
set_write_ber 0.000000
add_approx 140154870857792 140154880276544
set_read_ber 0.000001
set_write_ber 0.000000
add_approx 140154995486784 140155004905536
set_read_ber 0.000001
set_write_ber 0.000000
remove_approx 140154780844096 140154790262848
remove_approx 140154870857792 140154880276544
remove_approx 140154995486784 140155004905536
add_approx 140154780844096 140154790262848
set_read_ber 0.000001
set_write_ber 0.000000
add_approx 140154870857792 140154880276544
set_read_ber 0.000001
set_write_ber 0.000000
add_approx 374502528 383921280
set_read_ber 0.000001
set_write_ber 0.000000
add_approx 307572480 316991232
set_read_ber 0.000001
set_write_ber 0.000000
remove_approx 140154780844096 140154790262848
remove_approx 140154870857792 140154880276544
remove_approx 374502528 383921280
remove_approx 307572480 316991232
add_approx 140154780844096 140154790262848
set_read_ber 0.000001
set_write_ber 0.000000
add_approx 140154870857792 140154880276544
set_read_ber 0.000001
set_write_ber 0.000000
add_approx 240642432 250061184
set_read_ber 0.000001
set_write_ber 0.000000
add_approx 307572480 316991232
set_read_ber 0.000001
set_write_ber 0.000000
remove_approx 140154780844096 140154790262848
remove_approx 140154870857792 140154880276544
remove_approx 240642432 250061184
remove_approx 307572480 316991232
add_approx 140154780844096 140154790262848
set_read_ber 0.000001
set_write_ber 0.000000
add_approx 140154870857792 140154880276544
set_read_ber 0.000001
set_write_ber 0.000000
add_approx 240642432 250061184
set_read_ber 0.000001
set_write_ber 0.000000
add_approx 307572480 316991232
set_read_ber 0.000001
set_write_ber 0.000000
remove_approx 140154780844096 140154790262848
remove_approx 140154870857792 140154880276544
remove_approx 240642432 250061184
remove_approx 307572480 316991232
add_approx 240642432 250061184
set_read_ber 0.000001
set_write_ber 0.000000
add_approx 140154780844096 140154790262848
set_read_ber 0.000001
set_write_ber 0.000000
add_approx 140154870857792 140154880276544
set_read_ber 0.000001
set_write_ber 0.000000
add_approx 307572480 316991232
set_read_ber 0.000001
set_write_ber 0.000000
remove_approx 240642432 250061184
remove_approx 140154780844096 140154790262848
remove_approx 140154870857792 140154880276544
remove_approx 307572480 316991232
add_approx 307572480 316991232
set_read_ber 0.000001
set_write_ber 0.000000
add_approx 240642432 250061184
set_read_ber 0.000001
set_write_ber 0.000000
add_approx 140154780844096 140154790262848
set_read_ber 0.000001
set_write_ber 0.000000
remove_approx 307572480 316991232
remove_approx 240642432 250061184
remove_approx 140154780844096 140154790262848
add_approx 307572480 316991232
set_read_ber 0.000001
set_write_ber 0.000000
add_approx 240642432 250061184
set_read_ber 0.000001
set_write_ber 0.000000
add_approx 140154870857792 140154880276544
set_read_ber 0.000001
set_write_ber 0.000000
add_approx 374502528 383921280
set_read_ber 0.000001
set_write_ber 0.000000
remove_approx 307572480 316991232
remove_approx 240642432 250061184
remove_approx 140154870857792 140154880276544
remove_approx 374502528 383921280
add_approx 307572480 316991232
set_read_ber 0.000001
set_write_ber 0.000000
add_approx 240642432 250061184
set_read_ber 0.000001
set_write_ber 0.000000
add_approx 140154995486784 140155004905536
set_read_ber 0.000001
set_write_ber 0.000000
add_approx 374502528 383921280
set_read_ber 0.000001
set_write_ber 0.000000
remove_approx 307572480 316991232
remove_approx 240642432 250061184
remove_approx 140154995486784 140155004905536
remove_approx 374502528 383921280
add_approx 307572480 316991232
set_read_ber 0.000001
set_write_ber 0.000000
add_approx 240642432 250061184
set_read_ber 0.000001
set_write_ber 0.000000
add_approx 140154995486784 140155004905536
set_read_ber 0.000001
set_write_ber 0.000000
add_approx 374502528 383921280
set_read_ber 0.000001
set_write_ber 0.000000
remove_approx 307572480 316991232
remove_approx 240642432 250061184
remove_approx 140154995486784 140155004905536
remove_approx 374502528 383921280
add_approx 140154995486784 140155004905536
set_read_ber 0.000001
set_write_ber 0.000000
add_approx 307572480 316991232
set_read_ber 0.000001
set_write_ber 0.000000
add_approx 240642432 250061184
set_read_ber 0.000001
set_write_ber 0.000000
add_approx 374502528 383921280
set_read_ber 0.000001
set_write_ber 0.000000
remove_approx 140154995486784 140155004905536
remove_approx 307572480 316991232
remove_approx 240642432 250061184
remove_approx 374502528 383921280
add_approx 374502528 383921280
set_read_ber 0.000001
set_write_ber 0.000000
add_approx 140154995486784 140155004905536
set_read_ber 0.000001
set_write_ber 0.000000
add_approx 307572480 316991232
set_read_ber 0.000001
set_write_ber 0.000000
remove_approx 374502528 383921280
remove_approx 140154995486784 140155004905536
remove_approx 307572480 316991232
add_approx 374502528 383921280
set_read_ber 0.000001
set_write_ber 0.000000
add_approx 140154995486784 140155004905536
set_read_ber 0.000001
set_write_ber 0.000000
add_approx 240642432 250061184
set_read_ber 0.000001
set_write_ber 0.000000
add_approx 140154870857792 140154880276544
set_read_ber 0.000001
set_write_ber 0.000000
remove_approx 374502528 383921280
remove_approx 140154995486784 140155004905536
remove_approx 240642432 250061184
remove_approx 140154870857792 140154880276544
add_approx 374502528 383921280
set_read_ber 0.000001
set_write_ber 0.000000
add_approx 140154995486784 140155004905536
set_read_ber 0.000001
set_write_ber 0.000000
add_approx 140154780844096 140154790262848
set_read_ber 0.000001
set_write_ber 0.000000
add_approx 140154870857792 140154880276544
set_read_ber 0.000001
set_write_ber 0.000000
remove_approx 374502528 383921280
remove_approx 140154995486784 140155004905536
remove_approx 140154780844096 140154790262848
remove_approx 140154870857792 140154880276544
add_approx 140154870857792 140154880276544
set_read_ber 0.000001
set_write_ber 0.000000
add_approx 140154780844096 140154790262848
set_read_ber 0.000001
set_write_ber 0.000000
add_approx 374502528 383921280
set_read_ber 0.000001
set_write_ber 0.000000
remove_approx 140154870857792 140154880276544
remove_approx 140154780844096 140154790262848
remove_approx 374502528 383921280
add_approx 140154870857792 140154880276544
set_read_ber 0.000001
set_write_ber 0.000000
add_approx 140154780844096 140154790262848
set_read_ber 0.000001
set_write_ber 0.000000
add_approx 140154995486784 140155004905536
set_read_ber 0.000001
set_write_ber 0.000000
add_approx 240642432 250061184
set_read_ber 0.000001
set_write_ber 0.000000
remove_approx 140154870857792 140154880276544
remove_approx 140154780844096 140154790262848
remove_approx 140154995486784 140155004905536
remove_approx 240642432 250061184
add_approx 140154870857792 140154880276544
set_read_ber 0.000001
set_write_ber 0.000000
add_approx 140154780844096 140154790262848
set_read_ber 0.000001
set_write_ber 0.000000
add_approx 307572480 316991232
set_read_ber 0.000001
set_write_ber 0.000000
add_approx 240642432 250061184
set_read_ber 0.000001
set_write_ber 0.000000
remove_approx 140154870857792 140154880276544
remove_approx 140154780844096 140154790262848
remove_approx 307572480 316991232
remove_approx 240642432 250061184
add_approx 140154870857792 140154880276544
set_read_ber 0.000001
set_write_ber 0.000000
add_approx 140154780844096 140154790262848
set_read_ber 0.000001
set_write_ber 0.000000
add_approx 307572480 316991232
set_read_ber 0.000001
set_write_ber 0.000000
add_approx 240642432 250061184
set_read_ber 0.000001
set_write_ber 0.000000
remove_approx 140154870857792 140154880276544
remove_approx 140154780844096 140154790262848
remove_approx 307572480 316991232
remove_approx 240642432 250061184
add_approx 307572480 316991232
set_read_ber 0.000001
set_write_ber 0.000000
add_approx 140154870857792 140154880276544
set_read_ber 0.000001
set_write_ber 0.000000
add_approx 140154780844096 140154790262848
set_read_ber 0.000001
set_write_ber 0.000000
add_approx 240642432 250061184
set_read_ber 0.000001
set_write_ber 0.000000
remove_approx 307572480 316991232
remove_approx 140154870857792 140154880276544
remove_approx 140154780844096 140154790262848
remove_approx 240642432 250061184
add_approx 240642432 250061184
set_read_ber 0.000001
set_write_ber 0.000000
add_approx 307572480 316991232
set_read_ber 0.000001
set_write_ber 0.000000
add_approx 140154870857792 140154880276544
set_read_ber 0.000001
set_write_ber 0.000000
remove_approx 240642432 250061184
remove_approx 307572480 316991232
remove_approx 140154870857792 140154880276544
add_approx 240642432 250061184
set_read_ber 0.000001
set_write_ber 0.000000
add_approx 307572480 316991232
set_read_ber 0.000001
set_write_ber 0.000000
add_approx 140154780844096 140154790262848
set_read_ber 0.000001
set_write_ber 0.000000
add_approx 140154995486784 140155004905536
set_read_ber 0.000001
set_write_ber 0.000000
remove_approx 240642432 250061184
remove_approx 307572480 316991232
remove_a