add_approx 139711096262720 139711105681472
set_read_ber 0.000001
set_write_ber 0.001000
add_approx 139711236677696 139711246096448
set_read_ber 0.000001
set_write_ber 0.001000
remove_approx 139711096262720 139711105681472
remove_approx 139711236677696 139711246096448
add_approx 214783616 224202368
set_read_ber 0.000001
set_write_ber 0.001000
add_approx 139711096262720 139711105681472
set_read_ber 0.000001
set_write_ber 0.001000
add_approx 139711236677696 139711246096448
set_read_ber 0.000001
set_write_ber 0.001000
remove_approx 214783616 224202368
remove_approx 139711096262720 139711105681472
remove_approx 139711236677696 139711246096448
add_approx 214783616 224202368
set_read_ber 0.000001
set_write_ber 0.001000
add_approx 139711096262720 139711105681472
set_read_ber 0.000001
set_write_ber 0.001000
add_approx 139711236677696 139711246096448
set_read_ber 0.000001
set_write_ber 0.001000
add_approx 289616864 299035616
set_read_ber 0.000001
set_write_ber 0.001000
remove_approx 214783616 224202368
remove_approx 139711096262720 139711105681472
remove_approx 139711236677696 139711246096448
remove_approx 289616864 299035616
add_approx 214783616 224202368
set_read_ber 0.000001
set_write_ber 0.001000
add_approx 139711096262720 139711105681472
set_read_ber 0.000001
set_write_ber 0.001000
add_approx 356546912 365965664
set_read_ber 0.000001
set_write_ber 0.001000
add_approx 289616864 299035616
set_read_ber 0.000001
set_write_ber 0.001000
remove_approx 214783616 224202368
remove_approx 139711096262720 139711105681472
remove_approx 356546912 365965664
remove_approx 289616864 299035616
add_approx 214783616 224202368
set_read_ber 0.000001
set_write_ber 0.001000
add_approx 139711096262720 139711105681472
set_read_ber 0.000001
set_write_ber 0.001000
add_approx 356546912 365965664
set_read_ber 0.000001
set_write_ber 0.001000
add_approx 289616864 299035616
set_read_ber 0.000001
set_write_ber 0.001000
remove_approx 214783616 224202368
remove_approx 139711096262720 139711105681472
remove_approx 356546912 365965664
remove_approx 289616864 299035616
add_approx 356546912 365965664
set_read_ber 0.000001
set_write_ber 0.001000
add_approx 214783616 224202368
set_read_ber 0.000001
set_write_ber 0.001000
add_approx 139711096262720 139711105681472
set_read_ber 0.000001
set_write_ber 0.001000
add_approx 289616864 299035616
set_read_ber 0.000001
set_write_ber 0.001000
remove_approx 356546912 365965664
remove_approx 214783616 224202368
remove_approx 139711096262720 139711105681472
remove_approx 289616864 299035616
add_approx 289616864 299035616
set_read_ber 0.000001
set_write_ber 0.001000
add_approx 356546912 365965664
set_read_ber 0.000001
set_write_ber 0.001000
add_approx 214783616 224202368
set_read_ber 0.000001
set_write_ber 0.001000
remove_approx 289616864 299035616
remove_approx 356546912 365965664
remove_approx 214783616 224202368
add_approx 289616864 299035616
set_read_ber 0.000001
set_write_ber 0.001000
add_approx 356546912 365965664
set_read_ber 0.000001
set_write_ber 0.001000
add_approx 214783616 224202368
set_read_ber 0.000001
set_write_ber 0.001000
add_approx 139711236677696 139711246096448
set_read_ber 0.000001
set_write_ber 0.001000
remove_approx 289616864 299035616
remove_approx 356546912 365965664
remove_approx 214783616 224202368
remove_approx 139711236677696 139711246096448
add_approx 289616864 299035616
set_read_ber 0.000001
set_write_ber 0.001000
add_approx 356546912 365965664
set_read_ber 0.000001
set_write_ber 0.001000
add_approx 423476960 432895712
set_read_ber 0.000001
set_write_ber 0.001000
add_approx 139711236677696 139711246096448
set_read_ber 0.000001
set_write_ber 0.001000
remove_approx 289616864 299035616
remove_approx 356546912 365965664
remove_approx 423476960 432895712
remove_approx 139711236677696 139711246096448
add_approx 139711236677696 139711246096448
set_read_ber 0.000001
set_write_ber 0.001000
add_approx 423476960 432895712
set_read_ber 0.000001
set_write_ber 0.001000
add_approx 289616864 299035616
set_read_ber 0.000001
set_write_ber 0.001000
remove_approx 139711236677696 139711246096448
remove_approx 423476960 432895712
remove_approx 289616864 299035616
add_approx 139711236677696 139711246096448
set_read_ber 0.000001
set_write_ber 0.001000
add_approx 423476960 432895712
set_read_ber 0.000001
set_write_ber 0.001000
add_approx 356546912 365965664
set_read_ber 0.000001
set_write_ber 0.001000
add_approx 214783616 224202368
set_read_ber 0.000001
set_write_ber 0.001000
remove_approx 139711236677696 139711246096448
remove_approx 423476960 432895712
remove_approx 356546912 365965664
remove_approx 214783616 224202368
add_approx 139711236677696 139711246096448
set_read_ber 0.000001
set_write_ber 0.001000
add_approx 423476960 432895712
set_read_ber 0.000001
set_write_ber 0.001000
add_approx 139711096262720 139711105681472
set_read_ber 0.000001
set_write_ber 0.001000
add_approx 214783616 224202368
set_read_ber 0.000001
set_write_ber 0.001000
remove_approx 139711236677696 139711246096448
remove_approx 423476960 432895712
remove_approx 139711096262720 139711105681472
remove_approx 214783616 224202368
add_approx 139711236677696 139711246096448
set_read_ber 0.000001
set_write_ber 0.001000
add_approx 423476960 432895712
set_read_ber 0.000001
set_write_ber 0.001000
add_approx 139711096262720 139711105681472
set_read_ber 0.000001
set_write_ber 0.001000
add_approx 214783616 224202368
set_read_ber 0.000001
set_write_ber 0.001000
remove_approx 139711236677696 139711246096448
remove_approx 423476960 432895712
remove_approx 139711096262720 139711105681472
remove_approx 214783616 224202368
add_approx 139711096262720 139711105681472
set_read_ber 0.000001
set_write_ber 0.001000
add_approx 139711236677696 139711246096448
set_read_ber 0.000001
set_write_ber 0.001000
add_approx 423476960 432895712
set_read_ber 0.000001
set_write_ber 0.001000
add_approx 214783616 224202368
set_read_ber 0.000001
set_write_ber 0.001000
#eof
