add_approx 140414899146816 140414908565568
set_read_ber 0.000000
set_write_ber 0.000100
add_approx 140415039565888 140415048984640
set_read_ber 0.000000
set_write_ber 0.000100
remove_approx 140414899146816 140414908565568
remove_approx 140415039565888 140415048984640
add_approx 200021632 209440384
set_read_ber 0.000000
set_write_ber 0.000100
add_approx 140414899146816 140414908565568
set_read_ber 0.000000
set_write_ber 0.000100
add_approx 140415039565888 140415048984640
set_read_ber 0.000000
set_write_ber 0.000100
remove_approx 200021632 209440384
remove_approx 140414899146816 140414908565568
remove_approx 140415039565888 140415048984640
add_approx 200021632 209440384
set_read_ber 0.000000
set_write_ber 0.000100
add_approx 140414899146816 140414908565568
set_read_ber 0.000000
set_write_ber 0.000100
add_approx 140415039565888 140415048984640
set_read_ber 0.000000
set_write_ber 0.000100
add_approx 274854880 284273632
set_read_ber 0.000000
set_write_ber 0.000100
remove_approx 200021632 209440384
remove_approx 140414899146816 140414908565568
remove_approx 140415039565888 140415048984640
remove_approx 274854880 284273632
add_approx 200021632 209440384
set_read_ber 0.000000
set_write_ber 0.000100
add_approx 140414899146816 140414908565568
set_read_ber 0.000000
set_write_ber 0.000100
add_approx 341784928 351203680
set_read_ber 0.000000
set_write_ber 0.000100
add_approx 274854880 284273632
set_read_ber 0.000000
set_write_ber 0.000100
remove_approx 200021632 209440384
remove_approx 140414899146816 140414908565568
remove_approx 341784928 351203680
remove_approx 274854880 284273632
add_approx 200021632 209440384
set_read_ber 0.000000
set_write_ber 0.000100
add_approx 140414899146816 140414908565568
set_read_ber 0.000000
set_write_ber 0.000100
add_approx 341784928 351203680
set_read_ber 0.000000
set_write_ber 0.000100
add_approx 274854880 284273632
set_read_ber 0.000000
set_write_ber 0.000100
remove_approx 200021632 209440384
remove_approx 140414899146816 140414908565568
remove_approx 341784928 351203680
remove_approx 274854880 284273632
add_approx 341784928 351203680
set_read_ber 0.000000
set_write_ber 0.000100
add_approx 200021632 209440384
set_read_ber 0.000000
set_write_ber 0.000100
add_approx 140414899146816 140414908565568
set_read_ber 0.000000
set_write_ber 0.000100
add_approx 274854880 284273632
set_read_ber 0.000000
set_write_ber 0.000100
remove_approx 341784928 351203680
remove_approx 200021632 209440384
remove_approx 140414899146816 140414908565568
remove_approx 274854880 284273632
add_approx 274854880 284273632
set_read_ber 0.000000
set_write_ber 0.000100
add_approx 341784928 351203680
set_read_ber 0.000000
set_write_ber 0.000100
add_approx 200021632 209440384
set_read_ber 0.000000
set_write_ber 0.000100
remove_approx 274854880 284273632
remove_approx 341784928 351203680
remove_approx 200021632 209440384
add_approx 274854880 284273632
set_read_ber 0.000000
set_write_ber 0.000100
add_approx 341784928 351203680
set_read_ber 0.000000
set_write_ber 0.000100
add_approx 200021632 209440384
set_read_ber 0.000000
set_write_b