add_approx 139686924988480 139686934407232
set_read_ber 0.000100
set_write_ber 0.000000
add_approx 139687049650240 139687059068992
set_read_ber 0.000100
set_write_ber 0.000000
remove_approx 139686924988480 139686934407232
remove_approx 139687049650240 139687059068992
add_approx 139686834962496 139686844381248
set_read_ber 0.000100
set_write_ber 0.000000
add_approx 139686924988480 139686934407232
set_read_ber 0.000100
set_write_ber 0.000000
add_approx 139687049650240 139687059068992
set_read_ber 0.000100
set_write_ber 0.000000
remove_approx 139686834962496 139686844381248
remove_approx 139686924988480 139686934407232
remove_approx 139687049650240 139687059068992
add_approx 139686834962496 139686844381248
set_read_ber 0.000100
set_write_ber 0.000000
add_approx 139686924988480 139686934407232
set_read_ber 0.000100
set_write_ber 0.000000
add_approx 139687049650240 139687059068992
set_read_ber 0.000100
set_write_ber 0.000000
add_approx 221526400 230945152
set_read_ber 0.000100
set_write_ber 0.000000
remove_approx 139686834962496 139686844381248
remove_approx 139686924988480 139686934407232
remove_approx 139687049650240 139687059068992
remove_approx 221526400 230945152
add_approx 139686834962496 139686844381248
set_read_ber 0.000100
set_write_ber 0.000000
add_approx 139686924988480 139686934407232
set_read_ber 0.000100
set_write_ber 0.000000
add_approx 288456448 297875200
set_read_ber 0.000100
set_write_ber 0.000000
add_approx 221526400 230945152
set_read_ber 0.000100
set_write_ber 0.000000
remove_approx 139686834962496 139686844381248
remove_approx 139686924988480 139686934407232
remove_approx 288456448 297875200
remove_approx 221526400 230945152
add_approx 139686834962496 139686844381248
set_read_ber 0.000100
set_write_ber 0.000000
add_approx 139686924988480 139686934407232
set_read_ber 0.000100
set_write_ber 0.000000
add_approx 288456448 297875200
set_read_ber 0.000100
set_write_ber 0.000000
add_approx 221526400 230945152
set_read_ber 0.000100
set_write_ber 0.000000
remove_approx 139686834962496 139686844381248
remove_approx 139686924988480 139686934407232
remove_approx 288456448 297875200
remove_approx 221526400 230945152
add_approx 288456448 297875200
set_read_ber 0.000100
set_write_ber 0.000000
add_approx 139686834962496 139686844381248
set_read_ber 0.000100
set_write_ber 0.000000
add_approx 139686924988480 139686934407232
set_read_ber 0.000100
set_write_ber 0.000000
add_approx 221526400 230945152
set_read_ber 0.000100
set_write_ber 0.000000
remove_approx 288456448 297875200
remove_approx 139686834962496 139686844381248
remove_approx 139686924988480 139686934407232
remove_approx 221526400 230945152
add_approx 221526400 230945152
set_read_ber 0.000100
set_write_ber 0.000000
add_approx 288456448 297875200
set_read_ber 0.000100
set_write_ber 0.000000
add_approx 139686834962496 139686844381248
set_read_ber 0.000100
set_write_ber 0.000000
remove_approx 221526400 230945152
remove_approx 288456448 297875200
remove_approx 139686834962496 139686844381248
add_approx 221526400 230945152
set_read_ber 0.000100
set_write_ber 0.000000
add_approx 288456448 297875200
set_read_ber 0.000100
set_write_ber 0.000000
add_approx 139686834962496 139686844381248
set_read_ber 0.000100
set_write_ber 0.000000
add_approx 139687049650240 139687059068992
set_read_ber 0.000100
set_write_ber 0.000000
remove_approx 221526400 230945152
remove_approx 288456448 297875200
remove_approx 139686834962496 139686844381248
remove_approx 139687049650240 139687059068992
add_approx 221526400 230945152
set_read_ber 0.000100
set_write_ber 0.000000
add_approx 288456448 297875200
set_read_ber 0.000100
set_write_ber 0.000000
add_approx 355386496 364805248
set_read_ber 0.000100
set_write_ber 0.000000
add_approx 139687049650240 139687059068992
set_read_ber 0.000100
set_write_ber 0.000000
remove_approx 221526400 230945152
remove_approx 288456448 297875200
remove_approx 355386496 364805248
remove_approx 139687049650240 139687059068992
add_approx 139687049650240 139687059068992
set_read_ber 0.000100
set_write_ber 0.000000
add_approx 355386496 364805248
set_read_ber 0.000100
set_write_ber 0.000000
add_approx 221526400 230945152
set_read_ber 0.000100
set_write_ber 0.000000
remove_approx 139687049650240 139687059068992
remove_approx 355386496 364805248
remove_approx 221526400 230945152
add_approx 139687049650240 139687059068992
set_read_ber 0.000100
set_write_ber 0.000000
add_approx 355386496 364805248
set_read_ber 0.000100
set_write_ber 0.000000
add_approx 288456448 297875200
set_read_ber 0.000100
set_write_ber 0.000000
add_approx 139686834962496 139686844381248
set_read_ber 0.000100
set_write_ber 0.000000
remove_approx 139687049650240 139687059068992
remove_approx 355386496 364805248
remove_approx 288456448 297875200
remove_approx 139686834962496 139686844381248
add_approx 139687049650240 139687059068992
set_read_ber 0.000100
set_write_ber 0.000000
add_approx 355386496 364805248
set_read_ber 0.000100
set_write_ber 0.000000
add_approx 139686924988480 139686934407232
set_read_ber 0.000100
set_write_ber 0.000000
add_approx 139686834962496 139686844381248
set_read_ber 0.000100
set_write_ber 0.000000
remove_approx 139687049650240 139687059068992
remove_approx 355386496 364805248
remove_approx 139686924988480 139686934407232
remove_approx 139686834962496 139686844381248
add_approx 139687049650240 139687059068992
set_read_ber 0.000100
set_write_ber 0.000000
add_approx 355386496 364805248
set_read_ber 0.000100
set_write_ber 0.000000
add_approx 139686924988480 139686934407232
set_read_ber 0.000100
set_write_ber 0.000000
add_approx 139686834962496 139686844381248
set_read_ber 0.000100
set_write_ber 0.000000
remove_approx 139687049650240 139687059068992
remove_approx 355386496 364805248
remove_approx 139686924988480 139686934407232
remove_approx 139686834962496 139686844381248
add_approx 139686924988480 139686934407232
set_read_ber 0.000100
set_write_ber 0.000000
add_approx 139687049650240 139687059068992
set_read_ber 0.000100
set_write_ber 0.000000
add_approx 355386496 364805248
set_read_ber 0.000100
set_write_ber 0.000000
add_approx 139686834962496 139686844381248
set_read_ber 0.000100
set_write_ber 0.000000
remove_approx 139686924988480 139686934407232
remove_approx 139687049650240 139687059068992
remove_approx 355386496 364805248
remove_approx 139686834962496 139686844381248
add_approx 139686834962496 139686844381248
set_read_ber 0.000100
set_write_ber 0.000000
add_approx 139686924988480 139686934407232
set_read_ber 0.000100
set_write_ber 0.000000
add_approx 139687049650240 139687059068992
set_read_ber 0.000100
set_write_ber 0.000000
remove_approx 139686834962496 139686844381248
remove_approx 139686924988480 139686934407232
remove_approx 139687049650240 139687059068992
add_approx 139686834962496 139686844381248
set_read_ber 0.000100
set_write_ber 0.000000
add_approx 139686924988480 139686934407232
set_read_ber 0.000100
set_write_ber 0.000000
add_approx 355386496 364805248
set_read_ber 0.000100
set_write_ber 0.000000
add_approx 288456448 297875200
set_read_ber 0.000100
set_write_ber 0.000000
remove_approx 139686834962496 139686844381248
remove_approx 139686924988480 139686934407232
remove_approx 355386496 364805248
remove_approx 288456448 297875200
add_approx 139686834962496 139686844381248
set_read_ber 0.000100
set_write_ber 0.000000
add_approx 139686924988480 139686934407232
set_read_ber 0.000100
set_write_ber 0.000000
add_approx 221526400 230945152
set_read_ber 0.000100
set_write_ber 0.000000
add_approx 288456448 297875200
set_read_ber 0.000100
set_write_ber 0.000000
remove_approx 139686834962496 139686844381248
remove_approx 139686924988480 139686934407232
remove_approx 221526400 230945152
remove_approx 288456448 297875200
add_approx 139686834962496 139686844381248
set_read_ber 0.000100
set_write_ber 0.000000
add_approx 139686924988480 139686934407232
set_read_ber 0.000100
set_write_ber 0.000000
add_approx 221526400 230945152
set_read_ber 0.000100
set_write_ber 0.000000
add_approx 288456448 297875200
set_read_ber 0.000100
set_write_ber 0.000000
remove_approx 139686834962496 139686844381248
remove_approx 139686924988480 139686934407232
remove_approx 221526400 230945152
remove_approx 288456448 297875200
add_approx 221526400 230945152
set_read_ber 0.000100
set_write_ber 0.000000
add_approx 139686834962496 139686844381248
set_read_ber 0.000100
set_write_ber 0.000000
add_approx 139686924988480 139686934407232
set_read_ber 0.000100
set_write_ber 0.000000
add_approx 288456448 297875200
set_read_ber 0.000100
set_write_ber 0.000000
remove_approx 221526400 230945152
remove_approx 139686834962496 139686844381248
remove_approx 139686924988480 139686934407232
remove_approx 288456448 297875200
add_approx 288456448 297875200
set_read_ber 0.000100
set_write_ber 0.000000
add_approx 221526400 230945152
set_read_ber 0.000100
set_write_ber 0.000000
add_approx 139686834962496 139686844381248
set_read_ber 0.000100
set_write_ber 0.000000
remove_approx 288456448 297875200
remove_approx 221526400 230945152
remove_approx 139686834962496 139686844381248
add_approx 288456448 297875200
set_read_ber 0.000100
set_write_ber 0.000000
add_approx 221526400 230945152
set_read_ber 0.000100
set_write_ber 0.000000
add_approx 139686924988480 139686934407232
set_read_ber 0.000100
set_write_ber 0.000000
add_approx 355386496 364805248
set_read_ber 0.000100
set_write_ber 0.000000
remove_approx 288456448 297875200
remove_approx 221526400 230945152
remove_approx 139686924988480 139686934407232
remove_approx 355386496 364805248
add_approx 288456448 297875200
set_read_ber 0.000100
set_write_ber 0.000000
add_approx 221526400 230945152
set_read_ber 0.000100
set_write_ber 0.000000
add_approx 139687049650240 139687059068992
set_read_ber 0.000100
set_write_ber 0.000000
add_approx 355386496 364805248
set_read_ber 0.000100
set_write_ber 0.000000
remove_approx 288456448 297875200
remove_approx 221526400 230945152
remove_approx 139687049650240 139687059068992
remove_approx 355386496 364805248
add_approx 288456448 297875200
set_read_ber 0.000100
set_write_ber 0.000000
add_approx 221526400 230945152
set_read_ber 0.000100
set_write_ber 0.000000
add_approx 139687049650240 139687059068992
set_read_ber 0.000100
set_write_ber 0.000000
add_approx 355386496 364805248
set_read_ber 0.000100
set_write_ber 0.000000
remove_approx 288456448 297875200
remove_approx 221526400 230945152
remove_approx 139687049650240 139687059068992
remove_approx 355386496 364805248
add_approx 139687049650240 139687059068992
set_read_ber 0.000100
set_write_ber 0.000000
add_approx 288456448 297875200
set_read_ber 0.000100
set_write_ber 0.000000
add_approx 221526400 230945152
set_read_ber 0.000100
set_write_ber 0.000000
add_approx 355386496 364805248
set_read_ber 0.000100
set_write_ber 0.000000
remove_approx 139687049650240 139687059068992
remove_approx 288456448 297875200
remove_approx 221526400 230945152
remove_approx 355386496 364805248
add_approx 355386496 364805248
set_read_ber 0.000100
set_write_ber 0.000000
add_approx 139687049650240 139687059068992
set_read_ber 0.000100
set_write_ber 0.000000
add_approx 288456448 297875200
set_read_ber 0.000100
set_write_ber 0.000000
remove_approx 355386496 364805248
remove_approx 139687049650240 139687059068992
remove_approx 288456448 297875200
add_approx 355386496 364805248
set_read_ber 0.000100
set_write_ber 0.000000
add_approx 139687049650240 139687059068992
set_read_ber 0.000100
set_write_ber 0.000000
add_approx 221526400 230945152
set_read_ber 0.000100
set_write_ber 0.000000
add_approx 139686924988480 139686934407232
set_read_ber 0.000100
set_write_ber 0.000000
remove_approx 355386496 364805248
remove_approx 139687049650240 139687059068992
remove_approx 221526400 230945152
remove_approx 139686924988480 139686934407232
add_approx 355386496 364805248
set_read_ber 0.000100
set_write_ber 0.000000
add_approx 139687049650240 139687059068992
set_read_ber 0.000100
set_write_ber 0.000000
add_approx 139686834962496 139686844381248
set_read_ber 0.000100
set_write_ber 0.000000
add_approx 139686924988480 139686934407232
set_read_ber 0.000100
set_write_ber 0.000000
remove_approx 355386496 364805248
remove_approx 139687049650240 139687059068992
remove_approx 139686834962496 139686844381248
remove_approx 139686924988480 139686934407232
add_approx 139686924988480 139686934407232
set_read_ber 0.000100
set_write_ber 0.000000
add_approx 139686834962496 139686844381248
set_read_ber 0.000100
set_write_ber 0.000000
add_approx 355386496 364805248
set_read_ber 0.000100
set_write_ber 0.000000
remove_approx 139686924988480 139686934407232
remove_approx 139686834962496 139686844381248
remove_approx 355386496 364805248
add_approx 139686924988480 139686934407232
set_read_ber 0.000100
set_write_ber 0.000000
add_approx 139686834962496 139686844381248
set_read_ber 0.000100
set_write_ber 0.000000
add_approx 139687049650240 139687059068992
set_read_ber 0.000100
set_write_ber 0.000000
add_approx 221526400 230945152
set_read_ber 0.000100
set_write_ber 0.000000
remove_approx 139686924988480 139686934407232
remove_approx 139686834962496 139686844381248
remove_approx 139687049650240 139687059068992
remove_approx 221526400 230945152
add_approx 139686924988480 139686934407232
set_read_ber 0.000100
set_write_ber 0.000000
add_approx 139686834962496 139686844381248
set_read_ber 0.000100
set_write_ber 0.000000
add_approx 288456448 297875200
set_read_ber 0.000100
set_write_ber 0.000000
add_approx 221526400 230945152
set_read_ber 0.000100
set_write_ber 0.000000
remove_approx 139686924988480 139686934407232
remove_approx 139686834962496 139686844381248
remove_approx 288456448 297875200
remove_approx 221526400 230945152
add_approx 139686924988480 139686934407232
set_read_ber 0.000100
set_write_ber 0.000000
add_approx 139686834962496 139686844381248
set_read_ber 0.000100
set_write_ber 0.000000
add_approx 288456448 297875200
set_read_ber 0.000100
set_write_ber 0.000000
add_approx 221526400 230945152
set_read_ber 0.000100
set_write_ber 0.000000
remove_approx 139686924988480 139686934407232
remove_approx 139686834962496 139686844381248
remove_approx 288456448 297875200
remove_approx 221526400 230945152
add_approx 288456448 297875200
set_read_ber 0.000100
set_write_ber 0.000000
add_approx 139686924988480 139686934407232
set_read_ber 0.000100
set_write_ber 0.000000
add_approx 139686834962496 139686844381248
set_read_ber 0.000100
set_write_ber 0.000000
add_approx 221526400 230945152
set_read_ber 0.000100
set_write_ber 0.000000
remove_approx 288456448 297875200
remove_approx 139686924988480 139686934407232
remove_approx 139686834962496 139686844381248
remove_approx 221526400 230945152
add_approx 221526400 230945152
set_read_ber 0.000100
set_write_ber 0.000000
add_approx 288456448 297875200
set_read_ber 0.000100
set_write_ber 0.000000
add_approx 139686924988480 139686934407232
set_read_ber 0.000100
set_write_ber 0.000000
remove_approx 221526400 230945152
remove_approx 288456448 297875200
remove_approx 139686924988480 139686934407232
add_approx 221526400 230945152
set_read_ber 0.000100
set_write_ber 0.000000
add_approx 288456448 297875200
set_read_ber 0.000100
set_write_ber 0.000000
add_approx 139686834962496 139686844381248
set_read_ber 0.000100
set_write_ber 0.000000
add_approx 139687049650240 139687059068992
set_read_ber 0.000100
set_write_ber 0.000000
remove_approx 221526400 230945152
remove_approx 288456448 297875200
remove_a