add_approx 140384340430912 140384349849664
set_read_ber 0.001000
set_write_ber 0.000100
add_approx 140384471367744 140384480786496
set_read_ber 0.001000
set_write_ber 0.000100
remove_approx 140384340430912 140384349849664
remove_approx 140384471367744 140384480786496
add_approx 140384267362368 140384276781120
set_read_ber 0.001000
set_write_ber 0.000100
add_approx 140384340430912 140384349849664
set_read_ber 0.001000
set_write_ber 0.000100
add_approx 140384471367744 140384480786496
set_read_ber 0.001000
set_write_ber 0.000100
remove_approx 140384267362368 140384276781120
remove_approx 140384340430912 140384349849664
remove_approx 140384471367744 140384480786496
add_approx 140384267362368 140384276781120
set_read_ber 0.001000
set_write_ber 0.000100
add_approx 140384340430912 140384349849664
set_read_ber 0.001000
set_write_ber 0.000100
add_approx 140384471367744 140384480786496
set_read_ber 0.001000
set_write_ber 0.000100
add_approx 232202848 241621600
set_read_ber 0.001000
set_write_ber 0.000100
remove_approx 140384267362368 140384276781120
remove_approx 140384340430912 140384349849664
remove_approx 140384471367744 140384480786496
remove_approx 232202848 241621600
add_approx 140384267362368 140384276781120
set_read_ber 0.001000
set_write_ber 0.000100
add_approx 140384340430912 140384349849664
set_read_ber 0.001000
set_write_ber 0.000100
add_approx 299132896 308551648
set_read_ber 0.001000
set_write_ber 0.000100
add_approx 232202848 241621600
set_read_ber 0.001000
set_write_ber 0.000100
remove_approx 140384267362368 140384276781120
remove_approx 140384340430912 140384349849664
remove_approx 299132896 308551648
remove_approx 232202848 241621600
add_approx 140384267362368 140384276781120
set_read_ber 0.001000
set_write_ber 0.000100
add_approx 140384340430912 140384349849664
set_read_ber 0.001000
set_write_ber 0.000100
add_approx 299132896 308551648
set_read_ber 0.001000
set_write_ber 0.000100
add_approx 232202848 241621600
set_read_ber 0.001000
set_write_ber 0.000100
remove_approx 140384267362368 140384276781120
remove_approx 140384340430912 140384349849664
remove_approx 299132896 308551648
remove_approx 232202848 241621600
add_approx 299132896 308551648
set_read_ber 0.001000
set_write_ber 0.000100
add_approx 140384267362368 140384276781120
set_read_ber 0.001000
set_write_ber 0.000100
add_approx 140384340430912 140384349849664
set_read_ber 0.001000
set_write_ber 0.000100
add_approx 232202848 241621600
set_read_ber 0.001000
set_write_ber 0.000100
remove_approx 299132896 308551648
remove_approx 140384267362368 140384276781120
remove_approx 140384340430912 140384349849664
remove_approx 232202848 241621600
add_approx 232202848 241621600
set_read_ber 0.001000
set_write_ber 0.000100
add_approx 299132896 308551648
set_read_ber 0.001000
set_write_ber 0.000100
add_approx 140384267362368 140384276781120
set_read_ber 0.001000
set_write_ber 0.000100
remove_approx 232202848 241621600
remove_approx 299132896 308551648
remove_approx 140384267362368 140384276781120
add_approx 232202848 241621600
set_read_ber 0.001000
set_write_ber 0.000100
add_approx 299132896 308551648
set_read_ber 0.001000
set_write_ber 0.000100
add_approx 140384267362368 140384276781120
set_read_ber 0.001000
set_write_ber 0.000100
add_approx 140384471367744 140384480786496
set_read_ber 0.001000
set_write_ber 0.000100
remove_approx 232202848 241621600
remove_approx 299132896 308551648
remove_approx 140384267362368 140384276781120
remove_approx 140384471367744 140384480786496
add_approx 232202848 241621600
set_read_ber 0.001000
set_write_ber 0.000100
add_approx 299132896 308551648
set_read_ber 0.001000
set_write_ber 0.000100
add_approx 366062944 375481696
set_read_ber 0.001000
set_write_ber 0.000100
add_approx 140384471367744 140384480786496
set_read_ber 0.001000
set_write_ber 0.000100
remove_approx 232202848 241621600
remove_approx 299132896 308551648
remove_approx 366062944 375481696
remove_approx 140384471367744 140384480786496
add_approx 140384471367744 140384480786496
set_read_ber 0.001000
set_write_ber 0.000100
add_approx 366062944 375481696
set_read_ber 0.001000
set_write_ber 0.000100
add_approx 232202848 241621600
set_read_ber 0.001000
set_write_ber 0.000100
remove_approx 140384471367744 140384480786496
remove_approx 366062944 375481696
remove_approx 232202848 241621600
add_approx 140384471367744 140384480786496
set_read_ber 0.001000
set_write_ber 0.000100
add_approx 366062944 375481696
set_read_ber 0.001000
set_write_ber 0.000100
add_approx 299132896 308551648
set_read_ber 0.001000
set_write_ber 0.000100
add_approx 140384267362368 140384276781120
set_read_ber 0.001000
set_write_ber 0.000100
remove_approx 140384471367744 140384480786496
remove_approx 366062944 375481696
remove_approx 299132896 308551648
remove_approx 140384267362368 140384276781120
add_approx 140384471367744 140384480786496
set_read_ber 0.001000
set_write_ber 0.000100
add_approx 366062944 375481696
set_read_ber 0.001000
set_write_ber 0.000100
add_approx 140384340430912 140384349849664
set_read_ber 0.001000
set_write_ber 0.000100
add_approx 140384267362368 140384276781120
set_read_ber 0.001000
set_write_ber 0.000100
remove_approx 140384471367744 140384480786496
remove_approx 366062944 375481696
remove_approx 140384340430912 140384349849664
remove_approx 140384267362368 140384276781120
add_approx 140384471367744 140384480786496
set_read_ber 0.001000
set_write_ber 0.000100
add_approx 366062944 375481696
set_read_ber 0.001000
set_write_ber 0.000100
add_approx 140384340430912 140384349849664
set_read_ber 0.001000
set_write_ber 0.000100
add_approx 140384267362368 140384276781120
set_read_ber 0.001000
set_write_ber 0.000100
remove_approx 140384471367744 140384480786496
remove_approx 366062944 375481696
remove_approx 140384340430912 140384349849664
remove_approx 140384267362368 140384276781120
add_approx 140384340430912 140384349849664
set_read_ber 0.001000
set_write_ber 0.000100
add_approx 140384471367744 140384480786496
set_read_ber 0.001000
set_write_ber 0.000100
add_approx 366062944 375481696
set_read_ber 0.001000
set_write_ber 0.000100
add_approx 140384267362368 140384276781120
set_read_ber 0.001000
set_write_ber 0.000100
remove_approx 140384340430912 140384349849664
remove_approx 140384471367744 140384480786496
remove_approx 366062944 375481696
remove_approx 140384267362368 140384276781120
add_approx 140384267362368 140384276781120
set_read_ber 0.001000
set_write_ber 0.000100
add_approx 140384340430912 140384349849664
set_read_ber 0.001000
set_write_ber 0.000100
add_approx 140384471367744 140384480786496
set_read_ber 0.001000
set_write_ber 0.000100
remove_approx 140384267362368 140384276781120
remove_approx 140384340430912 140384349849664
remove_approx 140384471367744 140384480786496
add_approx 140384267362368 140384276781120
set_read_ber 0.001000
set_write_ber 0.000100
add_approx 140384340430912 140384349849664
set_read_ber 0.001000
set_write_ber 0.000100
add_approx 366062944 375481696
set_read_ber 0.001000
set_write_ber 0.000100
add_approx 299132896 308551648
set_read_ber 0.001000
set_write_ber 0.000100
remove_approx 140384267362368 140384276781120
remove_approx 140384340430912 140384349849664
remove_approx 366062944 375481696
remove_approx 299132896 308551648
add_approx 140384267362368 140384276781120
set_read_ber 0.001000
set_write_ber 0.000100
add_approx 140384340430912 140384349849664
set_read_ber 0.001000
set_write_ber 0.000100
add_approx 232202848 241621600
set_read_ber 0.001000
set_write_ber 0.000100
add_approx 299132896 308551648
set_read_ber 0.001000
set_write_ber 0.000100
remove_approx 140384267362368 140384276781120
remove_approx 140384340430912 140384349849664
remove_approx 232202848 241621600
remove_approx 299132896 308551648
add_approx 140384267362368 140384276781120
set_read_ber 0.001000
set_write_ber 0.000100
add_approx 140384340430912 140384349849664
set_read_ber 0.001000
set_write_ber 0.000100
add_approx 232202848 241621600
set_read_ber 0.001000
set_write_ber 0.000100
add_approx 299132896 308551648
set_read_ber 0.001000
set_write_ber 0.000100
remove_approx 140384267362368 140384276781120
remove_approx 140384340430912 140384349849664
remove_approx 232202848 241621600
remove_approx 299132896 308551648
add_approx 232202848 241621600
set_read_ber 0.001000
set_write_ber 0.000100
add_approx 140384267362368 140384276781120
set_read_ber 0.001000
set_write_ber 0.000100
add_approx 140384340430912 140384349849664
set_read_ber 0.001000
set_write_ber 0.000100
add_approx 299132896 308551648
set_read_ber 0.001000
set_write_ber 0.000100
remove_approx 232202848 241621600
remove_approx 140384267362368 140384276781120
remove_approx 140384340430912 140384349849664
remove_approx 299132896 308551648
add_approx 299132896 308551648
set_read_ber 0.001000
set_write_ber 0.000100
add_approx 232202848 241621600
set_read_ber 0.001000
set_write_ber 0.000100
add_approx 140384267362368 140384276781120
set_read_ber 0.001000
set_write_ber 0.000100
remove_approx 299132896 308551648
remove_approx 232202848 241621600
remove_approx 140384267362368 140384276781120
add_approx 299132896 308551648
set_read_ber 0.001000
set_write_ber 0.000100
add_approx 232202848 241621600
set_read_ber 0.001000
set_write_ber 0.000100
add_approx 140384340430912 140384349849664
set_read_ber 0.001000
set_write_ber 0.000100
add_approx 366062944 375481696
set_read_ber 0.001000
set_write_ber 0.000100
remove_approx 299132896 308551648
remove_approx 232202848 241621600
remove_approx 140384340430912 140384349849664
remove_approx 366062944 375481696
add_approx 299132896 308551648
set_read_ber 0.001000
set_write_ber 0.000100
add_approx 232202848 241621600
set_read_ber 0.001000
set_write_ber 0.000100
add_approx 140384471367744 140384480786496
set_read_ber 0.001000
set_write_ber 0.000100
add_approx 366062944 375481696
set_read_ber 0.001000
set_write_ber 0.000100
remove_approx 299132896 308551648
remove_approx 232202848 241621600
remove_approx 140384471367744 140384480786496
remove_approx 366062944 375481696
add_approx 299132896 308551648
set_read_ber 0.001000
set_write_ber 0.000100
add_approx 232202848 241621600
set_read_ber 0.001000
set_write_ber 0.000100
add_approx 140384471367744 140384480786496
set_read_ber 0.001000
set_write_ber 0.000100
add_approx 366062944 375481696
set_read_ber 0.001000
set_write_ber 0.000100
remove_approx 299132896 308551648
remove_approx 232202848 241621600
remove_approx 140384471367744 140384480786496
remove_approx 366062944 375481696
add_approx 140384471367744 140384480786496
set_read_ber 0.001000
set_write_ber 0.000100
add_approx 299132896 308551648
set_read_ber 0.001000
set_write_ber 0.000100
add_approx 232202848 241621600
set_read_ber 0.001000
set_write_ber 0.000100
add_approx 366062944 375481696
set_read_ber 0.001000
set_write_ber 0.000100
remove_approx 140384471367744 140384480786496
remove_approx 299132896 308551648
remove_approx 232202848 241621600
remove_approx 366062944 375481696
add_approx 366062944 375481696
set_read_ber 0.001000
set_write_ber 0.000100
add_approx 140384471367744 140384480786496
set_read_ber 0.001000
set_write_ber 0.000100
add_approx 299132896 308551648
set_read_ber 0.001000
set_write_ber 0.000100
remove_approx 366062944 375481696
remove_approx 140384471367744 140384480786496
remove_approx 299132896 308551648
add_approx 366062944 375481696
set_read_ber 0.001000
set_write_ber 0.000100
add_approx 140384471367744 140384480786496
set_read_ber 0.001000
set_write_ber 0.000100
add_approx 232202848 241621600
set_read_ber 0.001000
set_write_ber 0.000100
add_approx 140384340430912 140384349849664
set_read_ber 0.001000
set_write_ber 0.000100
remove_approx 366062944 375481696
remove_approx 140384471367744 140384480786496
remove_approx 232202848 241621600
remove_approx 140384340430912 140384349849664
add_approx 366062944 375481696
set_read_ber 0.001000
set_write_ber 0.000100
add_approx 140384471367744 140384480786496
set_read_ber 0.001000
set_write_ber 0.000100
add_approx 140384267362368 140384276781120
set_read_ber 0.001000
set_write_ber 0.000100
add_approx 140384340430912 140384349849664
set_read_ber 0.001000
set_write_ber 0.000100
remove_approx 366062944 375481696
remove_approx 140384471367744 140384480786496
remove_approx 140384267362368 140384276781120
remove_approx 140384340430912 140384349849664
add_approx 140384340430912 140384349849664
set_read_ber 0.001000
set_write_ber 0.000100
add_approx 140384267362368 140384276781120
set_read_ber 0.001000
set_write_ber 0.000100
add_approx 366062944 375481696
set_read_ber 0.001000
set_write_ber 0.000100
remove_approx 140384340430912 140384349849664
remove_approx 140384267362368 140384276781120
remove_approx 366062944 375481696
add_approx 140384340430912 140384349849664
set_read_ber 0.001000
set_write_ber 0.000100
add_approx 140384267362368 140384276781120
set_read_ber 0.001000
set_write_ber 0.000100
add_approx 140384471367744 140384480786496
set_read_ber 0.001000
set_write_ber 0.000100
add_approx 232202848 241621600
set_read_ber 0.001000
set_write_ber 0.000100
remove_approx 140384340430912 140384349849664
remove_approx 140384267362368 140384276781120
remove_approx 140384471367744 140384480786496
remove_approx 232202848 241621600
add_approx 140384340430912 140384349849664
set_read_ber 0.001000
set_write_ber 0.000100
add_approx 140384267362368 140384276781120
set_read_ber 0.001000
set_write_ber 0.000100
add_approx 299132896 308551648
set_read_ber 0.001000
set_write_ber 0.000100
add_approx 232202848 241621600
set_read_ber 0.001000
set_write_ber 0.000100
remove_approx 140384340430912 140384349849664
remove_approx 140384267362368 140384276781120
remove_approx 299132896 308551648
remove_approx 232202848 241621600
add_approx 140384340430912 140384349849664
set_read_ber 0.001000
set_write_ber 0.000100
add_approx 140384267362368 140384276781120
set_read_ber 0.001000
set_write_ber 0.000100
add_approx 299132896 308551648
set_read_ber 0.001000
set_write_ber 0.000100
add_approx 232202848 241621600
set_read_ber 0.001000
set_write_ber 0.000100
remove_approx 140384340430912 140384349849664
remove_approx 140384267362368 140384276781120
remove_approx 299132896 308551648
remove_approx 232202848 241621600
add_approx 299132896 308551648
set_read_ber 0.001000
set_write_ber 0.000100
add_approx 140384340430912 140384349849664
set_read_ber 0.001000
set_write_ber 0.000100
add_approx 140384267362368 140384276781120
set_read_ber 0.