add_approx 139732358824000 139732361459776
set_read_ber 0.000000
set_write_ber 0.000000
remove_approx 139732358824000 139732361459776
add_approx 139732358824000 139732361459776
set_read_ber 0.000000
set_write_ber 0.000000
add_approx 139732317663296 139732320299072
set_read_ber 0.000000
set_write_ber 0.000000
remove_approx 139732358824000 139732361459776
remove_approx 139732317663296 139732320299072
add_approx 139732358824000 139732361459776
set_read_ber 0.000000
set_write_ber 0.000000
add_approx 68258784 70894560
set_read_ber 0.000000
set_write_ber 0.000000
add_approx 139732317663296 139732320299072
set_read_ber 0.000000
set_write_ber 0.000000
#eof
