add_approx 139755998834752 139756008253504
set_read_ber 0.000000
set_write_ber 0.001000
add_approx 139756128776256 139756138195008
set_read_ber 0.000000
set_write_ber 0.001000
remove_approx 139755998834752 139756008253504
remove_approx 139756128776256 139756138195008
add_approx 139755925639232 139755935057984
set_read_ber 0.000000
set_write_ber 0.001000
add_approx 139755998834752 139756008253504
set_read_ber 0.000000
set_write_ber 0.001000
add_approx 139756128776256 139756138195008
set_read_ber 0.000000
set_write_ber 0.001000
remove_approx 139755925639232 139755935057984
remove_approx 139755998834752 139756008253504
remove_approx 139756128776256 139756138195008
add_approx 139755925639232 139755935057984
set_read_ber 0.000000
set_write_ber 0.001000
add_approx 139755998834752 139756008253504
set_read_ber 0.000000
set_write_ber 0.001000
add_approx 139756128776256 139756138195008
set_read_ber 0.000000
set_write_ber 0.001000
add_approx 239043168 248461920
set_read_ber 0.000000
set_write_ber 0.001000
remove_approx 139755925639232 139755935057984
remove_approx 139755998834752 139756008253504
remove_approx 139756128776256 139756138195008
remove_approx 239043168 248461920
add_approx 139755925639232 139755935057984
set_read_ber 0.000000
set_write_ber 0.001000
add_approx 139755998834752 139756008253504
set_read_ber 0.000000
set_write_ber 0.001000
add_approx 305973216 315391968
set_read_ber 0.000000
set_write_ber 0.001000
add_approx 239043168 248461920
set_read_ber 0.000000
set_write_ber 0.001000
remove_approx 139755925639232 139755935057984
remove_approx 139755998834752 139756008253504
remove_approx 305973216 315391968
remove_approx 239043168 248461920
add_approx 139755925639232 139755935057984
set_read_ber 0.000000
set_write_ber 0.001000
add_approx 139755998834752 139756008253504
set_read_ber 0.000000
set_write_ber 0.001000
add_approx 305973216 315391968
set_read_ber 0.000000
set_write_ber 0.001000
add_approx 239043168 248461920
set_read_ber 0.000000
set_write_ber 0.001000
remove_approx 139755925639232 139755935057984
remove_approx 139755998834752 139756008253504
remove_approx 305973216 315391968
remove_approx 239043168 248461920
add_approx 305973216 315391968
set_read_ber 0.000000
set_write_ber 0.001000
add_approx 139755925639232 139755935057984
set_read_ber 0.000000
set_write_ber 0.001000
add_approx 139755998834752 139756008253504
set_read_ber 0.000000
set_write_ber 0.001000
add_approx 239043168 248461920
set_read_ber 0.000000
set_write_ber 0.001000
remove_approx 305973216 315391968
remove_approx 139755925639232 139755935057984
remove_approx 139755998834752 139756008253504
remove_approx 239043168 248461920
add_approx 239043168 248461920
set_read_ber 0.000000
set_write_ber 0.001000
add_approx 305973216 315391968
set_read_ber 0.000000
set_write_ber 0.001000
add_approx 139755925639232 139755935057984
set_read_ber 0.000000
set_write_ber 0.001000
remove_approx 239043168 248461920
remove_approx 305973216 315391968
remove_approx 139755925639232 139755935057984
add_approx 239043168 248461920
set_read_ber 0.000000
set_write_ber 0.001000
add_approx 305973216 315391968
set_read_ber 0.000000
set_write_ber 0.001000
add_approx 139755925639232 139755935057984
set_read_ber 0.000000
set_write_ber 0.001000
add_approx 139756128776256 139756138195008
set_read_ber 0.000000
set_write_ber 0.001000
remove_approx 239043168 248461920
remove_approx 305973216 315391968
remove_approx 139755925639232 139755935057984
remove_approx 139756128776256 139756138195008
add_approx 239043168 248461920
set_read_ber 0.000000
set_write_ber 0.001000
add_approx 305973216 315391968
set_read_ber 0.000000
set_write_ber 0.001000
add_approx 372903264 382322016
set_read_ber 0.000000
set_write_ber 0.001000
add_approx 139756128776256 139756138195008
set_read_ber 0.000000
set_write_ber 0.001000
remove_approx 239043168 248461920
remove_approx 305973216 315391968
remove_approx 372903264 382322016
remove_approx 139756128776256 139756138195008
add_approx 139756128776256 139756138195008
set_read_ber 0.000000
set_write_ber 0.001000
add_approx 372903264 382322016
set_read_ber 0.000000
set_write_ber 0.001000
add_approx 239043168 248461920
set_read_ber 0.000000
set_write_ber 0.001000
remove_approx 139756128776256 139756138195008
remove_approx 372903264 382322016
remove_approx 239043168 248461920
add_approx 139756128776256 139756138195008
set_read_ber 0.000000
set_write_ber 0.001000
add_approx 372903264 382322016
set_read_ber 0.000000
set_write_ber 0.001000
add_approx 305973216 315391968
set_read_ber 0.000000
set_write_ber 0.001000
add_approx 139755925639232 139755935057984
set_read_ber 0.000000
set_write_ber 0.001000
remove_approx 139756128776256 139756138195008
remove_approx 372903264 382322016
remove_approx 305973216 315391968
remove_approx 139755925639232 139755935057984
add_approx 139756128776256 139756138195008
set_read_ber 0.000000
set_write_ber 0.001000
add_approx 372903264 382322016
set_read_ber 0.000000
set_write_ber 0.001000
add_approx 139755998834752 139756008253504
set_read_ber 0.000000
set_write_ber 0.001000
add_approx 139755925639232 139755935057984
set_read_ber 0.000000
set_write_ber 0.001000
remove_approx 139756128776256 139756138195008
remove_approx 372903264 382322016
remove_approx 139755998834752 139756008253504
remove_approx 139755925639232 139755935057984
add_approx 139756128776256 139756138195008
set_read_ber 0.000000
set_write_ber 0.001000
add_approx 372903264 382322016
set_read_ber 0.000000
set_write_ber 0.001000
add_approx 139755998834752 139756008253504
set_read_ber 0.000000
set_write_ber 0.001000
add_approx 139755925639232 139755935057984
set_read_ber 0.000000
set_write_ber 0.001000
remove_approx 139756128776256 139756138195008
remove_approx 372903264 382322016
remove_approx 139755998834752 139756008253504
remove_approx 139755925639232 139755935057984
add_approx 139755998834752 139756008253504
set_read_ber 0.000000
set_write_ber 0.001000
add_approx 139756128776256 139756138195008
set_read_ber 0.000000
set_write_ber 0.001000
add_approx 372903264 382322016
set_read_ber 0.000000
set_write_ber 0.001000
add_approx 139755925639232 139755935057984
set_read_ber 0.000000
set_write_ber 0.001000
remove_approx 139755998834752 139756008253504
remove_approx 139756128776256 139756138195008
remove_approx 372903264 382322016
remove_approx 139755925639232 139755935057984
add_approx 139755925639232 139755935057984
set_read_ber 0.000000
set_write_ber 0.001000
add_approx 139755998834752 139756008253504
set_read_ber 0.000000
set_write_ber 0.001000
add_approx 139756128776256 139756138195008
set_read_ber 0.000000
set_write_ber 0.001000
remove_approx 139755925639232 139755935057984
remove_approx 139755998834752 139756008253504
remove_approx 139756128776256 139756138195008
add_approx 139755925639232 139755935057984
set_read_ber 0.000000
set_write_ber 0.001000
add_approx 139755998834752 139756008253504
set_read_ber 0.000000
set_write_ber 0.001000
add_approx 372903264 382322016
set_read_ber 0.000000
set_write_ber 0.001000
add_approx 305973216 315391968
set_read_ber 0.000000
set_write_ber 0.001000
remove_approx 139755925639232 139755935057984
remove_approx 139755998834752 139756008253504
remove_approx 372903264 382322016
remove_approx 305973216 315391968
add_approx 139755925639232 139755935057984
set_read_ber 0.000000
set_write_ber 0.001000
add_approx 139755998834752 139756008253504
set_read_ber 0.000000
set_write_ber 0.001000
add_approx 239043168 248461920
set_read_ber 0.000000
set_write_ber 0.001000
add_approx 305973216 315391968
set_read_ber 0.000000
set_write_ber 0.001000
remove_approx 139755925639232 139755935057984
remove_approx 139755998834752 139756008253504
remove_approx 239043168 248461920
remove_approx 305973216 315391968
add_approx 139755925639232 139755935057984
set_read_ber 0.000000
set_write_ber 0.001000
add_approx 139755998834752 139756008253504
set_read_ber 0.000000
set_write_ber 0.001000
add_approx 239043168 248461920
set_read_ber 0.000000
set_write_ber 0.001000
add_approx 305973216 315391968
set_read_ber 0.000000
set_write_ber 0.001000
remove_approx 139755925639232 139755935057984
remove_approx 139755998834752 139756008253504
remove_approx 239043168 248461920
remove_approx 305973216 315391968
add_approx 239043168 248461920
set_read_ber 0.000000
set_write_ber 0.001000
add_approx 139755925639232 139755935057984
set_read_ber 0.000000
set_write_ber 0.001000
add_approx 139755998834752 139756008253504
set_read_ber 0.000000
set_write_ber 0.001000
add_approx 305973216 315391968
set_read_ber 0.000000
set_write_ber 0.001000
remove_approx 239043168 248461920
remove_approx 139755925639232 139755935057984
remove_approx 139755998834752 139756008253504
remove_approx 305973216 315391968
add_approx 305973216 315391968
set_read_ber 0.000000
set_write_ber 0.001000
add_approx 239043168 248461920
set_read_ber 0.000000
set_write_ber 0.001000
add_approx 139755925639232 139755935057984
set_read_ber 0.000000
set_write_ber 0.001000
remove_approx 305973216 315391968
remove_approx 239043168 248461920
remove_approx 139755925639232 139755935057984
add_approx 305973216 315391968
set_read_ber 0.000000
set_write_ber 0.001000
add_approx 239043168 248461920
set_read_ber 0.000000
set_write_ber 0.001000
add_approx 139755998834752 139756008253504
set_read_ber 0.000000
set_write_ber 0.001000
add_approx 372903264 382322016
set_read_ber 0.000000
set_write_ber 0.001000
remove_approx 305973216 315391968
remove_approx 239043168 248461920
remove_approx 139755998834752 139756008253504
remove_approx 372903264 382322016
add_approx 305973216 315391968
set_read_ber 0.000000
set_write_ber 0.001000
add_approx 239043168 248461920
set_read_ber 0.000000
set_write_ber 0.001000
add_approx 139756128776256 139756138195008
set_read_ber 0.000000
set_write_ber 0.001000
add_approx 372903264 382322016
set_read_ber 0.000000
set_write_ber 0.001000
remove_approx 305973216 315391968
remove_approx 239043168 248461920
remove_approx 139756128776256 139756138195008
remove_approx 372903264 382322016
add_approx 305973216 315391968
set_read_ber 0.000000
set_write_ber 0.001000
add_approx 239043168 248461920
set_read_ber 0.000000
set_write_ber 0.001000
add_approx 139756128776256 139756138195008
set_read_ber 0.000000
set_write_ber 0.001000
add_approx 372903264 382322016
set_read_ber 0.000000
set_write_ber 0.001000
remove_approx 305973216 315391968
remove_approx 239043168 248461920
remove_approx 139756128776256 139756138195008
remove_approx 372903264 382322016
add_approx 139756128776256 139756138195008
set_read_ber 0.000000
set_write_ber 0.001000
add_approx 305973216 315391968
set_read_ber 0.000000
set_write_ber 0.001000
add_approx 239043168 248461920
set_read_ber 0.000000
set_write_ber 0.001000
add_approx 372903264 382322016
set_read_ber 0.000000
set_write_ber 0.001000
remove_approx 139756128776256 139756138195008
remove_approx 305973216 315391968
remove_approx 239043168 248461920
remove_approx 372903264 382322016
add_approx 372903264 382322016
set_read_ber 0.000000
set_write_ber 0.001000
add_approx 139756128776256 139756138195008
set_read_ber 0.000000
set_write_ber 0.001000
add_approx 305973216 315391968
set_read_ber 0.000000
set_write_ber 0.001000
remove_approx 372903264 382322016
remove_approx 139756128776256 139756138195008
remove_approx 305973216 315391968
add_approx 372903264 382322016
set_read_ber 0.000000
set_write_ber 0.001000
add_approx 139756128776256 139756138195008
set_read_ber 0.000000
set_write_ber 0.001000
add_approx 239043168 248461920
set_read_ber 0.000000
set_write_ber 0.001000
add_approx 139755998834752 139756008253504
set_read_ber 0.000000
set_write_ber 0.001000
remove_approx 372903264 382322016
remove_approx 139756128776256 139756138195008
remove_approx 239043168 248461920
remove_approx 139755998834752 139756008253504
add_approx 372903264 382322016
set_read_ber 0.000000
set_write_ber 0.001000
add_approx 139756128776256 139756138195008
set_read_ber 0.000000
set_write_ber 0.001000
add_approx 139755925639232 139755935057984
set_read_ber 0.000000
set_write_ber 0.001000
add_approx 139755998834752 139756008253504
set_read_ber 0.000000
set_write_ber 0.001000
remove_approx 372903264 382322016
remove_approx 139756128776256 139756138195008
remove_approx 139755925639232 139755935057984
remove_approx 139755998834752 139756008253504
add_approx 139755998834752 139756008253504
set_read_ber 0.000000
set_write_ber 0.001000
add_approx 139755925639232 139755935057984
set_read_ber 0.000000
set_write_ber 0.001000
add_approx 372903264 382322016
set_read_ber 0.000000
set_write_ber 0.001000
remove_approx 139755998834752 139756008253504
remove_approx 139755925639232 139755935057984
remove_approx 372903264 382322016
add_approx 139755998834752 139756008253504
set_read_ber 0.000000
set_write_ber 0.001000
add_approx 139755925639232 139755935057984
set_read_ber 0.000000
set_write_ber 0.001000
add_approx 139756128776256 139756138195008
set_read_ber 0.000000
set_write_ber 0.001000
add_approx 239043168 248461920
set_read_ber 0.000000
set_write_ber 0.001000
remove_approx 139755998834752 139756008253504
remove_approx 139755925639232 139755935057984
remove_approx 139756128776256 139756138195008
remove_approx 239043168 248461920
add_approx 139755998834752 139756008253504
set_read_ber 0.000000
set_write_ber 0.001000
add_approx 139755925639232 139755935057984
set_read_ber 0.000000
set_write_ber 0.001000
add_approx 305973216 315391968
set_read_ber 0.000000
set_write_ber 0.001000
add_approx 239043168 248461920
set_read_ber 0.000000
set_write_ber 0.001000
remove_approx 139755998834752 139756008253504
remove_approx 139755925639232 139755935057984
remove_approx 305973216 315391968
remove_approx 239043168 248461920
add_approx 139755998834752 139756008253504
set_read_ber 0.000000
set_write_ber 0.001000
add_approx 139755925639232 139755935057984
set_read_ber 0.000000
set_write_ber 0.001000
add_approx 305973216 315391968
set_read_ber 0.000000
set_write_ber 0.001000
add_approx 239043168 248461920
set_read_ber 0.000000
set_write_ber 0.001000
remove_approx 139755998834752 139756008253504
remove_approx 139755925639232 139755935057984
remove_approx 305973216 315391968
remove_approx 239043168 248461920
add_approx 305973216 315391968
set_read_ber 0.000000
set_write_ber 0.001000
add_approx 139755998834752 139756008253504
set_read_ber 0.000000
set_write_ber 0.001000
add_approx 139755925639232 139755935057984
set_read_ber 0.000000
set_write_ber 0.001000
add_approx 239043168 248461920
set_read_ber 0.000000
set_write_ber 0.001000
remove_approx 305973216 315391968
remove_approx 139755998834752 139756008253504
remove_approx 139755925639232 139755935057984
remove_approx 239043168 248461920
add_approx 239043168 248461920
set_read_ber 0.000000
set_write_ber 0.001000
add_approx 305973216 315391968
set_read_ber 0.000000
set_write_ber 0.001000
add_approx 139755998834752 139756008253504
set_read_ber 0.000000
set_write_ber 0.001000
remove_approx 239043168 248461920
remove_approx 305973216 315391968
remove_approx 139755998834752 139756008253504
add_approx 239043168 248461920
set_read_ber 0.000000
set_write_ber 0.001000
add_approx 305973216 315391968
set_read_ber 0.000000
set_write_ber 0.001000
add_approx 139755925639232 139755935057984
set_read_ber 0.000000
set_write_ber 0.001000
add_approx 139756128776256 139756138195008
set_read_ber 0.000000
set_write_ber 0.001000
remove_approx 239043168 248461920
remove_approx 305973216 315391968
remove_a