add_approx 140139805614144 140139806093376
set_read_ber 0.000001
set_write_ber 0.000100
add_approx 140139890249792 140139890729024
set_read_ber 0.000001
set_write_ber 0.000100
remove_approx 140139805614144 140139806093376
remove_approx 140139890249792 140139890729024
add_approx 140139801268288 140139801747520
set_read_ber 0.000001
set_write_ber 0.000100
add_approx 140139805614144 140139806093376
set_read_ber 0.000001
set_write_ber 0.000100
add_approx 140139890249792 140139890729024
set_read_ber 0.000001
set_write_ber 0.000100
remove_approx 140139801268288 140139801747520
remove_approx 140139805614144 140139806093376
remove_approx 140139890249792 140139890729024
add_approx 16057952 16537184
set_read_ber 0.000001
set_write_ber 0.000100
add_approx 140139801268288 140139801747520
set_read_ber 0.000001
set_write_ber 0.000100
add_approx 140139805614144 140139806093376
set_read_ber 0.000001
set_write_ber 0.000100
remove_approx 16057952 16537184
remove_approx 140139801268288 140139801747520
remove_approx 140139805614144 140139806093376
add_approx 16057952 16537184
set_read_ber 0.000001
set_write_ber 0.000100
add_approx 140139801268288 140139801747520
set_read_ber 0.000001
set_write_ber 0.000100
add_approx 140139805614144 140139806093376
set_read_ber 0.000001
set_write_ber 0.000100
add_approx 19909504 20388736
set_read_ber 0.000001
set_write_ber 0.000100
remove_approx 16057952 16537184
remove_approx 140139801268288 140139801747520
remove_approx 140139805614144 140139806093376
remove_approx 19909504 20388736
add_approx 16057952 16537184
set_read_ber 0.000001
set_write_ber 0.000100
add_approx 140139801268288 140139801747520
set_read_ber 0.000001
set_write_ber 0.000100
add_approx 23761056 24240288
set_read_ber 0.000001
set_write_ber 0.000100
add_approx 19909504 20388736
set_read_ber 0.000001
set_write_ber 0.000100
remove_approx 16057952 16537184
remove_approx 140139801268288 140139801747520
remove_approx 23761056 24240288
remove_approx 19909504 20388736
add_approx 19909504 20388736
set_read_ber 0.000001
set_write_ber 0.000100
add_approx 23761056 24240288
set_read_ber 0.000001
set_write_ber 0.000100
add_approx 16057952 16537184
set_read_ber 0.000001
set_write_ber 0.000100
remove_approx 19909504 20388736
remove_approx 23761056 24240288
remove_approx 16057952 16537184
add_approx 140139805614144 140139806093376
set_read_ber 0.000001
set_write_ber 0.000100
add_approx 19909504 20388736
set_read_ber 0.000001
set_write_ber 0.000100
add_approx 23761056 24240288
set_read_ber 0.000001
set_write_ber 0.000100
remove_approx 140139805614144 140139806093376
remove_approx 19909504 20388736
remove_approx 23761056 24240288
add_approx 140139805614144 140139806093376
set_read_ber 0.000001
set_write_ber 0.000100
add_approx 19909504 20388736
set_read_ber 0.000001
set_write_ber 0.000100
add_approx 23761056 24240288
set_read_ber 0.000001
set_write_ber 0.000100
add_approx 140139890249792 140139890729024
set_read_ber 0.000001
set_write_ber 0.000100
remove_approx 140139805614144 140139806093376
remove_approx 19909504 20388736
remove_approx 23761056 24240288
remove_approx 140139890249792 140139890729024
add_approx 140139890249792 140139890729024
set_read_ber 0.000001
set_write_ber 0.000100
add_approx 140139805614144 140139806093376
set_read_ber 0.000001
set_write_ber 0.000100
add_approx 19909504 20388736
set_read_ber 0.000001
set_write_ber 0.000100
remove_approx 140139890249792 140139890729024
remove_approx 140139805614144 140139806093376
remove_approx 19909504 20388736
add_approx 16057952 16537184
set_read_ber 0.000001
set_write_ber 0.000100
add_approx 140139890249792 140139890729024
set_read_ber 0.000001
set_write_ber 0.000100
add_approx 140139805614144 140139806093376
set_read_ber 0.000001
set_write_ber 0.000100
remove_approx 16057952 16537184
remove_approx 140139890249792 140139890729024
remove_approx 140139805614144 140139806093376
add_approx 16057952 16537184
set_read_ber 0.000001
set_write_ber 0.000100
add_approx 140139890249792 140139890729024
set_read_ber 0.000001
set_write_ber 0.000100
add_approx 140139805614144 140139806093376
set_read_ber 0.000001
set_write_ber 0.000100
add_approx 140139801268288 140139801747520
set_read_ber 0.000001
set_write_ber 0.000100
remove_approx 16057952 16537184
remove_approx 140139890249792 140139890729024
remove_approx 140139805614144 140139806093376
remove_approx 140139801268288 140139801747520
add_approx 140139801268288 140139801747520
set_read_ber 0.000001
set_write_ber 0.000100
add_approx 16057952 16537184
set_read_ber 0.000001
set_write_ber 0.000100
add_approx 140139890249792 140139890729024
set_read_ber 0.000001
set_write_ber 0.000100
remove_approx 140139801268288 140139801747520
remove_approx 16057952 16537184
remove_approx 140139890249792 140139890729024
add_approx 23761056 24240288
set_read_ber 0.000001
set_write_ber 0.000100
add_approx 140139801268288 140139801747520
set_read_ber 0.000001
set_write_ber 0.000100
add_approx 16057952 16537184
set_read_ber 0.000001
set_write_ber 0.000100
remove_approx 23761056 24240288
remove_approx 140139801268288 140139801747520
remove_approx 16057952 16537184
add_approx 23761056 24240288
set_read_ber 0.000001
set_write_ber 0.000100
add_approx 140139801268288 140139801747520
set_read_ber 0.000001
set_write_ber 0.000100
add_approx 16057952 16537184
set_read_ber 0.000001
set_write_ber 0.000100
add_approx 19909504 20388736
set_read_ber 0.000001
set_write_ber 0.000100
remove_approx 23761056 24240288
remove_approx 140139801268288 140139801747520
remove_approx 16057952 16537184
remove_approx 19909504 20388736
add_approx 23761056 24240288
set_read_ber 0.000001
set_write_ber 0.000100
add_approx 140139801268288 140139801747520
set_read_ber 0.000001
set_write_ber 0.000100
add_approx 140139805614144 140139806093376
set_read_ber 0.000001
set_write_ber 0.000100
add_approx 19909504 20388736
set_read_ber 0.000001
set_write_ber 0.000100
remove_approx 23761056 24240288
remove_approx 140139801268288 140139801747520
remove_approx 140139805614144 140139806093376
remove_approx 19909504 20388736
add_approx 19909504 20388736
set_read_ber 0.000001
set_write_ber 0.000100
add_approx 140139805614144 140139806093376
set_read_ber 0.000001
set_write_ber 0.000100
add_approx 23761056 24240288
set_read_ber 0.000001
set_write_ber 0.000100
remove_approx 19909504 20388736
remove_approx 140139805614144 140139806093376
remove_approx 23761056 24240288
add_approx 16057952 16537184
set_read_ber 0.000001
set_write_ber 0.000100
add_approx 19909504 20388736
set_read_ber 0.000001
set_write_ber 0.000100
add_approx 140139805614144 140139806093376
set_read_ber 0.000001
set_write_ber 0.000100
remove_approx 16057952 16537184
remove_approx 19909504 20388736
remove_approx 140139805614144 140139806093376
add_approx 16057952 16537184
set_read_ber 0.000001
set_write_ber 0.000100
add_approx 19909504 20388736
set_read_ber 0.000001
set_write_ber 0.000100
add_approx 140139805614144 140139806093376
set_read_ber 0.000001
set_write_ber 0.000100
add_approx 140139890249792 140139890729024
set_read_ber 0.000001
set_write_ber 0.000100
remove_approx 16057952 16537184
remove_approx 19909504 20388736
remove_approx 140139805614144 140139806093376
remove_approx 140139890249792 140139890729024
add_approx 140139890249792 140139890729024
set_read_ber 0.000001
set_write_ber 0.000100
add_approx 16057952 16537184
set_read_ber 0.000001
set_write_ber 0.000100
add_approx 19909504 20388736
set_read_ber 0.000001
set_write_ber 0.000100
remove_approx 140139890249792 140139890729024
remove_approx 16057952 16537184
remove_approx 19909504 20388736
add_approx 23761056 24240288
set_read_ber 0.000001
set_write_ber 0.000100
add_approx 140139890249792 140139890729024
set_read_ber 0.000001
set_write_ber 0.000100
add_approx 16057952 16537184
set_read_ber 0.000001
set_write_ber 0.000100
remove_approx 23761056 24240288
remove_approx 140139890249792 140139890729024
remove_approx 16057952 16537184
add_approx 23761056 24240288
set_read_ber 0.000001
set_write_ber 0.000100
add_approx 140139890249792 140139890729024
set_read_ber 0.000001
set_write_ber 0.000100
add_approx 16057952 16537184
set_read_ber 0.000001
set_write_ber 0.000100
add_approx 140139801268288 140139801747520
set_read_ber 0.000001
set_write_ber 0.000100
remove_approx 23761056 24240288
remove_approx 140139890249792 140139890729024
remove_approx 16057952 16537184
remove_approx 140139801268288 140139801747520
add_approx 140139801268288 140139801747520
set_read_ber 0.000001
set_write_ber 0.000100
add_approx 23761056 24240288
set_read_ber 0.000001
set_write_ber 0.000100
add_approx 140139890249792 140139890729024
set_read_ber 0.000001
set_write_ber 0.000100
remove_approx 140139801268288 140139801747520
remove_approx 23761056 24240288
remove_approx 140139890249792 140139890729024
add_approx 140139805614144 140139806093376
set_read_ber 0.000001
set_write_ber 0.000100
add_approx 140139801268288 140139801747520
set_read_ber 0.000001
set_write_ber 0.000100
add_approx 23761056 24240288
set_read_ber 0.000001
set_write_ber 0.000100
remove_approx 140139805614144 140139806093376
remove_approx 140139801268288 140139801747520
remove_approx 23761056 24240288
add_approx 140139805614144 140139806093376
set_read_ber 0.000001
set_write_ber 0.000100
add_approx 140139801268288 140139801747520
set_read_ber 0.000001
set_write_ber 0.000100
add_approx 23761056 24240288
set_read_ber 0.000001
set_write_ber 0.000100
add_approx 19909504 20388736
set_read_ber 0.000001
set_write_ber 0.000100
remove_approx 140139805614144 140139806093376
remove_approx 140139801268288 140139801747520
remove_approx 23761056 24240288
remove_approx 19909504 20388736
add_approx 140139805614144 140139806093376
set_read_ber 0.000001
set_write_ber 0.000100
add_approx 140139801268288 140139801747520
set_read_ber 0.000001
set_write_ber 0.000100
add_approx 16057952 16537184
set_read_ber 0.000001
set_write_ber 0.000100
add_approx 19909504 20388736
set_read_ber 0.000001
set_write_ber 0.000100
remove_approx 140139805614144 140139806093376
remove_approx 140139801268288 140139801747520
remove_approx 16057952 16537184
remove_approx 19909504 20388736
add_approx 19909504 20388736
set_read_ber 0.000001
set_write_ber 0.000100
add_approx 16057952 16537184
set_read_ber 0.000001
set_write_ber 0.000100
add_approx 140139805614144 140139806093376
set_read_ber 0.000001
set_write_ber 0.000100
remove_approx 19909504 20388736
remove_approx 16057952 16537184
remove_approx 140139805614144 140139806093376
add_approx 23761056 24240288
set_read_ber 0.000001
set_write_ber 0.000100
add_approx 19909504 20388736
set_read_ber 0.000001
set_write_ber 0.000100
add_approx 16057952 16537184
set_read_ber 0.000001
set_write_ber 0.000100
remove_approx 23761056 24240288
remove_approx 19909504 20388736
remove_approx 16057952 16537184
add_approx 23761056 24240288
set_read_ber 0.000001
set_write_ber 0.000100
add_approx 19909504 20388736
set_read_ber 0.000001
set_write_ber 0.000100
add_approx 16057952 16537184
set_read_ber 0.000001
set_write_ber 0.000100
add_approx 140139890249792 140139890729024
set_read_ber 0.000001
set_write_ber 0.000100
remove_approx 23761056 24240288
remove_approx 19909504 20388736
remove_approx 16057952 16537184
remove_approx 140139890249792 140139890729024
add_approx 140139890249792 140139890729024
set_read_ber 0.000001
set