add_approx 140643311702080 140643321120832
set_read_ber 0.000001
set_write_ber 0.001000
add_approx 140643442176064 140643451594816
set_read_ber 0.000001
set_write_ber 0.001000
remove_approx 140643311702080 140643321120832
remove_approx 140643442176064 140643451594816
add_approx 140643238461504 140643247880256
set_read_ber 0.000001
set_write_ber 0.001000
add_approx 140643311702080 140643321120832
set_read_ber 0.000001
set_write_ber 0.001000
add_approx 140643442176064 140643451594816
set_read_ber 0.000001
set_write_ber 0.001000
remove_approx 140643238461504 140643247880256
remove_approx 140643311702080 140643321120832
remove_approx 140643442176064 140643451594816
add_approx 140643238461504 140643247880256
set_read_ber 0.000001
set_write_ber 0.001000
add_approx 140643311702080 140643321120832
set_read_ber 0.000001
set_write_ber 0.001000
add_approx 140643442176064 140643451594816
set_read_ber 0.000001
set_write_ber 0.001000
add_approx 243499616 252918368
set_read_ber 0.000001
set_write_ber 0.001000
remove_approx 140643238461504 140643247880256
remove_approx 140643311702080 140643321120832
remove_approx 140643442176064 140643451594816
remove_approx 243499616 252918368
add_approx 140643238461504 140643247880256
set_read_ber 0.000001
set_write_ber 0.001000
add_approx 140643311702080 140643321120832
set_read_ber 0.000001
set_write_ber 0.001000
add_approx 310429664 319848416
set_read_ber 0.000001
set_write_ber 0.001000
add_approx 243499616 252918368
set_read_ber 0.000001
set_write_ber 0.001000
remove_approx 140643238461504 140643247880256
remove_approx 140643311702080 140643321120832
remove_approx 310429664 319848416
remove_approx 243499616 252918368
add_approx 140643238461504 140643247880256
set_read_ber 0.000001
set_write_ber 0.001000
add_approx 140643311702080 140643321120832
set_read_ber 0.000001
set_write_ber 0.001000
add_approx 310429664 319848416
set_read_ber 0.000001
set_write_ber 0.001000
add_approx 243499616 252918368
set_read_ber 0.000001
set_write_ber 0.001000
remove_approx 140643238461504 140643247880256
remove_approx 140643311702080 140643321120832
remove_approx 310429664 319848416
remove_approx 243499616 252918368
add_approx 310429664 319848416
set_read_ber 0.000001
set_write_ber 0.001000
add_approx 140643238461504 140643247880256
set_read_ber 0.000001
set_write_ber 0.001000
add_approx 140643311702080 140643321120832
set_read_ber 0.000001
set_write_ber 0.001000
add_approx 243499616 252918368
set_read_ber 0.000001
set_write_ber 0.001000
remove_approx 310429664 319848416
remove_approx 140643238461504 140643247880256
remove_approx 140643311702080 140643321120832
remove_approx 243499616 252918368
add_approx 243499616 252918368
set_read_ber 0.000001
set_write_ber 0.001000
add_approx 310429664 319848416
set_read_ber 0.000001
set_write_ber 0.001000
add_approx 140643238461504 140643247880256
set_read_ber 0.000001
set_write_ber 0.001000
remove_approx 243499616 252918368
remove_approx 310429664 319848416
remove_approx 140643238461504 140643247880256
add_approx 243499616 252918368
set_read_ber 0.000001
set_write_ber 0.001000
add_approx 310429664 319848416
set_read_ber 0.000001
set_write_ber 0.001000
add_approx 140643238461504 140643247880256
set_read_ber 0.000001
set_write_ber 0.001000
add_approx 140643442176064 140643451594816
set_read_ber 0.000001
set_write_ber 0.001000
remove_approx 243499616 252918368
remove_approx 310429664 319848416
remove_approx 140643238461504 140643247880256
remove_approx 140643442176064 140643451594816
add_approx 243499616 252918368
set_read_ber 0.000001
set_write_ber 0.001000
add_approx 310429664 319848416
set_read_ber 0.000001
set_write_ber 0.001000
add_approx 377359712 386778464
set_read_ber 0.000001
set_write_ber 0.001000
add_approx 140643442176064 140643451594816
set_read_ber 0.000001
set_write_ber 0.001000
remove_approx 243499616 252918368
remove_approx 310429664 319848416
remove_approx 377359712 386778464
remove_approx 140643442176064 140643451594816
add_approx 140643442176064 140643451594816
set_read_ber 0.000001
set_write_ber 0.001000
add_approx 377359712 386778464
set_read_ber 0.000001
set_write_ber 0.001000
add_approx 243499616 252918368
set_read_ber 0.000001
set_write_ber 0.001000
#eof
