add_approx 140234427736128 140234428215360
set_read_ber 0.000010
set_write_ber 0.000010
add_approx 140234512564288 140234513043520
set_read_ber 0.000010
set_write_ber 0.000010
remove_approx 140234427736128 140234428215360
remove_approx 140234512564288 140234513043520
add_approx 140234423529536 140234424008768
set_read_ber 0.000010
set_write_ber 0.000010
add_approx 140234427736128 140234428215360
set_read_ber 0.000010
set_write_ber 0.000010
add_approx 140234512564288 140234513043520
set_read_ber 0.000010
set_write_ber 0.000010
remove_approx 140234423529536 140234424008768
remove_approx 140234427736128 140234428215360
remove_approx 140234512564288 140234513043520
add_approx 33842784 34322016
set_read_ber 0.000010
set_write_ber 0.000010
add_approx 140234423529536 140234424008768
set_read_ber 0.000010
set_write_ber 0.000010
add_approx 140234427736128 140234428215360
set_read_ber 0.000010
set_write_ber 0.000010
remove_approx 33842784 34322016
remove_approx 140234423529536 140234424008768
remove_approx 140234427736128 140234428215360
add_approx 33842784 34322016
set_read_ber 0.000010
set_write_ber 0.000010
add_approx 140234423529536 140234424008768
set_read_ber 0.000010
set_write_ber 0.000010
add_approx 140234427736128 140234428215360
set_read_ber 0.000010
set_write_ber 0.000010
add_approx 37694336 38173568
set_read_ber 0.000010
set_write_ber 0.000010
remove_approx 33842784 34322016
remove_approx 140234423529536 140234424008768
remove_approx 140234427736128 140234428215360
remove_approx 37694336 38173568
add_approx 33842784 34322016
set_read_ber 0.000010
set_write_ber 0.000010
add_approx 140234423529536 140234424008768
set_read_ber 0.000010
set_write_ber 0.000010
add_approx 41545888 42025120
set_read_ber 0.000010
set_write_ber 0.000010
add_approx 37694336 38173568
set_read_ber 0.000010
set_write_ber 0.000010
remove_approx 33842784 34322016
remove_approx 140234423529536 140234424008768
remove_approx 41545888 42025120
remove_approx 37694336 38173568
add_approx 37694336 38173568
set_read_ber 0.000010
set_write_ber 0.000010
add_approx 41545888 42025120
set_read_ber 0.000010
set_write_ber 0.000010
add_approx 33842784 34322016
set_read_ber 0.000010
set_write_ber 0.000010
remove_approx 37694336 38173568
remove_approx 41545888 42025120
remove_approx 33842784 34322016
add_approx 140234427736128 140234428215360
set_read_ber 0.000010
set_write_ber 0.000010
add_approx 37694336 38173568
set_read_ber 0.000010
set_write_ber 0.000010
add_approx 41545888 42025120
set_read_ber 0.000010
set_write_ber 0.000010
remove_approx 140234427736128 140234428215360
remove_approx 37694336 38173568
remove_approx 41545888 42025120
add_approx 140234427736128 140234428215360
set_read_ber 0.000010
set_write_ber 0.000010
add_approx 37694336 38173568
set_read_ber 0.000010
set_write_ber 0.000010
add_approx 41545888 42025120
set_read_ber 0.000010
set_write_ber 0.000010
add_approx 140234512564288 140234513043520
set_read_ber 0.000010
set_write_ber 0.000010
remove_approx 140234427736128 140234428215360
remove_approx 37694336 38173568
remove_approx 41545888 42025120
remove_approx 140234512564288 140234513043520
add_approx 140234512564288 140234513043520
set_read_ber 0.000010
set_write_ber 0.000010
add_approx 140234427736128 140234428215360
set_read_ber 0.000010
set_write_ber 0.000010
add_approx 37694336 38173568
set_read_ber 0.000010
set_write_ber 0.000010
remove_approx 140234512564288 140234513043520
remove_approx 140234427736128 140234428215360
remove_approx 37694336 38173568
add_approx 33842784 34322016
set_read_ber 0.000010
set_write_ber 0.000010
add_approx 140234512564288 140234513043520
set_read_ber 0.000010
set_write_ber 0.000010
add_approx 140234427736128 140234428215360
set_read_ber 0.000010
set_write_ber 0.000010
remove_approx 33842784 34322016
remove_approx 140234512564288 140234513043520
remove_approx 140234427736128 140234428215360
add_approx 33842784 34322016
set_read_ber 0.000010
set_write_ber 0.000010
add_approx 140234512564288 140234513043520
set_read_ber 0.000010
set_write_ber 0.000010
add_approx 140234427736128 140234428215360
set_read_ber 0.000010
set_write_ber 0.000010
add_approx 140234423529536 140234424008768
set_read_ber 0.000010
set_write_ber 0.000010
remove_approx 33842784 34322016
remove_approx 140234512564288 140234513043520
remove_approx 140234427736128 140234428215360
remove_approx 140234423529536 140234424008768
add_approx 140234423529536 140234424008768
set_read_ber 0.000010
set_write_ber 0.000010
add_approx 33842784 34322016
set_read_ber 0.000010
set_write_ber 0.000010
add_approx 140234512564288 140234513043520
set_read_ber 0.000010
set_write_ber 0.000010
remove_approx 140234423529536 140234424008768
remove_approx 33842784 34322016
remove_approx 140234512564288 140234513043520
add_approx 41545888 42025120
set_read_ber 0.000010
set_write_ber 0.000010
add_approx 140234423529536 140234424008768
set_read_ber 0.000010
set_write_ber 0.000010
add_approx 33842784 34322016
set_read_ber 0.000010
set_write_ber 0.000010
remove_approx 41545888 42025120
remove_approx 140234423529536 140234424008768
remove_approx 33842784 34322016
add_approx 41545888 42025120
set_read_ber 0.000010
set_write_ber 0.000010
add_approx 140234423529536 140234424008768
set_read_ber 0.000010
set_write_ber 0.000010
add_approx 33842784 34322016
set_read_ber 0.000010
set_write_ber 0.000010
add_approx 37694336 38173568
set_read_ber 0.000010
set_write_ber 0.000010
remove_approx 41545888 42025120
remove_approx 140234423529536 140234424008768
remove_approx 33842784 34322016
remove_approx 37694336 38173568
add_approx 41545888 42025120
set_read_ber 0.000010
set_write_ber 0.000010
add_approx 140234423529536 140234424008768
set_read_ber 0.000010
set_write_ber 0.000010
add_approx 140234427736128 140234428215360
set_read_ber 0.000010
set_write_ber 0.000010
add_approx 37694336 38173568
set_read_ber 0.000010
set_write_ber 0.000010
remove_approx 41545888 42025120
remove_approx 140234423529536 140234424008768
remove_approx 140234427736128 140234428215360
remove_approx 37694336 38173568
add_approx 37694336 38173568
set_read_ber 0.000010
set_write_ber 0.000010
add_approx 140234427736128 140234428215360
set_read_ber 0.000010
set_write_ber 0.000010
add_approx 41545888 42025120
set_read_ber 0.000010
set_write_ber 0.000010
remove_approx 37694336 38173568
remove_approx 140234427736128 140234428215360
remove_approx 41545888 42025120
add_approx 33842784 34322016
set_read_ber 0.000010
set_write_ber 0.000010
add_approx 37694336 38173568
set_read_ber 0.000010
set_write_ber 0.000010
add_approx 140234427736128 140234428215360
set_read_ber 0.000010
set_write_ber 0.000010
remove_approx 33842784 34322016
remove_approx 37694336 38173568
remove_approx 140234427736128 140234428215360
add_approx 33842784 34322016
set_read_ber 0.000010
set_write_ber 0.000010
add_approx 37694336 38173568
set_read_ber 0.000010
set_write_ber 0.000010
add_approx 140234427736128 140234428215360
set_read_ber 0.000010
set_write_ber 0.000010
add_approx 140234512564288 140234513043520
set_read_ber 0.000010
set_write_ber 0.000010
remove_approx 33842784 34322016
remove_approx 37694336 38173568
remove_approx 140234427736128 140234428215360
remove_approx 140234512564288 140234513043520
add_approx 140234512564288 140234513043520
set_read_ber 0.000010
set_write_ber 0.000010
add_approx 33842784 34322016
set_read_ber 0.000010
set_write_ber 0.000010
add_approx 37694336 38173568
set_read_ber 0.000010
set_write_ber 0.000010
remove_approx 140234512564288 140234513043520
remove_approx 33842784 34322016
remove_approx 37694336 38173568
add_approx 41545888 42025120
set_read_ber 0.000010
set_write_ber 0.000010
add_approx 140234512564288 140234513043520
set_read_ber 0.000010
set_write_ber 0.000010
add_approx 33842784 34322016
set_read_ber 0.000010
set_write_ber 0.000010
remove_approx 41545888 42025120
remove_approx 140234512564288 140234513043520
remove_approx 33842784 34322016
add_approx 41545888 42025120
set_read_ber 0.000010
set_write_ber 0.000010
add_approx 140234512564288 140234513043520
set_read_ber 0.000010
set_write_ber 0.000010
add_approx 33842784 34322016
set_read_ber 0.000010
set_write_ber 0.000010
add_approx 140234423529536 140234424008768
set_read_ber 0.000010
set_write_ber 0.000010
remove_approx 41545888 42025120
remove_approx 140234512564288 140234513043520
remove_approx 33842784 34322016
remove_approx 140234423529536 140234424008768
add_approx 140234423529536 140234424008768
set_read_ber 0.000010
set_write_ber 0.000010
add_approx 41545888 42025120
set_read_ber 0.000010
set_write_ber 0.000010
add_approx 140234512564288 140234513043520
set_read_ber 0.000010
set_write_ber 0.000010
remove_approx 140234423529536 140234424008768
remove_approx 41545888 42025120
remove_approx 140234512564288 140234513043520
add_approx 140234427736128 140234428215360
set_read_ber 0.000010
set_write_ber 0.000010
add_approx 140234423529536 140234424008768
set_read_ber 0.000010
set_write_ber 0.000010
add_approx 41545888 42025120
set_read_ber 0.000010
set_write_ber 0.000010
remove_approx 140234427736128 140234428215360
remove_approx 140234423529536 140234424008768
remove_approx 41545888 42025120
add_approx 140234427736128 140234428215360
set_read_ber 0.000010
set_write_ber 0.000010
add_approx 140234423529536 140234424008768
set_read_ber 0.000010
set_write_ber 0.000010
add_approx 41545888 42025120
set_read_ber 0.000010
set_write_ber 0.000010
add_approx 37694336 38173568
set_read_ber 0.000010
set_write_ber 0.000010
remove_approx 140234427736128 140234428215360
remove_approx 140234423529536 140234424008768
remove_approx 41545888 42025120
remove_approx 37694336 38173568
add_approx 140234427736128 140234428215360
set_read_ber 0.000010
set_write_ber 0.000010
add_approx 140234423529536 140234424008768
set_read_ber 0.000010
set_write_ber 0.000010
add_approx 33842784 34322016
set_read_ber 0.000010
set_write_ber 0.000010
add_approx 37694336 38173568
set_read_ber 0.000010
set_write_ber 0.000010
remove_approx 140234427736128 140234428215360
remove_approx 140234423529536 140234424008768
remove_approx 33842784 34322016
remove_approx 37694336 38173568
add_approx 37694336 38173568
set_read_ber 0.000010
set_write_ber 0.000010
add_approx 33842784 34322016
set_read_ber 0.000010
set_write_ber 0.000010
add_approx 1