add_approx 140569285324864 140569294743616
set_read_ber 0.000001
set_write_ber 0.000100
add_approx 140569421099072 140569430517824
set_read_ber 0.000001
set_write_ber 0.000100
remove_approx 140569285324864 140569294743616
remove_approx 140569421099072 140569430517824
add_approx 140569221288000 140569230706752
set_read_ber 0.000001
set_write_ber 0.000100
add_approx 140569285324864 140569294743616
set_read_ber 0.000001
set_write_ber 0.000100
add_approx 140569421099072 140569430517824
set_read_ber 0.000001
set_write_ber 0.000100
remove_approx 140569221288000 140569230706752
remove_approx 140569285324864 140569294743616
remove_approx 140569421099072 140569430517824
add_approx 140569221288000 140569230706752
set_read_ber 0.000001
set_write_ber 0.000100
add_approx 140569285324864 140569294743616
set_read_ber 0.000001
set_write_ber 0.000100
add_approx 140569421099072 140569430517824
set_read_ber 0.000001
set_write_ber 0.000100
add_approx 240840256 250259008
set_read_ber 0.000001
set_write_ber 0.000100
remove_approx 140569221288000 140569230706752
remove_approx 140569285324864 140569294743616
remove_approx 140569421099072 140569430517824
remove_approx 240840256 250259008
add_approx 140569221288000 140569230706752
set_read_ber 0.000001
set_write_ber 0.000100
add_approx 140569285324864 140569294743616
set_read_ber 0.000001
set_write_ber 0.000100
add_approx 307770304 317189056
set_read_ber 0.000001
set_write_ber 0.000100
add_approx 240840256 250259008
set_read_ber 0.000001
set_write_ber 0.000100
remove_approx 140569221288000 140569230706752
remove_approx 140569285324864 140569294743616
remove_approx 307770304 317189056
remove_approx 240840256 250259008
add_approx 140569221288000 140569230706752
set_read_ber 0.000001
set_write_ber 0.000100
add_approx 140569285324864 140569294743616
set_read_ber 0.000001
set_write_ber 0.000100
add_approx 307770304 317189056
set_read_ber 0.000001
set_write_ber 0.000100
add_approx 240840256 250259008
set_read_ber 0.000001
set_write_ber 0.000100
remove_approx 140569221288000 140569230706752
remove_approx 140569285324864 140569294743616
remove_approx 307770304 317189056
remove_approx 240840256 250259008
add_approx 307770304 317189056
set_read_ber 0.000001
set_write_ber 0.000100
add_approx 140569221288000 140569230706752
set_read_ber 0.000001
set_write_ber 0.000100
add_approx 140569285324864 140569294743616
set_read_ber 0.000001
set_write_ber 0.000100
add_approx 240840256 250259008
set_read_ber 0.000001
set_write_ber 0.000100
remove_approx 307770304 317189056
remove_approx 140569221288000 140569230706752
remove_approx 140569285324864 140569294743616
remove_approx 240840256 250259008
add_approx 240840256 250259008
set_read_ber 0.000001
set_write_ber 0.000100
add_approx 307770304 317189056
set_read_ber 0.000001
set_write_ber 0.000100
add_approx 140569221288000 140569230706752
set_read_ber 0.000001
set_write_ber 0.000100
remove_approx 240840256 250259008
remove_approx 307770304 317189056
remove_approx 140569221288000 140569230706752
add_approx 240840256 250259008
set_read_ber 0.000001
set_write_ber 0.000