add_approx 139628818120768 139628827539520
set_read_ber 0.000010
set_write_ber 0.000001
add_approx 139628954579008 139628963997760
set_read_ber 0.000010
set_write_ber 0.000001
remove_approx 139628818120768 139628827539520
remove_approx 139628954579008 139628963997760
add_approx 139628754083904 139628763502656
set_read_ber 0.000010
set_write_ber 0.000001
add_approx 139628818120768 139628827539520
set_read_ber 0.000010
set_write_ber 0.000001
add_approx 139628954579008 139628963997760
set_read_ber 0.000010
set_write_ber 0.000001
remove_approx 139628754083904 139628763502656
remove_approx 139628818120768 139628827539520
remove_approx 139628954579008 139628963997760
add_approx 139628754083904 139628763502656
set_read_ber 0.000010
set_write_ber 0.000001
add_approx 139628818120768 139628827539520
set_read_ber 0.000010
set_write_ber 0.000001
add_approx 139628954579008 139628963997760
set_read_ber 0.000010
set_write_ber 0.000001
add_approx 246378048 255796800
set_read_ber 0.000010
set_write_ber 0.000001
remove_approx 139628754083904 139628763502656
remove_approx 139628818120768 139628827539520
remove_approx 139628954579008 139628963997760
remove_approx 246378048 255796800
add_approx 139628754083904 139628763502656
set_read_ber 0.000010
set_write_ber 0.000001
add_approx 139628818120768 139628827539520
set_read_ber 0.000010
set_write_ber 0.000001
add_approx 313308096 322726848
set_read_ber 0.000010
set_write_ber 0.000001
add_approx 246378048 255796800
set_read_ber 0.000010
set_write_ber 0.000001
remove_approx 139628754083904 139628763502656
remove_approx 139628818120768 139628827539520
remove_approx 313308096 322726848
remove_approx 246378048 255796800
add_approx 139628754083904 139628763502656
set_read_ber 0.000010
set_write_ber 0.000001
add_approx 139628818120768 139628827539520
set_read_ber 0.000010
set_write_ber 0.000001
add_approx 313308096 322726848
set_read_ber 0.000010
set_write_ber 0.000001
add_approx 246378048 255796800
set_read_ber 0.000010
set_write_ber 0.000001
remove_approx 139628754083904 139628763502656
remove_approx 139628818120768 139628827539520
remove_approx 313308096 322726848
remove_approx 246378048 255796800
add_approx 313308096 322726848
set_read_ber 0.000010
set_write_ber 0.000001
add_approx 139628754083904 139628763502656
set_read_ber 0.000010
set_write_ber 0.000001
add_approx 139628818120768 139628827539520
set_read_ber 0.000010
set_write_ber 0.000001
add_approx 246378048 255796800
set_read_ber 0.000010
set_write_ber 0.000001
remove_approx 313308096 322726848
remove_approx 139628754083904 139628763502656
remove_approx 139628818120768 139628827539520
remove_approx 246378048 255796800
add_approx 246378048 255796800
set_read_ber 0.000010
set_write_ber 0.000001
add_approx 313308096 322726848
set_read_ber 0.000010
set_write_ber 0.000001
add_approx 139628754083904 139628763502656
set_read_ber 0.000010
set_write_ber 0.000001
remove_approx 246378048 255796800
remove_approx 313308096 322726848
remove_approx 139628754083904 139628763502656
add_approx 246378048 255796800
set_read_ber 0.000010
set_write_ber 0.000001
add_approx 313308096 322726848
set_read_ber 0.000010
set_write_ber 0.000001
add_approx 139628754083904 139628763502656
set_read_ber 0.000010
set_write_ber 0.000001
add_approx 139628954579008 139628963997760
set_read_ber 0.000010
set_write_ber 0.000001
remove_approx 246378048 255796800
remove_approx 313308096 322726848
remove_approx 139628754083904 139628763502656
remove_approx 139628954579008 139628963997760
add_approx 246378048 255796800
set_read_ber 0.000010
set_write_ber 0.000001
add_approx 313308096 322726848
set_read_ber 0.000010
set_write_ber 0.000001
add_approx 380238144 389656896
#eof
