add_approx 140589583085632 140589592504384
set_read_ber 0.000000
set_write_ber 0.000000
add_approx 140589707726912 140589717145664
set_read_ber 0.000000
set_write_ber 0.000000
remove_approx 140589583085632 140589592504384
remove_approx 140589707726912 140589717145664
add_approx 140589493227584 140589502646336
set_read_ber 0.000000
set_write_ber 0.000000
add_approx 140589583085632 140589592504384
set_read_ber 0.000000
set_write_ber 0.000000
add_approx 140589707726912 140589717145664
set_read_ber 0.000000
set_write_ber 0.000000
remove_approx 140589493227584 140589502646336
remove_approx 140589583085632 140589592504384
remove_approx 140589707726912 140589717145664
add_approx 140589493227584 140589502646336
set_read_ber 0.000000
set_write_ber 0.000000
add_approx 140589583085632 140589592504384
set_read_ber 0.000000
set_write_ber 0.000000
add_approx 140589707726912 140589717145664
set_read_ber 0.000000
set_write_ber 0.000000
add_approx 242166144 251584896
set_read_ber 0.000000
set_write_ber 0.000000
remove_approx 140589493227584 140589502646336
remove_approx 140589583085632 140589592504384
remove_approx 140589707726912 140589717145664
remove_approx 242166144 251584896
add_approx 140589493227584 140589502646336
set_read_ber 0.000000
set_write_ber 0.000000
add_approx 140589583085632 140589592504384
set_read_ber 0.000000
set_write_ber 0.000000
add_approx 309096192 318514944
set_read_ber 0.000000
set_write_ber 0.000000
add_approx 242166144 251584896
set_read_ber 0.000000
set_write_ber 0.000000
remove_approx 140589493227584 140589502646336
remove_approx 140589583085632 140589592504384
remove_approx 309096192 318514944
remove_approx 242166144 251584896
add_approx 140589493227584 140589502646336
set_read_ber 0.000000
set_write_ber 0.000000
add_approx 140589583085632 140589592504384
set_read_ber 0.000000
set_write_ber 0.000000
add_approx 309096192 318514944
set_read_ber 0.000000
set_write_ber 0.000000
add_approx 242166144 251584896
set_read_ber 0.000000
set_write_ber 0.000000
remove_approx 140589493227584 140589502646336
remove_approx 140589583085632 140589592504384
remove_approx 309096192 318514944
remove_approx 242166144 251584896
add_approx 309096192 318514944
set_read_ber 0.000000
set_write_ber 0.000000
add_approx 140589493227584 140589502646336
set_read_ber 0.000000
set_write_ber 0.000000
add_approx 140589583085632 140589592504384
set_read_ber 0.000000
set_write_ber 0.000000
add_approx 242166144 251584896
set_read_ber 0.000000
set_write_ber 0.000000
remove_approx 309096192 318514944
remove_approx 140589493227584 140589502646336
remove_approx 140589583085632 140589592504384
remove_approx 242166144 251584896
add_approx 242166144 251584896
set_read_ber 0.000000
set_write_ber 0.000000
add_approx 309096192 318514944
set_read_ber 0.000000
set_write_ber 0.000000
add_approx 140589493227584 140589502646336
set_read_ber 0.000000
set_write_ber 0.000000
remove_approx 242166144 251584896
remove_approx 309096192 318514944
remove_approx 140589493227584 140589502646336
add_approx 242166144 251584896
set_read_ber 0.000000
set_write_ber 0.000000
add_approx 309096192 318514944
set_read_ber 0.000000
set_write_ber 0.000000
add_approx 140589493227584 140589502646336
set_read_ber 0.000000
set_write_ber 0.000000
add_approx 140589707726912 140589717145664
set_read_ber 0.000000
set_write_ber 0.000000
remove_approx 242166144 251584896
remove_approx 309096192 318514944
remove_approx 140589493227584 140589502646336
remove_approx 140589707726912 140589717145664
add_approx 242166144 251584896
set_read_ber 0.000000
set_write_ber 0.000000
add_approx 309096192 318514944
set_read_ber 0.000000
set_write_ber 0.000000
add_approx 376026240 385444992
set_read_ber 0.000000
set_write_ber 0.000000
add_approx 140589707726912 140589717145664
set_read_ber 0.000000
set_write_ber 0.000000
remove_approx 242166144 251584896
remove_approx 309096192 318514944
remove_approx 376026240 385444992
remove_approx 140589707726912 140589717145664
add_approx 140589707726912 140589717145664
set_read_ber 0.000000
set_write_ber 0.000000
add_approx 376026240 385444992
set_read_ber 0.000000
set_write_ber 0.000000
add_approx 242166144 251584896
set_read_ber 0.000000
set_write_ber 0.000000
remove_approx 140589707726912 140589717145664
remove_approx 376026240 385444992
remove_approx 242166144 251584896
add_approx 140589707726912 140589717145664
set_read_ber 0.000000
set_write_ber 0.000000
add_approx 376026240 385444992
set_read_ber 0.000000
set_write_ber 0.000000
add_approx 309096192 318514944
set_read_ber 0.000000
set_write_ber 0.000000
add_approx 140589493227584 140589502646336
set_read_ber 0.000000
set_write_ber 0.000000
remove_approx 140589707726912 140589717145664
remove_approx 376026240 385444992
remove_approx 309096192 318514944
remove_approx 140589493227584 140589502646336
add_approx 140589707726912 140589717145664
set_read_ber 0.000000
set_write_ber 0.000000
add_approx 376026240 385444992
set_read_ber 0.000000
set_write_ber 0.000000
add_approx 140589583085632 140589592504384
set_read_ber 0.000000
set_write_ber 0.000000
add_approx 140589493227584 140589502646336
set_read_ber 0.000000
set_write_ber 0.000000
remove_approx 140589707726912 140589717145664
remove_approx 376026240 385444992
remove_approx 140589583085632 140589592504384
remove_approx 140589493227584 140589502646336
add_approx 140589707726912 140589717145664
set_read_ber 0.000000
set_write_ber 0.000000
add_approx 376026240 385444992
set_read_ber 0.000000
set_write_ber 0.000000
add_approx 140589583085632 140589592504384
set_read_ber 0.000000
set_write_ber 0.000000
add_approx 140589493227584 140589502646336
set_read_ber 0.000000
set_write_ber 0.000000
remove_approx 140589707726912 140589717145664
remove_approx 376026240 385444992
remove_approx 140589583085632 140589592504384
remove_approx 140589493227584 140589502646336
add_approx 140589583085632 140589592504384
set_read_ber 0.000000
set_write_ber 0.000000
add_approx 140589707726912 140589717145664
set_read_ber 0.000000
set_write_ber 0.000000
add_approx 376026240 385444992
set_read_ber 0.000000
set_write_ber 0.000000
add_approx 140589493227584 140589502646336
set_read_ber 0.000000
set_write_ber 0.000000
remove_approx 140589583085632 140589592504384
remove_approx 140589707726912 140589717145664
remove_approx 376026240 385444992
remove_approx 140589493227584 140589502646336
add_approx 140589493227584 140589502646336
set_read_ber 0.000000
set_write_ber 0.000000
add_approx 140589583085632 140589592504384
set_read_ber 0.000000
set_write_ber 0.000000
add_approx 140589707726912 140589717145664
set_read_ber 0.000000
set_write_ber 0.000000
remove_approx 140589493227584 140589502646336
remove_approx 140589583085632 140589592504384
remove_approx 140589707726912 140589717145664
add_approx 140589493227584 140589502646336
set_read_ber 0.000000
set_write_ber 0.000000
add_approx 140589583085632 140589592504384
set_read_ber 0.000000
set_write_ber 0.000000
add_approx 376026240 385444992
set_read_ber 0.000000
set_write_ber 0.000000
add_approx 309096192 318514944
set_read_ber 0.000000
set_write_ber 0.000000
remove_approx 140589493227584 140589502646336
remove_approx 140589583085632 140589592504384
remove_approx 376026240 385444992
remove_approx 309096192 318514944
add_approx 140589493227584 140589502646336
set_read_ber 0.000000
set_write_ber 0.000000
add_approx 140589583085632 140589592504384
set_read_ber 0.000000
set_write_ber 0.000000
add_approx 242166144 251584896
set_read_ber 0.000000
set_write_ber 0.000000
add_approx 309096192 318514944
set_read_ber 0.000000
set_write_ber 0.000000
remove_approx 140589493227584 140589502646336
remove_approx 140589583085632 140589592504384
remove_approx 242166144 251584896
remove_approx 309096192 318514944
add_approx 140589493227584 140589502646336
set_read_ber 0.000000
set_write_ber 0.000000
add_approx 140589583085632 140589592504384
set_read_ber 0.000000
set_write_ber 0.000000
add_approx 242166144 251584896
set_read_ber 0.000000
set_write_ber 0.000000
add_approx 309096192 318514944
set_read_ber 0.000000
set_write_ber 0.000000
remove_approx 140589493227584 140589502646336
remove_approx 140589583085632 140589592504384
remove_approx 242166144 251584896
remove_approx 309096192 318514944
add_approx 242166144 251584896
set_read_ber 0.000000
set_write_ber 0.000000
add_approx 140589493227584 140589502646336
set_read_ber 0.000000
set_write_ber 0.000000
add_approx 140589583085632 140589592504384
set_read_ber 0.000000
set_write_ber 0.000000
add_approx 309096192 318514944
set_read_ber 0.000000
set_write_ber 0.000000
remove_approx 242166144 251584896
remove_approx 140589493227584 140589502646336
remove_approx 140589583085632 140589592504384
remove_approx 309096192 318514944
add_approx 309096192 318514944
set_read_ber 0.000000
set_write_ber 0.000000
add_approx 242166144 251584896
set_read_ber 0.000000
set_write_ber 0.000000
add_approx 140589493227584 140589502646336
set_read_ber 0.000000
set_write_ber 0.000000
remove_approx 309096192 318514944
remove_approx 242166144 251584896
remove_approx 140589493227584 140589502646336
add_approx 309096192 318514944
set_read_ber 0.000000
set_write_ber 0.000000
add_approx 242166144 251584896
set_read_ber 0.000000
set_write_ber 0.000000
add_approx 140589583085632 140589592504384
set_read_ber 0.000000
set_write_ber 0.000000
add_approx 376026240 385444992
set_read_ber 0.000000
set_write_ber 0.000000
remove_approx 309096192 318514944
remove_approx 242166144 251584896
remove_approx 140589583085632 140589592504384
remove_approx 376026240 385444992
add_approx 309096192 318514944
set_read_ber 0.000000
set_write_ber 0.000000
add_approx 242166144 251584896
set_read_ber 0.000000
set_write_ber 0.000000
add_approx 140589707726912 140589717145664
set_read_ber 0.000000
set_write_ber 0.000000
add_approx 376026240 385444992
set_read_ber 0.000000
set_write_ber 0.000000
remove_approx 309096192 318514944
remove_approx 242166144 251584896
remove_approx 140589707726912 140589717145664
remove_approx 376026240 385444992
add_approx 309096192 318514944
set_read_ber 0.000000
set_write_ber 0.000000
add_approx 242166144 251584896
set_read_ber 0.000000
set_write_ber 0.000000
add_approx 140589707726912 140589717145664
set_read_ber 0.000000
set_write_ber 0.000000
add_approx 376026240 385444992
set_read_ber 0.000000
set_write_ber 0.000000
remove_approx 309096192 318514944
remove_approx 242166144 251584896
remove_approx 140589707726912 140589717145664
remove_approx 376026240 385444992
add_approx 140589707726912 140589717145664
set_read_ber 0.000000
set_write_ber 0.000000
add_approx 309096192 318514944
set_read_ber 0.000000
set_write_ber 0.000000
add_approx 242166144 251584896
set_read_ber 0.000000
set_write_ber 0.000000
add_approx 376026240 385444992
set_read_ber 0.000000
set_write_ber 0.000000
remove_approx 140589707726912 140589717145664
remove_approx 309096192 318514944
remove_approx 242166144 251584896
remove_approx 376026240 385444992
add_approx 376026240 385444992
set_read_ber 0.000000
set_write_ber 0.000000
add_approx 140589707726912 140589717145664
set_read_ber 0.000000
set_write_ber 0.000000
add_approx 309096192 318514944
set_read_ber 0.000000
set_write_ber 0.000000
remove_approx 376026240 385444992
remove_approx 140589707726912 140589717145664
remove_approx 309096192 318514944
add_approx 376026240 385444992
set_read_ber 0.000000
set_write_ber 0.000000
add_approx 140589707726912 140589717145664
set_read_ber 0.000000
set_write_ber 0.000000
add_approx 242166144 251584896
set_read_ber 0.000000
set_write_ber 0.000000
add_approx 140589583085632 140589592504384
set_read_ber 0.000000
set_write_ber 0.000000
remove_approx 376026240 385444992
remove_approx 140589707726912 140589717145664
remove_approx 242166144 251584896
remove_approx 140589583085632 140589592504384
add_approx 376026240 385444992
set_read_ber 0.000000
set_write_ber 0.000000
add_approx 140589707726912 140589717145664
set_read_ber 0.000000
set_write_ber 0.000000
add_approx 140589493227584 140589502646336
set_read_ber 0.000000
set_write_ber 0.000000
add_approx 140589583085632 140589592504384
set_read_ber 0.000000
set_write_ber 0.000000
remove_approx 376026240 385444992
remove_approx 140589707726912 140589717145664
remove_approx 140589493227584 140589502646336
remove_approx 140589583085632 140589592504384
add_approx 140589583085632 140589592504384
set_read_ber 0.000000
set_write_ber 0.000000
add_approx 140589493227584 140589502646336
set_read_ber 0.000000
set_write_ber 0.000000
add_approx 376026240 385444992
set_read_ber 0.000000
set_write_ber 0.000000
remove_approx 140589583085632 140589592504384
remove_approx 140589493227584 140589502646336
remove_approx 376026240 385444992
add_approx 140589583085632 140589592504384
set_read_ber 0.000000
set_write_ber 0.000000
add_approx 140589493227584 140589502646336
set_read_ber 0.000000
set_write_ber 0.000000
add_approx 140589707726912 140589717145664
set_read_ber 0.000000
set_write_ber 0.000000
add_approx 242166144 251584896
set_read_ber 0.000000
set_write_ber 0.000000
remove_approx 140589583085632 140589592504384
remove_approx 140589493227584 140589502646336
remove_approx 140589707726912 140589717145664
remove_approx 242166144 251584896
add_approx 140589583085632 140589592504384
set_read_ber 0.000000
set_write_ber 0.000000
add_approx 140589493227584 140589502646336
set_read_ber 0.000000
set_write_ber 0.000000
add_approx 309096192 318514944
set_read_ber 0.000000
set_write_ber 0.000000
add_approx 242166144 251584896
set_read_ber 0.000000
set_write_ber 0.000000
remove_approx 140589583085632 140589592504384
remove_approx 140589493227584 140589502646336
remove_approx 309096192 318514944
remove_approx 242166144 251584896
add_approx 140589583085632 140589592504384
set_read_ber 0.000000
set_write_ber 0.000000
add_approx 140589493227584 140589502646336
set_read_ber 0.000000
set_write_ber 0.000000
add_approx 309096192 318514944
set_read_ber 0.000000
set_write_ber 0.000000
add_approx 242166144 251584896
set_read_ber 0.000000
set_write_ber 0.000000
remove_approx 140589583085632 140589592504384
remove_approx 140589493227584 140589502646336
remove_approx 309096192 318514944
remove_approx 242166144 251584896
add_approx 309096192 318514944
set_read_ber 0.000000
set_write_ber 0.000000
add_approx 140589583085632 140589592504384
set_read_ber 0.000000
set_write_ber 0.000000
add_approx 140589493227584 140589502646336
set_read_ber 0.000000
set_write_ber 0.000000
add_approx 242166144 251584896
set_read_ber 0.000000
set_write_ber 0.000000
remove_approx 309096192 318514944
remove_approx 140589583085632 140589592504384
remove_approx 140589493227584 140589502646336
remove_approx 242166144 251584896
add_approx 242166144 251584896
set_read_ber 0.000000
set_write_ber 0.000000
add_approx 309096192 318514944
set_read_ber 0.000000
set_write_ber 0.000000
add_approx 140589583085632 140589592504384
set_read_ber 0.000000
set_write_ber 0.000000
remove_approx 242166144 251584896
remove_approx 309096192 318514944
remove_approx 140589583085632 140589592504384
add_approx 242166144 251584896
set_read_ber 0.000000
set_write_ber 0.000000
add_approx 309096192 318514944
set_read_ber 0.000000
set_write_ber 0.000000
add_approx 140589493227584 140589502646336
set_read_ber 0.000000
set_write_ber 0.000000
add_approx 140589707726912 140589717145664
set_read_ber 0.000000
set_write_ber 0.000000
remove_approx 242166144 251584896
remove_approx 309096192 318514944
remove_a