add_approx 140173947506752 140173947985984
set_read_ber 0.000100
set_write_ber 0.000001
add_approx 140173965168704 140173965647936
set_read_ber 0.000100
set_write_ber 0.000001
remove_approx 140173947506752 140173947985984
remove_approx 140173965168704 140173965647936
add_approx 140173943296064 140173943775296
set_read_ber 0.000100
set_write_ber 0.000001
add_approx 140173947506752 140173947985984
set_read_ber 0.000100
set_write_ber 0.000001
add_approx 140173965168704 140173965647936
set_read_ber 0.000100
set_write_ber 0.000001
remove_approx 140173943296064 140173943775296
remove_approx 140173947506752 140173947985984
remove_approx 140173965168704 140173965647936
add_approx 21104224 21583456
set_read_ber 0.000100
set_write_ber 0.000001
add_approx 140173943296064 140173943775296
set_read_ber 0.000100
set_write_ber 0.000001
add_approx 140173947506752 140173947985984
set_read_ber 0.000100
set_write_ber 0.000001
remove_approx 21104224 21583456
remove_approx 140173943296064 140173943775296
remove_approx 140173947506752 140173947985984
add_approx 21104224 21583456
set_read_ber 0.000100
set_write_ber 0.000001
add_approx 140173943296064 140173943775296
set_read_ber 0.000100
set_write_ber 0.000001
add_approx 140173947506752 140173947985984
set_read_ber 0.000100
set_write_ber 0.000001
add_approx 24955776 25435008
set_read_ber 0.000100
set_write_ber 0.000001
remove_approx 21104224 21583456
remove_approx 140173943296064 140173943775296
remove_approx 140173947506752 140173947985984
remove_approx 24955776 25435008
add_approx 21104224 21583456
set_read_ber 0.000100
set_write_ber 0.000001
add_approx 140173943296064 140173943775296
set_read_ber 0.000100
set_write_ber 0.000001
add_approx 28807328 29286560
set_read_ber 0.000100
set_write_ber 0.000001
add_approx 24955776 25435008
set_read_ber 0.000100
set_write_ber 0.000001
remove_approx 21104224 21583456
remove_approx 140173943296064 140173943775296
remove_approx 28807328 29286560
remove_approx 24955776 25435008
add_approx 24955776 25435008
set_read_ber 0.000100
set_write_ber 0.000001
add_approx 28807328 29286560
set_read_ber 0.000100
set_write_ber 0.000001
add_approx 21104224 21583456
set_read_ber 0.000100
set_write_ber 0.000001
remove_approx 24955776 25435008
remove_approx 28807328 29286560
remove_approx 21104224 21583456
add_approx 140173947506752 140173947985984
set_read_ber 0.000100
set_write_ber 0.000001
add_approx 24955776 25435008
set_read_ber 0.000100
set_write_ber 0.000001
add_approx 28807328 29286560
set_read_ber 0.000100
set_write_ber 0.000001
remove_approx 140173947506752 140173947985984
remove_approx 24955776 25435008
remove_approx 28807328 29286560
add_approx 140173947506752 140173947985984
set_read_ber 0.000100
set_write_ber 0.000001
add_approx 24955776 25435008
set_read_ber 0.000100
set_write_ber 0.000001
add_approx 28807328 29286560
set_read_ber 0.000100
set_write_ber 0.000001
add_approx 140173965168704 140173965647936
set_read_ber 0.000100
set_write_ber 0.000001
remove_approx 140173947506752 140173947985984
remove_approx 24955776 25435008
remove_approx 28807328 29286560
remove_approx 140173965168704 140173965647936
add_approx 140173965168704 140173965647936
set_read_ber 0.000100
set_write_ber 0.000001
add_approx 140173947506752 140173947985984
set_read_ber 0.000100
set_write_ber 0.000001
add_approx 24955776 25435008
set_read_ber 0.000100
set_write_ber 0.000001
remove_approx 140173965168704 140173965647936
remove_approx 140173947506752 140173947985984
remove_approx 24955776 25435008
add_approx 21104224 21583456
set_read_ber 0.000100
set_write_ber 0.000001
add_approx 140173965168704 140173965647936
set_read_ber 0.000100
set_write_ber 0.000001
add_approx 140173947506752 140173947985984
set_read_ber 0.000100
set_write_ber 0.000001
remove_approx 21104224 21583456
remove_approx 140173965168704 140173965647936
remove_approx 140173947506752 140173947985984
add_approx 21104224 21583456
set_read_ber 0.000100
set_write_ber 0.000001
add_approx 140173965168704 140173965647936
set_read_ber 0.000100
set_write_ber 0.000001
add_approx 140173947506752 140173947985984
set_read_ber 0.000100
set_write_ber 0.000001
add_approx 140173943296064 140173943775296
set_read_ber 0.000100
set_write_ber 0.000001
remove_approx 21104224 21583456
remove_approx 140173965168704 140173965647936
remove_approx 140173947506752 140173947985984
remove_approx 140173943296064 140173943775296
add_approx 140173943296064 140173943775296
set_read_ber 0.000100
set_write_ber 0.000001
add_approx 21104224 21583456
set_read_ber 0.000100
set_write_ber 0.000001
add_approx 140173965168704 140173965647936
set_read_ber 0.000100
set_write_ber 0.000001
remove_approx 140173943296064 140173943775296
remove_approx 21104224 21583456
remove_approx 140173965168704 140173965647936
add_approx 28807328 29286560
set_read_ber 0.000100
set_write_ber 0.000001
add_approx 140173943296064 140173943775296
set_read_ber 0.000100
set_write_ber 0.000001
add_approx 21104224 21583456
set_read_ber 0.000100
set_write_ber 0.000001
remove_approx 28807328 29286560
remove_approx 140173943296064 140173943775296
remove_approx 21104224 21583456
add_approx 28807328 29286560
set_read_ber 0.000100
set_write_ber 0.000001
add_approx 140173943296064 140173943775296
set_read_ber 0.000100
set_write_ber 0.000001
add_approx 21104224 21583456
set_read_ber 0.000100
set_write_ber 0.000001
add_approx 24955776 25435008
set_read_ber 0.000100
set_write_ber 0.000001
remove_approx 28807328 29286560
remove_approx 140173943296064 140173943775296
remove_approx 21104224 21583456
remove_approx 24955776 25435008
add_approx 28807328 29286560
set_read_ber 0.000100
set_write_ber 0.000001
add_approx 140173943296064 140173943775296
set_read_ber 0.000100
set_write_ber 0.000001
add_approx 140173947506752 140173947985984
set_read_ber 0.000100
set_write_ber 0.000001
add_approx 24955776 25435008
set_read_ber 0.000100
set_write_ber 0.000001
remove_approx 28807328 29286560
remove_approx 140173943296064 140173943775296
remove_approx 140173947506752 140173947985984
remove_approx 24955776 25435008
add_approx 24955776 25435008
set_read_ber 0.000100
set_write_ber 0.000001
add_approx 140173947506752 140173947985984
set_read_ber 0.000100
set_write_ber 0.000001
add_approx 28807328 29286560
set_read_ber 0.000100
set_write_ber 0.000001
remove_approx 24955776 25435008
remove_approx 140173947506752 140173947985984
remove_approx 28807328 29286560
add_approx 21104224 21583456
set_read_ber 0.000100
set_write_ber 0.000001
add_approx 24955776 25435008
set_read_ber 0.000100
set_write_ber 0.000001
add_approx 140173947506752 140173947985984
set_read_ber 0.000100
set_write_ber 0.000001
remove_approx 21104224 21583456
remove_approx 24955776 25435008
remove_approx 140173947506752 140173947985984
add_approx 21104224 21583456
set_read_ber 0.000100
set_write_ber 0.000001
add_approx 24955776 25435008
set_read_ber 0.000100
set_write_ber 0.000001
add_approx 140173947506752 140173947985984
set_read_ber 0.000100
set_write_ber 0.000001
add_approx 140173965168704 140173965647936
set_read_ber 0.000100
set_write_ber 0.000001
remove_approx 21104224 21583456
remove_approx 24955776 25435008
remove_approx 140173947506752 140173947985984
remove_approx 140173965168704 140173965647936
add_approx 140173965168704 140173965647936
set_read_ber 0.000100
set_write_ber 0.000001
add_approx 21104224 21583456
set_read_ber 0.000100
set_write_ber 0.000001
add_approx 24955776 25435008
set_read_ber 0.000100
set_write_ber 0.000001
remove_approx 140173965168704 140173965647936
remove_approx 21104224 21583456
remove_approx 24955776 25435008
add_approx 28807328 29286560
set_read_ber 0.000100
set_write_ber 0.000001
add_approx 140173965168704 140173965647936
set_read_ber 0.000100
set_write_ber 0.000001
add_approx 21104224 21583456
set_read_ber 0.000100
set_write_ber 0.000001
remove_approx 28807328 29286560
remove_approx 140173965168704 140173965647936
remove_approx 21104224 21583456
add_approx 28807328 29286560
set_read_ber 0.000100
set_write_ber 0.000001
add_approx 140173965168704 140173965647936
set_read_ber 0.000100
set_write_ber 0.000001
add_approx 21104224 21583456
set_read_ber 0.000100
set_write_ber 0.000001
add_approx 140173943296064 140173943775296
set_read_ber 0.000100
set_write_ber 0.000001
remove_approx 28807328 29286560
remove_approx 140173965168704 140173965647936
remove_approx 21104224 21583456
remove_approx 140173943296064 140173943775296
add_approx 140173943296064 140173943775296
set_read_ber 0.000100
set_write_ber 0.000001
add_approx 28807328 29286560
set_read_ber 0.000100
set_write_ber 0.000001
add_approx 140173965168704 140173965647936
set_read_ber 0.000100
set_write_ber 0.000001
remove_approx 140173943296064 140173943775296
remove_approx 28807328 29286560
remove_approx 140173965168704 140173965647936
add_approx 140173947506752 140173947985984
set_read_ber 0.000100
set_write_ber 0.000001
add_approx 140173943296064 140173943775296
set_read_ber 0.000100
set_write_ber 0.000001
add_approx 28807328 29286560
set_read_ber 0.000100
set_write_ber 0.000001
remove_approx 140173947506752 140173947985984
remove_approx 140173943296064 140173943775296
remove_approx 28807328 29286560
add_approx 140173947506752 140173947985984
set_read_ber 0.000100
set_write_ber 0.000001
add_approx 140173943296064 140173943775296
set_read_ber 0.000100
set_write_ber 0.000001
add_approx 28807328 29286560
set_read_ber 0.000100
set_write_ber 0.000001
add_approx 24955776 25435008
set_read_ber 0.000100
set_write_ber 0.000001
remove_approx 140173947506752 140173947985984
remove_approx 140173943296064 140173943775296
remove_approx 28807328 29286560
remove_approx 24955776 25435008
add_approx 140173947506752 140173947985984
set_read_ber 0.000100
set_write_ber 0.000001
add_approx 140173943296064 140173943775296
set_read_ber 0.000100
set_write_ber 0.000001
add_approx 21104224 21583456
set_read_ber 0.000100
set_write_ber 0.000001
add_approx 24955776 25435008
set_read_ber 0.000100
set_write_ber 0.000001
remove_approx 140173947506752 140173947985984
remove_approx 140173943296064 140173943775296
remove_approx 21104224 21583456
remove_approx 24955776 25435008
add_approx 24955776 25435008
set_read_ber 0.000100
set_write_ber 0.000001
add_approx 21104224 21583456
set_read_ber 0.000100
set_write_ber 0.000001
add_approx 1