add_approx 140707713908800 140707723327552
set_read_ber 0.000000
set_write_ber 0.000100
add_approx 140707850408000 140707859826752
set_read_ber 0.000000
set_write_ber 0.000100
remove_approx 140707713908800 140707723327552
remove_approx 140707850408000 140707859826752
add_approx 140707649871936 140707659290688
set_read_ber 0.000000
set_write_ber 0.000100
add_approx 140707713908800 140707723327552
set_read_ber 0.000000
set_write_ber 0.000100
add_approx 140707850408000 140707859826752
set_read_ber 0.000000
set_write_ber 0.000100
remove_approx 140707649871936 140707659290688
remove_approx 140707713908800 140707723327552
remove_approx 140707850408000 140707859826752
add_approx 140707649871936 140707659290688
set_read_ber 0.000000
set_write_ber 0.000100
add_approx 140707713908800 140707723327552
set_read_ber 0.000000
set_write_ber 0.000100
add_approx 140707850408000 140707859826752
set_read_ber 0.000000
set_write_ber 0.000100
add_approx 235134528 244553280
set_read_ber 0.000000
set_write_ber 0.000100
#eof
