add_approx 139951018795072 139951019274304
set_read_ber 0.000100
set_write_ber 0.001000
add_approx 139951036346432 139951036825664
set_read_ber 0.000100
set_write_ber 0.001000
remove_approx 139951018795072 139951019274304
remove_approx 139951036346432 139951036825664
add_approx 139951014391872 139951014871104
set_read_ber 0.000100
set_write_ber 0.001000
add_approx 139951018795072 139951019274304
set_read_ber 0.000100
set_write_ber 0.001000
add_approx 139951036346432 139951036825664
set_read_ber 0.000100
set_write_ber 0.001000
remove_approx 139951014391872 139951014871104
remove_approx 139951018795072 139951019274304
remove_approx 139951036346432 139951036825664
add_approx 24475232 24954464
set_read_ber 0.000100
set_write_ber 0.001000
add_approx 139951014391872 139951014871104
set_read_ber 0.000100
set_write_ber 0.001000
add_approx 139951018795072 139951019274304
set_read_ber 0.000100
set_write_ber 0.001000
remove_approx 24475232 24954464
remove_approx 139951014391872 139951014871104
remove_approx 139951018795072 139951019274304
add_approx 24475232 24954464
set_read_ber 0.000100
set_write_ber 0.001000
add_approx 139951014391872 139951014871104
set_read_ber 0.000100
set_write_ber 0.001000
add_approx 139951018795072 139951019274304
set_read_ber 0.000100
set_write_ber 0.001000
add_approx 28326784 28806016
set_read_ber 0.000100
set_write_ber 0.001000
remove_approx 24475232 24954464
remove_approx 139951014391872 139951014871104
remove_approx 139951018795072 139951019274304
remove_approx 28326784 28806016
add_approx 24475232 24954464
set_read_ber 0.000100
set_write_ber 0.001000
add_approx 139951014391872 139951014871104
set_read_ber 0.000100
set_write_ber 0.001000
add_approx 32178336 32657568
set_read_ber 0.000100
set_write_ber 0.001000
add_approx 28326784 28806016
set_read_ber 0.000100
set_write_ber 0.001000
remove_approx 24475232 24954464
remove_approx 139951014391872 139951014871104
remove_approx 32178336 32657568
remove_approx 28326784 28806016
add_approx 28326784 28806016
set_read_ber 0.000100
set_write_ber 0.001000
add_approx 32178336 32657568
set_read_ber 0.000100
set_write_ber 0.001000
add_approx 24475232 24954464
set_read_ber 0.000100
set_write_ber 0.001000
remove_approx 28326784 28806016
remove_approx 32178336 32657568
remove_approx 24475232 24954464
add_approx 139951018795072 139951019274304
set_read_ber 0.000100
set_write_ber 0.001000
add_approx 28326784 28806016
set_read_ber 0.000100
set_write_ber 0.001000
add_approx 32178336 32657568
set_read_ber 0.000100
set_write_ber 0.001000
remove_approx 139951018795072 139951019274304
remove_approx 28326784 28806016
remove_approx 32178336 32657568
add_approx 139951018795072 139951019274304
set_read_ber 0.000100
set_write_ber 0.001000
add_approx 28326784 28806016
set_read_ber 0.000100
set_write_ber 0.001000
add_approx 32178336 32657568
set_read_ber 0.000100
set_write_ber 0.001000
add_approx 139951036346432 139951036825664
set_read_ber 0.000100
set_write_ber 0.001000
remove_approx 139951018795072 139951019274304
remove_approx 28326784 28806016
remove_approx 32178336 32657568
remove_approx 139951036346432 139951036825664
add_approx 139951036346432 139951036825664
set_read_ber 0.000100
set_write_ber 0.001000
add_approx 139951018795072 139951019274304
set_read_ber 0.000100
set_write_ber 0.001000
add_approx 28326784 28806016
set_read_ber 0.000100
set_write_ber 0.001000
remove_approx 139951036346432 139951036825664
remove_approx 139951018795072 139951019274304
remove_approx 28326784 28806016
add_approx 24475232 24954464
set_read_ber 0.000100
set_write_ber 0.001000
add_approx 139951036346432 139951036825664
set_read_ber 0.000100
set_write_ber 0.001000
add_approx 139951018795072 139951019274304
set_read_ber 0.000100
set_write_ber 0.001000
remove_approx 24475232 24954464
remove_approx 139951036346432 139951036825664
remove_approx 139951018795072 139951019274304
add_approx 24475232 24954464
set_read_ber 0.000100
set_write_ber 0.001000
add_approx 139951036346432 139951036825664
set_read_ber 0.000100
set_write_ber 0.001000
add_approx 139951018795072 139951019274304
set_read_ber 0.000100
set_write_ber 0.001000
add_approx 139951014391872 139951014871104
set_read_ber 0.000100
set_write_ber 0.001000
remove_approx 24475232 24954464
remove_approx 139951036346432 139951036825664
remove_approx 139951018795072 139951019274304
remove_approx 139951014391872 139951014871104
add_approx 139951014391872 139951014871104
set_read_ber 0.000100
set_write_ber 0.001000
add_approx 24475232 24954464
set_read_ber 0.000100
set_write_ber 0.001000
add_approx 139951036346432 139951036825664
set_read_ber 0.000100
set_write_ber 0.001000
remove_approx 139951014391872 139951014871104
remove_approx 24475232 24954464
remove_approx 139951036346432 139951036825664
add_approx 32178336 32657568
set_read_ber 0.000100
set_write_ber 0.001000
add_approx 139951014391872 139951014871104
set_read_ber 0.000100
set_write_ber 0.001000
add_approx 24475232 24954464
set_read_ber 0.000100
set_write_ber 0.001000
remove_approx 32178336 32657568
remove_approx 139951014391872 139951014871104
remove_approx 24475232 24954464
add_approx 32178336 32657568
set_read_ber 0.000100
set_write_ber 0.001000
add_approx 139951014391872 139951014871104
set_read_ber 0.000100
set_write_ber 0.001000
add_approx 24475232 24954464
set_read_ber 0.000100
set_write_ber 0.001000
add_approx 28326784 28806016
set_read_ber 0.000100
set_write_ber 0.001000
remove_approx 32178336 32657568
remove_approx 139951014391872 139951014871104
remove_approx 24475232 24954464
remove_approx 28326784 28806016
add_approx 32178336 32657568
set_read_ber 0.000100
set_write_ber 0.001000
add_approx 139951014391872 139951014871104
set_read_ber 0.000100
set_write_ber 0.001000
add_approx 139951018795072 139951019274304
set_read_ber 0.000100
set_write_ber 0.001000
add_approx 28326784 28806016
set_read_ber 0.000100
set_write_ber 0.001000
remove_approx 32178336 32657568
remove_approx 139951014391872 139951014871104
remove_approx 139951018795072 139951019274304
remove_approx 28326784 28806016
add_approx 28326784 28806016
set_read_ber 0.000100
set_write_ber 0.001000
add_approx 139951018795072 139951019274304
set_read_ber 0.000100
set_write_ber 0.001000
add_approx 32178336 32657568
set_read_ber 0.000100
set_write_ber 0.001000
remove_approx 28326784 28806016
remove_approx 139951018795072 139951019274304
remove_approx 32178336 32657568
add_approx 24475232 24954464
set_read_ber 0.000100
set_write_ber 0.001000
add_approx 28326784 28806016
set_read_ber 0.000100
set_write_ber 0.001000
add_approx 139951018795072 139951019274304
set_read_ber 0.000100
set_write_ber 0.001000
remove_approx 24475232 24954464
remove_approx 28326784 28806016
remove_approx 139951018795072 139951019274304
add_approx 24475232 24954464
set_read_ber 0.000100
set_write_ber 0.001000
add_approx 28326784 28806016
set_read_ber 0.000100
set_write_ber 0.001000
add_approx 139951018795072 139951019274304
set_read_ber 0.000100
set_write_ber 0.001000
add_approx 139951036346432 139951036825664
set_read_ber 0.000100
set_write_ber 0.001000
remove_approx 24475232 24954464
remove_approx 28326784 28806016
remove_approx 139951018795072 139951019274304
remove_approx 139951036346432 139951036825664
add_approx 139951036346432 139951036825664
set_read_ber 0.000100
set_write_ber 0.001000
add_approx 24475232 24954464
set_read_ber 0.000100
set_write_ber 0.001000
add_approx 28326784 28806016
set_read_ber 0.000100
set_write_ber 0.001000
remove_approx 139951036346432 139951036825664
remove_approx 24475232 24954464
remove_approx 28326784 28806016
add_approx 32178336 32657568
set_read_ber 0.000100
set_write_ber 0.001000
add_approx 139951036346432 139951036825664
set_read_ber 0.000100
set_write_ber 0.001000
add_approx 24475232 24954464
set_read_ber 0.000100
set_write_ber 0.001000
remove_approx 32178336 32657568
remove_approx 139951036346432 139951036825664
remove_approx 24475232 24954464
add_approx 32178336 32657568
set_read_ber 0.000100
set_write_ber 0.001000
add_approx 139951036346432 139951036825664
set_read_ber 0.000100
set_write_ber 0.001000
add_approx 24475232 24954464
set_read_ber 0.000100
set_write_ber 0.001000
add_approx 139951014391872 139951014871104
set_read_ber 0.000100
set_write_ber 0.001000
remove_approx 32178336 32657568
remove_approx 139951036346432 139951036825664
remove_approx 24475232 24954464
remove_approx 139951014391872 139951014871104
add_approx 139951014391872 139951014871104
set_read_ber 0.000100
set_write_ber 0.001000
add_approx 32178336 32657568
set_read_ber 0.000100
set_write_ber 0.001000
add_approx 139951036346432 139951036825664
set_read_ber 0.000100
set_write_ber 0.001000
remove_approx 139951014391872 139951014871104
remove_approx 32178336 32657568
remove_approx 139951036346432 139951036825664
add_approx 139951018795072 139951019274304
set_read_ber 0.000100
set_write_ber 0.001000
add_approx 139951014391872 139951014871104
set_read_ber 0.000100
set_write_ber 0.001000
add_approx 32178336 32657568
set_read_ber 0.000100
set_write_ber 0.001000
remove_approx 139951018795072 139951019274304
remove_approx 139951014391872 139951014871104
remove_approx 32178336 32657568
add_approx 139951018795072 139951019274304
set_read_ber 0.000100
set_write_ber 0.001000
add_approx 139951014391872 139951014871104
set_read_ber 0.000100
set_write_ber 0.001000
add_approx 32178336 32657568
set_read_ber 0.000100
set_write_ber 0.001000
add_approx 28326784 28806016
set_read_ber 0.000100
set_write_ber 0.001000
remove_approx 139951018795072 139951019274304
remove_approx 139951014391872 139951014871104
remove_approx 32178336 32657568
remove_approx 28326784 28806016
add_approx 139951018795072 139951019274304
set_read_ber 0.000100
set_write_ber 0.001000
add_approx 139951014391872 139951014871104
set_read_ber 0.000100
set_write_ber 0.001000
add_approx 24475232 24954464
set_read_ber 0.000100
set_write_ber 0.001000
add_approx 28326784 28806016
set_read_ber 0.000100
set_write_ber 0.001000
remove_approx 139951018795072 139951019274304
remove_approx 139951014391872 139951014871104
remove_approx 24475232 24954464
remove_approx 28326784 28806016
add_approx 28326784 28806016
set_read_ber 0.000100
set_write_ber 0.001000
add_approx 24475232 24954464
set_read_ber 0.000100
set_write_ber 0.001000
add_approx 1