add_approx 139973595623488 139973605042240
set_read_ber 0.001000
set_write_ber 0.000001
add_approx 139973726605376 139973736024128
set_read_ber 0.001000
set_write_ber 0.000001
remove_approx 139973595623488 139973605042240
remove_approx 139973726605376 139973736024128
add_approx 139973522612288 139973532031040
set_read_ber 0.001000
set_write_ber 0.000001
add_approx 139973595623488 139973605042240
set_read_ber 0.001000
set_write_ber 0.000001
add_approx 139973726605376 139973736024128
set_read_ber 0.001000
set_write_ber 0.000001
remove_approx 139973522612288 139973532031040
remove_approx 139973595623488 139973605042240
remove_approx 139973726605376 139973736024128
add_approx 139973522612288 139973532031040
set_read_ber 0.001000
set_write_ber 0.000001
add_approx 139973595623488 139973605042240
set_read_ber 0.001000
set_write_ber 0.000001
add_approx 139973726605376 139973736024128
set_read_ber 0.001000
set_write_ber 0.000001
add_approx 237363808 246782560
set_read_ber 0.001000
set_write_ber 0.000001
remove_approx 139973522612288 139973532031040
remove_approx 139973595623488 139973605042240
remove_approx 139973726605376 139973736024128
remove_approx 237363808 246782560
add_approx 139973522612288 139973532031040
set_read_ber 0.001000
set_write_ber 0.000001
add_approx 139973595623488 139973605042240
set_read_ber 0.001000
set_write_ber 0.000001
add_approx 304293856 313712608
set_read_ber 0.001000
set_write_ber 0.000001
add_approx 237363808 246782560
set_read_ber 0.001000
set_write_ber 0.000001
remove_approx 139973522612288 139973532031040
remove_approx 139973595623488 139973605042240
remove_approx 304293856 313712608
remove_approx 237363808 246782560
add_approx 139973522612288 139973532031040
set_read_ber 0.001000
set_write_ber 0.000001
add_approx 139973595623488 139973605042240
set_read_ber 0.001000
set_write_ber 0.000001
add_approx 304293856 313712608
set_read_ber 0.001000
set_write_ber 0.000001
add_approx 237363808 246782560
set_read_ber 0.001000
set_write_ber 0.000001
remove_approx 139973522612288 139973532031040
remove_approx 139973595623488 139973605042240
remove_approx 304293856 313712608
remove_approx 237363808 246782560
add_approx 304293856 313712608
set_read_ber 0.001000
set_write_ber 0.000001
add_approx 139973522612288 139973532031040
set_read_ber 0.001000
set_write_ber 0.000001
add_approx 139973595623488 139973605042240
set_read_ber 0.001000
set_write_ber 0.000001
add_approx 237363808 246782560
set_read_ber 0.001000
set_write_ber 0.000001
remove_approx 304293856 313712608
remove_approx 139973522612288 139973532031040
remove_approx 139973595623488 139973605042240
remove_approx 237363808 246782560
add_approx 237363808 246782560
set_read_ber 0.001000
set_write_ber 0.000001
add_approx 304293856 313712608
set_read_ber 0.001000
set_write_ber 0.000001
add_approx 139973522612288 139973532031040
set_read_ber 0.001000
set_write_ber 0.000001
remove_approx 237363808 246782560
remove_approx 304293856 313712608
remove_approx 139973522612288 139973532031040
add_approx 237363808 246782560
set_read_ber 0.001000
set_write_ber 0.000001
add_approx 304293856 313712608
set_read_ber 0.001000
set_write_ber 0.000001
add_approx 139973522612288 139973532031040
set_read_ber 0.001000
set_write_ber 0.000001
add_approx 139973726605376 139973736024128
set_read_ber 0.001000
set_write_ber 0.000001
remove_approx 237363808 246782560
remove_approx 304293856 313712608
remove_approx 139973522612288 139973532031040
remove_approx 139973726605376 139973736024128
add_approx 237363808 246782560
set_read_ber 0.001000
set_write_ber 0.000001
add_approx 304293856 313712608
set_read_ber 0.001000
set_write_ber 0.000001
add_approx 371223904 380642656
set_read_ber 0.001000
set_write_ber 0.000001
add_approx 139973726605376 139973736024128
set_read_ber 0.001000
set_write_ber 0.000001
remove_approx 237363808 246782560
remove_approx 304293856 313712608
remove_approx 371223904 380642656
remove_approx 139973726605376 139973736024128
add_approx 139973726605376 139973736024128
set_read_ber 0.001000
set_write_ber 0.000001
add_approx 371223904 380642656
set_read_ber 0.001000
set_write_ber 0.000001
add_approx 237363808 246782560
set_read_ber 0.001000
set_write_ber 0.000001
remove_approx 139973726605376 139973736024128
remove_approx 371223904 380642656
remove_approx 237363808 246782560
add_approx 139973726605376 139973736024128
set_read_ber 0.001000
set_write_ber 0.000001
add_approx 371223904 380642656
set_read_ber 0.001000
set_write_ber 0.000001
add_approx 304293856 313712608
set_read_ber 0.001000
set_write_ber 0.000001
add_approx 139973522612288 139973532031040
set_read_ber 0.001000
set_write_ber 0.000001
remove_approx 139973726605376 139973736024128
remove_approx 371223904 380642656
remove_approx 304293856 313712608
remove_approx 139973522612288 139973532031040
add_approx 139973726605376 139973736024128
set_read_ber 0.001000
set_write_ber 0.000001
add_approx 371223904 380642656
set_read_ber 0.001000
set_write_ber 0.000001
add_approx 139973595623488 139973605042240
set_read_ber 0.001000
set_write_ber 0.000001
add_approx 139973522612288 139973532031040
set_read_ber 0.001000
set_write_ber 0.000001
remove_approx 139973726605376 139973736024128
remove_approx 371223904 380642656
remove_approx 139973595623488 139973605042240
remove_approx 139973522612288 139973532031040
add_approx 139973726605376 139973736024128
set_read_ber 0.001000
set_write_ber 0.000001
add_approx 371223904 380642656
set_read_ber 0.001000
set_write_ber 0.000001
add_approx 139973595623488 139973605042240
set_read_ber 0.001000
set_write_ber 0.000001
add_approx 139973522612288 139973532031040
set_read_ber 0.001000
set_write_ber 0.000001
remove_approx 139973726605376 139973736024128
remove_approx 371223904 380642656
remove_approx 139973595623488 139973605042240
remove_approx 139973522612288 139973532031040
add_approx 139973595623488 139973605042240
set_read_ber 0.001000
set_write_ber 0.000001
add_approx 139973726605376 139973736024128
set_read_ber 0.001000
set_write_ber 0.000001
add_approx 371223904 380642656
set_read_ber 0.001000
set_write_ber 0.000001
add_approx 139973522612288 139973532031040
set_read_ber 0.001000
set_write_ber 0.000001
remove_approx 139973595623488 139973605042240
remove_approx 139973726605376 139973736024128
remove_approx 371223904 380642656
remove_approx 139973522612288 139973532031040
add_approx 139973522612288 139973532031040
set_read_ber 0.001000
set_write_ber 0.000001
add_approx 139973595623488 139973605042240
set_read_ber 0.001000
set_write_ber 0.000001
add_approx 139973726605376 139973736024128
set_read_ber 0.001000
set_write_ber 0.000001
remove_approx 139973522612288 139973532031040
remove_approx 139973595623488 139973605042240
remove_approx 139973726605376 139973736024128
add_approx 139973522612288 139973532031040
set_read_ber 0.001000
set_write_ber 0.000001
add_approx 139973595623488 139973605042240
set_read_ber 0.001000
set_write_ber 0.000001
add_approx 371223904 380642656
set_read_ber 0.001000
set_write_ber 0.000001
add_approx 304293856 313712608
set_read_ber 0.001000
set_write_ber 0.000001
remove_approx 139973522612288 139973532031040
remove_approx 139973595623488 139973605042240
remove_approx 371223904 380642656
remove_approx 304293856 313712608
add_approx 139973522612288 139973532031040
set_read_ber 0.001000
set_write_ber 0.000001
add_approx 139973595623488 139973605042240
set_read_ber 0.001000
set_write_ber 0.000001
add_approx 237363808 246782560
set_read_ber 0.001000
set_write_ber 0.000001
add_approx 304293856 313712608
set_read_ber 0.001000
set_write_ber 0.000001
remove_approx 139973522612288 139973532031040
remove_approx 139973595623488 139973605042240
remove_approx 237363808 246782560
remove_approx 304293856 313712608
add_approx 139973522612288 139973532031040
set_read_ber 0.001000
set_write_ber 0.000001
add_approx 139973595623488 139973605042240
set_read_ber 0.001000
set_write_ber 0.000001
add_approx 237363808 246782560
set_read_ber 0.001000
set_write_ber 0.000001
add_approx 304293856 313712608
set_read_ber 0.001000
set_write_ber 0.000001
remove_approx 139973522612288 139973532031040
remove_approx 139973595623488 139973605042240
remove_approx 237363808 246782560
remove_approx 304293856 313712608
add_approx 237363808 246782560
set_read_ber 0.001000
set_write_ber 0.000001
add_approx 139973522612288 139973532031040
set_read_ber 0.001000
set_write_ber 0.000001
add_approx 139973595623488 139973605042240
set_read_ber 0.001000
set_write_ber 0.000001
add_approx 304293856 313712608
set_read_ber 0.001000
set_write_ber 0.000001
remove_approx 237363808 246782560
remove_approx 139973522612288 139973532031040
remove_approx 139973595623488 139973605042240
remove_approx 304293856 313712608
add_approx 304293856 313712608
set_read_ber 0.001000
set_write_ber 0.000001
add_approx 237363808 246782560
set_read_ber 0.001000
set_write_ber 0.000001
add_approx 139973522612288 139973532031040
set_read_ber 0.001000
set_write_ber 0.000001
remove_approx 304293856 313712608
remove_approx 237363808 246782560
remove_approx 139973522612288 139973532031040
add_approx 304293856 313712608
set_read_ber 0.001000
set_write_ber 0.000001
add_approx 237363808 246782560
set_read_ber 0.001000
set_write_ber 0.000001
add_approx 139973595623488 139973605042240
set_read_ber 0.001000
set_write_ber 0.000001
add_approx 371223904 380642656
set_read_ber 0.001000
set_write_ber 0.000001
remove_approx 304293856 313712608
remove_approx 237363808 246782560
remove_approx 139973595623488 139973605042240
remove_approx 371223904 380642656
add_approx 304293856 313712608
set_read_ber 0.001000
set_write_ber 0.000001
add_approx 237363808 246782560
set_read_ber 0.001000
set_write_ber 0.000001
add_approx 139973726605376 139973736024128
set_read_ber 0.001000
set_write_ber 0.000001
add_approx 371223904 380642656
set_read_ber 0.001000
set_write_ber 0.000001
remove_approx 304293856 313712608
remove_approx 237363808 246782560
remove_approx 139973726605376 139973736024128
remove_approx 371223904 380642656
add_approx 304293856 313712608
set_read_ber 0.001000
set_write_ber 0.000001
add_approx 237363808 246782560
set_read_ber 0.001000
set_write_ber 0.000001
add_approx 139973726605376 139973736024128
set_read_ber 0.001000
set_write_ber 0.000001
add_approx 371223904 380642656
set_read_ber 0.001000
set_write_ber 0.000001
remove_approx 304293856 313712608
remove_approx 237363808 246782560
remove_approx 139973726605376 139973736024128
remove_approx 371223904 380642656
add_approx 139973726605376 139973736024128
set_read_ber 0.001000
set_write_ber 0.000001
add_approx 304293856 313712608
set_read_ber 0.001000
set_write_ber 0.000001
add_approx 237363808 246782560
set_read_ber 0.001000
set_write_ber 0.000001
add_approx 371223904 380642656
set_read_ber 0.001000
set_write_ber 0.000001
remove_approx 139973726605376 139973736024128
remove_approx 304293856 313712608
remove_approx 237363808 246782560
remove_approx 371223904 380642656
add_approx 371223904 380642656
set_read_ber 0.001000
set_write_ber 0.000001
add_approx 139973726605376 139973736024128
set_read_ber 0.001000
set_write_ber 0.000001
add_approx 304293856 313712608
set_read_ber 0.001000
set_write_ber 0.000001
remove_approx 371223904 380642656
remove_approx 139973726605376 139973736024128
remove_approx 304293856 313712608
add_approx 371223904 380642656
set_read_ber 0.001000
set_write_ber 0.000001
add_approx 139973726605376 139973736024128
set_read_ber 0.001000
set_write_ber 0.000001
add_approx 237363808 246782560
set_read_ber 0.001000
set_write_ber 0.000001
add_approx 139973595623488 139973605042240
set_read_ber 0.001000
set_write_ber 0.000001
remove_approx 371223904 380642656
remove_approx 139973726605376 139973736024128
remove_approx 237363808 246782560
remove_approx 139973595623488 139973605042240
add_approx 371223904 380642656
set_read_ber 0.001000
set_write_ber 0.000001
add_approx 139973726605376 139973736024128
set_read_ber 0.001000
set_write_ber 0.000001
add_approx 139973522612288 139973532031040
set_read_ber 0.001000
set_write_ber 0.000001
add_approx 139973595623488 139973605042240
set_read_ber 0.001000
set_write_ber 0.000001
remove_approx 371223904 380642656
remove_approx 139973726605376 139973736024128
remove_approx 139973522612288 139973532031040
remove_approx 139973595623488 139973605042240
add_approx 139973595623488 139973605042240
set_read_ber 0.001000
set_write_ber 0.000001
add_approx 139973522612288 139973532031040
set_read_ber 0.001000
set_write_ber 0.000001
add_approx 371223904 380642656
set_read_ber 0.001000
set_write_ber 0.000001
remove_approx 139973595623488 139973605042240
remove_approx 139973522612288 139973532031040
remove_approx 371223904 380642656
add_approx 139973595623488 139973605042240
set_read_ber 0.001000
set_write_ber 0.000001
add_approx 139973522612288 139973532031040
set_read_ber 0.001000
set_write_ber 0.000001
add_approx 139973726605376 139973736024128
set_read_ber 0.001000
set_write_ber 0.000001
add_approx 237363808 246782560
set_read_ber 0.001000
set_write_ber 0.000001
remove_approx 139973595623488 139973605042240
remove_approx 139973522612288 139973532031040
remove_approx 139973726605376 139973736024128
remove_approx 237363808 246782560
add_approx 139973595623488 139973605042240
set_read_ber 0.001000
set_write_ber 0.000001
add_approx 139973522612288 139973532031040
set_read_ber 0.001000
set_write_ber 0.000001
add_approx 304293856 313712608
set_read_ber 0.001000
set_write_ber 0.000001
add_approx 237363808 246782560
set_read_ber 0.001000
set_write_ber 0.000001
remove_approx 139973595623488 139973605042240
remove_approx 139973522612288 139973532031040
remove_approx 304293856 313712608
remove_approx 237363808 246782560
add_approx 139973595623488 139973605042240
set_read_ber 0.001000
set_write_ber 0.000001
add_approx 139973522612288 139973532031040
set_read_ber 0.001000
set_write_ber 0.000001
add_approx 304293856 313712608
set_read_ber 0.001000
set_write_ber 0.000001
add_approx 237363808 246782560
set_read_ber 0.001000
set_write_ber 0.000001
remove_approx 139973595623488 139973605042240
remove_approx 139973522612288 139973532031040
remove_approx 304293856 313712608
remove_approx 237363808 246782560
add_approx 304293856 313712608
set_read_ber 0.001000
set_write_ber 0.000001
add_approx 139973595623488 139973605042240
set_read_ber 0.001000
set_write_ber 0.000001
add_approx 139973522612288 139973532031040
set_read_ber 0.001000
set_write_ber 0.000001
add_approx 237363808 246782560
set_read_ber 0.001000
set_write_ber 0.000001
remove_approx 304293856 313712608
remove_approx 139973595623488 139973605042240
remove_approx 139973522612288 139973532031040
remove_approx 237363808 246782560
add_approx 237363808 246782560
set_read_ber 0.001000
set_write_ber 0.000001
add_approx 304293856 313712608
set_read_ber 0.001000
set_write_ber 0.000001
add_approx 139973595623488 139973605042240
set_read_ber 0.001000
set_write_ber 0.000001
remove_approx 237363808 246782560
remove_approx 304293856 313712608
remove_approx 139973595623488 139973605042240
add_approx 237363808 246782560
set_read_ber 0.001000
set_write_ber 0.000001
add_approx 304293856 313712608
set_read_ber 0.001000
set_write_ber 0.000001
add_approx 139973522612288 139973532031040
set_read_ber 0.001000
set_write_ber 0.000001
add_approx 139973726605376 139973736024128
set_read_ber 0.001000
set_write_ber 0.000001
remove_approx 237363808 246782560
remove_approx 304293856 313712608
remove_approx 139973522612288 139973532031040
remove_approx 139973726605376 139973736024128
add_approx 237363808 246782560
set_read_ber 0.001000
set_write_ber 0.000001
add_approx 304293856 313712608
set_read_ber 0.001000
set_write_ber 0.000001
add_approx 371223904 380642656
set_read_ber 0.001000
set_write_ber 0.000001
add_approx 139973726605376 139973736024128
set_read_ber 0.001000
set_write_ber 0.000001
remove_approx 237363808 246782560
remove_approx 304293856 313712608
remove_approx 371223904 380642656
remove_approx 139973726605376 139973736024128
add_approx 237363808 246782560
set_read_ber 0.001000
set_write_ber 0.000001
add_approx 304293856 313712608
set_read_ber 0.001000
set_write_ber 0.000001
add_approx 371223904 380642656
set_read_ber 0.001000
set_write_ber 0.000001
add_approx 139973726605376 139973736024128
set_read_ber 0.001000
set_write_ber 0.000001
remove_approx 237363808 246782560
remove_approx 304293856 313712608
remove_approx 371223904 380642656
remove_approx 139973726605376 139973736024128
add_approx 371223904 380642656
set_read_ber 0.001000
set_write_ber 0.000001
add_approx 237363808 246782560
set_read_ber 0.001000
set_write_ber 0.000001
add_approx 304293856 313712608
set_read_ber 0.001000
set_write_ber 0.000001
add_approx 139973726605376 139973736024128
set_read_ber 0.001000
set_write_ber 0.000001
remove_approx 371223904 380642656
remove_approx 237363808 246782560
remove_approx 304293856 313712608
remove_approx 139973726605376 139973736024128
add_approx 139973726605376 139973736024128
set_read_ber 0.001000
set_write_ber 0.000001
add_approx 371223904 380642656
set_read_ber 0.001000
set_write_ber 0.000001
add_approx 237363808 246782560
set_read_ber 0.001000
set_write_ber 0.000001
remove_approx 139973726605376 139973736024128
remove_approx 371223904 380642656
remove_approx 237363808 246782560
add_approx 139973726605376 139973736024128
set_read_ber 0.001000
set_write_ber 0.000001
add_approx 371223904 380642656
set_read_ber 0.001000
set_write_ber 0.000001
add_approx 304293856 313712608
set_read_ber 0.001000
set_write_ber 0.000001
add_approx 139973522612288 139973532031040
set_read_ber 0.001000
set_write_ber 0.000001
remove_approx 139973726605376 139973736024128
remove_approx 371223904 380642656
remove_approx 304293856 313712608
remove_approx 139973522612288 139973532031040
add_approx 139973522612288 139973532031040
set_read_ber 0.001000
set_write_ber 0.000001
add_approx 139973726605376 139973736024128
set_read_ber 0.001000
set_write_ber 0.000001
add_approx 371223904 380642656
set_read_ber 0.001000
set_write_ber 0.000001
remove_approx 139973522612288 139973532031040
remove_approx 139973726605376 139973736024128
remove_approx 371223904 380642656
add_approx 139973522612288 139973532031040
set_read_ber 0.001000
set_write_ber 0.000001
add_approx 139973726605376 139973736024128
set_read_ber 0.001000
set_write_ber 0.000001
add_approx 371223904 380642656
set_read_ber 0.001000
set_write_ber 0.000001
add_approx 237363808 246782560
set_read_ber 0.001000
set_write_ber 0.000001
remove_approx 139973522612288 139973532031040
remove_approx 139973726605376 139973736024128
remove_approx 371223904 380642656
remove_approx 237363808 246782560
add_approx 139973522612288 139973532031040
set_read_ber 0.001000
set_write_ber 0.000001
add_approx 371223904 380642656
set_read_ber 0.001000
set_write_ber 0.000001
add_approx 139973595623488 139973605042240
set_read_ber 0.001000
set_write_ber 0.000001
add_approx 237363808 246782560
set_read_ber 0.001000
set_write_ber 0.000001
remove_approx 139973522612288 139973532031040
remove_approx 371223904 380642656
remove_approx 139973595623488 139973605042240
remove_approx 237363808 246782560
add_approx 139973522612288 139973532031040
set_read_ber 0.001000
set_write_ber 0.000001
add_approx 371223904 380642656
set_read_ber 0.001000
set_write_ber 0.000001
add_approx 139973595623488 139973605042240
set_read_ber 0.001000
set_write_ber 0.000001
add_approx 237363808 246782560
set_read_ber 0.001000
set_write_ber 0.000001
remove_approx 139973522612288 139973532031040
remove_approx 371223904 380642656
remove_approx 139973595623488 139973605042240
remove_approx 237363808 246782560
add_approx 139973595623488 139973605042240
set_read_ber 0.001000
set_write_ber 0.000001
add_approx 139973522612288 139973532031040
set_read_ber 0.001000
set_write_ber 0.000001
add_approx 371223904 380642656
set_read_ber 0.001000
set_write_ber 0.000001
add_approx 237363808 246782560
set_read_ber 0.001000
set_write_ber 0.000001
remove_approx 139973595623488 139973605042240
remove_approx 139973522612288 139973532031040
remove_approx 371223904 380642656
remove_approx 237363808 246782560
add_approx 237363808 246782560
set_read_ber 0.001000
set_write_ber 0.000001
add_approx 139973595623488 139973605042240
set_read_ber 0.001000
set_write_ber 0.000001
add_approx 139973522612288 139973532031040
set_read_ber 0.001000
set_write_ber 0.000001
remove_approx 237363808 246782560
remove_approx 139973595623488 139973605042240
remove_approx 139973522612288 139973532031040
add_approx 237363808 246782560
set_read_ber 0.001000
set_write_ber 0.000001
add_approx 139973595623488 139973605042240
set_read_ber 0.001000
set_write_ber 0.000001
add_approx 139973522612288 139973532031040
set_read_ber 0.001000
set_write_ber 0.000001
add_approx 139973726605376 139973736024128
set_read_ber 0.001000
set_write_ber 0.000001
remove_approx 237363808 246782560
remove_approx 139973595623488 139973605042240
remove_approx 139973522612288 139973532031040
remove_approx 139973726605376 139973736024128
add_approx 237363808 246782560
set_read_ber 0.001000
set_write_ber 0.000001
add_approx 139973595623488 139973605042240
set_read_ber 0.001000
set_write_ber 0.000001
add_approx 304293856 313712608
set_read_ber 0.001000
set_write_ber 0.000001
add_approx 139973726605376 139973736024128
set_read_ber 0.001000
set_write_ber 0.000001
#eof
