add_approx 140591951728704 140591961147456
set_read_ber 0.000100
set_write_ber 0.000000
add_approx 140592091930688 140592101349440
set_read_ber 0.000100
set_write_ber 0.000000
remove_approx 140591951728704 140591961147456
remove_approx 140592091930688 140592101349440
add_approx 203998848 213417600
set_read_ber 0.000100
set_write_ber 0.000000
add_approx 140591951728704 140591961147456
set_read_ber 0.000100
set_write_ber 0.000000
add_approx 140592091930688 140592101349440
set_read_ber 0.000100
set_write_ber 0.000000
remove_approx 203998848 213417600
remove_approx 140591951728704 140591961147456
remove_approx 140592091930688 140592101349440
add_approx 203998848 213417600
set_read_ber 0.000100
set_write_ber 0.000000
add_approx 140591951728704 140591961147456
set_read_ber 0.000100
set_write_ber 0.000000
add_approx 140592091930688 140592101349440
set_read_ber 0.000100
set_write_ber 0.000000
add_approx 278832096 288250848
set_read_ber 0.000100
set_write_ber 0.000000
remove_approx 203998848 213417600
remove_approx 140591951728704 140591961147456
remove_approx 140592091930688 140592101349440
remove_approx 278832096 288250848
add_approx 203998848 213417600
set_read_ber 0.000100
set_write_ber 0.000000
add_approx 140591951728704 140591961147456
set_read_ber 0.000100
set_write_ber 0.000000
add_approx 345762144 355180896
set_read_ber 0.000100
set_write_ber 0.000000
add_approx 278832096 288250848
set_read_ber 0.000100
set_write_ber 0.000000
remove_approx 203998848 213417600
remove_approx 140591951728704 140591961147456
remove_approx 345762144 355180896
remove_approx 278832096 288250848
add_approx 203998848 213417600
set_read_ber 0.000100
set_write_ber 0.000000
add_approx 140591951728704 140591961147456
set_read_ber 0.000100
set_write_ber 0.000000
add_approx 345762144 355180896
set_read_ber 0.000100
set_write_ber 0.000000
add_approx 278832096 288250848
set_read_ber 0.000100
set_write_ber 0.000000
remove_approx 203998848 213417600
remove_approx 140591951728704 140591961147456
remove_approx 345762144 355180896
remove_approx 278832096 288250848
add_approx 345762144 355180896
set_read_ber 0.000100
set_write_ber 0.000000
add_approx 203998848 213417600
set_read_ber 0.000100
set_write_ber 0.000000
add_approx 140591951728704 140591961147456
set_read_ber 0.000100
set_write_ber 0.000000
add_approx 278832096 288250848
set_read_ber 0.000100
set_write_ber 0.000000
remove_approx 345762144 355180896
remove_approx 203998848 213417600
remove_approx 140591951728704 140591961147456
remove_approx 278832096 288250848
add_approx 278832096 288250848
set_read_ber 0.000100
set_write_ber 0.000000
add_approx 345762144 355180896
set_read_ber 0.000100
set_write_ber 0.000000
add_approx 203998848 213417600
set_read_ber 0.000100
set_write_ber 0.000000
remove_approx 278832096 288250848
remove_approx 345762144 355180896
remove_approx 203998848 213417600
add_approx 278832096 288250848
set_read_ber 0.000100
set_write_ber 0.000000
add_approx 345762144 355180896
set_read_ber 0.000100
set_write_ber 0.000000
add_approx 203998848 213417600
set_read_ber 0.000100
set_write_ber 0.000000
add_approx 140592091930688 140592101349440
set_read_ber 0.000100
set_write_ber 0.000000
remove_approx 278832096 288250848
remove_approx 345762144 355180896
remove_approx 203998848 213417600
remove_approx 140592091930688 140592101349440
add_approx 278832096 288250848
set_read_ber 0.000100
set_write_ber 0.000000
add_approx 345762144 355180896
set_read_ber 0.000100
set_write_ber 0.000000
add_approx 412692192 422110944
set_read_ber 0.000100
set_write_ber 0.000000
add_approx 140592091930688 140592101349440
set_read_ber 0.000100
set_write_ber 0.000000
remove_approx 278832096 288250848
remove_approx 345762144 355180896
remove_approx 412692192 422110944
remove_approx 140592091930688 140592101349440
add_approx 140592091930688 140592101349440
set_read_ber 0.000100
set_write_ber 0.000000
add_approx 412692192 422110944
set_read_ber 0.000100
set_write_ber 0.000000
add_approx 278832096 288250848
set_read_ber 0.000100
set_write_ber 0.000000
remove_approx 140592091930688 140592101349440
remove_approx 412692192 422110944
remove_approx 278832096 288250848
add_approx 140592091930688 140592101349440
set_read_ber 0.000100
set_write_ber 0.000000
add_approx 412692192 422110944
set_read_ber 0.000100
set_write_ber 0.000000
add_approx 345762144 355180896
set_read_ber 0.000100
set_write_ber 0.000000
add_approx 203998848 213417600
set_read_ber 0.000100
set_write_ber 0.000000
remove_approx 140592091930688 140592101349440
remove_approx 412692192 422110944
remove_approx 345762144 355180896
remove_approx 203998848 213417600
add_approx 140592091930688 140592101349440
set_read_ber 0.000100
set_write_ber 0.000000
add_approx 412692192 422110944
set_read_ber 0.000100
set_write_ber 0.000000
add_approx 140591951728704 140591961147456
set_read_ber 0.000100
set_write_ber 0.000000
add_approx 203998848 213417600
set_read_ber 0.000100
set_write_ber 0.000000
#eof
