add_approx 139762644746304 139762647382080
set_read_ber 0.000000
set_write_ber 0.000100
remove_approx 139762644746304 139762647382080
add_approx 139762644746304 139762647382080
set_read_ber 0.000000
set_write_ber 0.000100
add_approx 139762603548736 139762606184512
set_read_ber 0.000000
set_write_ber 0.000100
remove_approx 139762644746304 139762647382080
remove_approx 139762603548736 139762606184512
add_approx 139762644746304 139762647382080
set_read_ber 0.000000
set_write_ber 0.000100
add_approx 65154016 67789792
set_read_ber 0.000000
set_write_ber 0.000100
add_approx 139762603548736 139762606184512
set_read_ber 0.000000
set_write_ber 0.000100
remove_approx 139762644746304 139762647382080
remove_approx 65154016 67789792
remove_approx 139762603548736 139762606184512
add_approx 65154016 67789792
set_read_ber 0.000000
set_write_ber 0.000100
add_approx 139762644746304 139762647382080
set_read_ber 0.000000
set_write_ber 0.000100
add_approx 139762603548736 139762606184512
set_read_ber 0.000000
set_write_ber 0.00010