add_approx 140341820526656 140341829945408
set_read_ber 0.000001
set_write_ber 0.001000
add_approx 140341956862016 140341966280768
set_read_ber 0.000001
set_write_ber 0.001000
remove_approx 140341820526656 140341829945408
remove_approx 140341956862016 140341966280768
add_approx 140341756489792 140341765908544
set_read_ber 0.000001
set_write_ber 0.001000
add_approx 140341820526656 140341829945408
set_read_ber 0.000001
set_write_ber 0.001000
add_approx 140341956862016 140341966280768
set_read_ber 0.000001
set_write_ber 0.001000
remove_approx 140341756489792 140341765908544
remove_approx 140341820526656 140341829945408
remove_approx 140341956862016 140341966280768
add_approx 140341756489792 140341765908544
set_read_ber 0.000001
set_write_ber 0.001000
add_approx 140341820526656 140341829945408
set_read_ber 0.000001
set_write_ber 0.001000
add_approx 140341956862016 140341966280768
set_read_ber 0.000001
set_write_ber 0.001000
add_approx 266042944 275461696
set_read_ber 0.000001
set_write_ber 0.001000
remove_approx 140341756489792 140341765908544
remove_approx 140341820526656 140341829945408
remove_approx 140341956862016 140341966280768
remove_approx 266042944 275461696
add_approx 140341756489792 140341765908544
set_read_ber 0.000001
set_write_ber 0.001000
add_approx 140341820526656 140341829945408
set_read_ber 0.000001
set_write_ber 0.001000
add_approx 332972992 342391744
#eof
