add_approx 139799100604480 139799101083712
set_read_ber 0.001000
set_write_ber 0.001000
add_approx 139799185260608 139799185739840
set_read_ber 0.001000
set_write_ber 0.001000
remove_approx 139799100604480 139799101083712
remove_approx 139799185260608 139799185739840
add_approx 139799096324160 139799096803392
set_read_ber 0.001000
set_write_ber 0.001000
add_approx 139799100604480 139799101083712
set_read_ber 0.001000
set_write_ber 0.001000
add_approx 139799185260608 139799185739840
set_read_ber 0.001000
set_write_ber 0.001000
remove_approx 139799096324160 139799096803392
remove_approx 139799100604480 139799101083712
remove_approx 139799185260608 139799185739840
add_approx 39392864 39872096
set_read_ber 0.001000
set_write_ber 0.001000
add_approx 139799096324160 139799096803392
set_read_ber 0.001000
set_write_ber 0.001000
add_approx 139799100604480 139799101083712
set_read_ber 0.001000
set_write_ber 0.001000
remove_approx 39392864 39872096
remove_approx 139799096324160 139799096803392
remove_approx 139799100604480 139799101083712
add_approx 39392864 39872096
set_read_ber 0.001000
set_write_ber 0.001000
add_approx 139799096324160 139799096803392
set_read_ber 0.001000
set_write_ber 0.001000
add_approx 139799100604480 139799101083712
set_read_ber 0.001000
set_write_ber 0.001000
add_approx 43244416 43723648
set_read_ber 0.001000
set_write_ber 0.001000
remove_approx 39392864 39872096
remove_approx 139799096324160 139799096803392
remove_approx 139799100604480 139799101083712
remove_approx 43244416 43723648
add_approx 39392864 39872096
set_read_ber 0.001000
set_write_ber 0.001000
add_approx 139799096324160 139799096803392
set_read_ber 0.001000
set_write_ber 0.001000
add_approx 47095968 47575200
set_read_ber 0.001000
set_write_ber 0.001000
add_approx 43244416 43723648
set_read_ber 0.001000
set_write_ber 0.001000
remove_approx 39392864 39872096
remove_approx 139799096324160 139799096803392
remove_approx 47095968 47575200
remove_approx 43244416 43723648
add_approx 43244416 43723648
set_read_ber 0.001000
set_write_ber 0.001000
add_approx 47095968 47575200
set_read_ber 0.001000
set_write_ber 0.001000
add_approx 39392864 39872096
set_read_ber 0.001000
set_write_ber 0.001000
remove_approx 43244416 43723648
remove_approx 47095968 47575200
remove_approx 39392864 39872096
add_approx 139799100604480 139799101083712
set_read_ber 0.001000
set_write_ber 0.001000
add_approx 43244416 43723648
set_read_ber 0.001000
set_write_ber 0.001000
add_approx 47095968 47575200
set_read_ber 0.001000
set_write_ber 0.001000
remove_approx 139799100604480 139799101083712
remove_approx 43244416 43723648
remove_approx 47095968 47575200
add_approx 139799100604480 139799101083712
set_read_ber 0.001000
set_write_ber 0.001000
add_approx 43244416 43723648
set_read_ber 0.001000
set_write_ber 0.001000
add_approx 47095968 47575200
set_read_ber 0.001000
set_write_ber 0.001000
add_approx 139799185260608 139799185739840
set_read_ber 0.001000
set_write_ber 0.001000
remove_approx 139799100604480 139799101083712
remove_approx 43244416 43723648
remove_approx 47095968 47575200
remove_approx 139799185260608 139799185739840
add_approx 139799185260608 139799185739840
set_read_ber 0.001000
set_write_ber 0.001000
add_approx 139799100604480 139799101083712
set_read_ber 0.001000
set_write_ber 0.001000
add_approx 43244416 43723648
set_read_ber 0.001000
set_write_ber 0.001000
remove_approx 139799185260608 139799185739840
remove_approx 139799100604480 139799101083712
remove_approx 43244416 43723648
add_approx 39392864 39872096
set_read_ber 0.001000
set_write_ber 0.001000
add_approx 139799185260608 139799185739840
set_read_ber 0.001000
set_write_ber 0.001000
add_approx 139799100604480 139799101083712
set_read_ber 0.001000
set_write_ber 0.001000
remove_approx 39392864 39872096
remove_approx 139799185260608 139799185739840
remove_approx 139799100604480 139799101083712
add_approx 39392864 39872096
set_read_ber 0.001000
set_write_ber 0.001000
add_approx 139799185260608 139799185739840
set_read_ber 0.001000
set_write_ber 0.001000
add_approx 139799100604480 139799101083712
set_read_ber 0.001000
set_write_ber 0.001000
add_approx 139799096324160 139799096803392
set_read_ber 0.001000
set_write_ber 0.001000
remove_approx 39392864 39872096
remove_approx 139799185260608 139799185739840
remove_approx 139799100604480 139799101083712
remove_approx 139799096324160 139799096803392
add_approx 139799096324160 139799096803392
set_read_ber 0.001000
set_write_ber 0.001000
add_approx 39392864 39872096
set_read_ber 0.001000
set_write_ber 0.001000
add_approx 139799185260608 139799185739840
set_read_ber 0.001000
set_write_ber 0.001000
remove_approx 139799096324160 139799096803392
remove_approx 39392864 39872096
remove_approx 139799185260608 139799185739840
add_approx 47095968 47575200
set_read_ber 0.001000
set_write_ber 0.001000
add_approx 139799096324160 139799096803392
set_read_ber 0.001000
set_write_ber 0.001000
add_approx 39392864 39872096
set_read_ber 0.001000
set_write_ber 0.001000
remove_approx 47095968 47575200
remove_approx 139799096324160 139799096803392
remove_approx 39392864 39872096
add_approx 47095968 47575200
set_read_ber 0.001000
set_write_ber 0.001000
add_approx 139799096324160 139799096803392
set_read_ber 0.001000
set_write_ber 0.001000
add_approx 39392864 39872096
set_read_ber 0.001000
set_write_ber 0.001000
add_approx 43244416 43723648
set_read_ber 0.001000
set_write_ber 0.001000
remove_approx 47095968 47575200
remove_approx 139799096324160 139799096803392
remove_approx 39392864 39872096
remove_approx 43244416 43723648
add_approx 47095968 47575200
set_read_ber 0.001000
set_write_ber 0.001000
add_approx 139799096324160 139799096803392
set_read_ber 0.001000
set_write_ber 0.001000
add_approx 139799100604480 139799101083712
set_read_ber 0.001000
set_write_ber 0.001000
add_approx 43244416 43723648
set_read_ber 0.001000
set_write_ber 0.001000
remove_approx 47095968 47575200
remove_approx 139799096324160 139799096803392
remove_approx 139799100604480 139799101083712
remove_approx 43244416 43723648
add_approx 43244416 43723648
set_read_ber 0.001000
set_write_ber 0.001000
add_approx 139799100604480 139799101083712
set_read_ber 0.001000
set_write_ber 0.001000
add_approx 47095968 47575200
set_read_ber 0.001000
set_write_ber 0.001000
remove_approx 43244416 43723648
remove_approx 139799100604480 139799101083712
remove_approx 47095968 47575200
add_approx 39392864 39872096
set_read_ber 0.001000
set_write_ber 0.001000
add_approx 43244416 43723648
set_read_ber 0.001000
set_write_ber 0.001000
add_approx 139799100604480 139799101083712
set_read_ber 0.001000
set_write_ber 0.001000
remove_approx 39392864 39872096
remove_approx 43244416 43723648
remove_approx 139799100604480 139799101083712
add_approx 39392864 39872096
set_read_ber 0.001000
set_write_ber 0.001000
add_approx 43244416 43723648
set_read_ber 0.001000
set_write_ber 0.001000
add_approx 139799100604480 139799101083712
set_read_ber 0.001000
set_write_ber 0.001000
add_approx 139799185260608 139799185739840
set_read_ber 0.001000
set_write_ber 0.001000
remove_approx 39392864 39872096
remove_approx 43244416 43723648
remove_approx 139799100604480 139799101083712
remove_approx 139799185260608 139799185739840
add_approx 139799185260608 139799185739840
set_read_ber 0.001000
set_write_ber 0.001000
add_approx 39392864 39872096
set_read_ber 0.001000
set_write_ber 0.001000
add_approx 43244416 43723648
set_read_ber 0.001000
set_write_ber 0.001000
remove_approx 139799185260608 139799185739840
remove_approx 39392864 39872096
remove_approx 43244416 43723648
add_approx 47095968 47575200
set_read_ber 0.001000
set_write_ber 0.001000
add_approx 139799185260608 139799185739840
set_read_ber 0.001000
set_write_ber 0.001000
add_approx 39392864 39872096
set_read_ber 0.001000
set_write_ber 0.001000
remove_approx 47095968 47575200
remove_approx 139799185260608 139799185739840
remove_approx 39392864 39872096
add_approx 47095968 47575200
set_read_ber 0.001000
set_write_ber 0.001000
add_approx 139799185260608 139799185739840
set_read_ber 0.001000
set_write_ber 0.001000
add_approx 39392864 39872096
set_read_ber 0.001000
set_write_ber 0.001000
add_approx 139799096324160 139799096803392
set_read_ber 0.001000
set_write_ber 0.001000
remove_approx 47095968 47575200
remove_approx 139799185260608 139799185739840
remove_approx 39392864 39872096
remove_approx 139799096324160 139799096803392
add_approx 139799096324160 139799096803392
set_read_ber 0.001000
set_write_ber 0.001000
add_approx 47095968 47575200
set_read_ber 0.001000
set_write_ber 0.001000
add_approx 139799185260608 139799185739840
set_read_ber 0.001000
set_write_ber 0.001000
remove_approx 139799096324160 139799096803392
remove_approx 47095968 47575200
remove_approx 139799185260608 139799185739840
add_approx 139799100604480 139799101083712
set_read_ber 0.001000
set_write_ber 0.001000
add_approx 139799096324160 139799096803392
set_read_ber 0.001000
set_write_ber 0.001000
add_approx 47095968 47575200
set_read_ber 0.001000
set_write_ber 0.001000
remove_approx 139799100604480 139799101083712
remove_approx 139799096324160 139799096803392
remove_approx 47095968 47575200
add_approx 139799100604480 139799101083712
set_read_ber 0.001000
set_write_ber 0.001000
add_approx 139799096324160 139799096803392
set_read_ber 0.001000
set_write_ber 0.001000
add_approx 47095968 47575200
set_read_ber 0.001000
set_write_ber 0.001000
add_approx 43244416 43723648
set_read_ber 0.001000
set_write_ber 0.001000
remove_approx 139799100604480 139799101083712
remove_approx 139799096324160 139799096803392
remove_approx 47095968 47575200
remove_approx 43244416 43723648
add_approx 139799100604480 139799101083712
set_read_ber 0.001000
set_write_ber 0.001000
add_approx 139799096324160 139799096803392
set_read_ber 0.001000
set_write_ber 0.001000
add_approx 39392864 39872096
set_read_ber 0.001000
set_write_ber 0.001000
add_approx 43244416 43723648
set_read_ber 0.001000
set_write_ber 0.001000
remove_approx 139799100604480 139799101083712
remove_approx 139799096324160 139799096803392
remove_approx 39392864 39872096
remove_approx 43244416 43723648
add_approx 43244416 43723648
set_read_ber 0.001000
set_write_ber 0.001000
add_approx 39392864 39872096
set_read_ber 0.001000
set_write_ber 0.001000
add_approx 139799100604480 139799101083712
set_read_ber 0.001000
set_write_ber 0.001000
remove_approx 43244416 43723648
remove_approx 39392864 39872096
remove_approx 139799100604480 139799101083712
add_approx 47095968 47575200
set_read_ber 0.001000
set_write_ber 0.001000
add_approx 43244416 43723648
set_read_ber 0.001000
set_write_ber 0.001000
add_approx 39392864 39872096
set_read_ber 0.001000
set_write_ber 0.001000
remove_approx 47095968 47575200
remove_approx 43244416 43723648
remove_approx 39392864 39872096
add_approx 47095968 47575200
set_read_ber 0.001000
set_write_ber 0.001000
add_approx 43244416 43723648
set_read_ber 0.001000
set_write_ber 0.001000
add_approx 39392864 39872096
set_read_ber 0.001000
set_write_ber 0.001000
add_approx 139799185260608 139799185739840
set_read_ber 0.001000
set_write_ber 0.001000
remove_approx 47095968 47575200
remove_approx 43244416 43723648
remove_approx 39392864 39872096
remove_approx 139799185260608 139799185739840
add_approx 139799185260608 139799185739840
set_read_ber 0.001000
set