add_approx 140352349458496 140352358877248
set_read_ber 0.000010
set_write_ber 0.000000
add_approx 140352474083392 140352483502144
set_read_ber 0.000010
set_write_ber 0.000000
remove_approx 140352349458496 140352358877248
remove_approx 140352474083392 140352483502144
add_approx 140352259579968 140352268998720
set_read_ber 0.000010
set_write_ber 0.000000
add_approx 140352349458496 140352358877248
set_read_ber 0.000010
set_write_ber 0.000000
add_approx 140352474083392 140352483502144
set_read_ber 0.000010
set_write_ber 0.000000
remove_approx 140352259579968 140352268998720
remove_approx 140352349458496 140352358877248
remove_approx 140352474083392 140352483502144
add_approx 140352259579968 140352268998720
set_read_ber 0.000010
set_write_ber 0.000000
add_approx 140352349458496 140352358877248
set_read_ber 0.000010
set_write_ber 0.000000
add_approx 140352474083392 140352483502144
set_read_ber 0.000010
set_write_ber 0.000000
add_approx 232208768 241627520
set_read_ber 0.000010
set_write_ber 0.000000
remove_approx 140352259579968 140352268998720
remove_approx 140352349458496 140352358877248
remove_approx 140352474083392 140352483502144
remove_approx 232208768 241627520
add_approx 140352259579968 140352268998720
set_read_ber 0.000010
set_write_ber 0.000000
add_approx 140352349458496 140352358877248
set_read_ber 0.000010
set_write_ber 0.000000
add_approx 299138816 308557568
set_read_ber 0.000010
set_write_ber 0.000000
add_approx 232208768 241627520
set_read_ber 0.000010
set_write_ber 0.000000
remove_approx 140352259579968 140352268998720
remove_approx 140352349458496 140352358877248
remove_approx 299138816 308557568
remove_approx 232208768 241627520
add_approx 140352259579968 140352268998720
set_read_ber 0.000010
set_write_ber 0.000000
add_approx 140352349458496 140352358877248
set_read_ber 0.000010
set_write_ber 0.000000
add_approx 299138816 308557568
set_read_ber 0.000010
set_write_ber 0.000000
add_approx 232208768 241627520
set_read_ber 0.000010
set_write_ber 0.000000
remove_approx 140352259579968 140352268998720
remove_approx 140352349458496 140352358877248
remove_approx 299138816 308557568
remove_approx 232208768 241627520
add_approx 299138816 308557568
set_read_ber 0.000010
set_write_ber 0.000000
add_approx 140352259579968 140352268998720
set_read_ber 0.000010
set_write_ber 0.000000
add_approx 140352349458496 140352358877248
set_read_ber 0.000010
set_write_ber 0.000000
add_approx 232208768 241627520
set_read_ber 0.000010
set_write_ber 0.000000
remove_approx 299138816 308557568
remove_approx 140352259579968 140352268998720
remove_approx 140352349458496 140352358877248
remove_approx 232208768 241627520
add_approx 232208768 241627520
set_read_ber 0.000010
set_write_ber 0.000000
add_approx 299138816 308557568
set_read_ber 0.000010
set_write_ber 0.000000
add_approx 140352259579968 140352268998720
set_read_ber 0.000010
set_write_ber 0.000000
remove_approx 232208768 241627520
remove_approx 299138816 308557568
remove_approx 140352259579968 140352268998720
add_approx 232208768 241627520
set_read_ber 0.000010
set_write_ber 0.000000
add_approx 299138816 308557568
set_read_ber 0.000010
set_write_ber 0.000000
add_approx 140352259579968 140352268998720
set_read_ber 0.000010
set_write_ber 0.000000
add_approx 140352474083392 140352483502144
set_read_ber 0.000010
set_write_ber 0.000000
remove_approx 232208768 241627520
remove_approx 299138816 308557568
remove_approx 140352259579968 140352268998720
remove_approx 140352474083392 140352483502144
add_approx 232208768 241627520
set_read_ber 0.000010
set_write_ber 0.000000
add_approx 299138816 308557568
set_read_ber 0.000010
set_write_ber 0.000000
add_approx 366068864 375487616
set_read_ber 0.000010
set_write_ber 0.000000
add_approx 140352474083392 140352483502144
set_read_ber 0.000010
set_write_ber 0.000000
remove_approx 232208768 241627520
remove_approx 299138816 308557568
remove_approx 366068864 375487616
remove_approx 140352474083392 140352483502144
add_approx 140352474083392 140352483502144
set_read_ber 0.000010
set_write_ber 0.000000
add_approx 366068864 375487616
set_read_ber 0.000010
set_write_ber 0.000000
add_approx 232208768 241627520
set_read_ber 0.000010
set_write_ber 0.000000
remove_approx 140352474083392 140352483502144
remove_approx 366068864 375487616
remove_approx 232208768 241627520
add_approx 140352474083392 140352483502144
set_read_ber 0.000010
set_write_ber 0.000000
add_approx 366068864 375487616
set_read_ber 0.000010
set_write_ber 0.000000
add_approx 299138816 308557568
set_read_ber 0.000010
set_write_ber 0.000000
add_approx 140352259579968 140352268998720
set_read_ber 0.000010
set_write_ber 0.000000
remove_approx 140352474083392 140352483502144
remove_approx 366068864 375487616
remove_approx 299138816 308557568
remove_approx 140352259579968 140352268998720
add_approx 140352474083392 140352483502144
set_read_ber 0.000010
set_write_ber 0.000000
add_approx 366068864 375487616
set_read_ber 0.000010
set_write_ber 0.000000
add_approx 140352349458496 140352358877248
set_read_ber 0.000010
set_write_ber 0.000000
add_approx 140352259579968 140352268998720
set_read_ber 0.000010
set_write_ber 0.000000
remove_approx 140352474083392 140352483502144
remove_approx 366068864 375487616
remove_approx 140352349458496 140352358877248
remove_approx 140352259579968 140352268998720
add_approx 140352474083392 140352483502144
set_read_ber 0.000010
set_write_ber 0.000000
add_approx 366068864 375487616
set_read_ber 0.000010
set_write_ber 0.000000
add_approx 140352349458496 140352358877248
set_read_ber 0.000010
set_write_ber 0.000000
add_approx 140352259579968 140352268998720
set_read_ber 0.000010
set_write_ber 0.000000
remove_approx 140352474083392 140352483502144
remove_approx 366068864 375487616
remove_approx 140352349458496 140352358877248
remove_approx 140352259579968 140352268998720
add_approx 140352349458496 140352358877248
set_read_ber 0.000010
set_write_ber 0.000000
add_approx 140352474083392 140352483502144
set_read_ber 0.000010
set_write_ber 0.000000
add_approx 366068864 375487616
set_read_ber 0.000010
set_write_ber 0.000000
add_approx 140352259579968 140352268998720
set_read_ber 0.000010
set_write_ber 0.000000
remove_approx 140352349458496 140352358877248
remove_approx 140352474083392 140352483502144
remove_approx 366068864 375487616
remove_approx 140352259579968 140352268998720
add_approx 140352259579968 140352268998720
set_read_ber 0.000010
set_write_ber 0.000000
add_approx 140352349458496 140352358877248
set_read_ber 0.000010
set_write_ber 0.000000
add_approx 140352474083392 140352483502144
set_read_ber 0.000010
set_write_ber 0.000000
remove_approx 140352259579968 140352268998720
remove_approx 140352349458496 140352358877248
remove_approx 140352474083392 140352483502144
add_approx 140352259579968 140352268998720
set_read_ber 0.000010
set_write_ber 0.000000
add_approx 140352349458496 140352358877248
set_read_ber 0.000010
set_write_ber 0.000000
add_approx 366068864 375487616
set_read_ber 0.000010
set_write_ber 0.000000
add_approx 299138816 308557568
set_read_ber 0.000010
set_write_ber 0.000000
remove_approx 140352259579968 140352268998720
remove_approx 140352349458496 140352358877248
remove_approx 366068864 375487616
remove_approx 299138816 308557568
add_approx 140352259579968 140352268998720
set_read_ber 0.000010
set_write_ber 0.000000
add_approx 140352349458496 140352358877248
set_read_ber 0.000010
set_write_ber 0.000000
add_approx 232208768 241627520
set_read_ber 0.000010
set_write_ber 0.000000
add_approx 299138816 308557568
set_read_ber 0.000010
set_write_ber 0.000000
remove_approx 140352259579968 140352268998720
remove_approx 140352349458496 140352358877248
remove_approx 232208768 241627520
remove_approx 299138816 308557568
add_approx 140352259579968 140352268998720
set_read_ber 0.000010
set_write_ber 0.000000
add_approx 140352349458496 140352358877248
set_read_ber 0.000010
set_write_ber 0.000000
add_approx 232208768 241627520
set_read_ber 0.000010
set_write_ber 0.000000
add_approx 299138816 308557568
set_read_ber 0.000010
set_write_ber 0.000000
remove_approx 140352259579968 140352268998720
remove_approx 140352349458496 140352358877248
remove_approx 232208768 241627520
remove_approx 299138816 308557568
add_approx 232208768 241627520
set_read_ber 0.000010
set_write_ber 0.000000
add_approx 140352259579968 140352268998720
set_read_ber 0.000010
set_write_ber 0.000000
add_approx 140352349458496 140352358877248
set_read_ber 0.000010
set_write_ber 0.000000
add_approx 299138816 308557568
set_read_ber 0.000010
set_write_ber 0.000000
remove_approx 232208768 241627520
remove_approx 140352259579968 140352268998720
remove_approx 140352349458496 140352358877248
remove_approx 299138816 308557568
add_approx 299138816 308557568
set_read_ber 0.000010
set_write_ber 0.000000
add_approx 232208768 241627520
set_read_ber 0.000010
set_write_ber 0.000000
add_approx 140352259579968 140352268998720
set_read_ber 0.000010
set_write_ber 0.000000
remove_approx 299138816 308557568
remove_approx 232208768 241627520
remove_approx 140352259579968 140352268998720
add_approx 299138816 308557568
set_read_ber 0.000010
set_write_ber 0.000000
add_approx 232208768 241627520
set_read_ber 0.000010
set_write_ber 0.000000
add_approx 140352349458496 140352358877248
set_read_ber 0.000010
set_write_ber 0.000000
add_approx 366068864 375487616
set_read_ber 0.000010
set_write_ber 0.000000
remove_approx 299138816 308557568
remove_approx 232208768 241627520
remove_approx 140352349458496 140352358877248
remove_approx 366068864 375487616
add_approx 299138816 308557568
set_read_ber 0.000010
set_write_ber 0.000000
add_approx 232208768 241627520
set_read_ber 0.000010
set_write_ber 0.000000
add_approx 140352474083392 140352483502144
set_read_ber 0.000010
set_write_ber 0.000000
add_approx 366068864 375487616
set_read_ber 0.000010
set_write_ber 0.000000
remove_approx 299138816 308557568
remove_approx 232208768 241627520
remove_approx 140352474083392 140352483502144
remove_approx 366068864 375487616
add_approx 299138816 308557568
set_read_ber 0.000010
set_write_ber 0.000000
add_approx 232208768 241627520
set_read_ber 0.000010
set_write_ber 0.000000
add_approx 140352474083392 140352483502144
set_read_ber 0.000010
set_write_ber 0.000000
add_approx 366068864 375487616
set_read_ber 0.000010
set_write_ber 0.000000
remove_approx 299138816 308557568
remove_approx 232208768 241627520
remove_approx 140352474083392 140352483502144
remove_approx 366068864 375487616
add_approx 140352474083392 140352483502144
set_read_ber 0.000010
set_write_ber 0.000000
add_approx 299138816 308557568
set_read_ber 0.000010
set_write_ber 0.000000
add_approx 232208768 241627520
set_read_ber 0.000010
set_write_ber 0.000000
add_approx 366068864 375487616
set_read_ber 0.000010
set_write_ber 0.000000
remove_approx 140352474083392 140352483502144
remove_approx 299138816 308557568
remove_approx 232208768 241627520
remove_approx 366068864 375487616
add_approx 366068864 375487616
set_read_ber 0.000010
set_write_ber 0.000000
add_approx 140352474083392 140352483502144
set_read_ber 0.000010
set_write_ber 0.000000
add_approx 299138816 308557568
set_read_ber 0.000010
set_write_ber 0.000000
remove_approx 366068864 375487616
remove_approx 140352474083392 140352483502144
remove_approx 299138816 308557568
add_approx 366068864 375487616
set_read_ber 0.000010
set_write_ber 0.000000
add_approx 140352474083392 140352483502144
set_read_ber 0.000010
set_write_ber 0.000000
add_approx 232208768 241627520
set_read_ber 0.000010
set_write_ber 0.000000
add_approx 140352349458496 140352358877248
set_read_ber 0.000010
set_write_ber 0.000000
remove_approx 366068864 375487616
remove_approx 140352474083392 140352483502144
remove_approx 232208768 241627520
remove_approx 140352349458496 140352358877248
add_approx 366068864 375487616
set_read_ber 0.000010
set_write_ber 0.000000
add_approx 140352474083392 140352483502144
set_read_ber 0.000010
set_write_ber 0.000000
add_approx 140352259579968 140352268998720
set_read_ber 0.000010
set_write_ber 0.000000
add_approx 140352349458496 140352358877248
set_read_ber 0.000010
set_write_ber 0.000000
remove_approx 366068864 375487616
remove_approx 140352474083392 140352483502144
remove_approx 140352259579968 140352268998720
remove_approx 140352349458496 140352358877248
add_approx 140352349458496 140352358877248
set_read_ber 0.000010
set_write_ber 0.000000
add_approx 140352259579968 140352268998720
set_read_ber 0.000010
set_write_ber 0.000000
add_approx 366068864 375487616
set_read_ber 0.000010
set_write_ber 0.000000
remove_approx 140352349458496 140352358877248
remove_approx 140352259579968 140352268998720
remove_approx 366068864 375487616
add_approx 140352349458496 140352358877248
set_read_ber 0.000010
set_write_ber 0.000000
add_approx 140352259579968 140352268998720
set_read_ber 0.000010
set_write_ber 0.000000
add_approx 140352474083392 140352483502144
set_read_ber 0.000010
set_write_ber 0.000000
add_approx 232208768 241627520
set_read_ber 0.000010
set_write_ber 0.000000
remove_approx 140352349458496 140352358877248
remove_approx 140352259579968 140352268998720
remove_approx 140352474083392 140352483502144
remove_approx 232208768 241627520
add_approx 140352349458496 140352358877248
set_read_ber 0.000010
set_write_ber 0.000000
add_approx 140352259579968 140352268998720
set_read_ber 0.000010
set_write_ber 0.000000
add_approx 299138816 308557568
set_read_ber 0.000010
set_write_ber 0.000000
add_approx 232208768 241627520
set_read_ber 0.000010
set_write_ber 0.000000
remove_approx 140352349458496 140352358877248
remove_approx 140352259579968 140352268998720
remove_approx 299138816 308557568
remove_approx 232208768 241627520
add_approx 140352349458496 140352358877248
set_read_ber 0.000010
set_write_ber 0.000000
add_approx 140352259579968 140352268998720
set_read_ber 0.000010
set_write_ber 0.000000
add_approx 299138816 308557568
set_read_ber 0.000010
set_write_ber 0.000000
add_approx 232208768 241627520
set_read_ber 0.000010
set_write_ber 0.000000
remove_approx 140352349458496 140352358877248
remove_approx 140352259579968 140352268998720
remove_approx 299138816 308557568
remove_approx 232208768 241627520
add_approx 299138816 308557568
set_read_ber 0.000010
set_write_ber 0.000000
add_approx 140352349458496 140352358877248
set_read_ber 0.000010
set_write_ber 0.000000
add_approx 140352259579968 140352268998720
set_read_ber 0.000010
set_write_ber 0.000000
add_approx 232208768 241627520
set_read_ber 0.000010
set_write_ber 0.000000
remove_approx 299138816 308557568
remove_approx 140352349458496 140352358877248
remove_approx 140352259579968 140352268998720
remove_approx 232208768 241627520
add_approx 232208768 241627520
set_read_ber 0.000010
set_write_ber 0.000000
add_approx 299138816 308557568
set_read_ber 0.000010
set_write_ber 0.000000
add_approx 140352349458496 140352358877248
set_read_ber 0.000010
set_write_ber 0.000000
remove_approx 232208768 241627520
remove_approx 299138816 308557568
remove_approx 140352349458496 140352358877248
add_approx 232208768 241627520
set_read_ber 0.000010
set_write_ber 0.000000
add_approx 299138816 308557568
set_read_ber 0.000010
set_write_ber 0.000000
add_approx 140352259579968 140352268998720
set_read_ber 0.000010
set_write_ber 0.000000
add_approx 140352474083392 140352483502144
set_read_ber 0.000010
set_write_ber 0.000000
remove_approx 232208768 241627520
remove_approx 299138816 308557568
remove_a