add_approx 140429284360256 140429293779008
set_read_ber 0.000010
set_write_ber 0.001000
add_approx 140429414121536 140429423540288
set_read_ber 0.000010
set_write_ber 0.001000
remove_approx 140429284360256 140429293779008
remove_approx 140429414121536 140429423540288
add_approx 140429211140160 140429220558912
set_read_ber 0.000010
set_write_ber 0.001000
add_approx 140429284360256 140429293779008
set_read_ber 0.000010
set_write_ber 0.001000
add_approx 140429414121536 140429423540288
set_read_ber 0.000010
set_write_ber 0.001000
remove_approx 140429211140160 140429220558912
remove_approx 140429284360256 140429293779008
remove_approx 140429414121536 140429423540288
add_approx 140429211140160 140429220558912
set_read_ber 0.000010
set_write_ber 0.001000
add_approx 140429284360256 140429293779008
set_read_ber 0.000010
set_write_ber 0.001000
add_approx 140429414121536 140429423540288
set_read_ber 0.000010
set_write_ber 0.001000
add_approx 251748960 261167712
set_read_ber 0.000010
set_write_ber 0.001000
remove_approx 140429211140160 140429220558912
remove_approx 140429284360256 140429293779008
remove_approx 140429414121536 140429423540288
remove_approx 251748960 261167712
add_approx 140429211140160 140429220558912
set_read_ber 0.000010
set_write_ber 0.001000
add_approx 140429284360256 140429293779008
set_read_ber 0.000010
set_write_ber 0.001000
add_approx 318679008 328097760
set_read_ber 0.000010
set_write_ber 0.001000
add_approx 251748960 261167712
set_read_ber 0.000010
set_write_ber 0.001000
remove_approx 140429211140160 140429220558912
remove_approx 140429284360256 140429293779008
remove_approx 318679008 328097760
remove_approx 251748960 261167712
add_approx 140429211140160 140429220558912
set_read_ber 0.000010
set_write_ber 0.001000
add_approx 140429284360256 140429293779008
set_read_ber 0.000010
set_write_ber 0.001000
add_approx 318679008 328097760
set_read_ber 0.000010
set_write_ber 0.001000
add_approx 251748960 261167712
set_read_ber 0.000010
set_write_ber 0.001000
remove_approx 140429211140160 140429220558912
remove_approx 140429284360256 140429293779008
remove_approx 318679008 328097760
remove_approx 251748960 261167712
add_approx 318679008 328097760
set_read_ber 0.000010
set_write_ber 0.001000
add_approx 140429211140160 140429220558912
set_read_ber 0.000010
set_write_ber 0.001000
add_approx 140429284360256 140429293779008
set_read_ber 0.000010
set_write_ber 0.001000
add_approx 251748960 261167712
set_read_ber 0.000010
set_write_ber 0.001000
remove_approx 318679008 328097760
remove_approx 140429211140160 140429220558912
remove_approx 140429284360256 140429293779008
remove_approx 251748960 261167712
add_approx 251748960 261167712
set_read_ber 0.000010
set_write_ber 0.001000
add_approx 318679008 328097760
set_read_ber 0.000010
set_write_ber 0.001000
add_approx 140429211140160 140429220558912
set_read_ber 0.000010
set_write_ber 0.001000
remove_approx 251748960 261167712
remove_approx 318679008 328097760
remove_approx 140429211140160 140429220558912
add_approx 251748960 261167712
set_read_ber 0.000010
set_write_ber 0.001000
add_approx 318679008 328097760
set_read_ber 0.000010
set_write_ber 0.001000
add_approx 140429211140160 140429220558912
set_read_ber 0.000010
set_write_ber 0.001000
add_approx 140429414121536 140429423540288
set_read_ber 0.000010
set_write_ber 0.001000
remove_approx 251748960 261167712
remove_approx 318679008 328097760
remove_approx 140429211140160 140429220558912
remove_approx 140429414121536 140429423540288
add_approx 251748960 261167712
set_read_ber 0.000010
set_write_ber 0.001000
add_approx 318679008 328097760
set_read_ber 0.000010
set_write_ber 0.001000
add_approx 385609056 395027808
set_read_ber 0.000010
set_write_ber 0.001000
add_approx 140429414121536 140429423540288
set_read_ber 0.000010
set_write_ber 0.001000
remove_approx 251748960 261167712
remove_approx 318679008 328097760
remove_approx 385609056 395027808
remove_approx 140429414121536 140429423540288
add_approx 140429414121536 140429423540288
set_read_ber 0.000010
set_write_ber 0.001000
add_approx 385609056 395027808
set_read_ber 0.000010
set_write_ber 0.001000
add_approx 251748960 261167712
set_read_ber 0.000010
set_write_ber 0.001000
remove_approx 140429414121536 140429423540288
remove_approx 385609056 395027808
remove_approx 251748960 261167712
add_approx 140429414121536 140429423540288
set_read_ber 0.000010
set_write_ber 0.001000
add_approx 385609056 395027808
set_read_ber 0.000010
set_write_ber 0.001000
add_approx 318679008 328097760
set_read_ber 0.000010
set_write_ber 0.001000
add_approx 140429211140160 140429220558912
set_read_ber 0.000010
set_write_ber 0.001000
remove_approx 140429414121536 140429423540288
remove_approx 385609056 395027808
remove_approx 318679008 328097760
remove_approx 140429211140160 140429220558912
add_approx 140429414121536 140429423540288
set_read_ber 0.000010
set_write_ber 0.001000
add_approx 385609056 395027808
set_read_ber 0.000010
set_write_ber 0.001000
add_approx 140429284360256 140429293779008
set_read_ber 0.000010
set_write_ber 0.001000
add_approx 140429211140160 140429220558912
set_read_ber 0.000010
set_write_ber 0.001000
remove_approx 140429414121536 140429423540288
remove_approx 385609056 395027808
remove_approx 140429284360256 140429293779008
remove_approx 140429211140160 140429220558912
add_approx 140429414121536 140429423540288
set_read_ber 0.000010
set_write_ber 0.001000
add_approx 385609056 395027808
set_read_ber 0.000010
set_write_ber 0.001000
add_approx 140429284360256 140429293779008
set_read_ber 0.000010
set_write_ber 0.001000
add_approx 140429211140160 140429220558912
set_read_ber 0.000010
set_write_ber 0.001000
remove_approx 140429414121536 140429423540288
remove_approx 385609056 395027808
remove_approx 140429284360256 140429293779008
remove_approx 140429211140160 140429220558912
add_approx 140429284360256 140429293779008
set_read_ber 0.000010
set_write_ber 0.001000
add_approx 140429414121536 140429423540288
set_read_ber 0.000010
set_write_ber 0.001000
add_approx 385609056 395027808
set_read_ber 0.000010
set_write_ber 0.001000
add_approx 140429211140160 140429220558912
set_read_ber 0.000010
set_write_ber 0.001000
remove_approx 140429284360256 140429293779008
remove_approx 140429414121536 140429423540288
remove_approx 385609056 395027808
remove_approx 140429211140160 140429220558912
add_approx 140429211140160 140429220558912
set_read_ber 0.000010
set_write_ber 0.001000
add_approx 140429284360256 140429293779008
set_read_ber 0.000010
set_write_ber 0.001000
add_approx 140429414121536 140429423540288
set_read_ber 0.000010
set_write_ber 0.001000
remove_approx 140429211140160 140429220558912
remove_approx 140429284360256 140429293779008
remove_approx 140429414121536 140429423540288
add_approx 140429211140160 140429220558912
set_read_ber 0.000010
set_write_ber 0.001000
add_approx 140429284360256 140429293779008
set_read_ber 0.000010
set_write_ber 0.001000
add_approx 385609056 395027808
set_read_ber 0.000010
set_write_ber 0.001000
add_approx 318679008 328097760
set_read_ber 0.000010
set_write_ber 0.001000
remove_approx 140429211140160 140429220558912
remove_approx 140429284360256 140429293779008
remove_approx 385609056 395027808
remove_approx 318679008 328097760
add_approx 140429211140160 140429220558912
set_read_ber 0.000010
set_write_ber 0.001000
add_approx 140429284360256 140429293779008
set_read_ber 0.000010
set_write_ber 0.001000
add_approx 251748960 261167712
set_read_ber 0.000010
set_write_ber 0.001000
add_approx 318679008 328097760
set_read_ber 0.000010
set_write_ber 0.001000
remove_approx 140429211140160 140429220558912
remove_approx 140429284360256 140429293779008
remove_approx 251748960 261167712
remove_approx 318679008 328097760
add_approx 140429211140160 140429220558912
set_read_ber 0.000010
set_write_ber 0.001000
add_approx 140429284360256 140429293779008
set_read_ber 0.000010
set_write_ber 0.001000
add_approx 251748960 261167712
set_read_ber 0.000010
set_write_ber 0.001000
add_approx 318679008 328097760
set_read_ber 0.000010
set_write_ber 0.001000
remove_approx 140429211140160 140429220558912
remove_approx 140429284360256 140429293779008
remove_approx 251748960 261167712
remove_approx 318679008 328097760
add_approx 251748960 261167712
set_read_ber 0.000010
set_write_ber 0.001000
add_approx 140429211140160 140429220558912
set_read_ber 0.000010
set_write_ber 0.001000
add_approx 140429284360256 140429293779008
set_read_ber 0.000010
set_write_ber 0.001000
add_approx 318679008 328097760
set_read_ber 0.000010
set_write_ber 0.001000
remove_approx 251748960 261167712
remove_approx 140429211140160 140429220558912
remove_approx 140429284360256 140429293779008
remove_approx 318679008 328097760
add_approx 318679008 328097760
set_read_ber 0.000010
set_write_ber 0.001000
add_approx 251748960 261167712
set_read_ber 0.000010
set_write_ber 0.001000
add_approx 140429211140160 140429220558912
set_read_ber 0.000010
set_write_ber 0.001000
remove_approx 318679008 328097760
remove_approx 251748960 261167712
remove_approx 140429211140160 140429220558912
add_approx 318679008 328097760
set_read_ber 0.000010
set_write_ber 0.001000
add_approx 251748960 261167712
set_read_ber 0.000010
set_write_ber 0.001000
add_approx 140429284360256 140429293779008
set_read_ber 0.000010
set_write_ber 0.001000
add_approx 385609056 395027808
set_read_ber 0.000010
set_write_ber 0.001000
remove_approx 318679008 328097760
remove_approx 251748960 261167712
remove_approx 140429284360256 140429293779008
remove_approx 385609056 395027808
add_approx 318679008 328097760
set_read_ber 0.000010
set_write_ber 0.001000
add_approx 251748960 261167712
set_read_ber 0.000010
set_write_ber 0.001000
add_approx 140429414121536 140429423540288
set_read_ber 0.000010
set_write_ber 0.001000
add_approx 385609056 395027808
set_read_ber 0.000010
set_write_ber 0.001000
remove_approx 318679008 328097760
remove_approx 251748960 261167712
remove_approx 140429414121536 140429423540288
remove_approx 385609056 395027808
add_approx 318679008 328097760
set_read_ber 0.000010
set_write_ber 0.001000
add_approx 251748960 261167712
set_read_ber 0.000010
set_write_ber 0.001000
add_approx 140429414121536 140429423540288
set_read_ber 0.000010
set_write_ber 0.001000
add_approx 385609056 395027808
set_read_ber 0.000010
set_write_ber 0.001000
remove_approx 318679008 328097760
remove_approx 251748960 261167712
remove_approx 140429414121536 140429423540288
remove_approx 385609056 395027808
add_approx 140429414121536 140429423540288
set_read_ber 0.000010
set_write_ber 0.001000
add_approx 318679008 328097760
set_read_ber 0.000010
set_write_ber 0.001000
add_approx 251748960 261167712
set_read_ber 0.000010
set_write_ber 0.001000
add_approx 385609056 395027808
set_read_ber 0.000010
set_write_ber 0.001000
remove_approx 140429414121536 140429423540288
remove_approx 318679008 328097760
remove_approx 251748960 261167712
remove_approx 385609056 395027808
add_approx 385609056 395027808
set_read_ber 0.000010
set_write_ber 0.001000
add_approx 140429414121536 140429423540288
set_read_ber 0.000010
set_write_ber 0.001000
add_approx 318679008 328097760
set_read_ber 0.000010
set_write_ber 0.001000
remove_approx 385609056 395027808
remove_approx 140429414121536 140429423540288
remove_approx 318679008 328097760
add_approx 385609056 395027808
set_read_ber 0.000010
set_write_ber 0.001000
add_approx 140429414121536 140429423540288
set_read_ber 0.000010
set_write_ber 0.001000
add_approx 251748960 261167712
set_read_ber 0.000010
set_write_ber 0.001000
add_approx 140429284360256 140429293779008
set_read_ber 0.000010
set_write_ber 0.001000
remove_approx 385609056 395027808
remove_approx 140429414121536 140429423540288
remove_approx 251748960 261167712
remove_approx 140429284360256 140429293779008
add_approx 385609056 395027808
set_read_ber 0.000010
set_write_ber 0.001000
add_approx 140429414121536 140429423540288
set_read_ber 0.000010
set_write_ber 0.001000
add_approx 140429211140160 140429220558912
set_read_ber 0.000010
set_write_ber 0.001000
add_approx 140429284360256 140429293779008
set_read_ber 0.000010
set_write_ber 0.001000
remove_approx 385609056 395027808
remove_approx 140429414121536 140429423540288
remove_approx 140429211140160 140429220558912
remove_approx 140429284360256 140429293779008
add_approx 140429284360256 140429293779008
set_read_ber 0.000010
set_write_ber 0.001000
add_approx 140429211140160 140429220558912
set_read_ber 0.000010
set_write_ber 0.001000
add_approx 385609056 395027808
set_read_ber 0.000010
set_write_ber 0.001000
remove_approx 140429284360256 140429293779008
remove_approx 140429211140160 140429220558912
remove_approx 385609056 395027808
add_approx 140429284360256 140429293779008
set_read_ber 0.000010
set_write_ber 0.001000
add_approx 140429211140160 140429220558912
set_read_ber 0.000010
set_write_ber 0.001000
add_approx 140429414121536 140429423540288
set_read_ber 0.000010
set_write_ber 0.001000
add_approx 251748960 261167712
set_read_ber 0.000010
set_write_ber 0.001000
remove_approx 140429284360256 140429293779008
remove_approx 140429211140160 140429220558912
remove_approx 140429414121536 140429423540288
remove_approx 251748960 261167712
add_approx 140429284360256 140429293779008
set_read_ber 0.000010
set_write_ber 0.001000
add_approx 140429211140160 140429220558912
set_read_ber 0.000010
set_write_ber 0.001000
add_approx 318679008 328097760
set_read_ber 0.000010
set_write_ber 0.001000
add_approx 251748960 261167712
set_read_ber 0.000010
set_write_ber 0.001000
remove_approx 140429284360256 140429293779008
remove_approx 140429211140160 140429220558912
remove_approx 318679008 328097760
remove_approx 251748960 261167712
add_approx 140429284360256 140429293779008
set_read_ber 0.000010
set_write_ber 0.001000
add_approx 140429211140160 140429220558912
set_read_ber 0.000010
set_write_ber 0.001000
add_approx 318679008 328097760
set_read_ber 0.000010
set_write_ber 0.001000
add_approx 251748960 261167712
set_read_ber 0.000010
set_write_ber 0.001000
remove_approx 140429284360256 140429293779008
remove_approx 140429211140160 140429220558912
remove_approx 318679008 328097760
remove_approx 251748960 261167712
add_approx 318679008 328097760
set_read_ber 0.000010
set_write_ber 0.001000
add_approx 140429284360256 140429293779008
set_read_ber 0.000010
set_write_ber 0.001000
add_approx 140429211140160 140429220558912
set_read_ber 0.000010
set_write_ber 0.001000
add_approx 251748960 261167712
set_read_ber 0.000010
set_write_ber 0.001000
remove_approx 318679008 328097760
remove_approx 140429284360256 140429293779008
remove_approx 140429211140160 140429220558912
remove_approx 251748960 261167712
add_approx 251748960 261167712
set_read_ber 0.000010
set_write_ber 0.001000
add_approx 318679008 328097760
set_read_ber 0.000010
set_write_ber 0.001000
add_approx 140429284360256 140429293779008
set_read_ber 0.000010
set_write_ber 0.001000
remove_approx 251748960 261167712
remove_approx 318679008 328097760
remove_approx 140429284360256 140429293779008
add_approx 251748960 261167712
set_read_ber 0.000010
set_write_ber 0.001000
add_approx 318679008 328097760
set_read_ber 0.000010
set_write_ber 0.001000
add_approx 140429211140160 140429220558912
set_read_ber 0.000010
set_write_ber 0.001000
add_approx 140429414121536 140429423540288
set_read_ber 0.000010
set_write_ber 0.001000
remove_approx 251748960 261167712
remove_approx 318679008 328097760
remove_a