add_approx 140262064562240 140262073980992
set_read_ber 0.000100
set_write_ber 0.000010
add_approx 140262195232832 140262204651584
set_read_ber 0.000100
set_write_ber 0.000010
remove_approx 140262064562240 140262073980992
remove_approx 140262195232832 140262204651584
add_approx 140261991551040 140262000969792
set_read_ber 0.000100
set_write_ber 0.000010
add_approx 140262064562240 140262073980992
set_read_ber 0.000100
set_write_ber 0.000010
add_approx 140262195232832 140262204651584
set_read_ber 0.000100
set_write_ber 0.000010
remove_approx 140261991551040 140262000969792
remove_approx 140262064562240 140262073980992
remove_approx 140262195232832 140262204651584
add_approx 140261991551040 140262000969792
set_read_ber 0.000100
set_write_ber 0.000010
add_approx 140262064562240 140262073980992
set_read_ber 0.000100
set_write_ber 0.000010
add_approx 140262195232832 140262204651584
set_read_ber 0.000100
set_write_ber 0.000010
add_approx 227930720 237349472
set_read_ber 0.000100
set_write_ber 0.000010
remove_approx 140261991551040 140262000969792
remove_approx 140262064562240 140262073980992
remove_approx 140262195232832 140262204651584
remove_approx 227930720 237349472
add_approx 140261991551040 140262000969792
set_read_ber 0.000100
set_write_ber 0.000010
add_approx 140262064562240 140262073980992
set_read_ber 0.000100
set_write_ber 0.000010
add_approx 294860768 304279520
set_read_ber 0.000100
set_write_ber 0.000010
add_approx 227930720 237349472
set_read_ber 0.000100
set_write_ber 0.000010
remove_approx 140261991551040 140262000969792
remove_approx 140262064562240 140262073980992
remove_approx 294860768 304279520
remove_approx 227930720 237349472
add_approx 140261991551040 140262000969792
set_read_ber 0.000100
set_write_ber 0.000010
add_approx 140262064562240 140262073980992
set_read_ber 0.000100
set_write_ber 0.000010
add_approx 294860768 304279520
set_read_ber 0.000100
set_write_ber 0.000010
add_approx 227930720 237349472
set_read_ber 0.000100
set_write_ber 0.000010
remove_approx 140261991551040 140262000969792
remove_approx 140262064562240 140262073980992
remove_approx 294860768 304279520
remove_approx 227930720 237349472
add_approx 294860768 304279520
set_read_ber 0.000100
set_write_ber 0.000010
add_approx 140261991551040 140262000969792
set_read_ber 0.000100
set_write_ber 0.000010
add_approx 140262064562240 140262073980992
set_read_ber 0.000100
set_write_ber 0.000010
add_approx 227930720 237349472
set_read_ber 0.000100
set_write_ber 0.000010
remove_approx 294860768 304279520
remove_approx 140261991551040 140262000969792
remove_approx 140262064562240 140262073980992
remove_approx 227930720 237349472
add_approx 227930720 237349472
set_read_ber 0.000100
set_write_ber 0.000010
add_approx 294860768 304279520
set_read_ber 0.000100
set_write_ber 0.000010
add_approx 140261991551040 140262000969792
set_read_ber 0.000100
set_write_ber 0.000010
remove_approx 227930720 237349472
remove_approx 294860768 304279520
remove_approx 140261991551040 140262000969792
add_approx 227930720 237349472
set_read_ber 0.000100
set_write_ber 0.000010
add_approx 294860768 304279520
set_read_ber 0.000100
set_write_ber 0.000010
add_approx 140261991551040 140262000969792
set_read_ber 0.000100
set_write_ber 0.000010
add_approx 140262195232832 140262204651584
set_read_ber 0.000100
set_write_ber 0.000010
remove_approx 227930720 237349472
remove_approx 294860768 304279520
remove_approx 140261991551040 140262000969792
remove_approx 140262195232832 140262204651584
add_approx 227930720 237349472
set_read_ber 0.000100
set_write_ber 0.000010
add_approx 294860768 304279520
set_read_ber 0.000100
set_write_ber 0.000010
add_approx 361790816 371209568
set_read_ber 0.000100
set_write_ber 0.000010
add_approx 140262195232832 140262204651584
set_read_ber 0.000100
set_write_ber 0.000010
remove_approx 227930720 237349472
remove_approx 294860768 304279520
remove_approx 361790816 371209568
remove_approx 140262195232832 140262204651584
add_approx 140262195232832 140262204651584
set_read_ber 0.000100
set_write_ber 0.000010
add_approx 361790816 371209568
set_read_ber 0.000100
set_write_ber 0.000010
add_approx 227930720 237349472
set_read_ber 0.000100
set_write_ber 0.000010
remove_approx 140262195232832 140262204651584
remove_approx 361790816 371209568
remove_approx 227930720 237349472
add_approx 140262195232832 140262204651584
set_read_ber 0.000100
set_write_ber 0.000010
add_approx 361790816 371209568
set_read_ber 0.000100
set_write_ber 0.000010
add_approx 294860768 304279520
set_read_ber 0.000100
set_write_ber 0.000010
add_approx 140261991551040 140262000969792
set_read_ber 0.000100
set_write_ber 0.000010
remove_approx 140262195232832 140262204651584
remove_approx 361790816 371209568
remove_approx 294860768 304279520
remove_approx 140261991551040 140262000969792
add_approx 140262195232832 140262204651584
set_read_ber 0.000100
set_write_ber 0.000010
add_approx 361790816 371209568
set_read_ber 0.000100
set_write_ber 0.000010
add_approx 140262064562240 140262073980992
set_read_ber 0.000100
set_write_ber 0.000010
add_approx 140261991551040 140262000969792
set_read_ber 0.000100
set_write_ber 0.000010
remove_approx 140262195232832 140262204651584
remove_approx 361790816 371209568
remove_approx 140262064562240 140262073980992
remove_approx 140261991551040 140262000969792
add_approx 140262195232832 140262204651584
set_read_ber 0.000100
set_write_ber 0.000010
add_approx 361790816 371209568
set_read_ber 0.000100
set_write_ber 0.000010
add_approx 140262064562240 140262073980992
set_read_ber 0.000100
set_write_ber 0.000010
add_approx 140261991551040 140262000969792
set_read_ber 0.000100
set_write_ber 0.000010
remove_approx 140262195232832 140262204651584
remove_approx 361790816 371209568
remove_approx 140262064562240 140262073980992
remove_approx 140261991551040 140262000969792
add_approx 140262064562240 140262073980992
set_read_ber 0.000100
set_write_ber 0.000010
add_approx 140262195232832 140262204651584
set_read_ber 0.000100
set_write_ber 0.000010
add_approx 361790816 371209568
set_read_ber 0.000100
set_write_ber 0.000010
add_approx 140261991551040 140262000969792
set_read_ber 0.000100
set_write_ber 0.000010
remove_approx 140262064562240 140262073980992
remove_approx 140262195232832 140262204651584
remove_approx 361790816 371209568
remove_approx 140261991551040 140262000969792
add_approx 140261991551040 140262000969792
set_read_ber 0.000100
set_write_ber 0.000010
add_approx 140262064562240 140262073980992
set_read_ber 0.000100
set_write_ber 0.000010
add_approx 140262195232832 140262204651584
set_read_ber 0.000100
set_write_ber 0.000010
remove_approx 140261991551040 140262000969792
remove_approx 140262064562240 140262073980992
remove_approx 140262195232832 140262204651584
add_approx 140261991551040 140262000969792
set_read_ber 0.000100
set_write_ber 0.000010
add_approx 140262064562240 140262073980992
set_read_ber 0.000100
set_write_ber 0.000010
add_approx 361790816 371209568
set_read_ber 0.000100
set_write_ber 0.000010
add_approx 294860768 304279520
set_read_ber 0.000100
set_write_ber 0.000010
remove_approx 140261991551040 140262000969792
remove_approx 140262064562240 140262073980992
remove_approx 361790816 371209568
remove_approx 294860768 304279520
add_approx 140261991551040 140262000969792
set_read_ber 0.000100
set_write_ber 0.000010
add_approx 140262064562240 140262073980992
set_read_ber 0.000100
set_write_ber 0.000010
add_approx 227930720 237349472
set_read_ber 0.000100
set_write_ber 0.000010
add_approx 294860768 304279520
set_read_ber 0.000100
set_write_ber 0.000010
remove_approx 140261991551040 140262000969792
remove_approx 140262064562240 140262073980992
remove_approx 227930720 237349472
remove_approx 294860768 304279520
add_approx 140261991551040 140262000969792
set_read_ber 0.000100
set_write_ber 0.000010
add_approx 140262064562240 140262073980992
set_read_ber 0.000100
set_write_ber 0.000010
add_approx 227930720 237349472
set_read_ber 0.000100
set_write_ber 0.000010
add_approx 294860768 304279520
set_read_ber 0.000100
set_write_ber 0.000010
remove_approx 140261991551040 140262000969792
remove_approx 140262064562240 140262073980992
remove_approx 227930720 237349472
remove_approx 294860768 304279520
add_approx 227930720 237349472
set_read_ber 0.000100
set_write_ber 0.000010
add_approx 140261991551040 140262000969792
set_read_ber 0.000100
set_write_ber 0.000010
add_approx 140262064562240 140262073980992
set_read_ber 0.000100
set_write_ber 0.000010
add_approx 294860768 304279520
set_read_ber 0.000100
set_write_ber 0.000010
remove_approx 227930720 237349472
remove_approx 140261991551040 140262000969792
remove_approx 140262064562240 140262073980992
remove_approx 294860768 304279520
add_approx 294860768 304279520
set_read_ber 0.000100
set_write_ber 0.000010
add_approx 227930720 237349472
set_read_ber 0.000100
set_write_ber 0.000010
add_approx 140261991551040 140262000969792
set_read_ber 0.000100
set_write_ber 0.000010
remove_approx 294860768 304279520
remove_approx 227930720 237349472
remove_approx 140261991551040 140262000969792
add_approx 294860768 304279520
set_read_ber 0.000100
set_write_ber 0.000010
add_approx 227930720 237349472
set_read_ber 0.000100
set_write_ber 0.000010
add_approx 140262064562240 140262073980992
set_read_ber 0.000100
set_write_ber 0.000010
add_approx 361790816 371209568
set_read_ber 0.000100
set_write_ber 0.000010
remove_approx 294860768 304279520
remove_approx 227930720 237349472
remove_approx 140262064562240 140262073980992
remove_approx 361790816 371209568
add_approx 294860768 304279520
set_read_ber 0.000100
set_write_ber 0.000010
add_approx 227930720 237349472
set_read_ber 0.000100
set_write_ber 0.000010
add_approx 140262195232832 140262204651584
set_read_ber 0.000100
set_write_ber 0.000010
add_approx 361790816 371209568
set_read_ber 0.000100
set_write_ber 0.000010
remove_approx 294860768 304279520
remove_approx 227930720 237349472
remove_approx 140262195232832 140262204651584
remove_approx 361790816 371209568
add_approx 294860768 304279520
set_read_ber 0.000100
set_write_ber 0.000010
add_approx 227930720 237349472
set_read_ber 0.000100
set_write_ber 0.000010
add_approx 140262195232832 140262204651584
set_read_ber 0.000100
set_write_ber 0.000010
add_approx 361790816 371209568
set_read_ber 0.000100
set_write_ber 0.000010
remove_approx 294860768 304279520
remove_approx 227930720 237349472
remove_approx 140262195232832 140262204651584
remove_approx 361790816 371209568
add_approx 140262195232832 140262204651584
set_read_ber 0.000100
set_write_ber 0.000010
add_approx 294860768 304279520
set_read_ber 0.000100
set_write_ber 0.000010
add_approx 227930720 237349472
set_read_ber 0.000100
set_write_ber 0.000010
add_approx 361790816 371209568
set_read_ber 0.000100
set_write_ber 0.000010
remove_approx 140262195232832 140262204651584
remove_approx 294860768 304279520
remove_approx 227930720 237349472
remove_approx 361790816 371209568
add_approx 361790816 371209568
set_read_ber 0.000100
set_write_ber 0.000010
add_approx 140262195232832 140262204651584
set_read_ber 0.000100
set_write_ber 0.000010
add_approx 294860768 304279520
set_read_ber 0.000100
set_write_ber 0.000010
remove_approx 361790816 371209568
remove_approx 140262195232832 140262204651584
remove_approx 294860768 304279520
add_approx 361790816 371209568
set_read_ber 0.000100
set_write_ber 0.000010
add_approx 140262195232832 140262204651584
set_read_ber 0.000100
set_write_ber 0.000010
add_approx 227930720 237349472
set_read_ber 0.000100
set_write_ber 0.000010
add_approx 140262064562240 140262073980992
set_read_ber 0.000100
set_write_ber 0.000010
remove_approx 361790816 371209568
remove_approx 140262195232832 140262204651584
remove_approx 227930720 237349472
remove_approx 140262064562240 140262073980992
add_approx 361790816 371209568
set_read_ber 0.000100
set_write_ber 0.000010
add_approx 140262195232832 140262204651584
set_read_ber 0.000100
set_write_ber 0.000010
add_approx 140261991551040 140262000969792
set_read_ber 0.000100
set_write_ber 0.000010
add_approx 140262064562240 140262073980992
set_read_ber 0.000100
set_write_ber 0.000010
remove_approx 361790816 371209568
remove_approx 140262195232832 140262204651584
remove_approx 140261991551040 140262000969792
remove_approx 140262064562240 140262073980992
add_approx 140262064562240 140262073980992
set_read_ber 0.000100
set_write_ber 0.000010
add_approx 140261991551040 140262000969792
set_read_ber 0.000100
set_write_ber 0.000010
add_approx 361790816 371209568
set_read_ber 0.000100
set_write_ber 0.000010
remove_approx 140262064562240 140262073980992
remove_approx 140261991551040 140262000969792
remove_approx 361790816 371209568
add_approx 140262064562240 140262073980992
set_read_ber 0.000100
set_write_ber 0.000010
add_approx 140261991551040 140262000969792
set_read_ber 0.000100
set_write_ber 0.000010
add_approx 140262195232832 140262204651584
set_read_ber 0.000100
set_write_ber 0.000010
add_approx 227930720 237349472
set_read_ber 0.000100
set_write_ber 0.000010
remove_approx 140262064562240 140262073980992
remove_approx 140261991551040 140262000969792
remove_approx 140262195232832 140262204651584
remove_approx 227930720 237349472
add_approx 140262064562240 140262073980992
set_read_ber 0.000100
set_write_ber 0.000010
add_approx 140261991551040 140262000969792
set_read_ber 0.000100
set_write_ber 0.000010
add_approx 294860768 304279520
set_read_ber 0.000100
set_write_ber 0.000010
add_approx 227930720 237349472
set_read_ber 0.000100
set_write_ber 0.000010
remove_approx 140262064562240 140262073980992
remove_approx 140261991551040 140262000969792
remove_approx 294860768 304279520
remove_approx 227930720 237349472
add_approx 140262064562240 140262073980992
set_read_ber 0.000100
set_write_ber 0.000010
add_approx 140261991551040 140262000969792
set_read_ber 0.000100
set_write_ber 0.000010
add_approx 294860768 304279520
set_read_ber 0.000100
set_write_ber 0.000010
add_approx 227930720 237349472
set_read_ber 0.000100
set_write_ber 0.000010
remove_approx 140262064562240 140262073980992
remove_approx 140261991551040 140262000969792
remove_approx 294860768 304279520
remove_approx 227930720 237349472
add_approx 294860768 304279520
set_read_ber 0.000100
set_write_ber 0.000010
add_approx 140262064562240 140262073980992
set_read_ber 0.000100
set_write_ber 0.000010
add_approx 140261991551040 140262000969792
set_read_ber 0.000100
set_write_ber 0.000010
add_approx 227930720 237349472
set_read_ber 0.000100
set_write_ber 0.000010
remove_approx 294860768 304279520
remove_approx 140262064562240 140262073980992
remove_approx 140261991551040 140262000969792
remove_approx 227930720 237349472
add_approx 227930720 237349472
set_read_ber 0.000100
set_write_ber 0.000010
add_approx 294860768 304279520
set_read_ber 0.000100
set_write_ber 0.000010
add_approx 140262064562240 140262073980992
set_read_ber 0.000100
set_write_ber 0.000010
remove_approx 227930720 237349472
remove_approx 294860768 304279520
remove_approx 140262064562240 140262073980992
add_approx 227930720 237349472
set_read_ber 0.000100
set_write_ber 0.000010
add_approx 294860768 304279520
set_read_ber 0.000100
set_write_ber 0.000010
add_approx 140261991551040 140262000969792
set_read_ber 0.000100
set_write_ber 0.000010
add_approx 140262195232832 140262204651584
set_read_ber 0.000100
set_write_ber 0.000010
remove_approx 227930720 237349472
remove_approx 294860768 304279520
remove_a