add_approx 139719596081216 139719596560448
set_read_ber 0.000001
set_write_ber 0.000001
add_approx 139719613718592 139719614197824
set_read_ber 0.000001
set_write_ber 0.000001
remove_approx 139719596081216 139719596560448
remove_approx 139719613718592 139719614197824
add_approx 139719591854144 139719592333376
set_read_ber 0.000001
set_write_ber 0.000001
add_approx 139719596081216 139719596560448
set_read_ber 0.000001
set_write_ber 0.000001
add_approx 139719613718592 139719614197824
set_read_ber 0.000001
set_write_ber 0.000001
remove_approx 139719591854144 139719592333376
remove_approx 139719596081216 139719596560448
remove_approx 139719613718592 139719614197824
add_approx 19535456 20014688
set_read_ber 0.000001
set_write_ber 0.000001
add_approx 139719591854144 139719592333376
set_read_ber 0.000001
set_write_ber 0.000001
add_approx 139719596081216 139719596560448
set_read_ber 0.000001
set_write_ber 0.000001
remove_approx 19535456 20014688
remove_approx 139719591854144 139719592333376
remove_approx 139719596081216 139719596560448
add_approx 19535456 20014688
set_read_ber 0.000001
set_write_ber 0.000001
add_approx 139719591854144 139719592333376
set_read_ber 0.000001
set_write_ber 0.000001
add_approx 139719596081216 139719596560448
set_read_ber 0.000001
set_write_ber 0.000001
add_approx 23387008 23866240
set_read_ber 0.000001
set_write_ber 0.000001
remove_approx 19535456 20014688
remove_approx 139719591854144 139719592333376
remove_approx 139719596081216 139719596560448
remove_approx 23387008 23866240
add_approx 19535456 20014688
set_read_ber 0.000001
set_write_ber 0.000001
add_approx 139719591854144 139719592333376
set_read_ber 0.000001
set_write_ber 0.000001
add_approx 27238560 27717792
set_read_ber 0.000001
set_write_ber 0.000001
add_approx 23387008 23866240
set_read_ber 0.000001
set_write_ber 0.000001
remove_approx 19535456 20014688
remove_approx 139719591854144 139719592333376
remove_approx 27238560 27717792
remove_approx 23387008 23866240
add_approx 23387008 23866240
set_read_ber 0.000001
set_write_ber 0.000001
add_approx 27238560 27717792
set_read_ber 0.000001
set_write_ber 0.000001
add_approx 19535456 20014688
set_read_ber 0.000001
set_write_ber 0.000001
remove_approx 23387008 23866240
remove_approx 27238560 27717792
remove_approx 19535456 20014688
add_approx 139719596081216 139719596560448
set_read_ber 0.000001
set_write_ber 0.000001
add_approx 23387008 23866240
set_read_ber 0.000001
set_write_ber 0.000001
add_approx 27238560 27717792
set_read_ber 0.000001
set_write_ber 0.000001
remove_approx 139719596081216 139719596560448
remove_approx 23387008 23866240
remove_approx 27238560 27717792
add_approx 139719596081216 139719596560448
set_read_ber 0.000001
set_write_ber 0.000001
add_approx 23387008 23866240
set_read_ber 0.000001
set_write_ber 0.000001
add_approx 27238560 27717792
set_read_ber 0.000001
set_write_ber 0.000001
add_approx 139719613718592 139719614197824
set_read_ber 0.000001
set_write_ber 0.000001
remove_approx 139719596081216 139719596560448
remove_approx 23387008 23866240
remove_approx 27238560 2771779