add_approx 140475527381056 140475527860288
set_read_ber 0.001000
set_write_ber 0.000010
add_approx 140475545178176 140475545657408
set_read_ber 0.001000
set_write_ber 0.000010
remove_approx 140475527381056 140475527860288
remove_approx 140475545178176 140475545657408
add_approx 140475523182656 140475523661888
set_read_ber 0.001000
set_write_ber 0.000010
add_approx 140475527381056 140475527860288
set_read_ber 0.001000
set_write_ber 0.000010
add_approx 140475545178176 140475545657408
set_read_ber 0.001000
set_write_ber 0.000010
remove_approx 140475523182656 140475523661888
remove_approx 140475527381056 140475527860288
remove_approx 140475545178176 140475545657408
add_approx 30877056 31356288
set_read_ber 0.001000
set_write_ber 0.000010
add_approx 140475523182656 140475523661888
set_read_ber 0.001000
set_write_ber 0.000010
add_approx 140475527381056 140475527860288
set_read_ber 0.001000
set_write_ber 0.000010
remove_approx 30877056 31356288
remove_approx 140475523182656 140475523661888
remove_approx 140475527381056 140475527860288
add_approx 30877056 31356288
set_read_ber 0.001000
set_write_ber 0.000010
add_approx 140475523182656 140475523661888
set_read_ber 0.001000
set_write_ber 0.000010
add_approx 140475527381056 140475527860288
set_read_ber 0.001000
set_write_ber 0.000010
add_approx 34728608 35207840
set_read_ber 0.001000
set_write_ber 0.000010
remove_approx 30877056 31356288
remove_approx 140475523182656 140475523661888
remove_approx 140475527381056 140475527860288
remove_approx 34728608 35207840
add_approx 30877056 31356288
set_read_ber 0.001000
set_write_ber 0.000010
add_approx 140475523182656 140475523661888
set_read_ber 0.001000
set_write_ber 0.000010
add_approx 38580160 39059392
set_read_ber 0.001000
set_write_ber 0.000010
add_approx 34728608 35207840
set_read_ber 0.001000
set_write_ber 0.000010
remove_approx 30877056 31356288
remove_approx 140475523182656 140475523661888
remove_approx 38580160 39059392
remove_approx 34728608 35207840
add_approx 34728608 35207840
set_read_ber 0.001000
set_write_ber 0.000010
add_approx 38580160 39059392
set_read_ber 0.001000
set_write_ber 0.000010
add_approx 30877056 31356288
set_read_ber 0.001000
set_write_ber 0.000010
remove_approx 34728608 35207840
remove_approx 38580160 39059392
remove_approx 30877056 31356288
add_approx 140475527381056 140475527860288
set_read_ber 0.001000
set_write_ber 0.000010
add_approx 34728608 35207840
set_read_ber 0.001000
set_write_ber 0.000010
add_approx 38580160 39059392
set_read_ber 0.001000
set_write_ber 0.000010
remove_approx 140475527381056 140475527860288
remove_approx 34728608 35207840
remove_approx 38580160 39059392
add_approx 140475527381056 140475527860288
set_read_ber 0.001000
set_write_ber 0.000010
add_approx 34728608 35207840
set_read_ber 0.001000
set_write_ber 0.000010
add_approx 38580160 39059392
set_read_ber 0.001000
set_write_ber 0.000010
add_approx 140475545178176 140475545657408
set_read_ber 0.001000
set_write_ber 0.000010
remove_approx 140475527381056 140475527860288
remove_approx 34728608 35207840
remove_approx 38580160 39059392
remove_approx 140475545178176 140475545657408
add_approx 140475545178176 140475545657408
set_read_ber 0.001000
set_write_ber 0.000010
add_approx 140475527381056 140475527860288
set_read_ber 0.001000
set_write_ber 0.000010
add_approx 34728608 35207840
set_read_ber 0.001000
set_write_ber 0.000010
remove_approx 140475545178176 140475545657408
remove_approx 140475527381056 140475527860288
remove_approx 34728608 35207840
add_approx 30877056 31356288
set_read_ber 0.001000
set_write_ber 0.000010
add_approx 140475545178176 140475545657408
set_read_ber 0.001000
set_write_ber 0.000010
add_approx 140475527381056 140475527860288
set_read_ber 0.001000
set_write_ber 0.000010
remove_approx 30877056 31356288
remove_approx 140475545178176 140475545657408
remove_approx 140475527381056 140475527860288
add_approx 30877056 31356288
set_read_ber 0.001000
set_write_ber 0.000010
add_approx 140475545178176 140475545657408
set_read_ber 0.001000
set_write_ber 0.000010
add_approx 140475527381056 140475527860288
set_read_ber 0.001000
set_write_ber 0.000010
add_approx 140475523182656 140475523661888
set_read_ber 0.001000
set_write_ber 0.000010
remove_approx 30877056 31356288
remove_approx 140475545178176 140475545657408
remove_approx 140475527381056 140475527860288
remove_approx 140475523182656 140475523661888
add_approx 140475523182656 140475523661888
set_read_ber 0.001000
set_write_ber 0.000010
add_approx 30877056 31356288
set_read_ber 0.001000
set_write_ber 0.000010
add_approx 140475545178176 140475545657408
set_read_ber 0.001000
set_write_ber 0.000010
remove_approx 140475523182656 140475523661888
remove_approx 30877056 31356288
remove_approx 140475545178176 140475545657408
add_approx 38580160 39059392
set_read_ber 0.001000
set_write_ber 0.000010
add_approx 140475523182656 140475523661888
set_read_ber 0.001000
set_write_ber 0.000010
add_approx 30877056 31356288
set_read_ber 0.001000
set_write_ber 0.000010
remove_approx 38580160 39059392
remove_approx 140475523182656 140475523661888
remove_approx 30877056 31356288
add_approx 38580160 39059392
set_read_ber 0.001000
set_write_ber 0.000010
add_approx 140475523182656 140475523661888
set_read_ber 0.001000
set_write_ber 0.000010
add_approx 30877056 31356288
set_read_ber 0.001000
set_write_ber 0.000010
add_approx 34728608 35207840
set_read_ber 0.001000
set_write_ber 0.000010
remove_approx 38580160 39059392
remove_approx 140475523182656 140475523661888
remove_approx 30877056 31356288
remove_approx 34728608 35207840
add_approx 38580160 39059392
set_read_ber 0.001000
set_write_ber 0.000010
add_approx 140475523182656 140475523661888
set_read_ber 0.001000
set_write_ber 0.000010
add_approx 140475527381056 140475527860288
set_read_ber 0.001000
set_write_ber 0.000010
add_approx 34728608 35207840
set_read_ber 0.001000
set_write_ber 0.000010
remove_approx 38580160 39059392
remove_approx 140475523182656 140475523661888
remove_approx 140475527381056 140475527860288
remove_approx 34728608 35207840
add_approx 34728608 35207840
set_read_ber 0.001000
set_write_ber 0.000010
add_approx 140475527381056 140475527860288
set_read_ber 0.001000
set_write_ber 0.000010
add_approx 38580160 39059392
set_read_ber 0.001000
set_write_ber 0.000010
remove_approx 34728608 35207840
remove_approx 140475527381056 140475527860288
remove_approx 38580160 39059392
add_approx 30877056 31356288
set_read_ber 0.001000
set_write_ber 0.000010
add_approx 34728608 35207840
set_read_ber 0.001000
set_write_ber 0.000010
add_approx 140475527381056 140475527860288
set_read_ber 0.001000
set_write_ber 0.000010
remove_approx 30877056 31356288
remove_approx 34728608 35207840
remove_approx 140475527381056 140475527860288
add_approx 30877056 31356288
set_read_ber 0.001000
set_write_ber 0.000010
add_approx 34728608 35207840
set_read_ber 0.001000
set_write_ber 0.000010
add_approx 140475527381056 140475527860288
set_read_ber 0.001000
set_write_ber 0.000010
add_approx 140475545178176 140475545657408
set_read_ber 0.001000
set_write_ber 0.000010
remove_approx 30877056 31356288
remove_approx 34728608 35207840
remove_approx 140475527381056 140475527860288
remove_approx 140475545178176 140475545657408
add_approx 140475545178176 140475545657408
set_read_ber 0.001000
set_write_ber 0.000010
add_approx 30877056 31356288
set_read_ber 0.001000
set_write_ber 0.000010
add_approx 34728608 35207840
set_read_ber 0.001000
set_write_ber 0.000010
remove_approx 140475545178176 140475545657408
remove_approx 30877056 31356288
remove_approx 34728608 35207840
add_approx 38580160 39059392
set_read_ber 0.001000
set_write_ber 0.000010
add_approx 140475545178176 140475545657408
set_read_ber 0.001000
set_write_ber 0.000010
add_approx 30877056 31356288
set_read_ber 0.001000
set_write_ber 0.000010
remove_approx 38580160 39059392
remove_approx 140475545178176 140475545657408
remove_approx 30877056 31356288
add_approx 38580160 39059392
set_read_ber 0.001000
set_write_ber 0.000010
add_approx 140475545178176 140475545657408
set_read_ber 0.001000
set_write_ber 0.000010
add_approx 30877056 31356288
set_read_ber 0.001000
set_write_ber 0.000010
add_approx 140475523182656 140475523661888
set_read_ber 0.001000
set_write_ber 0.000010
#eof
