add_approx 140691152310336 140691152789568
set_read_ber 0.001000
set_write_ber 0.000100
add_approx 140691169947712 140691170426944
set_read_ber 0.001000
set_write_ber 0.000100
remove_approx 140691152310336 140691152789568
remove_approx 140691169947712 140691170426944
add_approx 140691148103744 140691148582976
set_read_ber 0.001000
set_write_ber 0.000100
add_approx 140691152310336 140691152789568
set_read_ber 0.001000
set_write_ber 0.000100
add_approx 140691169947712 140691170426944
set_read_ber 0.001000
set_write_ber 0.000100
remove_approx 140691148103744 140691148582976
remove_approx 140691152310336 140691152789568
remove_approx 140691169947712 140691170426944
add_approx 41555552 42034784
set_read_ber 0.001000
set_write_ber 0.000100
add_approx 140691148103744 140691148582976
set_read_ber 0.001000
set_write_ber 0.000100
add_approx 140691152310336 140691152789568
set_read_ber 0.001000
set_write_ber 0.000100
remove_approx 41555552 42034784
remove_approx 140691148103744 140691148582976
remove_approx 140691152310336 140691152789568
add_approx 41555552 42034784
set_read_ber 0.001000
set_write_ber 0.000100
add_approx 140691148103744 140691148582976
set_read_ber 0.001000
set_write_ber 0.000100
add_approx 140691152310336 140691152789568
set_read_ber 0.001000
set_write_ber 0.000100
add_approx 45407104 45886336
set_read_ber 0.001000
set_write_ber 0.000100
remove_approx 41555552 42034784
remove_approx 140691148103744 140691148582976
remove_approx 140691152310336 140691152789568
remove_approx 45407104 45886336
add_approx 41555552 42034784
set_read_ber 0.001000
set_write_ber 0.000100
add_approx 140691148103744 140691148582976
set_read_ber 0.001000
set_write_ber 0.000100
add_approx 49258656 49737888
set_read_ber 0.001000
set_write_ber 0.000100
add_approx 45407104 45886336
set_read_ber 0.001000
set_write_ber 0.000100
remove_approx 41555552 42034784
remove_approx 140691148103744 140691148582976
remove_approx 49258656 49737888
remove_approx 45407104 45886336
add_approx 45407104 45886336
set_read_ber 0.001000
set_write_ber 0.000100
add_approx 49258656 49737888
set_read_ber 0.001000
set_write_ber 0.000100
add_approx 41555552 42034784
set_read_ber 0.001000
set_write_ber 0.000100
remove_approx 45407104 45886336
remove_approx 49258656 49737888
remove_approx 41555552 42034784
add_approx 140691152310336 140691152789568
set_read_ber 0.001000
set_write_ber 0.000100
add_approx 45407104 45886336
set_read_ber 0.001000
set_write_ber 0.000100
add_approx 49258656 49737888
set_read_ber 0.001000
set_write_ber 0.000100
remove_approx 140691152310336 140691152789568
remove_approx 45407104 45886336
remove_approx 49258656 49737888
add_approx 140691152310336 140691152789568
set_read_ber 0.001000
set_write_ber 0.000100
add_approx 45407104 45886336
set_read_ber 0.001000
set_write_ber 0.000100
add_approx 49258656 49737888
set_read_ber 0.001000
set_write_ber 0.000100
add_approx 140691169947712 140691170426944
set_read_ber 0.001000
set_write_ber 0.000100
remove_approx 140691152310336 140691152789568
remove_approx 45407104 45886336
remove_approx 49258656 49737888
remove_approx 140691169947712 140691170426944
add_approx 140691169947712 140691170426944
set_read_ber 0.001000
set_write_ber 0.000100
add_approx 140691152310336 140691152789568
set_read_ber 0.001000
set_write_ber 0.000100
add_approx 45407104 45886336
set_read_ber 0.001000
set_write_ber 0.000100
remove_approx 140691169947712 140691170426944
remove_approx 140691152310336 140691152789568
remove_approx 45407104 45886336
add_approx 41555552 42034784
set_read_ber 0.001000
set_write_ber 0.000100
add_approx 140691169947712 140691170426944
set_read_ber 0.001000
set_write_ber 0.000100
add_approx 140691152310336 140691152789568
set_read_ber 0.001000
set_write_ber 0.000100
remove_approx 41555552 42034784
remove_approx 140691169947712 140691170426944
remove_approx 140691152310336 140691152789568
add_approx 41555552 42034784
set_read_ber 0.001000
set_write_ber 0.000100
add_approx 140691169947712 140691170426944
set_read_ber 0.001000
set_write_ber 0.000100
add_approx 140691152310336 140691152789568
set_read_ber 0.001000
set_write_ber 0.000100
add_approx 140691148103744 140691148582976
set_read_ber 0.001000
set_write_ber 0.000100
remove_approx 41555552 42034784
remove_approx 140691169947712 140691170426944
remove_approx 140691152310336 140691152789568
remove_approx 140691148103744 140691148582976
add_approx 140691148103744 140691148582976
set_read_ber 0.001000
set_write_ber 0.000100
add_approx 41555552 42034784
set_read_ber 0.001000
set_write_ber 0.000100
add_approx 140691169947712 140691170426944
set_read_ber 0.001000
set_write_ber 0.000100
remove_approx 140691148103744 140691148582976
remove_approx 41555552 42034784
remove_approx 140691169947712 140691170426944
add_approx 49258656 49737888
set_read_ber 0.001000
set_write_ber 0.000100
add_approx 140691148103744 140691148582976
set_read_ber 0.001000
set_write_ber 0.000100
add_approx 41555552 42034784
set_read_ber 0.001000
set_write_ber 0.000100
remove_approx 49258656 49737888
remove_approx 140691148103744 140691148582976
remove_approx 41555552 42034784
add_approx 49258656 49737888
set_read_ber 0.001000
set_write_ber 0.000100
add_approx 140691148103744 140691148582976
set_read_ber 0.001000
set_write_ber 0.000100
add_approx 41555552 42034784
set_read_ber 0.001000
set_write_ber 0.000100
add_approx 45407104 45886336
set_read_ber 0.001000
set_write_ber 0.000100
remove_approx 49258656 49737888
remove_approx 140691148103744 140691148582976
remove_approx 41555552 42034784
remove_approx 45407104 45886336
add_approx 49258656 49737888
set_read_ber 0.001000
set_write_ber 0.000100
add_approx 140691148103744 140691148582976
set_read_ber 0.001000
set_write_ber 0.000100
add_approx 140691152310336 140691152789568
set_read_ber 0.001000
set_write_ber 0.000100
add_approx 45407104 45886336
set_read_ber 0.001000
set_write_ber 0.000100
remove_approx 49258656 49737888
remove_approx 140691148103744 140691148582976
remove_approx 140691152310336 140691152789568
remove_approx 45407104 45886336
add_approx 45407104 45886336
set_read_ber 0.001000
set_write_ber 0.000100
add_approx 140691152310336 140691152789568
set_read_ber 0.001000
set_write_ber 0.000100
add_approx 49258656 49737888
set_read_ber 0.001000
set_write_ber 0.000100
remove_approx 45407104 45886336
remove_approx 140691152310336 140691152789568
remove_approx 49258656 49737888
add_approx 41555552 42034784
set_read_ber 0.001000
set_write_ber 0.000100
add_approx 45407104 45886336
set_read_ber 0.001000
set_write_ber 0.000100
add_approx 140691152310336 140691152789568
set_read_ber 0.001000
set_write_ber 0.000100
remove_approx 41555552 42034784
remove_approx 45407104 45886336
remove_approx 140691152310336 140691152789568
add_approx 41555552 42034784
set_read_ber 0.001000
set_write_ber 0.000100
add_approx 45407104 45886336
set_read_ber 0.001000
set_write_ber 0.000100
add_approx 140691152310336 140691152789568
set_read_ber 0.001000
set_write_ber 0.000100
add_approx 140691169947712 140691170426944
set_read_ber 0.001000
set_write_ber 0.000100
remove_approx 41555552 42034784
remove_approx 45407104 45886336
remove_approx 140691152310336 140691152789568
remove_approx 140691169947712 140691170426944
add_approx 140691169947712 140691170426944
set_read_ber 0.001000
set_write_ber 0.000100
add_approx 41555552 42034784
set_read_ber 0.001000
set_write_ber 0.000100
add_approx 45407104 45886336
set_read_ber 0.001000
set_write_ber 0.000100
remove_approx 140691169947712 140691170426944
remove_approx 41555552 42034784
remove_approx 45407104 45886336
add_approx 49258656 49737888
set_read_ber 0.001000
set_write_ber 0.000100
add_approx 140691169947712 140691170426944
set_read_ber 0.001000
set_write_ber 0.000100
add_approx 41555552 42034784
set_read_ber 0.001000
set_write_ber 0.000100
remove_approx 49258656 49737888
remove_approx 140691169947712 140691170426944
remove_approx 41555552 42034784
add_approx 49258656 49737888
set_read_ber 0.001000
set_write_ber 0.000100
add_approx 140691169947712 140691170426944
set_read_ber 0.001000
set_write_ber 0.000100
add_approx 41555552 42034784
set_read_ber 0.001000
set_write_ber 0.000100
add_approx 140691148103744 140691148582976
set_read_ber 0.001000
set_write_ber 0.000100
remove_approx 49258656 49737888
remove_approx 140691169947712 140691170426944
remove_approx 41555552 42034784
remove_approx 140691148103744 140691148582976
add_approx 140691148103744 140691148582976
set_read_ber 0.001000
set_write_ber 0.000100
add_approx 49258656 49737888
set_read_ber 0.001000
set_write_ber 0.000100
add_approx 140691169947712 140691170426944
set_read_ber 0.001000
set_write_ber 0.000100
remove_approx 140691148103744 140691148582976
remove_approx 49258656 49737888
remove_approx 140691169947712 140691170426944
add_approx 140691152310336 140691152789568
set_read_ber 0.001000
set_write_ber 0.000100
add_approx 140691148103744 140691148582976
set_read_ber 0.001000
set_write_ber 0.000100
add_approx 49258656 49737888
set_read_ber 0.001000
set_write_ber 0.000100
remove_approx 140691152310336 140691152789568
remove_approx 140691148103744 140691148582976
remove_approx 49258656 49737888
add_approx 140691152310336 140691152789568
set_read_ber 0.001000
set_write_ber 0.000100
add_approx 140691148103744 140691148582976
set_read_ber 0.001000
set_write_ber 0.000100
add_approx 49258656 49737888
set_read_ber 0.001000
set_write_ber 0.000100
add_approx 45407104 45886336
set_read_ber 0.001000
set_write_ber 0.000100
remove_approx 140691152310336 140691152789568
remove_approx 140691148103744 140691148582976
remove_approx 49258656 49737888
remove_approx 45407104 45886336
add_approx 140691152310336 140691152789568
set_read_ber 0.001000
set_write_ber 0.000100
add_approx 140691148103744 140691148582976
set_read_ber 0.001000
set_write_ber 0.000100
add_approx 41555552 42034784
set_read_ber 0.001000
set_write_ber 0.000100
add_approx 45407104 45886336
set_read_ber 0.001000
set_write_ber 0.000100
remove_approx 140691152310336 140691152789568
remove_approx 140691148103744 140691148582976
remove_approx 41555552 42034784
remove_approx 45407104 45886336
add_approx 45407104 45886336
set_read_ber 0.001000
set_write_ber 0.000100
add_approx 41555552 42034784
set_read_ber 0.001000
set_write_ber 0.000100
add_approx 140691152310336 140691152789568
set_read_ber 0.001000
set_write_ber 0.000100
remove_approx 45407104 45886336
remove_approx 41555552 42034784
remove_approx 140691152310336 140691152789568
add_approx 49258656 49737888
set_read_ber 0.001000
set_write_ber 0.000100
add_approx 45407104 45886336
set_read_ber 0.001000
set_write_ber 0.000100
add_approx 41555552 42034784
set_read_ber 0.001000
set_write_ber 0.000100
remove_approx 49258656 49737888
remove_approx 45407104 45886336
remove_approx 41555552 42034784
add_approx 49258656 49737888
set_read_ber 0.001000
set_write_ber 0.000100
add_approx 45407104 45886336
set_read_ber 0.001000
set_write_ber 0.000100
add_approx 41555552 42034784
set_read_ber 0.001000
set_write_ber 0.000100
add_approx 140691169947712 140691170426944
set_read_ber 0.001000
set_write_ber 0.000100
remove_approx 49258656 49737888
remove_approx 45407104 45886336
remove_approx 41555552 42034784
remove_approx 140691169947712 140691170426944
add_approx 140691169947712 140691170426944
set_read_ber 0.001000
set