add_approx 140638672191552 140638681610304
set_read_ber 0.000000
set_write_ber 0.000001
add_approx 140638811664448 140638821083200
set_read_ber 0.000000
set_write_ber 0.000001
remove_approx 140638672191552 140638681610304
remove_approx 140638811664448 140638821083200
add_approx 199820928 209239680
set_read_ber 0.000000
set_write_ber 0.000001
add_approx 140638672191552 140638681610304
set_read_ber 0.000000
set_write_ber 0.000001
add_approx 140638811664448 140638821083200
set_read_ber 0.000000
set_write_ber 0.000001
remove_approx 199820928 209239680
remove_approx 140638672191552 140638681610304
remove_approx 140638811664448 140638821083200
add_approx 199820928 209239680
set_read_ber 0.000000
set_write_ber 0.000001
add_approx 140638672191552 140638681610304
set_read_ber 0.000000
set_write_ber 0.000001
add_approx 140638811664448 140638821083200
set_read_ber 0.000000
set_write_ber 0.000001
add_approx 274654176 284072928
set_read_ber 0.000000
set_write_ber 0.000001
remove_approx 199820928 209239680
remove_approx 140638672191552 140638681610304
remove_approx 140638811664448 140638821083200
remove_approx 274654176 284072928
add_approx 199820928 209239680
set_read_ber 0.000000
set_write_ber 0.000001
add_approx 140638672191552 140638681610304
set_read_ber 0.000000
set_write_ber 0.000001
add_approx 341584224 351002976
set_read_ber 0.000000
set_write_ber 0.000001
add_approx 274654176 284072928
set_read_ber 0.000000
set_write_ber 0.000001
remove_approx 199820928 209239680
remove_approx 140638672191552 140638681610304
remove_approx 341584224 351002976
remove_approx 274654176 284072928
add_approx 199820928 209239680
set_read_ber 0.000000
set_write_ber 0.000001
add_approx 140638672191552 140638681610304
set_read_ber 0.000000
set_write_ber 0.000001
add_approx 341584224 351002976
set_read_ber 0.000000
set_write_ber 0.000001
add_approx 274654176 284072928
set_read_ber 0.000000
set_write_ber 0.000001
remove_approx 199820928 209239680
remove_approx 140638672191552 140638681610304
remove_approx 341584224 351002976
remove_approx 274654176 284072928
add_approx 341584224 351002976
set_read_ber 0.000000
set_write_ber 0.000001
add_approx 199820928 209239680
set_read_ber 0.000000
set_write_ber 0.000001
add_approx 140638672191552 140638681610304
set_read_ber 0.000000
set_write_ber 0.000001
add_approx 274654176 284072928
set_read_ber 0.000000
set_write_ber 0.000001
remove_approx 341584224 351002976
remove_approx 199820928 209239680
remove_approx 140638672191552 140638681610304
remove_approx 274654176 284072928
add_approx 274654176 284072928
set_read_ber 0.000000
set_write_ber 0.000001
add_approx 341584224 351002976
set_read_ber 0.000000
set_write_ber 0.000001
add_approx 199820928 209239680
set_read_ber 0.000000
set_write_ber 0.000001
remove_approx 274654176 284072928
remove_approx 341584224 351002976
remove_approx 199820928 209239680
add_approx 274654176 284072928
set_read_ber 0.000000
set_write_ber 0.000001
add_approx 341584224 351002976
set_read_ber 0.000000
set_write_ber 0.000001
add_approx 199820928 209239680
set_read_ber 0.000000
set_write_ber 0.000001
add_approx 140638811664448 140638821083200
set_read_ber 0.000000
set_write_ber 0.000001
remove_approx 274654176 284072928
remove_approx 341584224 351002976
remove_approx 199820928 209239680
remove_approx 140638811664448 140638821083200
add_approx 274654176 284072928
set_read_ber 0.000000
set_write_ber 0.000001
add_approx 341584224 351002976
set_read_ber 0.000000
set_write_ber 0.000001
add_approx 408514272 417933024
set_read_ber 0.000000
set_write_ber 0.000001
add_approx 140638811664448 140638821083200
set_read_ber 0.000000
set_write_ber 0.000001
remove_approx 274654176 284072928
remove_approx 341584224 351002976
remove_approx 408514272 417933024
remove_approx 140638811664448 140638821083200
add_approx 140638811664448 140638821083200
set_read_ber 0.000000
set_write_ber 0.000001
add_approx 408514272 417933024
set_read_ber 0.000000
set_write_ber 0.000001
add_approx 274654176 284072928
set_read_ber 0.000000
set_write_ber 0.000001
remove_approx 140638811664448 140638821083200
remove_approx 408514272 417933024
remove_approx 274654176 284072928
add_approx 140638811664448 140638821083200
set_read_ber 0.000000
set_write_ber 0.000001
add_approx 408514272 417933024
set_read_ber 0.000000
set_write_ber 0.000001
add_approx 341584224 351002976
set_read_ber 0.000000
set_write_ber 0.000001
add_approx 199820928 209239680
set_read_ber 0.000000
set_write_ber 0.000001
remove_approx 140638811664448 140638821083200
remove_approx 408514272 417933024
remove_approx 341584224 351002976
remove_approx 199820928 209239680
add_approx 140638811664448 140638821083200
set_read_ber 0.000000
set_write_ber 0.000001
add_approx 408514272 417933024
set_read_ber 0.000000
set_write_ber 0.000001
add_approx 140638672191552 140638681610304
set_read_ber 0.000000
set_write_ber 0.000001
add_approx 199820928 209239680
set_read_ber 0.000000
set_write_ber 0.000001
remove_approx 140638811664448 140638821083200
remove_approx 408514272 417933024
remove_approx 140638672191552 140638681610304
remove_approx 199820928 209239680
add_approx 140638811664448 140638821083200
set_read_ber 0.000000
set_write_ber 0.000001
add_approx 408514272 417933024
set_read_ber 0.000000
set_write_ber 0.000001
add_approx 140638672191552 140638681610304
set_read_ber 0.000000
set_write_ber 0.000001
add_approx 199820928 209239680
set_read_ber 0.000000
set_write_ber 0.000001
remove_approx 140638811664448 140638821083200
remove_approx 408514272 417933024
remove_approx 140638672191552 140638681610304
remove_approx 199820928 209239680
add_approx 140638672191552 140638681610304
set_read_ber 0.000000
set_write_ber 0.000001
add_approx 140638811664448 140638821083200
set_read_ber 0.000000
set_write_ber 0.000001
add_approx 408514272 417933024
set_read_ber 0.000000
set_write_ber 0.000001
add_approx 199820928 209239680
set_read_ber 0.000000
set_write_ber 0.000001
remove_approx 140638672191552 140638681610304
remove_approx 140638811664448 140638821083200
remove_approx 408514272 417933024
remove_approx 199820928 209239680
add_approx 199820928 209239680
set_read_ber 0.000000
set_write_ber 0.000001
add_approx 140638672191552 140638681610304
set_read_ber 0.000000
set_write_ber 0.000001
add_approx 140638811664448 140638821083200
set_read_ber 0.000000
set_write_ber 0.000001
remove_approx 199820928 209239680
remove_approx 140638672191552 140638681610304
remove_approx 140638811664448 140638821083200
add_approx 199820928 209239680
set_read_ber 0.000000
set_write_ber 0.000001
add_approx 140638672191552 140638681610304
set_read_ber 0.000000
set_write_ber 0.000001
add_approx 408514272 417933024
set_read_ber 0.000000
set_write_ber 0.000001
add_approx 341584224 351002976
set_read_ber 0.000000
set_write_ber 0.000001
remove_approx 199820928 209239680
remove_approx 140638672191552 140638681610304
remove_approx 408514272 417933024
remove_approx 341584224 351002976
add_approx 199820928 209239680
set_read_ber 0.000000
set_write_ber 0.000001
add_approx 140638672191552 140638681610304
set_read_ber 0.000000
set_write_ber 0.000001
add_approx 274654176 284072928
set_read_ber 0.000000
set_write_ber 0.000001
add_approx 341584224 351002976
set_read_ber 0.000000
set_write_ber 0.000001
remove_approx 199820928 209239680
remove_approx 140638672191552 140638681610304
remove_approx 274654176 284072928
remove_approx 341584224 351002976
add_approx 199820928 209239680
set_read_ber 0.000000
set_write_ber 0.000001
add_approx 140638672191552 140638681610304
set_read_ber 0.000000
set_write_ber 0.000001
add_approx 274654176 284072928
set_read_ber 0.000000
set_write_ber 0.000001
add_approx 341584224 351002976
set_read_ber 0.000000
set_write_ber 0.000001
remove_approx 199820928 209239680
remove_approx 140638672191552 140638681610304
remove_approx 274654176 284072928
remove_approx 341584224 351002976
add_approx 274654176 284072928
set_read_ber 0.000000
set_write_ber 0.000001
add_approx 199820928 209239680
set_read_ber 0.000000
set_write_ber 0.000001
add_approx 140638672191552 140638681610304
set_read_ber 0.000000
set_write_ber 0.000001
add_approx 341584224 351002976
set_read_ber 0.000000
set_write_ber 0.000001
remove_approx 274654176 284072928
remove_approx 199820928 209239680
remove_approx 140638672191552 140638681610304
remove_approx 341584224 351002976
add_approx 341584224 351002976
set_read_ber 0.000000
set_write_ber 0.000001
add_approx 274654176 284072928
set_read_ber 0.000000
set_write_ber 0.000001
add_approx 199820928 209239680
set_read_ber 0.000000
set_write_ber 0.000001
remove_approx 341584224 351002976
remove_approx 274654176 284072928
remove_approx 199820928 209239680
add_approx 341584224 351002976
set_read_ber 0.000000
set_write_ber 0.000001
add_approx 274654176 284072928
set_read_ber 0.000000
set_write_ber 0.000001
add_approx 140638672191552 140638681610304
set_read_ber 0.000000
set_write_ber 0.000001
add_approx 408514272 417933024
set_read_ber 0.000000
set_write_ber 0.000001
remove_approx 341584224 351002976
remove_approx 274654176 284072928
remove_approx 140638672191552 140638681610304
remove_approx 408514272 417933024
add_approx 341584224 351002976
set_read_ber 0.000000
set_write_ber 0.000001
add_approx 274654176 284072928
set_read_ber 0.000000
set_write_ber 0.000001
add_approx 140638811664448 140638821083200
set_read_ber 0.000000
set_write_ber 0.000001
add_approx 408514272 417933024
set_read_ber 0.000000
set_write_ber 0.000001
remove_approx 341584224 351002976
remove_approx 274654176 284072928
remove_approx 140638811664448 140638821083200
remove_approx 408514272 417933024
add_approx 341584224 351002976
set_read_ber 0.000000
set_write_ber 0.000001
add_approx 274654176 284072928
set_read_ber 0.000000
set_write_ber 0.000001
add_approx 140638811664448 140638821083200
set_read_ber 0.000000
set_write_ber 0.000001
add_approx 408514272 417933024
set_read_ber 0.000000
set_write_ber 0.000001
remove_approx 341584224 351002976
remove_approx 274654176 284072928
remove_approx 140638811664448 140638821083200
remove_approx 408514272 417933024
add_approx 140638811664448 140638821083200
set_read_ber 0.000000
set_write_ber 0.000001
add_approx 341584224 351002976
set_read_ber 0.000000
set_write_ber 0.000001
add_approx 274654176 284072928
set_read_ber 0.000000
set_write_ber 0.000001
add_approx 408514272 417933024
set_read_ber 0.000000
set_write_ber 0.000001
remove_approx 140638811664448 140638821083200
remove_approx 341584224 351002976
remove_approx 274654176 284072928
remove_approx 408514272 417933024
add_approx 408514272 417933024
set_read_ber 0.000000
set_write_ber 0.000001
add_approx 140638811664448 140638821083200
set_read_ber 0.000000
set_write_ber 0.000001
add_approx 341584224 351002976
set_read_ber 0.000000
set_write_ber 0.000001
remove_approx 408514272 417933024
remove_approx 140638811664448 140638821083200
remove_approx 341584224 351002976
add_approx 408514272 417933024
set_read_ber 0.000000
set_write_ber 0.000001
add_approx 140638811664448 140638821083200
set_read_ber 0.000000
set_write_ber 0.000001
add_approx 274654176 284072928
set_read_ber 0.000000
set_write_ber 0.000001
add_approx 140638672191552 140638681610304
set_read_ber 0.000000
set_write_ber 0.000001
remove_approx 408514272 417933024
remove_approx 140638811664448 140638821083200
remove_approx 274654176 284072928
remove_approx 140638672191552 140638681610304
add_approx 408514272 417933024
set_read_ber 0.000000
set_write_ber 0.000001
add_approx 140638811664448 140638821083200
set_read_ber 0.000000
set_write_ber 0.000001
add_approx 199820928 209239680
set_read_ber 0.000000
set_write_ber 0.000001
add_approx 140638672191552 140638681610304
set_read_ber 0.000000
set_write_ber 0.000001
remove_approx 408514272 417933024
remove_approx 140638811664448 140638821083200
remove_approx 199820928 209239680
remove_approx 140638672191552 140638681610304
add_approx 140638672191552 140638681610304
set_read_ber 0.000000
set_write_ber 0.000001
add_approx 199820928 209239680
set_read_ber 0.000000
set_write_ber 0.000001
add_approx 408514272 417933024
set_read_ber 0.000000
set_write_ber 0.000001
remove_approx 140638672191552 140638681610304
remove_approx 199820928 209239680
remove_approx 408514272 417933024
add_approx 140638672191552 140638681610304
set_read_ber 0.000000
set_write_ber 0.000001
add_approx 199820928 209239680
set_read_ber 0.000000
set_write_ber 0.000001
add_approx 140638811664448 140638821083200
set_read_ber 0.000000
set_write_ber 0.000001
add_approx 274654176 284072928
set_read_ber 0.000000
set_write_ber 0.000001
remove_approx 140638672191552 140638681610304
remove_approx 199820928 209239680
remove_approx 140638811664448 140638821083200
remove_approx 274654176 284072928
add_approx 140638672191552 140638681610304
set_read_ber 0.000000
set_write_ber 0.000001
add_approx 199820928 209239680
set_read_ber 0.000000
set_write_ber 0.000001
add_approx 341584224 351002976
set_read_ber 0.000000
set_write_ber 0.000001
add_approx 274654176 284072928
set_read_ber 0.000000
set_write_ber 0.000001
remove_approx 140638672191552 140638681610304
remove_approx 199820928 209239680
remove_approx 341584224 351002976
remove_approx 274654176 284072928
add_approx 140638672191552 140638681610304
set_read_ber 0.000000
set_write_ber 0.000001
add_approx 199820928 209239680
set_read_ber 0.000000
set_write_ber 0.000001
add_approx 341584224 351002976
set_read_ber 0.000000
set_write_ber 0.000001
add_approx 274654176 284072928
set_read_ber 0.000000
set_write_ber 0.000001
remove_approx 140638672191552 140638681610304
remove_approx 199820928 209239680
remove_approx 341584224 351002976
remove_approx 274654176 284072928
add_approx 341584224 351002976
set_read_ber 0.000000
set_write_ber 0.000001
add_approx 140638672191552 140638681610304
set_read_ber 0.000000
set_write_ber 0.000001
add_approx 199820928 209239680
set_read_ber 0.000000
set_write_ber 0.000001
add_approx 274654176 284072928
set_read_ber 0.000000
set_write_ber 0.000001
remove_approx 341584224 351002976
remove_approx 140638672191552 140638681610304
remove_approx 199820928 209239680
remove_approx 274654176 284072928
add_approx 274654176 284072928
set_read_ber 0.000000
set_write_ber 0.000001
add_approx 341584224 351002976
set_read_ber 0.000000
set_write_ber 0.000001
add_approx 140638672191552 140638681610304
set_read_ber 0.000000
set_write_ber 0.000001
remove_approx 274654176 284072928
remove_approx 341584224 351002976
remove_approx 140638672191552 140638681610304
add_approx 274654176 284072928
set_read_ber 0.000000
set_write_ber 0.000001
add_approx 341584224 351002976
set_read_ber 0.000000
set_write_ber 0.000001
add_approx 199820928 209239680
set_read_ber 0.000000
set_write_ber 0.000001
add_approx 140638811664448 140638821083200
set_read_ber 0.000000
set_write_ber 0.000001
remove_approx 274654176 284072928
remove_approx 341584224 351002976
remove_approx 199820928 209239680
remove_approx 140638811664448 140638821083200
add_approx 274654176 284072928
set_read_ber 0.000000
set_write_ber 0.000001
add_approx 341584224 351002976
set_read_ber 0.000000
set_write_ber 0.000001
add_approx 408514272 417933024
set_read_ber 0.000000
set_write_ber 0.000001
add_approx 140638811664448 140638821083200
set_read_ber 0.000000
set_write_ber 0.000001
remove_approx 274654176 284072928
remove_approx 341584224 351002976
remove_approx 408514272 417933024
remove_approx 140638811664448 140638821083200
add_approx 274654176 284072928
set_read_ber 0.000000
set_write_ber 0.000001
add_approx 341584224 351002976
set_read_ber 0.000000
set_write_ber 0.000001
add_approx 408514272 417933024
set_read_ber 0.000000
set_write_ber 0.000001
add_approx 140638811664448 140638821083200
set_read_ber 0.000000
set_write_ber 0.000001
remove_approx 274654176 284072928
remove_approx 341584224 351002976
remove_approx 408514272 417933024
remove_approx 140638811664448 140638821083200
add_approx 408514272 417933024
set_read_ber 0.000000
set_write_ber 0.000001
add_approx 274654176 284072928
set_read_ber 0.000000
set_write_ber 0.000001
add_approx 341584224 351002976
set_read_ber 0.000000
set_write_ber 0.000001
add_approx 140638811664448 140638821083200
set_read_ber 0.000000
set_write_ber 0.000001
remove_approx 408514272 417933024
remove_approx 274654176 284072928
remove_approx 341584224 351002976
remove_approx 140638811664448 140638821083200
add_approx 140638811664448 140638821083200
set_read_ber 0.000000
set_write_ber 0.000001
add_approx 408514272 417933024
set_read_ber 0.000000
set_write_ber 0.000001
add_approx 274654176 284072928
set_read_ber 0.000000
set_write_ber 0.000001
remove_approx 140638811664448 140638821083200
remove_approx 408514272 417933024
remove_approx 274654176 284072928
add_approx 140638811664448 140638821083200
set_read_ber 0.000000
set_write_ber 0.000001
add_approx 408514272 417933024
set_read_ber 0.000000
set_write_ber 0.000001
add_approx 341584224 351002976
set_read_ber 0.000000
set_write_ber 0.000001
add_approx 199820928 209239680
set_read_ber 0.000000
set_write_ber 0.000001
remove_approx 140638811664448 140638821083200
remove_approx 408514272 417933024
remove_approx 341584224 351002976
remove_approx 199820928 209239680
add_approx 199820928 209239680
set_read_ber 0.000000
set_write_ber 0.000001
add_approx 140638811664448 140638821083200
set_read_ber 0.000000
set_write_ber 0.000001
add_approx 408514272 417933024
set_read_ber 0.000000
set_write_ber 0.000001
remove_approx 199820928 209239680
remove_approx 140638811664448 140638821083200
remove_approx 408514272 417933024
add_approx 199820928 209239680
set_read_ber 0.000000
set_write_ber 0.000001
add_approx 140638811664448 140638821083200
set_read_ber 0.000000
set_write_ber 0.000001
add_approx 408514272 417933024
set_read_ber 0.000000
set_write_ber 0.000001
add_approx 274654176 284072928
set_read_ber 0.000000
set_write_ber 0.000001
remove_approx 199820928 209239680
remove_approx 140638811664448 140638821083200
remove_approx 408514272 417933024
remove_approx 274654176 284072928
add_approx 199820928 209239680
set_read_ber 0.000000
set_write_ber 0.000001
add_approx 408514272 417933024
set_read_ber 0.000000
set_write_ber 0.000001
add_approx 140638672191552 140638681610304
set_read_ber 0.000000
set_write_ber 0.000001
add_approx 274654176 284072928
set_read_ber 0.000000
set_write_ber 0.000001
remove_approx 199820928 209239680
remove_approx 408514272 417933024
remove_approx 140638672191552 140638681610304
remove_approx 274654176 284072928
add_approx 199820928 209239680
set_read_ber 0.000000
set_write_ber 0.000001
add_approx 408514272 417933024
set_read_ber 0.000000
set_write_ber 0.000001
add_approx 140638672191552 140638681610304
set_read_ber 0.000000
set_write_ber 0.000001
add_approx 274654176 284072928
set_read_ber 0.000000
set_write_ber 0.000001
remove_approx 199820928 209239680
remove_approx 408514272 417933024
remove_approx 140638672191552 140638681610304
remove_approx 274654176 284072928
add_approx 140638672191552 140638681610304
set_read_ber 0.000000
set_write_ber 0.000001
add_approx 199820928 209239680
set_read_ber 0.000000
set_write_ber 0.000001
add_approx 408514272 417933024
set_read_ber 0.000000
set_write_ber 0.000001
add_approx 274654176 284072928
set_read_ber 0.000000
set_write_ber 0.000001
remove_approx 140638672191552 140638681610304
remove_approx 199820928 209239680
remove_approx 408514272 417933024
remove_approx 274654176 284072928
add_approx 274654176 284072928
set_read_ber 0.000000
set_write_ber 0.000001
add_approx 140638672191552 140638681610304
set_read_ber 0.000000
set_write_ber 0.000001
add_approx 199820928 209239680
set_read_ber 0.000000
set_write_ber 0.000001
remove_approx 274654176 284072928
remove_approx 140638672191552 140638681610304
remove_approx 199820928 209239680
add_approx 274654176 284072928
set_read_ber 0.000000
set_write_ber 0.000001
add_approx 140638672191552 140638681610304
set_read_ber 0.000000
set_write_ber 0.000001
add_approx 199820928 209239680
set_read_ber 0.000000
set_write_ber 0.000001
add_approx 140638811664448 140638821083200
set_read_ber 0.000000
set_write_ber 0.000001
#eof
