add_approx 139646401536064 139646402015296
set_read_ber 0.000000
set_write_ber 0.000100
add_approx 139646419071040 139646419550272
set_read_ber 0.000000
set_write_ber 0.000100
remove_approx 139646401536064 139646402015296
remove_approx 139646419071040 139646419550272
add_approx 139646397177920 139646397657152
set_read_ber 0.000000
set_write_ber 0.000100
add_approx 139646401536064 139646402015296
set_read_ber 0.000000
set_write_ber 0.000100
add_approx 139646419071040 139646419550272
set_read_ber 0.000000
set_write_ber 0.000100
remove_approx 139646397177920 139646397657152
remove_approx 139646401536064 139646402015296
remove_approx 139646419071040 139646419550272
add_approx 46138976 46618208
set_read_ber 0.000000
set_write_ber 0.000100
add_approx 139646397177920 139646397657152
set_read_ber 0.000000
set_write_ber 0.000100
add_approx 139646401536064 139646402015296
set_read_ber 0.000000
set_write_ber 0.000100
remove_approx 46138976 46618208
remove_approx 139646397177920 139646397657152
remove_approx 139646401536064 139646402015296
add_approx 46138976 46618208
set_read_ber 0.000000
set_write_ber 0.000100
add_approx 139646397177920 139646397657152
set_read_ber 0.000000
set_write_ber 0.000100
add_approx 139646401536064 139646402015296
set_read_ber 0.000000
set_write_ber 0.000100
add_approx 49990528 50469760
set_read_ber 0.000000
set_write_ber 0.000100
remove_approx 46138976 46618208
remove_approx 139646397177920 139646397657152
remove_approx 139646401536064 139646402015296
remove_approx 49990528 50469760
add_approx 46138976 46618208
set_read_ber 0.000000
set_write_ber 0.000100
add_approx 139646397177920 139646397657152
set_read_ber 0.000000
set_write_ber 0.000100
add_approx 53842080 54321312
set_read_ber 0.000000
set_write_ber 0.000100
add_approx 49990528 50469760
set_read_ber 0.000000
set_write_ber 0.000100
remove_approx 46138976 46618208
remove_approx 139646397177920 139646397657152
remove_approx 53842080 54321312
remove_approx 49990528 50469760
add_approx 49990528 50469760
set_read_ber 0.000000
set_write_ber 0.000100
add_approx 53842080 54321312
set_read_ber 0.000000
set_write_ber 0.000100
add_approx 46138976 46618208
set_read_ber 0.000000
set_write_ber 0.000100
remove_approx 49990528 50469760
remove_approx 53842080 54321312
remove_approx 46138976 46618208
add_approx 139646401536064 139646402015296
set_read_ber 0.000000
set_write_ber 0.000100
add_approx 49990528 50469760
set_read_ber 0.000000
set_write_ber 0.000100
add_approx 53842080 54321312
set_read_ber 0.000000
set_write_ber 0.000100
remove_approx 139646401536064 139646402015296
remove_approx 49990528 50469760
remove_approx 53842080 54321312
add_approx 139646401536064 139646402015296
set_read_ber 0.000000
set_write_ber 0.000100
add_approx 49990528 50469760
set_read_ber 0.000000
set_write_ber 0.000100
add_approx 53842080 54321312
set_read_ber 0.000000
set_write_ber 0.000100
add_approx 139646419071040 139646419550272
set_read_ber 0.000000
set_write_ber 0.000100
remove_approx 139646401536064 139646402015296
remove_approx 49990528 50469760
remove_approx 53842080 54321312
remove_approx 139646419071040 139646419550272
add_approx 139646419071040 139646419550272
set_read_ber 0.000000
set_write_ber 0.000100
add_approx 139646401536064 139646402015296
set_read_ber 0.000000
set_write_ber 0.000100
add_approx 49990528 50469760
set_read_ber 0.000000
set_write_ber 0.000100
remove_approx 139646419071040 139646419550272
remove_approx 139646401536064 139646402015296
remove_approx 49990528 50469760
add_approx 46138976 46618208
set_read_ber 0.000000
set_write_ber 0.000100
add_approx 139646419071040 139646419550272
set_read_ber 0.000000
set_write_ber 0.000100
add_approx 139646401536064 139646402015296
set_read_ber 0.000000
set_write_ber 0.000100
remove_approx 46138976 46618208
remove_approx 139646419071040 139646419550272
remove_approx 139646401536064 139646402015296
add_approx 46138976 46618208
set_read_ber 0.000000
set_write_ber 0.000100
add_approx 139646419071040 139646419550272
set_read_ber 0.000000
set_write_ber 0.000100
add_approx 139646401536064 139646402015296
set_read_ber 0.000000
set_write_ber 0.000100
add_approx 139646397177920 139646397657152
set_read_ber 0.000000
set_write_ber 0.000100
remove_approx 46138976 46618208
remove_approx 139646419071040 139646419550272
remove_approx 139646401536064 139646402015296
remove_approx 139646397177920 139646397657152
add_approx 139646397177920 139646397657152
set_read_ber 0.000000
set_write_ber 0.000100
add_approx 46138976 46618208
set_read_ber 0.000000
set_write_ber 0.000100
add_approx 139646419071040 139646419550272
set_read_ber 0.000000
set_write_ber 0.000100
remove_approx 139646397177920 139646397657152
remove_approx 46138976 46618208
remove_approx 139646419071040 139646419550272
add_approx 53842080 54321312
set_read_ber 0.000000
set_write_ber 0.000100
add_approx 139646397177920 139646397657152
set_read_ber 0.000000
set_write_ber 0.000100
add_approx 46138976 46618208
set_read_ber 0.000000
set_write_ber 0.000100
remove_approx 53842080 54321312
remove_approx 139646397177920 139646397657152
remove_approx 46138976 46618208
add_approx 53842080 54321312
set_read_ber 0.000000
set_write_ber 0.000100
add_approx 139646397177920 139646397657152
set_read_ber 0.000000
set_write_ber 0.000100
add_approx 46138976 46618208
set_read_ber 0.000000
set_write_ber 0.000100
add_approx 49990528 50469760
set_read_ber 0.000000
set_write_ber 0.000100
remove_approx 53842080 54321312
remove_approx 139646397177920 139646397657152
remove_approx 46138976 46618208
remove_approx 49990528 50469760
add_approx 53842080 54321312
set_read_ber 0.000000
set_write_ber 0.000100
add_approx 139646397177920 139646397657152
set_read_ber 0.000000
set_write_ber 0.000100
add_approx 139646401536064 139646402015296
set_read_ber 0.000000
set_write_ber 0.000100
add_approx 49990528 50469760
set_read_ber 0.000000
set_write_ber 0.000100
remove_approx 53842080 54321312
remove_approx 139646397177920 139646397657152
remove_approx 139646401536064 139646402015296
remove_approx 49990528 50469760
add_approx 49990528 50469760
set_read_ber 0.000000
set_write_ber 0.000100
add_approx 139646401536064 139646402015296
set_read_ber 0.000000
set_write_ber 0.000100
add_approx 53842080 54321312
set_read_ber 0.000000
set_write_ber 0.000100
remove_approx 49990528 50469760
remove_approx 139646401536064 139646402015296
remove_approx 53842080 54321312
add_approx 46138976 46618208
set_read_ber 0.000000
set_write_ber 0.000100
add_approx 49990528 50469760
set_read_ber 0.000000
set_write_ber 0.000100
add_approx 139646401536064 139646402015296
set_read_ber 0.000000
set_write_ber 0.000100
remove_approx 46138976 46618208
remove_approx 49990528 50469760
remove_approx 139646401536064 139646402015296
add_approx 46138976 46618208
set_read_ber 0.000000
set_write_ber 0.000100
add_approx 49990528 50469760
set_read_ber 0.000000
set_write_ber 0.000100
add_approx 139646401536064 139646402015296
set_read_ber 0.000000
set_write_ber 0.000100
add_approx 139646419071040 139646419550272
set_read_ber 0.000000
set_write_ber 0.000100
remove_approx 46138976 46618208
remove_approx 49990528 50469760
remove_approx 139646401536064 139646402015296
remove_approx 139646419071040 139646419550272
add_approx 139646419071040 139646419550272
set_read_ber 0.000000
set_write_ber 0.000100
add_approx 46138976 46618208
set_read_ber 0.000000
set_write_ber 0.000100
add_approx 49990528 50469760
set_read_ber 0.000000
set_write_ber 0.000100
remove_approx 139646419071040 139646419550272
remove_approx 46138976 46618208
remove_approx 49990528 50469760
add_approx 53842080 54321312
set_read_ber 0.000000
set_write_ber 0.000100
add_approx 139646419071040 139646419550272
set_read_ber 0.000000
set_write_ber 0.000100
add_approx 46138976 46618208
set_read_ber 0.000000
set_write_ber 0.000100
remove_approx 53842080 54321312
remove_approx 139646419071040 139646419550272
remove_approx 46138976 46618208
add_approx 53842080 54321312
set_read_ber 0.000000
set_write_ber 0.000100
add_approx 139646419071040 139646419550272
set_read_ber 0.000000
set_write_ber 0.000100
add_approx 46138976 46618208
set_read_ber 0.000000
set_write_ber 0.000100
add_approx 139646397177920 139646397657152
set_read_ber 0.000000
set_write_ber 0.000100
remove_approx 53842080 54321312
remove_approx 139646419071040 139646419550272
remove_approx 46138976 46618208
remove_approx 139646397177920 139646397657152
add_approx 139646397177920 139646397657152
set_read_ber 0.000000
set_write_ber 0.000100
add_approx 53842080 54321312
set_read_ber 0.000000
set_write_ber 0.000100
add_approx 139646419071040 139646419550272
set_read_ber 0.000000
set_write_ber 0.000100
remove_approx 139646397177920 139646397657152
remove_approx 53842080 54321312
remove_approx 139646419071040 139646419550272
add_approx 139646401536064 139646402015296
set_read_ber 0.000000
set_write_ber 0.000100
add_approx 139646397177920 139646397657152
set_read_ber 0.000000
set_write_ber 0.000100
add_approx 53842080 54321312
set_read_ber 0.000000
set_write_ber 0.000100
remove_approx 139646401536064 139646402015296
remove_approx 139646397177920 139646397657152
remove_approx 53842080 54321312
add_approx 139646401536064 139646402015296
set_read_ber 0.000000
set_write_ber 0.000100
add_approx 139646397177920 139646397657152
set_read_ber 0.000000
set_write_ber 0.000100
add_approx 53842080 54321312
set_read_ber 0.000000
set_write_ber 0.000100
add_approx 49990528 50469760
set_read_ber 0.000000
set_write_ber 0.000100
remove_approx 139646401536064 139646402015296
remove_approx 139646397177920 139646397657152
remove_approx 53842080 54321312
remove_approx 49990528 50469760
add_approx 139646401536064 139646402015296
set_read_ber 0.000000
set_write_ber 0.000100
add_approx 139646397177920 139646397657152
set_read_ber 0.000000
set_write_ber 0.000100
add_approx 46138976 46618208
set_read_ber 0.000000
set_write_ber 0.000100
add_approx 49990528 50469760
set_read_ber 0.000000
set_write_ber 0.000100
remove_approx 139646401536064 139646402015296
remove_approx 139646397177920 139646397657152
remove_approx 46138976 46618208
remove_approx 49990528 50469760
add_approx 49990528 50469760
set_read_ber 0.000000
set_write_ber 0.000100
add_approx 46138976 46618208
set_read_ber 0.000000
set_write_ber 0.000100
add_approx 139646401536064 139646402015296
set_read_ber 0.000000
set_write_ber 0.000100
remove_approx 49990528 50469760
remove_approx 46138976 46618208
remove_approx 139646401536064 139646402015296
add_approx 53842080 54321312
set_read_ber 0.000000
set_write_ber 0.000100
add_approx 49990528 50469760
set_read_ber 0.000000
set_write_ber 0.000100
add_approx 46138976 46618208
set_read_ber 0.000000
set_write_ber 0.000100
remove_approx 53842080 54321312
remove_approx 49990528 50469760
remove_approx 46138976 46618208
add_approx 53842080 54321312
set_read_ber 0.000000
set_write_ber 0.000100
add_approx 49990528 50469760
set_read_ber 0.000000
set_write_ber 0.000100
add_approx 46138976 46618208
set_read_ber 0.000000
set_write_ber 0.000100
add_approx 139646419071040 139646419550272
set_read_ber 0.000000
set_write_ber 0.000100
remove_approx 53842080 54321312
remove_approx 49990528 50469760
remove_approx 46138976 46618208
remove_approx 139646419071040 139646419550272
add_approx 139646419071040 139646419550272
set_read_ber 0.000000
set