add_approx 139958904057920 139958913476672
set_read_ber 0.001000
set_write_ber 0.001000
add_approx 139959034904640 139959044323392
set_read_ber 0.001000
set_write_ber 0.001000
remove_approx 139958904057920 139958913476672
remove_approx 139959034904640 139959044323392
add_approx 139958830821440 139958840240192
set_read_ber 0.001000
set_write_ber 0.001000
add_approx 139958904057920 139958913476672
set_read_ber 0.001000
set_write_ber 0.001000
add_approx 139959034904640 139959044323392
set_read_ber 0.001000
set_write_ber 0.001000
remove_approx 139958830821440 139958840240192
remove_approx 139958904057920 139958913476672
remove_approx 139959034904640 139959044323392
add_approx 139958830821440 139958840240192
set_read_ber 0.001000
set_write_ber 0.001000
add_approx 139958904057920 139958913476672
set_read_ber 0.001000
set_write_ber 0.001000
add_approx 139959034904640 139959044323392
set_read_ber 0.001000
set_write_ber 0.001000
add_approx 242803296 252222048
set_read_ber 0.001000
set_write_ber 0.001000
remove_approx 139958830821440 139958840240192
remove_approx 139958904057920 139958913476672
remove_approx 139959034904640 139959044323392
remove_approx 242803296 252222048
add_approx 139958830821440 139958840240192
set_read_ber 0.001000
set_write_ber 0.001000
add_approx 139958904057920 139958913476672
set_read_ber 0.001000
set_write_ber 0.001000
add_approx 309733344 319152096
set_read_ber 0.001000
set_write_ber 0.001000
add_approx 242803296 252222048
set_read_ber 0.001000
set_write_ber 0.001000
remove_approx 139958830821440 139958840240192
remove_approx 139958904057920 139958913476672
remove_approx 309733344 319152096
remove_approx 242803296 252222048
add_approx 139958830821440 139958840240192
set_read_ber 0.001000
set_write_ber 0.001000
add_approx 139958904057920 139958913476672
set_read_ber 0.001000
set_write_ber 0.001000
add_approx 309733344 319152096
set_read_ber 0.001000
set_write_ber 0.001000
add_approx 242803296 252222048
set_read_ber 0.001000
set_write_ber 0.001000
remove_approx 139958830821440 139958840240192
remove_approx 139958904057920 139958913476672
remove_approx 309733344 319152096
remove_approx 242803296 252222048
add_approx 309733344 319152096
set_read_ber 0.001000
set_write_ber 0.001000
add_approx 139958830821440 139958840240192
set_read_ber 0.001000
set_write_ber 0.001000
add_approx 139958904057920 139958913476672
set_read_ber 0.001000
set_write_ber 0.001000
add_approx 242803296 252222048
set_read_ber 0.001000
set_write_ber 0.001000
remove_approx 309733344 319152096
remove_approx 139958830821440 139958840240192
remove_approx 139958904057920 139958913476672
remove_approx 242803296 252222048
add_approx 242803296 252222048
set_read_ber 0.001000
set_write_ber 0.001000
add_approx 309733344 319152096
set_read_ber 0.001000
set_write_ber 0.001000
add_approx 139958830821440 139958840240192
set_read_ber 0.001000
set_write_ber 0.001000
remove_approx 242803296 252222048
remove_approx 309733344 319152096
remove_approx 139958830821440 139958840240192
add_approx 242803296 252222048
set_read_ber 0.001000
set_write_ber 0.001000
add_approx 309733344 319152096
set_read_ber 0.001000
set_write_ber 0.001000
add_approx 139958830821440 139958840240192
set_read_ber 0.001000
set_write_ber 0.001000
add_approx 139959034904640 139959044323392
set_read_ber 0.001000
set_write_ber 0.001000
remove_approx 242803296 252222048
remove_approx 309733344 319152096
remove_approx 139958830821440 139958840240192
remove_approx 139959034904640 139959044323392
add_approx 242803296 252222048
set_read_ber 0.001000
set_write_ber 0.001000
add_approx 309733344 319152096
set_read_ber 0.001000
set_write_ber 0.001000
add_approx 376663392 386082144
set_read_ber 0.001000
set_write_ber 0.001000
add_approx 139959034904640 139959044323392
set_read_ber 0.001000
set_write_ber 0.001000
remove_approx 242803296 252222048
remove_approx 309733344 319152096
remove_approx 376663392 386082144
remove_approx 139959034904640 139959044323392
add_approx 139959034904640 139959044323392
set_read_ber 0.001000
set_write_ber 0.001000
add_approx 376663392 386082144
set_read_ber 0.001000
set_write_ber 0.001000
add_approx 242803296 252222048
set_read_ber 0.001000
set_write_ber 0.001000
remove_approx 139959034904640 139959044323392
remove_approx 376663392 386082144
remove_approx 242803296 252222048
add_approx 139959034904640 139959044323392
set_read_ber 0.001000
set_write_ber 0.001000
add_approx 376663392 386082144
set_read_ber 0.001000
set_write_ber 0.001000
add_approx 309733344 319152096
set_read_ber 0.001000
set_write_ber 0.001000
add_approx 139958830821440 139958840240192
set_read_ber 0.001000
set_write_ber 0.001000
remove_approx 139959034904640 139959044323392
remove_approx 376663392 386082144
remove_approx 309733344 319152096
remove_approx 139958830821440 139958840240192
add_approx 139959034904640 139959044323392
set_read_ber 0.001000
set_write_ber 0.001000
add_approx 376663392 386082144
set_read_ber 0.001000
set_write_ber 0.001000
add_approx 139958904057920 139958913476672
set_read_ber 0.001000
set_write_ber 0.001000
add_approx 139958830821440 139958840240192
set_read_ber 0.001000
set_write_ber 0.001000
remove_approx 139959034904640 139959044323392
remove_approx 376663392 386082144
remove_approx 139958904057920 139958913476672
remove_approx 139958830821440 139958840240192
add_approx 139959034904640 139959044323392
set_read_ber 0.001000
set_write_ber 0.001000
add_approx 376663392 386082144
set_read_ber 0.001000
set_write_ber 0.001000
add_approx 139958904057920 139958913476672
set_read_ber 0.001000
set_write_ber 0.001000
add_approx 139958830821440 139958840240192
set_read_ber 0.001000
set_write_ber 0.001000
remove_approx 139959034904640 139959044323392
remove_approx 376663392 386082144
remove_approx 139958904057920 139958913476672
remove_approx 139958830821440 139958840240192
add_approx 139958904057920 139958913476672
set_read_ber 0.001000
set_write_ber 0.001000
add_approx 139959034904640 139959044323392
set_read_ber 0.001000
set_write_ber 0.001000
add_approx 376663392 386082144
set_read_ber 0.001000
set_write_ber 0.001000
add_approx 139958830821440 139958840240192
set_read_ber 0.001000
set_write_ber 0.001000
remove_approx 139958904057920 139958913476672
remove_approx 139959034904640 139959044323392
remove_approx 376663392 386082144
remove_approx 139958830821440 139958840240192
add_approx 139958830821440 139958840240192
set_read_ber 0.001000
set_write_ber 0.001000
add_approx 139958904057920 139958913476672
set_read_ber 0.001000
set_write_ber 0.001000
add_approx 139959034904640 139959044323392
set_read_ber 0.001000
set_write_ber 0.001000
remove_approx 139958830821440 139958840240192
remove_approx 139958904057920 139958913476672
remove_approx 139959034904640 139959044323392
add_approx 139958830821440 139958840240192
set_read_ber 0.001000
set_write_ber 0.001000
add_approx 139958904057920 139958913476672
set_read_ber 0.001000
set_write_ber 0.001000
add_approx 376663392 386082144
set_read_ber 0.001000
set_write_ber 0.001000
add_approx 309733344 319152096
set_read_ber 0.001000
set_write_ber 0.001000
remove_approx 139958830821440 139958840240192
remove_approx 139958904057920 139958913476672
remove_approx 376663392 386082144
remove_approx 309733344 319152096
add_approx 139958830821440 139958840240192
set_read_ber 0.001000
set_write_ber 0.001000
add_approx 139958904057920 139958913476672
set_read_ber 0.001000
set_write_ber 0.001000
add_approx 242803296 252222048
set_read_ber 0.001000
set_write_ber 0.001000
add_approx 309733344 319152096
set_read_ber 0.001000
set_write_ber 0.001000
remove_approx 139958830821440 139958840240192
remove_approx 139958904057920 139958913476672
remove_approx 242803296 252222048
remove_approx 309733344 319152096
add_approx 139958830821440 139958840240192
set_read_ber 0.001000
set_write_ber 0.001000
add_approx 139958904057920 139958913476672
set_read_ber 0.001000
set_write_ber 0.001000
add_approx 242803296 252222048
set_read_ber 0.001000
set_write_ber 0.001000
add_approx 309733344 319152096
set_read_ber 0.001000
set_write_ber 0.001000
remove_approx 139958830821440 139958840240192
remove_approx 139958904057920 139958913476672
remove_approx 242803296 252222048
remove_approx 309733344 319152096
add_approx 242803296 252222048
set_read_ber 0.001000
set_write_ber 0.001000
add_approx 139958830821440 139958840240192
set_read_ber 0.001000
set_write_ber 0.001000
add_approx 139958904057920 139958913476672
set_read_ber 0.001000
set_write_ber 0.001000
add_approx 309733344 319152096
set_read_ber 0.001000
set_write_ber 0.001000
remove_approx 242803296 252222048
remove_approx 139958830821440 139958840240192
remove_approx 139958904057920 139958913476672
remove_approx 309733344 319152096
add_approx 309733344 319152096
set_read_ber 0.001000
set_write_ber 0.001000
add_approx 242803296 252222048
set_read_ber 0.001000
set_write_ber 0.001000
add_approx 139958830821440 139958840240192
set_read_ber 0.001000
set_write_ber 0.001000
remove_approx 309733344 319152096
remove_approx 242803296 252222048
remove_approx 139958830821440 139958840240192
add_approx 309733344 319152096
set_read_ber 0.001000
set_write_ber 0.001000
add_approx 242803296 252222048
set_read_ber 0.001000
set_write_ber 0.001000
add_approx 139958904057920 139958913476672
set_read_ber 0.001000
set_write_ber 0.001000
add_approx 376663392 386082144
set_read_ber 0.001000
set_write_ber 0.001000
remove_approx 309733344 319152096
remove_approx 242803296 252222048
remove_approx 139958904057920 139958913476672
remove_approx 376663392 386082144
add_approx 309733344 319152096
set_read_ber 0.001000
set_write_ber 0.001000
add_approx 242803296 252222048
set_read_ber 0.001000
set_write_ber 0.001000
add_approx 139959034904640 139959044323392
set_read_ber 0.001000
set_write_ber 0.001000
add_approx 376663392 386082144
set_read_ber 0.001000
set_write_ber 0.001000
remove_approx 309733344 319152096
remove_approx 242803296 252222048
remove_approx 139959034904640 139959044323392
remove_approx 376663392 386082144
add_approx 309733344 319152096
set_read_ber 0.001000
set_write_ber 0.001000
add_approx 242803296 252222048
set_read_ber 0.001000
set_write_ber 0.001000
add_approx 139959034904640 139959044323392
set_read_ber 0.001000
set_write_ber 0.001000
add_approx 376663392 386082144
set_read_ber 0.001000
set_write_ber 0.001000
remove_approx 309733344 319152096
remove_approx 242803296 252222048
remove_approx 139959034904640 139959044323392
remove_approx 376663392 386082144
add_approx 139959034904640 139959044323392
set_read_ber 0.001000
set_write_ber 0.001000
add_approx 309733344 319152096
set_read_ber 0.001000
set_write_ber 0.001000
add_approx 242803296 252222048
set_read_ber 0.001000
set_write_ber 0.001000
add_approx 376663392 386082144
set_read_ber 0.001000
set_write_ber 0.001000
remove_approx 139959034904640 139959044323392
remove_approx 309733344 319152096
remove_approx 242803296 252222048
remove_approx 376663392 386082144
add_approx 376663392 386082144
set_read_ber 0.001000
set_write_ber 0.001000
add_approx 139959034904640 139959044323392
set_read_ber 0.001000
set_write_ber 0.001000
add_approx 309733344 319152096
set_read_ber 0.001000
set_write_ber 0.001000
remove_approx 376663392 386082144
remove_approx 139959034904640 139959044323392
remove_approx 309733344 319152096
add_approx 376663392 386082144
set_read_ber 0.001000
set_write_ber 0.001000
add_approx 139959034904640 139959044323392
set_read_ber 0.001000
set_write_ber 0.001000
add_approx 242803296 252222048
set_read_ber 0.001000
set_write_ber 0.001000
add_approx 139958904057920 139958913476672
set_read_ber 0.001000
set_write_ber 0.001000
remove_approx 376663392 386082144
remove_approx 139959034904640 139959044323392
remove_approx 242803296 252222048
remove_approx 139958904057920 139958913476672
add_approx 376663392 386082144
set_read_ber 0.001000
set_write_ber 0.001000
add_approx 139959034904640 139959044323392
set_read_ber 0.001000
set_write_ber 0.001000
add_approx 139958830821440 139958840240192
set_read_ber 0.001000
set_write_ber 0.001000
add_approx 139958904057920 139958913476672
set_read_ber 0.001000
set_write_ber 0.001000
remove_approx 376663392 386082144
remove_approx 139959034904640 139959044323392
remove_approx 139958830821440 139958840240192
remove_approx 139958904057920 139958913476672
add_approx 139958904057920 139958913476672
set_read_ber 0.001000
set_write_ber 0.001000
add_approx 139958830821440 139958840240192
set_read_ber 0.001000
set_write_ber 0.001000
add_approx 376663392 386082144
set_read_ber 0.001000
set_write_ber 0.001000
remove_approx 139958904057920 139958913476672
remove_approx 139958830821440 139958840240192
remove_approx 376663392 386082144
add_approx 139958904057920 139958913476672
set_read_ber 0.001000
set_write_ber 0.001000
add_approx 139958830821440 139958840240192
set_read_ber 0.001000
set_write_ber 0.001000
add_approx 139959034904640 139959044323392
set_read_ber 0.001000
set_write_ber 0.001000
add_approx 242803296 252222048
set_read_ber 0.001000
set_write_ber 0.001000
remove_approx 139958904057920 139958913476672
remove_approx 139958830821440 139958840240192
remove_approx 139959034904640 139959044323392
remove_approx 242803296 252222048
add_approx 139958904057920 139958913476672
set_read_ber 0.001000
set_write_ber 0.001000
add_approx 139958830821440 139958840240192
set_read_ber 0.001000
set_write_ber 0.001000
add_approx 309733344 319152096
set_read_ber 0.001000
set_write_ber 0.001000
add_approx 242803296 252222048
set_read_ber 0.001000
set_write_ber 0.001000
remove_approx 139958904057920 139958913476672
remove_approx 139958830821440 139958840240192
remove_approx 309733344 319152096
remove_approx 242803296 252222048
add_approx 139958904057920 139958913476672
set_read_ber 0.001000
set_write_ber 0.001000
add_approx 139958830821440 139958840240192
set_read_ber 0.001000
set_write_ber 0.001000
add_approx 309733344 319152096
set_read_ber 0.001000
set_write_ber 0.001000
add_approx 242803296 252222048
set_read_ber 0.001000
set_write_ber 0.001000
remove_approx 139958904057920 139958913476672
remove_approx 139958830821440 139958840240192
remove_approx 309733344 319152096
remove_approx 242803296 252222048
add_approx 309733344 319152096
set_read_ber 0.001000
set_write_ber 0.001000
add_approx 139958904057920 139958913476672
set_read_ber 0.001000
set_write_ber 0.001000
add_approx 139958830821440 139958840240192
set_read_ber 0.