add_approx 140433586053184 140433586532416
set_read_ber 0.000000
set_write_ber 0.001000
add_approx 140433603784768 140433604264000
set_read_ber 0.000000
set_write_ber 0.001000
remove_approx 140433586053184 140433586532416
remove_approx 140433603784768 140433604264000
add_approx 140433581858880 140433582338112
set_read_ber 0.000000
set_write_ber 0.001000
add_approx 140433586053184 140433586532416
set_read_ber 0.000000
set_write_ber 0.001000
add_approx 140433603784768 140433604264000
set_read_ber 0.000000
set_write_ber 0.001000
remove_approx 140433581858880 140433582338112
remove_approx 140433586053184 140433586532416
remove_approx 140433603784768 140433604264000
add_approx 19908192 20387424
set_read_ber 0.000000
set_write_ber 0.001000
add_approx 140433581858880 140433582338112
set_read_ber 0.000000
set_write_ber 0.001000
add_approx 140433586053184 140433586532416
set_read_ber 0.000000
set_write_ber 0.001000
remove_approx 19908192 20387424
remove_approx 140433581858880 140433582338112
remove_approx 140433586053184 140433586532416
add_approx 19908192 20387424
set_read_ber 0.000000
set_write_ber 0.001000
add_approx 140433581858880 140433582338112
set_read_ber 0.000000
set_write_ber 0.001000
add_approx 140433586053184 140433586532416
set_read_ber 0.000000
set_write_ber 0.001000
add_approx 23759744 24238976
set_read_ber 0.000000
set_write_ber 0.001000
remove_approx 19908192 20387424
remove_approx 140433581858880 140433582338112
remove_approx 140433586053184 140433586532416
remove_approx 23759744 24238976
add_approx 19908192 20387424
set_read_ber 0.000000
set_write_ber 0.001000
add_approx 140433581858880 140433582338112
set_read_ber 0.000000
set_write_ber 0.001000
add_approx 27611296 28090528
set_read_ber 0.000000
set_write_ber 0.001000
add_approx 23759744 24238976
set_read_ber 0.000000
set_write_ber 0.001000
remove_approx 19908192 20387424
remove_approx 140433581858880 140433582338112
remove_approx 27611296 28090528
remove_approx 23759744 24238976
add_approx 23759744 24238976
set_read_ber 0.000000
set_write_ber 0.001000
add_approx 27611296 28090528
set_read_ber 0.000000
set_write_ber 0.001000
add_approx 19908192 20387424
set_read_ber 0.000000
set_write_ber 0.001000
remove_approx 23759744 24238976
remove_approx 27611296 28090528
remove_approx 19908192 20387424
add_approx 140433586053184 140433586532416
set_read_ber 0.000000
set_write_ber 0.001000
add_approx 23759744 24238976
set_read_ber 0.000000
set_write_ber 0.001000
add_approx 27611296 28090528
set_read_ber 0.000000
set_write_ber 0.001000
remove_approx 140433586053184 140433586532416
remove_approx 23759744 24238976
remove_approx 27611296 28090528
add_approx 140433586053184 140433586532416
set_read_ber 0.000000
set_write_ber 0.001000
add_approx 23759744 24238976
set_read_ber 0.000000
set_write_ber 0.001000
add_approx 27611296 28090528
set_read_ber 0.000000
set_write_ber 0.001000
add_approx 140433603784768 140433604264000
set_read_ber 0.000000
set_write_ber 0.001000
remove_approx 140433586053184 140433586532416
remove_approx 23759744 24238976
remove_approx 27611296 28090528
remove_approx 140433603784768 140433604264000
add_approx 140433603784768 140433604264000
set_read_ber 0.000000
set_write_ber 0.001000
add_approx 140433586053184 140433586532416
set_read_ber 0.000000
set_write_ber 0.001000
add_approx 23759744 24238976
set_read_ber 0.000000
set_write_ber 0.001000
remove_approx 140433603784768 140433604264000
remove_approx 140433586053184 140433586532416
remove_approx 23759744 24238976
add_approx 19908192 20387424
set_read_ber 0.000000
set_write_ber 0.001000
add_approx 140433603784768 140433604264000
set_read_ber 0.000000
set_write_ber 0.001000
add_approx 140433586053184 140433586532416
set_read_ber 0.000000
set_write_ber 0.001000
remove_approx 19908192 20387424
remove_approx 140433603784768 140433604264000
remove_approx 140433586053184 140433586532416
add_approx 19908192 20387424
set_read_ber 0.000000
set_write_ber 0.001000
add_approx 140433603784768 140433604264000
set_read_ber 0.000000
set_write_ber 0.001000
add_approx 140433586053184 140433586532416
set_read_ber 0.000000
set_write_ber 0.001000
add_approx 140433581858880 140433582338112
set_read_ber 0.000000
set_write_ber 0.001000
remove_approx 19908192 20387424
remove_approx 140433603784768 140433604264000
remove_approx 140433586053184 140433586532416
remove_approx 140433581858880 140433582338112
add_approx 140433581858880 140433582338112
set_read_ber 0.000000
set_write_ber 0.001000
add_approx 19908192 20387424
set_read_ber 0.000000
set_write_ber 0.001000
add_approx 140433603784768 140433604264000
set_read_ber 0.000000
set_write_ber 0.001000
remove_approx 140433581858880 140433582338112
remove_approx 19908192 20387424
remove_approx 140433603784768 140433604264000
add_approx 27611296 28090528
set_read_ber 0.000000
set_write_ber 0.001000
add_approx 140433581858880 140433582338112
set_read_ber 0.000000
set_write_ber 0.001000
add_approx 19908192 20387424
set_read_ber 0.000000
set_write_ber 0.001000
remove_approx 27611296 28090528
remove_approx 140433581858880 140433582338112
remove_approx 19908192 20387424
add_approx 27611296 28090528
set_read_ber 0.000000
set_write_ber 0.001000
add_approx 140433581858880 140433582338112
set_read_ber 0.000000
set_write_ber 0.001000
add_approx 19908192 20387424
set_read_ber 0.000000
set_write_ber 0.001000
add_approx 23759744 24238976
set_read_ber 0.000000
set_write_ber 0.001000
remove_approx 27611296 28090528
remove_approx 140433581858880 140433582338112
remove_approx 19908192 20387424
remove_approx 23759744 24238976
add_approx 27611296 28090528
set_read_ber 0.000000
set_write_ber 0.001000
add_approx 140433581858880 140433582338112
set_read_ber 0.000000
set_write_ber 0.001000
add_approx 140433586053184 140433586532416
set_read_ber 0.000000
set_write_ber 0.001000
add_approx 23759744 24238976
set_read_ber 0.000000
set_write_ber 0.001000
remove_approx 27611296 28090528
remove_approx 140433581858880 140433582338112
remove_approx 140433586053184 140433586532416
remove_approx 23759744 24238976
add_approx 23759744 24238976
set_read_ber 0.000000
set_write_ber 0.001000
add_approx 140433586053184 140433586532416
set_read_ber 0.000000
set_write_ber 0.001000
add_approx 27611296 28090528
set_read_ber 0.000000
set_write_ber 0.001000
remove_approx 23759744 24238976
remove_approx 140433586053184 140433586532416
remove_approx 27611296 28090528
add_approx 19908192 20387424
set_read_ber 0.000000
set_write_ber 0.001000
add_approx 23759744 24238976
set_read_ber 0.000000
set_write_ber 0.001000
add_approx 140433586053184 140433586532416
set_read_ber 0.000000
set_write_ber 0.001000
remove_approx 19908192 20387424
remove_approx 23759744 24238976
remove_approx 140433586053184 140433586532416
add_approx 19908192 20387424
set_read_ber 0.000000
set_write_ber 0.001000
add_approx 23759744 24238976
set_read_ber 0.000000
set_write_ber 0.001000
add_approx 140433586053184 140433586532416
set_read_ber 0.000000
set_write_ber 0.001000
add_approx 140433603784768 140433604264000
set_read_ber 0.000000
set_write_ber 0.001000
remove_approx 19908192 20387424
remove_approx 23759744 24238976
remove_approx 140433586053184 140433586532416
remove_approx 140433603784768 140433604264000
add_approx 140433603784768 140433604264000
set_read_ber 0.000000
set_write_ber 0.001000
add_approx 19908192 20387424
set_read_ber 0.000000
set_write_ber 0.001000
add_approx 23759744 24238976
set_read_ber 0.000000
set_write_ber 0.001000
remove_approx 140433603784768 140433604264000
remove_approx 19908192 20387424
remove_approx 23759744 24238976
add_approx 27611296 28090528
set_read_ber 0.000000
set_write_ber 0.001000
add_approx 140433603784768 140433604264000
set_read_ber 0.000000
set_write_ber 0.001000
add_approx 19908192 20387424
set_read_ber 0.000000
set_write_ber 0.001000
remove_approx 27611296 28090528
remove_approx 140433603784768 140433604264000
remove_approx 19908192 20387424
add_approx 27611296 28090528
set_read_ber 0.000000
set_write_ber 0.001000
add_approx 140433603784768 140433604264000
set_read_ber 0.000000
set_write_ber 0.001000
add_approx 19908192 20387424
set_read_ber 0.000000
set_write_ber 0.001000
add_approx 140433581858880 140433582338112
set_read_ber 0.000000
set_write_ber 0.001000
remove_approx 27611296 28090528
remove_approx 140433603784768 140433604264000
remove_approx 19908192 20387424
remove_approx 140433581858880 140433582338112
add_approx 140433581858880 140433582338112
set_read_ber 0.000000
set_write_ber 0.001000
add_approx 27611296 28090528
set_read_ber 0.000000
set_write_ber 0.001000
add_approx 140433603784768 140433604264000
set_read_ber 0.000000
set_write_ber 0.001000
remove_approx 140433581858880 140433582338112
remove_approx 27611296 28090528
remove_approx 140433603784768 140433604264000
add_approx 140433586053184 140433586532416
set_read_ber 0.000000
set_write_ber 0.001000
add_approx 140433581858880 140433582338112
set_read_ber 0.000000
set_write_ber 0.001000
add_approx 27611296 28090528
set_read_ber 0.000000
set_write_ber 0.001000
remove_approx 140433586053184 140433586532416
remove_approx 140433581858880 140433582338112
remove_approx 27611296 28090528
add_approx 140433586053184 140433586532416
set_read_ber 0.000000
set_write_ber 0.001000
add_approx 140433581858880 140433582338112
set_read_ber 0.000000
set_write_ber 0.001000
add_approx 27611296 28090528
set_read_ber 0.000000
set_write_ber 0.001000
add_approx 23759744 24238976
set_read_ber 0.000000
set_write_ber 0.001000
remove_approx 140433586053184 140433586532416
remove_approx 140433581858880 140433582338112
remove_approx 27611296 28090528
remove_approx 23759744 24238976
add_approx 140433586053184 140433586532416
set_read_ber 0.000000
set_write_ber 0.001000
add_approx 140433581858880 140433582338112
set_read_ber 0.000000
set_write_ber 0.001000
add_approx 19908192 20387424
set_read_ber 0.000000
set_write_ber 0.001000
add_approx 23759744 24238976
set_read_ber 0.000000
set_write_ber 0.001000
remove_approx 140433586053184 140433586532416
remove_approx 140433581858880 140433582338112
remove_approx 19908192 20387424
remove_approx 23759744 24238976
add_approx 23759744 24238976
set_read_ber 0.000000
set_write_ber 0.001000
add_approx 19908192 20387424
set_read_ber 0.000000
set_write_ber 0.001000
add_approx 140433586053184 140433586532416
set_read_ber 0.000000
set_write_ber 0.001000
remove_approx 23759744 24238976
remove_approx 19908192 20387424
remove_approx 140433586053184 140433586532416
add_approx 27611296 28090528
set_read_ber 0.000000
set_write_ber 0.001000
add_approx 23759744 24238976
set_read_ber 0.000000
set_write_ber 0.001000
add_approx 19908192 20387424
set_read_ber 0.000000
set_write_ber 0.001000
remove_approx 27611296 28090528
remove_approx 23759744 24238976
remove_approx 19908192 20387424
add_approx 27611296 28090528
set_read_ber 0.000000
set_write_ber 0.001000
add_approx 23759744 24238976
set_read_ber 0.000000
set_write_ber 0.001000
add_approx 19908192 20387424
set_read_ber 0.000000
set_write_ber 0.001000
add_approx 140433603784768 140433604264000
set_read_ber 0.000000
set_write_ber 0.001000
remove_approx 27611296 28090528
remove_approx 23759744 24238976
remove_approx 19908192 20387424
remove_approx 140433603784768 140433604264000
add_approx 140433603784768 140433604264000
set_read_ber 0.000000
set