add_approx 140437871910976 140437872390208
set_read_ber 0.000000
set_write_ber 0.000001
add_approx 140437889355840 140437889835072
set_read_ber 0.000000
set_write_ber 0.000001
remove_approx 140437871910976 140437872390208
remove_approx 140437889355840 140437889835072
add_approx 140437867569216 140437868048448
set_read_ber 0.000000
set_write_ber 0.000001
add_approx 140437871910976 140437872390208
set_read_ber 0.000000
set_write_ber 0.000001
add_approx 140437889355840 140437889835072
set_read_ber 0.000000
set_write_ber 0.000001
remove_approx 140437867569216 140437868048448
remove_approx 140437871910976 140437872390208
remove_approx 140437889355840 140437889835072
add_approx 20342368 20821600
set_read_ber 0.000000
set_write_ber 0.000001
add_approx 140437867569216 140437868048448
set_read_ber 0.000000
set_write_ber 0.000001
add_approx 140437871910976 140437872390208
set_read_ber 0.000000
set_write_ber 0.000001
remove_approx 20342368 20821600
remove_approx 140437867569216 140437868048448
remove_approx 140437871910976 140437872390208
add_approx 20342368 20821600
set_read_ber 0.000000
set_write_ber 0.000001
add_approx 140437867569216 140437868048448
set_read_ber 0.000000
set_write_ber 0.000001
add_approx 140437871910976 140437872390208
set_read_ber 0.000000
set_write_ber 0.000001
add_approx 24193920 24673152
set_read_ber 0.000000
set_write_ber 0.000001
remove_approx 20342368 20821600
remove_approx 140437867569216 140437868048448
remove_approx 140437871910976 140437872390208
remove_approx 24193920 24673152
add_approx 20342368 20821600
set_read_ber 0.000000
set_write_ber 0.000001
add_approx 140437867569216 140437868048448
set_read_ber 0.000000
set_write_ber 0.000001
add_approx 28045472 28524704
set_read_ber 0.000000
set_write_ber 0.000001
add_approx 24193920 24673152
set_read_ber 0.000000
set_write_ber 0.000001
remove_approx 20342368 20821600
remove_approx 140437867569216 140437868048448
remove_approx 28045472 28524704
remove_approx 24193920 24673152
add_approx 24193920 24673152
set_read_ber 0.000000
set_write_ber 0.000001
add_approx 28045472 28524704
set_read_ber 0.000000
set_write_ber 0.000001
add_approx 20342368 20821600
set_read_ber 0.000000
set_write_ber 0.000001
remove_approx 24193920 24673152
remove_approx 28045472 28524704
remove_approx 20342368 20821600
add_approx 140437871910976 140437872390208
set_read_ber 0.000000
set_write_ber 0.000001
add_approx 24193920 24673152
set_read_ber 0.000000
set_write_ber 0.000001
add_approx 28045472 28524704
set_read_ber 0.000000
set_write_ber 0.000001
remove_approx 140437871910976 140437872390208
remove_approx 24193920 24673152
remove_approx 28045472 28524704
add_approx 140437871910976 140437872390208
set_read_ber 0.000000
set_write_ber 0.000001
add_approx 24193920 24673152
set_read_ber 0.000000
set_write_ber 0.000001
add_approx 28045472 28524704
set_read_ber 0.000000
set_write_ber 0.000001
add_approx 140437889355840 140437889835072
set_read_ber 0.000000
set_write_ber 0.000001
remove_approx 140437871910976 140437872390208
remove_approx 24193920 24673152
remove_approx 28045472 28524704
remove_approx 140437889355840 140437889835072
add_approx 140437889355840 140437889835072
set_read_ber 0.000000
set_write_ber 0.000001
add_approx 140437871910976 140437872390208
set_read_ber 0.000000
set_write_ber 0.000001
add_approx 24193920 24673152
set_read_ber 0.000000
set_write_ber 0.000001
remove_approx 140437889355840 140437889835072
remove_approx 140437871910976 140437872390208
remove_approx 24193920 24673152
add_approx 20342368 20821600
set_read_ber 0.000000
set_write_ber 0.000001
add_approx 140437889355840 140437889835072
set_read_ber 0.000000
set_write_ber 0.000001
add_approx 140437871910976 140437872390208
set_read_ber 0.000000
set_write_ber 0.000001
remove_approx 20342368 20821600
remove_approx 140437889355840 140437889835072
remove_approx 140437871910976 140437872390208
add_approx 20342368 20821600
set_read_ber 0.000000
set_write_ber 0.000001
add_approx 140437889355840 140437889835072
set_read_ber 0.000000
set_write_ber 0.000001
add_approx 140437871910976 140437872390208
set_read_ber 0.000000
set_write_ber 0.000001
add_approx 140437867569216 140437868048448
set_read_ber 0.000000
set_write_ber 0.000001
remove_approx 20342368 20821600
remove_approx 140437889355840 140437889835072
remove_approx 140437871910976 140437872390208
remove_approx 140437867569216 140437868048448
add_approx 140437867569216 140437868048448
set_read_ber 0.000000
set_write_ber 0.000001
add_approx 20342368 20821600
set_read_ber 0.000000
set_write_ber 0.000001
add_approx 140437889355840 140437889835072
set_read_ber 0.000000
set_write_ber 0.000001
remove_approx 140437867569216 140437868048448
remove_approx 20342368 20821600
remove_approx 140437889355840 140437889835072
add_approx 28045472 28524704
set_read_ber 0.000000
set_write_ber 0.000001
add_approx 140437867569216 140437868048448
set_read_ber 0.000000
set_write_ber 0.000001
add_approx 20342368 20821600
set_read_ber 0.000000
set_write_ber 0.000001
remove_approx 28045472 28524704
remove_approx 140437867569216 140437868048448
remove_approx 20342368 20821600
add_approx 28045472 28524704
set_read_ber 0.000000
set_write_ber 0.000001
add_approx 140437867569216 140437868048448
set_read_ber 0.000000
set_write_ber 0.000001
add_approx 20342368 20821600
set_read_ber 0.000000
set_write_ber 0.000001
add_approx 24193920 24673152
set_read_ber 0.000000
set_write_ber 0.000001
remove_approx 28045472 28524704
remove_approx 140437867569216 140437868048448
remove_approx 20342368 20821600
remove_approx 24193920 24673152
add_approx 28045472 28524704
set_read_ber 0.000000
set_write_ber 0.000001
add_approx 140437867569216 140437868048448
set_read_ber 0.000000
set_write_ber 0.000001
add_approx 140437871910976 140437872390208
set_read_ber 0.000000
set_write_ber 0.000001
add_approx 24193920 24673152
set_read_ber 0.000000
set_write_ber 0.000001
remove_approx 28045472 28524704
remove_approx 140437867569216 140437868048448
remove_approx 140437871910976 140437872390208
remove_approx 24193920 24673152
add_approx 24193920 24673152
set_read_ber 0.000000
set_write_ber 0.000001
add_approx 140437871910976 140437872390208
set_read_ber 0.000000
set_write_ber 0.000001
add_approx 28045472 28524704
set_read_ber 0.000000
set_write_ber 0.000001
remove_approx 24193920 24673152
remove_approx 140437871910976 140437872390208
remove_approx 28045472 28524704
add_approx 20342368 20821600
set_read_ber 0.000000
set_write_ber 0.000001
add_approx 24193920 24673152
set_read_ber 0.000000
set_write_ber 0.000001
add_approx 140437871910976 140437872390208
set_read_ber 0.000000
set_write_ber 0.000001
remove_approx 20342368 20821600
remove_approx 24193920 24673152
remove_approx 140437871910976 140437872390208
add_approx 20342368 20821600
set_read_ber 0.000000
set_write_ber 0.000001
add_approx 24193920 24673152
set_read_ber 0.000000
set_write_ber 0.000001
add_approx 140437871910976 140437872390208
set_read_ber 0.000000
set_write_ber 0.000001
add_approx 140437889355840 140437889835072
set_read_ber 0.000000
set_write_ber 0.000001
remove_approx 20342368 20821600
remove_approx 24193920 24673152
remove_approx 140437871910976 140437872390208
remove_approx 140437889355840 140437889835072
add_approx 140437889355840 140437889835072
set_read_ber 0.000000
set_write_ber 0.000001
add_approx 20342368 20821600
set_read_ber 0.000000
set_write_ber 0.000001
add_approx 24193920 24673152
set_read_ber 0.000000
set_write_ber 0.000001
remove_approx 140437889355840 140437889835072
remove_approx 20342368 20821600
remove_approx 24193920 24673152
add_approx 28045472 28524704
set_read_ber 0.000000
set_write_ber 0.000001
add_approx 140437889355840 140437889835072
set_read_ber 0.000000
set_write_ber 0.000001
add_approx 20342368 20821600
set_read_ber 0.000000
set_write_ber 0.000001
remove_approx 28045472 28524704
remove_approx 140437889355840 140437889835072
remove_approx 20342368 20821600
add_approx 28045472 28524704
set_read_ber 0.000000
set_write_ber 0.000001
add_approx 140437889355840 140437889835072
set_read_ber 0.000000
set_write_ber 0.000001
add_approx 20342368 20821600
set_read_ber 0.000000
set_write_ber 0.000001
add_approx 140437867569216 140437868048448
set_read_ber 0.000000
set_write_ber 0.000001
remove_approx 28045472 28524704
remove_approx 140437889355840 140437889835072
remove_approx 20342368 20821600
remove_approx 140437867569216 140437868048448
add_approx 140437867569216 140437868048448
set_read_ber 0.000000
set_write_ber 0.000001
add_approx 28045472 28524704
set_read_ber 0.000000
set_write_ber 0.000001
add_approx 140437889355840 140437889835072
set_read_ber 0.000000
set_write_ber 0.000001
remove_approx 140437867569216 140437868048448
remove_approx 28045472 28524704
remove_approx 140437889355840 140437889835072
add_approx 140437871910976 140437872390208
set_read_ber 0.000000
set_write_ber 0.000001
add_approx 140437867569216 140437868048448
set_read_ber 0.000000
set_write_ber 0.000001
add_approx 28045472 28524704
set_read_ber 0.000000
set_write_ber 0.000001
remove_approx 140437871910976 140437872390208
remove_approx 140437867569216 140437868048448
remove_approx 28045472 28524704
add_approx 140437871910976 140437872390208
set_read_ber 0.000000
set_write_ber 0.000001
add_approx 140437867569216 140437868048448
set_read_ber 0.000000
set_write_ber 0.000001
add_approx 28045472 28524704
set_read_ber 0.000000
set_write_ber 0.000001
add_approx 24193920 24673152
set_read_ber 0.000000
set_write_ber 0.000001
remove_approx 140437871910976 140437872390208
remove_approx 140437867569216 140437868048448
remove_approx 28045472 28524704
remove_approx 24193920 24673152
add_approx 140437871910976 140437872390208
set_read_ber 0.000000
set_write_ber 0.000001
add_approx 140437867569216 140437868048448
set_read_ber 0.000000
set_write_ber 0.000001
add_approx 20342368 20821600
set_read_ber 0.000000
set_write_ber 0.000001
add_approx 24193920 24673152
set_read_ber 0.000000
set_write_ber 0.000001
remove_approx 140437871910976 140437872390208
remove_approx 140437867569216 140437868048448
remove_approx 20342368 20821600
remove_approx 24193920 24673152
add_approx 24193920 24673152
set_read_ber 0.000000
set_write_ber 0.000001
add_approx 20342368 20821600
set_read_ber 0.000000
set_write_ber 0.000001
add_approx 140437871910976 140437872390208
set_read_ber 0.000000
set_write_ber 0.000001
remove_approx 24193920 24673152
remove_approx 20342368 20821600
remove_approx 140437871910976 140437872390208
add_approx 28045472 28524704
set_read_ber 0.000000
set_write_ber 0.000001
add_approx 24193920 24673152
set_read_ber 0.000000
set_write_ber 0.000001
add_approx 20342368 20821600
set_read_ber 0.000000
set_write_ber 0.000001
remove_approx 28045472 28524704
remove_approx 24193920 24673152
remove_approx 20342368 20821600
add_approx 28045472 28524704
set_read_ber 0.000000
set_write_ber 0.000001
add_approx 24193920 24673152
set_read_ber 0.000000
set_write_ber 0.000001
add_approx 20342368 20821600
set_read_ber 0.000000
set_write_ber 0.000001
add_approx 140437889355840 140437889835072
set_read_ber 0.000000
set_write_ber 0.000001
remove_approx 28045472 28524704
remove_approx 24193920 24673152
remove_approx 20342368 20821600
remove_approx 140437889355840 140437889835072
add_approx 140437889355840 140437889835072
set_read_ber 0.000000
set