add_approx 140683696201792 140683698837568
set_read_ber 0.001000
set_write_ber 0.000100
remove_approx 140683696201792 140683698837568
add_approx 140683696201792 140683698837568
set_read_ber 0.001000
set_write_ber 0.000100
add_approx 140683662336064 140683664971840
set_read_ber 0.001000
set_write_ber 0.000100
remove_approx 140683696201792 140683698837568
remove_approx 140683662336064 140683664971840
add_approx 140683696201792 140683698837568
set_read_ber 0.001000
set_write_ber 0.000100
add_approx 19477824 22113600
set_read_ber 0.001000
set_write_ber 0.000100
add_approx 140683662336064 140683664971840
set_read_ber 0.001000
set_write_ber 0.000100
remove_approx 140683696201792 140683698837568
remove_approx 19477824 22113600
remove_approx 140683662336064 140683664971840
#eof
