add_approx 140495647977536 140495657396288
set_read_ber 0.000100
set_write_ber 0.001000
add_approx 140495778820160 140495788238912
set_read_ber 0.000100
set_write_ber 0.001000
remove_approx 140495647977536 140495657396288
remove_approx 140495778820160 140495788238912
add_approx 140495574884416 140495584303168
set_read_ber 0.000100
set_write_ber 0.001000
add_approx 140495647977536 140495657396288
set_read_ber 0.000100
set_write_ber 0.001000
add_approx 140495778820160 140495788238912
set_read_ber 0.000100
set_write_ber 0.001000
remove_approx 140495574884416 140495584303168
remove_approx 140495647977536 140495657396288
remove_approx 140495778820160 140495788238912
add_approx 140495574884416 140495584303168
set_read_ber 0.000100
set_write_ber 0.001000
add_approx 140495647977536 140495657396288
set_read_ber 0.000100
set_write_ber 0.001000
add_approx 140495778820160 140495788238912
set_read_ber 0.000100
set_write_ber 0.001000
add_approx 255234656 264653408
set_read_ber 0.000100
set_write_ber 0.001000
remove_approx 140495574884416 140495584303168
remove_approx 140495647977536 140495657396288
remove_approx 140495778820160 140495788238912
remove_approx 255234656 264653408
add_approx 140495574884416 140495584303168
set_read_ber 0.000100
set_write_ber 0.001000
add_approx 140495647977536 140495657396288
set_read_ber 0.000100
set_write_ber 0.001000
add_approx 322164704 331583456
set_read_ber 0.000100
set_write_ber 0.001000
add_approx 255234656 264653408
set_read_ber 0.000100
set_write_ber 0.001000
remove_approx 140495574884416 140495584303168
remove_approx 140495647977536 140495657396288
remove_approx 322164704 331583456
remove_approx 255234656 264653408
add_approx 140495574884416 140495584303168
set_read_ber 0.000100
set_write_ber 0.001000
add_approx 140495647977536 140495657396288
set_read_ber 0.000100
set_write_ber 0.001000
add_approx 322164704 331583456
set_read_ber 0.000100
set_write_ber 0.001000
add_approx 255234656 264653408
set_read_ber 0.000100
set_write_ber 0.001000
remove_approx 140495574884416 140495584303168
remove_approx 140495647977536 140495657396288
remove_approx 322164704 331583456
remove_approx 255234656 264653408
add_approx 322164704 331583456
set_read_ber 0.000100
set_write_ber 0.001000
add_approx 140495574884416 140495584303168
set_read_ber 0.000100
set_write_ber 0.001000
add_approx 140495647977536 140495657396288
set_read_ber 0.000100
set_write_ber 0.001000
add_approx 255234656 264653408
set_read_ber 0.000100
set_write_ber 0.001000
remove_approx 322164704 331583456
remove_approx 140495574884416 140495584303168
remove_approx 140495647977536 140495657396288
remove_approx 255234656 264653408
add_approx 255234656 264653408
set_read_ber 0.000100
set_write_ber 0.001000
add_approx 322164704 331583456
set_read_ber 0.000100
set_write_ber 0.001000
add_approx 140495574884416 140495584303168
set_read_ber 0.000100
set_write_ber 0.001000
remove_approx 255234656 264653408
remove_approx 322164704 331583456
remove_approx 140495574884416 140495584303168
add_approx 255234656 264653408
set_read_ber 0.000100
set_write_ber 0.001000
add_approx 322164704 331583456
set_read_ber 0.000100
set_write_ber 0.001000
add_approx 140495574884416 140495584303168
set_read_ber 0.000100
set_write_ber 0.001000
add_approx 140495778820160 140495788238912
set_read_ber 0.000100
set_write_ber 0.001000
remove_approx 255234656 264653408
remove_approx 322164704 331583456
remove_approx 140495574884416 140495584303168
remove_approx 140495778820160 140495788238912
add_approx 255234656 264653408
set_read_ber 0.000100
set_write_ber 0.001000
add_approx 322164704 331583456
set_read_ber 0.000100
set_write_ber 0.001000
add_approx 389094752 398513504
set_read_ber 0.000100
set_write_ber 0.001000
add_approx 140495778820160 140495788238912
set_read_ber 0.000100
set_write_ber 0.001000
remove_approx 255234656 264653408
remove_approx 322164704 331583456
remove_approx 389094752 398513504
remove_approx 140495778820160 140495788238912
add_approx 140495778820160 140495788238912
set_read_ber 0.000100
set_write_ber 0.001000
add_approx 389094752 398513504
set_read_ber 0.000100
set_write_ber 0.001000
add_approx 255234656 264653408
set_read_ber 0.000100
set_write_ber 0.001000
remove_approx 140495778820160 140495788238912
remove_approx 389094752 398513504
remove_approx 255234656 264653408
add_approx 140495778820160 140495788238912
set_read_ber 0.000100
set_write_ber 0.001000
add_approx 389094752 398513504
set_read_ber 0.000100
set_write_ber 0.001000
add_approx 322164704 331583456
set_read_ber 0.000100
set_write_ber 0.001000
add_approx 140495574884416 140495584303168
set_read_ber 0.000100
set_write_ber 0.001000
remove_approx 140495778820160 140495788238912
remove_approx 389094752 398513504
remove_approx 322164704 331583456
remove_approx 140495574884416 140495584303168
add_approx 140495778820160 140495788238912
set_read_ber 0.000100
set_write_ber 0.001000
add_approx 389094752 398513504
set_read_ber 0.000100
set_write_ber 0.001000
add_approx 140495647977536 140495657396288
set_read_ber 0.000100
set_write_ber 0.001000
add_approx 140495574884416 140495584303168
set_read_ber 0.000100
set_write_ber 0.001000
remove_approx 140495778820160 140495788238912
remove_approx 389094752 398513504
remove_approx 140495647977536 140495657396288
remove_approx 140495574884416 140495584303168
add_approx 140495778820160 140495788238912
set_read_ber 0.000100
set_write_ber 0.001000
add_approx 389094752 398513504
set_read_ber 0.000100
set_write_ber 0.001000
add_approx 140495647977536 140495657396288
set_read_ber 0.000100
set_write_ber 0.001000
add_approx 140495574884416 140495584303168
set_read_ber 0.000100
set_write_ber 0.001000
remove_approx 140495778820160 140495788238912
remove_approx 389094752 398513504
remove_approx 140495647977536 140495657396288
remove_approx 140495574884416 140495584303168
add_approx 140495647977536 140495657396288
set_read_ber 0.000100
set_write_ber 0.001000
add_approx 140495778820160 140495788238912
set_read_ber 0.000100
set_write_ber 0.001000
add_approx 389094752 398513504
set_read_ber 0.000100
set_write_ber 0.001000
add_approx 140495574884416 140495584303168
set_read_ber 0.000100
set_write_ber 0.001000
remove_approx 140495647977536 140495657396288
remove_approx 140495778820160 140495788238912
remove_approx 389094752 398513504
remove_approx 140495574884416 140495584303168
add_approx 140495574884416 140495584303168
set_read_ber 0.000100
set_write_ber 0.001000
add_approx 140495647977536 140495657396288
set_read_ber 0.000100
set_write_ber 0.001000
add_approx 140495778820160 140495788238912
set_read_ber 0.000100
set_write_ber 0.001000
remove_approx 140495574884416 140495584303168
remove_approx 140495647977536 140495657396288
remove_approx 140495778820160 140495788238912
add_approx 140495574884416 140495584303168
set_read_ber 0.000100
set_write_ber 0.001000
add_approx 140495647977536 140495657396288
set_read_ber 0.000100
set_write_ber 0.001000
add_approx 389094752 398513504
set_read_ber 0.000100
set_write_ber 0.001000
add_approx 322164704 331583456
set_read_ber 0.000100
set_write_ber 0.001000
remove_approx 140495574884416 140495584303168
remove_approx 140495647977536 140495657396288
remove_approx 389094752 398513504
remove_approx 322164704 331583456
add_approx 140495574884416 140495584303168
set_read_ber 0.000100
set_write_ber 0.001000
add_approx 140495647977536 140495657396288
set_read_ber 0.000100
set_write_ber 0.001000
add_approx 255234656 264653408
set_read_ber 0.000100
set_write_ber 0.001000
add_approx 322164704 331583456
set_read_ber 0.000100
set_write_ber 0.001000
remove_approx 140495574884416 140495584303168
remove_approx 140495647977536 140495657396288
remove_approx 255234656 264653408
remove_approx 322164704 331583456
add_approx 140495574884416 140495584303168
set_read_ber 0.000100
set_write_ber 0.001000
add_approx 140495647977536 140495657396288
set_read_ber 0.000100
set_write_ber 0.001000
add_approx 255234656 264653408
set_read_ber 0.000100
set_write_ber 0.001000
add_approx 322164704 331583456
set_read_ber 0.000100
set_write_ber 0.001000
remove_approx 140495574884416 140495584303168
remove_approx 140495647977536 140495657396288
remove_approx 255234656 264653408
remove_approx 322164704 331583456
add_approx 255234656 264653408
set_read_ber 0.000100
set_write_ber 0.001000
add_approx 140495574884416 140495584303168
set_read_ber 0.000100
set_write_ber 0.001000
add_approx 140495647977536 140495657396288
set_read_ber 0.000100
set_write_ber 0.001000
add_approx 322164704 331583456
set_read_ber 0.000100
set_write_ber 0.001000
remove_approx 255234656 264653408
remove_approx 140495574884416 140495584303168
remove_approx 140495647977536 140495657396288
remove_approx 322164704 331583456
add_approx 322164704 331583456
set_read_ber 0.000100
set_write_ber 0.001000
add_approx 255234656 264653408
set_read_ber 0.000100
set_write_ber 0.001000
add_approx 140495574884416 140495584303168
set_read_ber 0.000100
set_write_ber 0.001000
remove_approx 322164704 331583456
remove_approx 255234656 264653408
remove_approx 140495574884416 140495584303168
add_approx 322164704 331583456
set_read_ber 0.000100
set_write_ber 0.001000
add_approx 255234656 264653408
set_read_ber 0.000100
set_write_ber 0.001000
add_approx 140495647977536 140495657396288
set_read_ber 0.000100
set_write_ber 0.001000
add_approx 389094752 398513504
set_read_ber 0.000100
set_write_ber 0.001000
remove_approx 322164704 331583456
remove_approx 255234656 264653408
remove_approx 140495647977536 140495657396288
remove_approx 389094752 398513504
add_approx 322164704 331583456
set_read_ber 0.000100
set_write_ber 0.001000
add_approx 255234656 264653408
set_read_ber 0.000100
set_write_ber 0.001000
add_approx 140495778820160 140495788238912
set_read_ber 0.000100
set_write_ber 0.001000
add_approx 389094752 398513504
set_read_ber 0.000100
set_write_ber 0.001000
remove_approx 322164704 331583456
remove_approx 255234656 264653408
remove_approx 140495778820160 140495788238912
remove_approx 389094752 398513504
add_approx 322164704 331583456
set_read_ber 0.000100
set_write_ber 0.001000
add_approx 255234656 264653408
set_read_ber 0.000100
set_write_ber 0.001000
add_approx 140495778820160 140495788238912
set_read_ber 0.000100
set_write_ber 0.001000
add_approx 389094752 398513504
set_read_ber 0.000100
set_write_ber 0.001000
remove_approx 322164704 331583456
remove_approx 255234656 264653408
remove_approx 140495778820160 140495788238912
remove_approx 389094752 398513504
add_approx 140495778820160 140495788238912
set_read_ber 0.000100
set_write_ber 0.001000
add_approx 322164704 331583456
set_read_ber 0.000100
set_write_ber 0.001000
add_approx 255234656 264653408
set_read_ber 0.000100
set_write_ber 0.001000
add_approx 389094752 398513504
set_read_ber 0.000100
set_write_ber 0.001000
remove_approx 140495778820160 140495788238912
remove_approx 322164704 331583456
remove_approx 255234656 264653408
remove_approx 389094752 398513504
add_approx 389094752 398513504
set_read_ber 0.000100
set_write_ber 0.001000
add_approx 140495778820160 140495788238912
set_read_ber 0.000100
set_write_ber 0.001000
add_approx 322164704 331583456
set_read_ber 0.000100
set_write_ber 0.001000
remove_approx 389094752 398513504
remove_approx 140495778820160 140495788238912
remove_approx 322164704 331583456
add_approx 389094752 398513504
set_read_ber 0.000100
set_write_ber 0.001000
add_approx 140495778820160 140495788238912
set_read_ber 0.000100
set_write_ber 0.001000
add_approx 255234656 264653408
set_read_ber 0.000100
set_write_ber 0.001000
add_approx 140495647977536 140495657396288
set_read_ber 0.000100
set_write_ber 0.001000
remove_approx 389094752 398513504
remove_approx 140495778820160 140495788238912
remove_approx 255234656 264653408
remove_approx 140495647977536 140495657396288
add_approx 389094752 398513504
set_read_ber 0.000100
set_write_ber 0.001000
add_approx 140495778820160 140495788238912
set_read_ber 0.000100
set_write_ber 0.001000
add_approx 140495574884416 140495584303168
set_read_ber 0.000100
set_write_ber 0.001000
add_approx 140495647977536 140495657396288
set_read_ber 0.000100
set_write_ber 0.001000
remove_approx 389094752 398513504
remove_approx 140495778820160 140495788238912
remove_approx 140495574884416 140495584303168
remove_approx 140495647977536 140495657396288
add_approx 140495647977536 140495657396288
set_read_ber 0.000100
set_write_ber 0.001000
add_approx 140495574884416 140495584303168
set_read_ber 0.000100
set_write_ber 0.001000
add_approx 389094752 398513504
set_read_ber 0.000100
set_write_ber 0.001000
remove_approx 140495647977536 140495657396288
remove_approx 140495574884416 140495584303168
remove_approx 389094752 398513504
add_approx 140495647977536 140495657396288
set_read_ber 0.000100
set_write_ber 0.001000
add_approx 140495574884416 140495584303168
set_read_ber 0.000100
set_write_ber 0.001000
add_approx 140495778820160 140495788238912
set_read_ber 0.000100
set_write_ber 0.001000
add_approx 255234656 264653408
set_read_ber 0.000100
set_write_ber 0.001000
remove_approx 140495647977536 140495657396288
remove_approx 140495574884416 140495584303168
remove_approx 140495778820160 140495788238912
remove_approx 255234656 264653408
add_approx 140495647977536 140495657396288
set_read_ber 0.000100
set_write_ber 0.001000
add_approx 140495574884416 140495584303168
set_read_ber 0.000100
set_write_ber 0.001000
add_approx 322164704 331583456
set_read_ber 0.000100
set_write_ber 0.001000
add_approx 255234656 264653408
set_read_ber 0.000100
set_write_ber 0.001000
remove_approx 140495647977536 140495657396288
remove_approx 140495574884416 140495584303168
remove_approx 322164704 331583456
remove_approx 255234656 264653408
add_approx 140495647977536 140495657396288
set_read_ber 0.000100
set_write_ber 0.001000
add_approx 140495574884416 140495584303168
set_read_ber 0.000100
set_write_ber 0.001000
add_approx 322164704 331583456
set_read_ber 0.000100
set_write_ber 0.001000
add_approx 255234656 264653408
set_read_ber 0.000100
set_write_ber 0.001000
remove_approx 140495647977536 140495657396288
remove_approx 140495574884416 140495584303168
remove_approx 322164704 331583456
remove_approx 255234656 264653408
add_approx 322164704 331583456
set_read_ber 0.000100
set_write_ber 0.001000
add_approx 140495647977536 140495657396288
set_read_ber 0.000100
set_write_ber 0.001000
add_approx 140495574884416 140495584303168
set_read_ber 0.000100
set_write_ber 0.001000
add_approx 255234656 264653408
set_read_ber 0.000100
set_write_ber 0.001000
remove_approx 322164704 331583456
remove_approx 140495647977536 140495657396288
remove_approx 140495574884416 140495584303168
remove_approx 255234656 264653408
add_approx 255234656 264653408
set_read_ber 0.000100
set_write_ber 0.001000
add_approx 322164704 331583456
set_read_ber 0.000100
set_write_ber 0.001000
add_approx 140495647977536 140495657396288
set_read_ber 0.000100
set_write_ber 0.001000
remove_approx 255234656 264653408
remove_approx 322164704 331583456
remove_approx 140495647977536 140495657396288
add_approx 255234656 264653408
set_read_ber 0.000100
set_write_ber 0.001000
add_approx 322164704 331583456
set_read_ber 0.000100
set_write_ber 0.001000
add_approx 140495574884416 140495584303168
set_read_ber 0.000100
set_write_ber 0.001000
add_approx 140495778820160 140495788238912
set_read_ber 0.000100
set_write_ber 0.001000
remove_approx 255234656 264653408
remove_approx 322164704 331583456
remove_a