add_approx 140027863298112 140027863777344
set_read_ber 0.000001
set_write_ber 0.000010
add_approx 140027948126272 140027948605504
set_read_ber 0.000001
set_write_ber 0.000010
remove_approx 140027863298112 140027863777344
remove_approx 140027948126272 140027948605504
add_approx 140027859099712 140027859578944
set_read_ber 0.000001
set_write_ber 0.000010
add_approx 140027863298112 140027863777344
set_read_ber 0.000001
set_write_ber 0.000010
add_approx 140027948126272 140027948605504
set_read_ber 0.000001
set_write_ber 0.000010
remove_approx 140027859099712 140027859578944
remove_approx 140027863298112 140027863777344
remove_approx 140027948126272 140027948605504
add_approx 42538592 43017824
set_read_ber 0.000001
set_write_ber 0.000010
add_approx 140027859099712 140027859578944
set_read_ber 0.000001
set_write_ber 0.000010
add_approx 140027863298112 140027863777344
set_read_ber 0.000001
set_write_ber 0.000010
remove_approx 42538592 43017824
remove_approx 140027859099712 140027859578944
remove_approx 140027863298112 140027863777344
add_approx 42538592 43017824
set_read_ber 0.000001
set_write_ber 0.000010
add_approx 140027859099712 140027859578944
set_read_ber 0.000001
set_write_ber 0.000010
add_approx 140027863298112 140027863777344
set_read_ber 0.000001
set_write_ber 0.000010
add_approx 46390144 46869376
set_read_ber 0.000001
set_write_ber 0.000010
remove_approx 42538592 43017824
remove_approx 140027859099712 140027859578944
remove_approx 140027863298112 140027863777344
remove_approx 46390144 46869376
add_approx 42538592 43017824
set_read_ber 0.000001
set_write_ber 0.000010
add_approx 140027859099712 140027859578944
set_read_ber 0.000001
set_write_ber 0.000010
add_approx 50241696 50720928
set_read_ber 0.000001
set_write_ber 0.000010
add_approx 46390144 46869376
set_read_ber 0.000001
set_write_ber 0.000010
remove_approx 42538592 43017824
remove_approx 140027859099712 140027859578944
remove_approx 50241696 50720928
remove_approx 46390144 46869376
add_approx 46390144 46869376
set_read_ber 0.000001
set_write_ber 0.000010
add_approx 50241696 50720928
set_read_ber 0.000001
set_write_ber 0.000010
add_approx 42538592 43017824
set_read_ber 0.000001
set_write_ber 0.000010
remove_approx 46390144 46869376
remove_approx 50241696 50720928
remove_approx 42538592 43017824
add_approx 140027863298112 140027863777344
set_read_ber 0.000001
set_write_ber 0.000010
add_approx 46390144 46869376
set_read_ber 0.000001
set_write_ber 0.000010
add_approx 50241696 50720928
set_read_ber 0.000001
set_write_ber 0.000010
remove_approx 140027863298112 140027863777344
remove_approx 46390144 46869376
remove_approx 50241696 50720928
add_approx 140027863298112 140027863777344
set_read_ber 0.000001
set_write_ber 0.000010
add_approx 46390144 46869376
set_read_ber 0.000001
set_write_ber 0.000010
add_approx 50241696 50720928
set_read_ber 0.000001
set_write_ber 0.000010
add_approx 140027948126272 140027948605504
set_read_ber 0.000001
set_write_ber 0.000010
remove_approx 140027863298112 140027863777344
remove_approx 46390144 46869376
remove_approx 50241696 50720928
remove_approx 140027948126272 140027948605504
add_approx 140027948126272 140027948605504
set_read_ber 0.000001
set_write_ber 0.000010
add_approx 140027863298112 140027863777344
set_read_ber 0.000001
set_write_ber 0.000010
add_approx 46390144 46869376
set_read_ber 0.000001
set_write_ber 0.000010
remove_approx 140027948126272 140027948605504
remove_approx 140027863298112 140027863777344
remove_approx 46390144 46869376
add_approx 42538592 43017824
set_read_ber 0.000001
set_write_ber 0.000010
add_approx 140027948126272 140027948605504
set_read_ber 0.000001
set_write_ber 0.000010
add_approx 140027863298112 140027863777344
set_read_ber 0.000001
set_write_ber 0.000010
remove_approx 42538592 43017824
remove_approx 140027948126272 140027948605504
remove_approx 140027863298112 140027863777344
add_approx 42538592 43017824
set_read_ber 0.000001
set_write_ber 0.000010
add_approx 140027948126272 140027948605504
set_read_ber 0.000001
set_write_ber 0.000010
add_approx 140027863298112 140027863777344
set_read_ber 0.000001
set_write_ber 0.000010
add_approx 140027859099712 140027859578944
set_read_ber 0.000001
set_write_ber 0.000010
remove_approx 42538592 43017824
remove_approx 140027948126272 140027948605504
remove_approx 140027863298112 140027863777344
remove_approx 140027859099712 140027859578944
add_approx 140027859099712 140027859578944
set_read_ber 0.000001
set_write_ber 0.000010
add_approx 42538592 43017824
set_read_ber 0.000001
set_write_ber 0.000010
add_approx 140027948126272 140027948605504
set_read_ber 0.000001
set_write_ber 0.000010
remove_approx 140027859099712 140027859578944
remove_approx 42538592 43017824
remove_approx 140027948126272 140027948605504
add_approx 50241696 50720928
set_read_ber 0.000001
set_write_ber 0.000010
add_approx 140027859099712 140027859578944
set_read_ber 0.000001
set_write_ber 0.000010
add_approx 42538592 43017824
set_read_ber 0.000001
set_write_ber 0.000010
remove_approx 50241696 50720928
remove_approx 140027859099712 140027859578944
remove_approx 42538592 43017824
add_approx 50241696 50720928
set_read_ber 0.000001
set_write_ber 0.000010
add_approx 140027859099712 140027859578944
set_read_ber 0.000001
set_write_ber 0.000010
add_approx 42538592 43017824
set_read_ber 0.000001
set_write_ber 0.000010
add_approx 46390144 46869376
set_read_ber 0.000001
set_write_ber 0.000010
remove_approx 50241696 50720928
remove_approx 140027859099712 140027859578944
remove_approx 42538592 43017824
remove_approx 46390144 46869376
add_approx 50241696 50720928
set_read_ber 0.000001
set_write_ber 0.000010
add_approx 140027859099712 140027859578944
set_read_ber 0.000001
set_write_ber 0.000010
add_approx 140027863298112 140027863777344
set_read_ber 0.000001
set_write_ber 0.000010
add_approx 46390144 46869376
set_read_ber 0.000001
set_write_ber 0.000010
remove_approx 50241696 50720928
remove_approx 140027859099712 140027859578944
remove_approx 140027863298112 140027863777344
remove_approx 46390144 46869376
add_approx 46390144 46869376
set_read_ber 0.000001
set_write_ber 0.000010
add_approx 140027863298112 140027863777344
set_read_ber 0.000001
set_write_ber 0.000010
add_approx 50241696 50720928
set_read_ber 0.000001
set_write_ber 0.000010
remove_approx 46390144 46869376
remove_approx 140027863298112 140027863777344
remove_approx 50241696 50720928
add_approx 42538592 43017824
set_read_ber 0.000001
set_write_ber 0.000010
add_approx 46390144 46869376
set_read_ber 0.000001
set_write_ber 0.000010
add_approx 140027863298112 140027863777344
set_read_ber 0.000001
set_write_ber 0.000010
remove_approx 42538592 43017824
remove_approx 46390144 46869376
remove_approx 140027863298112 140027863777344
add_approx 42538592 43017824
set_read_ber 0.000001
set_write_ber 0.000010
add_approx 46390144 46869376
set_read_ber 0.000001
set_write_ber 0.000010
add_approx 140027863298112 140027863777344
set_read_ber 0.000001
set_write_ber 0.000010
add_approx 140027948126272 140027948605504
set_read_ber 0.000001
set_write_ber 0.000010
remove_approx 42538592 43017824
remove_approx 46390144 46869376
remove_approx 140027863298112 140027863777344
remove_approx 140027948126272 140027948605504
add_approx 140027948126272 140027948605504
set_read_ber 0.000001
set_write_ber 0.000010
add_approx 42538592 43017824
set_read_ber 0.000001
set_write_ber 0.000010
add_approx 46390144 46869376
set_read_ber 0.000001
set_write_ber 0.000010
remove_approx 140027948126272 140027948605504
remove_approx 42538592 43017824
remove_approx 46390144 46869376
add_approx 50241696 50720928
set_read_ber 0.000001
set_write_ber 0.000010
add_approx 140027948126272 140027948605504
set_read_ber 0.000001
set_write_ber 0.000010
add_approx 42538592 43017824
set_read_ber 0.000001
set_write_ber 0.000010
remove_approx 50241696 50720928
remove_approx 140027948126272 140027948605504
remove_approx 42538592 43017824
add_approx 50241696 50720928
set_read_ber 0.000001
set_write_ber 0.000010
add_approx 140027948126272 140027948605504
set_read_ber 0.000001
set_write_ber 0.000010
add_approx 42538592 43017824
set_read_ber 0.000001
set_write_ber 0.000010
add_approx 140027859099712 140027859578944
set_read_ber 0.000001
set_write_ber 0.000010
remove_approx 50241696 50720928
remove_approx 140027948126272 140027948605504
remove_approx 42538592 43017824
remove_approx 140027859099712 140027859578944
add_approx 140027859099712 140027859578944
set_read_ber 0.000001
set_write_ber 0.000010
add_approx 50241696 50720928
set_read_ber 0.000001
set_write_ber 0.000010
add_approx 140027948126272 140027948605504
set_read_ber 0.000001
set_write_ber 0.000010
remove_approx 140027859099712 140027859578944
remove_approx 50241696 50720928
remove_approx 140027948126272 140027948605504
add_approx 140027863298112 140027863777344
set_read_ber 0.000001
set_write_ber 0.000010
add_approx 140027859099712 140027859578944
set_read_ber 0.000001
set_write_ber 0.000010
add_approx 50241696 50720928
set_read_ber 0.000001
set_write_ber 0.000010
remove_approx 140027863298112 140027863777344
remove_approx 140027859099712 140027859578944
remove_approx 50241696 50720928
add_approx 140027863298112 140027863777344
set_read_ber 0.000001
set_write_ber 0.000010
add_approx 140027859099712 140027859578944
set_read_ber 0.000001
set_write_ber 0.000010
add_approx 50241696 50720928
set_read_ber 0.000001
set_write_ber 0.000010
add_approx 46390144 46869376
set_read_ber 0.000001
set_write_ber 0.000010
remove_approx 140027863298112 140027863777344
remove_approx 140027859099712 140027859578944
remove_approx 50241696 50720928
remove_approx 46390144 46869376
add_approx 140027863298112 140027863777344
set_read_ber 0.000001
set_write_ber 0.000010
add_approx 140027859099712 140027859578944
set_read_ber 0.000001
set_write_ber 0.000010
add_approx 42538592 43017824
set_read_ber 0.000001
set_write_ber 0.000010
add_approx 46390144 46869376
set_read_ber 0.000001
set_write_ber 0.000010
remove_approx 140027863298112 140027863777344
remove_approx 140027859099712 140027859578944
remove_approx 42538592 43017824
remove_approx 46390144 46869376
add_approx 46390144 46869376
set_read_ber 0.000001
set_write_ber 0.000010
add_approx 42538592 43017824
set_read_ber 0.000001
set_write_ber 0.000010
add_approx 140027863298112 140027863777344
set_read_ber 0.000001
set_write_ber 0.000010
remove_approx 46390144 46869376
remove_approx 42538592 43017824
remove_approx 140027863298112 140027863777344
add_approx 50241696 50720928
set_read_ber 0.000001
set_write_ber 0.000010
add_approx 46390144 46869376
set_read_ber 0.000001
set_write_ber 0.000010
add_approx 42538592 43017824
set_read_ber 0.000001
set_write_ber 0.000010
remove_approx 50241696 50720928
remove_approx 46390144 46869376
remove_approx 42538592 43017824
add_approx 50241696 50720928
set_read_ber 0.000001
set_write_ber 0.000010
add_approx 46390144 46869376
set_read_ber 0.000001
set_write_ber 0.000010
add_approx 42538592 43017824
set_read_ber 0.000001
set_write_ber 0.000010
add_approx 140027948126272 140027948605504
set_read_ber 0.000001
set_write_ber 0.000010
remove_approx 50241696 50720928
remove_approx 46390144 46869376
remove_approx 42538592 43017824
remove_approx 140027948126272 140027948605504
add_approx 140027948126272 140027948605504
set_read_ber 0.000001
set