add_approx 140552851894336 140552854530112
set_read_ber 0.001000
set_write_ber 0.000010
remove_approx 140552851894336 140552854530112
add_approx 140552851894336 140552854530112
set_read_ber 0.001000
set_write_ber 0.000010
add_approx 140552810696768 140552813332544
set_read_ber 0.001000
set_write_ber 0.000010
remove_approx 140552851894336 140552854530112
remove_approx 140552810696768 140552813332544
add_approx 140552851894336 140552854530112
set_read_ber 0.001000
set_write_ber 0.000010
add_approx 65674208 68309984
set_read_ber 0.001000
set_write_ber 0.000010
add_approx 140552810696768 140552813332544
set_read_ber 0.001000
#eof
