add_approx 139802342121536 139802351540288
set_read_ber 0.001000
set_write_ber 0.000000
add_approx 139802466746432 139802476165184
set_read_ber 0.001000
set_write_ber 0.000000
remove_approx 139802342121536 139802351540288
remove_approx 139802466746432 139802476165184
add_approx 139802252116032 139802261534784
set_read_ber 0.001000
set_write_ber 0.000000
add_approx 139802342121536 139802351540288
set_read_ber 0.001000
set_write_ber 0.000000
add_approx 139802466746432 139802476165184
set_read_ber 0.001000
set_write_ber 0.000000
remove_approx 139802252116032 139802261534784
remove_approx 139802342121536 139802351540288
remove_approx 139802466746432 139802476165184
add_approx 139802252116032 139802261534784
set_read_ber 0.001000
set_write_ber 0.000000
add_approx 139802342121536 139802351540288
set_read_ber 0.001000
set_write_ber 0.000000
add_approx 139802466746432 139802476165184
set_read_ber 0.001000
set_write_ber 0.000000
add_approx 222783872 232202624
set_read_ber 0.001000
set_write_ber 0.000000
remove_approx 139802252116032 139802261534784
remove_approx 139802342121536 139802351540288
remove_approx 139802466746432 139802476165184
remove_approx 222783872 232202624
add_approx 139802252116032 139802261534784
set_read_ber 0.001000
set_write_ber 0.000000
add_approx 139802342121536 139802351540288
set_read_ber 0.001000
set_write_ber 0.000000
add_approx 289713920 299132672
set_read_ber 0.001000
set_write_ber 0.000000
add_approx 222783872 232202624
set_read_ber 0.001000
set_write_ber 0.000000
remove_approx 139802252116032 139802261534784
remove_approx 139802342121536 139802351540288
remove_approx 289713920 299132672
remove_approx 222783872 232202624
add_approx 139802252116032 139802261534784
set_read_ber 0.001000
set_write_ber 0.000000
add_approx 139802342121536 139802351540288
set_read_ber 0.001000
set_write_ber 0.000000
add_approx 289713920 299132672
set_read_ber 0.001000
set_write_ber 0.000000
add_approx 222783872 232202624
set_read_ber 0.001000
set_write_ber 0.000000
remove_approx 139802252116032 139802261534784
remove_approx 139802342121536 139802351540288
remove_approx 289713920 299132672
remove_approx 222783872 232202624
add_approx 289713920 299132672
set_read_ber 0.001000
set_write_ber 0.000000
add_approx 139802252116032 139802261534784
set_read_ber 0.001000
set_write_ber 0.000000
add_approx 139802342121536 139802351540288
set_read_ber 0.001000
set_write_ber 0.000000
add_approx 222783872 232202624
set_read_ber 0.001000
set_write_ber 0.000000
remove_approx 289713920 299132672
remove_approx 139802252116032 139802261534784
remove_approx 139802342121536 139802351540288
remove_approx 222783872 232202624
add_approx 222783872 232202624
set_read_ber 0.001000
set_write_ber 0.000000
add_approx 289713920 299132672
set_read_ber 0.001000
set_write_ber 0.000000
add_approx 139802252116032 139802261534784
set_read_ber 0.001000
set_write_ber 0.000000
remove_approx 222783872 232202624
remove_approx 289713920 299132672
remove_approx 139802252116032 139802261534784
add_approx 222783872 232202624
set_read_ber 0.001000
set_write_ber 0.000000
add_approx 289713920 299132672
set_read_ber 0.001000
set_write_ber 0.000000
add_approx 139802252116032 139802261534784
set_read_ber 0.001000
set_write_ber 0.000000
add_approx 139802466746432 139802476165184
set_read_ber 0.001000
set_write_ber 0.000000
remove_approx 222783872 232202624
remove_approx 289713920 299132672
remove_approx 139802252116032 139802261534784
remove_approx 139802466746432 139802476165184
add_approx 222783872 232202624
set_read_ber 0.001000
set_write_ber 0.000000
add_approx 289713920 299132672
set_read_ber 0.001000
set_write_ber 0.000000
add_approx 356643968 366062720
set_read_ber 0.001000
set_write_ber 0.000000
add_approx 139802466746432 139802476165184
set_read_ber 0.001000
set_write_ber 0.000000
remove_approx 222783872 232202624
remove_approx 289713920 299132672
remove_approx 356643968 366062720
remove_approx 139802466746432 139802476165184
add_approx 139802466746432 139802476165184
set_read_ber 0.001000
set_write_ber 0.000000
add_approx 356643968 366062720
set_read_ber 0.001000
set_write_ber 0.000000
add_approx 222783872 232202624
set_read_ber 0.001000
set_write_ber 0.000000
remove_approx 139802466746432 139802476165184
remove_approx 356643968 366062720
remove_approx 222783872 232202624
add_approx 139802466746432 139802476165184
set_read_ber 0.001000
set_write_ber 0.000000
add_approx 356643968 366062720
set_read_ber 0.001000
set_write_ber 0.000000
add_approx 289713920 299132672
set_read_ber 0.001000
set_write_ber 0.000000
add_approx 139802252116032 139802261534784
set_read_ber 0.001000
set_write_ber 0.000000
remove_approx 139802466746432 139802476165184
remove_approx 356643968 366062720
remove_approx 289713920 299132672
remove_approx 139802252116032 139802261534784
add_approx 139802466746432 139802476165184
set_read_ber 0.001000
set_write_ber 0.000000
add_approx 356643968 366062720
set_read_ber 0.001000
set_write_ber 0.000000
add_approx 139802342121536 139802351540288
set_read_ber 0.001000
set_write_ber 0.000000
add_approx 139802252116032 139802261534784
set_read_ber 0.001000
set_write_ber 0.000000
remove_approx 139802466746432 139802476165184
remove_approx 356643968 366062720
remove_approx 139802342121536 139802351540288
remove_approx 139802252116032 139802261534784
add_approx 139802466746432 139802476165184
set_read_ber 0.001000
set_write_ber 0.000000
add_approx 356643968 366062720
set_read_ber 0.001000
set_write_ber 0.000000
add_approx 139802342121536 139802351540288
set_read_ber 0.001000
set_write_ber 0.000000
add_approx 139802252116032 139802261534784
set_read_ber 0.001000
set_write_ber 0.000000
remove_approx 139802466746432 139802476165184
remove_approx 356643968 366062720
remove_approx 139802342121536 139802351540288
remove_approx 139802252116032 139802261534784
add_approx 139802342121536 139802351540288
set_read_ber 0.001000
set_write_ber 0.000000
add_approx 139802466746432 139802476165184
set_read_ber 0.001000
set_write_ber 0.000000
add_approx 356643968 366062720
set_read_ber 0.001000
set_write_ber 0.000000
add_approx 139802252116032 139802261534784
set_read_ber 0.001000
set_write_ber 0.000000
remove_approx 139802342121536 139802351540288
remove_approx 139802466746432 139802476165184
remove_approx 356643968 366062720
remove_approx 139802252116032 139802261534784
add_approx 139802252116032 139802261534784
set_read_ber 0.001000
set_write_ber 0.000000
add_approx 139802342121536 139802351540288
set_read_ber 0.001000
set_write_ber 0.000000
add_approx 139802466746432 139802476165184
set_read_ber 0.001000
set_write_ber 0.000000
remove_approx 139802252116032 139802261534784
remove_approx 139802342121536 139802351540288
remove_approx 139802466746432 139802476165184
add_approx 139802252116032 139802261534784
set_read_ber 0.001000
set_write_ber 0.000000
add_approx 139802342121536 139802351540288
set_read_ber 0.001000
set_write_ber 0.000000
add_approx 356643968 366062720
set_read_ber 0.001000
set_write_ber 0.000000
add_approx 289713920 299132672
set_read_ber 0.001000
set_write_ber 0.000000
remove_approx 139802252116032 139802261534784
remove_approx 139802342121536 139802351540288
remove_approx 356643968 366062720
remove_approx 289713920 299132672
add_approx 139802252116032 139802261534784
set_read_ber 0.001000
set_write_ber 0.000000
add_approx 139802342121536 139802351540288
set_read_ber 0.001000
set_write_ber 0.000000
add_approx 222783872 232202624
set_read_ber 0.001000
set_write_ber 0.000000
add_approx 289713920 299132672
set_read_ber 0.001000
set_write_ber 0.000000
remove_approx 139802252116032 139802261534784
remove_approx 139802342121536 139802351540288
remove_approx 222783872 232202624
remove_approx 289713920 299132672
add_approx 139802252116032 139802261534784
set_read_ber 0.001000
set_write_ber 0.000000
add_approx 139802342121536 139802351540288
set_read_ber 0.001000
set_write_ber 0.000000
add_approx 222783872 232202624
set_read_ber 0.001000
set_write_ber 0.000000
add_approx 289713920 299132672
set_read_ber 0.001000
set_write_ber 0.000000
remove_approx 139802252116032 139802261534784
remove_approx 139802342121536 139802351540288
remove_approx 222783872 232202624
remove_approx 289713920 299132672
add_approx 222783872 232202624
set_read_ber 0.001000
set_write_ber 0.000000
add_approx 139802252116032 139802261534784
set_read_ber 0.001000
set_write_ber 0.000000
add_approx 139802342121536 139802351540288
set_read_ber 0.001000
set_write_ber 0.000000
add_approx 289713920 299132672
set_read_ber 0.001000
set_write_ber 0.000000
remove_approx 222783872 232202624
remove_approx 139802252116032 139802261534784
remove_approx 139802342121536 139802351540288
remove_approx 289713920 299132672
add_approx 289713920 299132672
set_read_ber 0.001000
set_write_ber 0.000000
add_approx 222783872 232202624
set_read_ber 0.001000
set_write_ber 0.000000
add_approx 139802252116032 139802261534784
set_read_ber 0.001000
set_write_ber 0.000000
remove_approx 289713920 299132672
remove_approx 222783872 232202624
remove_approx 139802252116032 139802261534784
add_approx 289713920 299132672
set_read_ber 0.001000
set_write_ber 0.000000
add_approx 222783872 232202624
set_read_ber 0.001000
set_write_ber 0.000000
add_approx 139802342121536 139802351540288
set_read_ber 0.001000
set_write_ber 0.000000
add_approx 356643968 366062720
set_read_ber 0.001000
set_write_ber 0.000000
remove_approx 289713920 299132672
remove_approx 222783872 232202624
remove_approx 139802342121536 139802351540288
remove_approx 356643968 366062720
add_approx 289713920 299132672
set_read_ber 0.001000
set_write_ber 0.000000
add_approx 222783872 232202624
set_read_ber 0.001000
set_write_ber 0.000000
add_approx 139802466746432 139802476165184
set_read_ber 0.001000
set_write_ber 0.000000
add_approx 356643968 366062720
set_read_ber 0.001000
set_write_ber 0.000000
remove_approx 289713920 299132672
remove_approx 222783872 232202624
remove_approx 139802466746432 139802476165184
remove_approx 356643968 366062720
add_approx 289713920 299132672
set_read_ber 0.001000
set_write_ber 0.000000
add_approx 222783872 232202624
set_read_ber 0.001000
set_write_ber 0.000000
add_approx 139802466746432 139802476165184
set_read_ber 0.001000
set_write_ber 0.000000
add_approx 356643968 366062720
set_read_ber 0.001000
set_write_ber 0.000000
remove_approx 289713920 299132672
remove_approx 222783872 232202624
remove_approx 139802466746432 139802476165184
remove_approx 356643968 366062720
add_approx 139802466746432 139802476165184
set_read_ber 0.001000
set_write_ber 0.000000
add_approx 289713920 299132672
set_read_ber 0.001000
set_write_ber 0.000000
add_approx 222783872 232202624
set_read_ber 0.001000
set_write_ber 0.000000
add_approx 356643968 366062720
set_read_ber 0.001000
set_write_ber 0.000000
remove_approx 139802466746432 139802476165184
remove_approx 289713920 299132672
remove_approx 222783872 232202624
remove_approx 356643968 366062720
add_approx 356643968 366062720
set_read_ber 0.001000
set_write_ber 0.000000
add_approx 139802466746432 139802476165184
set_read_ber 0.001000
set_write_ber 0.000000
add_approx 289713920 299132672
set_read_ber 0.001000
set_write_ber 0.000000
remove_approx 356643968 366062720
remove_approx 139802466746432 139802476165184
remove_approx 289713920 299132672
add_approx 356643968 366062720
set_read_ber 0.001000
set_write_ber 0.000000
add_approx 139802466746432 139802476165184
set_read_ber 0.001000
set_write_ber 0.000000
add_approx 222783872 232202624
set_read_ber 0.001000
set_write_ber 0.000000
add_approx 139802342121536 139802351540288
set_read_ber 0.001000
set_write_ber 0.000000
remove_approx 356643968 366062720
remove_approx 139802466746432 139802476165184
remove_approx 222783872 232202624
remove_approx 139802342121536 139802351540288
add_approx 356643968 366062720
set_read_ber 0.001000
set_write_ber 0.000000
add_approx 139802466746432 139802476165184
set_read_ber 0.001000
set_write_ber 0.000000
add_approx 139802252116032 139802261534784
set_read_ber 0.001000
set_write_ber 0.000000
add_approx 139802342121536 139802351540288
set_read_ber 0.001000
set_write_ber 0.000000
remove_approx 356643968 366062720
remove_approx 139802466746432 139802476165184
remove_approx 139802252116032 139802261534784
remove_approx 139802342121536 139802351540288
add_approx 139802342121536 139802351540288
set_read_ber 0.001000
set_write_ber 0.000000
add_approx 139802252116032 139802261534784
set_read_ber 0.001000
set_write_ber 0.000000
add_approx 356643968 366062720
set_read_ber 0.001000
set_write_ber 0.000000
remove_approx 139802342121536 139802351540288
remove_approx 139802252116032 139802261534784
remove_approx 356643968 366062720
add_approx 139802342121536 139802351540288
set_read_ber 0.001000
set_write_ber 0.000000
add_approx 139802252116032 139802261534784
set_read_ber 0.001000
set_write_ber 0.000000
add_approx 139802466746432 139802476165184
set_read_ber 0.001000
set_write_ber 0.000000
add_approx 222783872 232202624
set_read_ber 0.001000
set_write_ber 0.000000
remove_approx 139802342121536 139802351540288
remove_approx 139802252116032 139802261534784
remove_approx 139802466746432 139802476165184
remove_approx 222783872 232202624
add_approx 139802342121536 139802351540288
set_read_ber 0.001000
set_write_ber 0.000000
add_approx 139802252116032 139802261534784
set_read_ber 0.001000
set_write_ber 0.000000
add_approx 289713920 299132672
set_read_ber 0.001000
set_write_ber 0.000000
add_approx 222783872 232202624
set_read_ber 0.001000
set_write_ber 0.000000
remove_approx 139802342121536 139802351540288
remove_approx 139802252116032 139802261534784
remove_approx 289713920 299132672
remove_approx 222783872 232202624
add_approx 139802342121536 139802351540288
set_read_ber 0.001000
set_write_ber 0.000000
add_approx 139802252116032 139802261534784
set_read_ber 0.001000
set_write_ber 0.000000
add_approx 289713920 299132672
set_read_ber 0.001000
set_write_ber 0.000000
add_approx 222783872 232202624
set_read_ber 0.001000
set_write_ber 0.000000
remove_approx 139802342121536 139802351540288
remove_approx 139802252116032 139802261534784
remove_approx 289713920 299132672
remove_approx 222783872 232202624
add_approx 289713920 299132672
set_read_ber 0.001000
set_write_ber 0.000000
add_approx 139802342121536 139802351540288
set_read_ber 0.001000
set_write_ber 0.000000
add_approx 139802252116032 139802261534784
set_read_ber 0.