add_approx 139740622610496 139740623089728
set_read_ber 0.001000
set_write_ber 0.000001
add_approx 139740640260160 139740640739392
set_read_ber 0.001000
set_write_ber 0.000001
remove_approx 139740622610496 139740623089728
remove_approx 139740640260160 139740640739392
add_approx 139740618334272 139740618813504
set_read_ber 0.001000
set_write_ber 0.000001
add_approx 139740622610496 139740623089728
set_read_ber 0.001000
set_write_ber 0.000001
add_approx 139740640260160 139740640739392
set_read_ber 0.001000
set_write_ber 0.000001
remove_approx 139740618334272 139740618813504
remove_approx 139740622610496 139740623089728
remove_approx 139740640260160 139740640739392
add_approx 17839712 18318944
set_read_ber 0.001000
set_write_ber 0.000001
add_approx 139740618334272 139740618813504
set_read_ber 0.001000
set_write_ber 0.000001
add_approx 139740622610496 139740623089728
set_read_ber 0.001000
set_write_ber 0.000001
remove_approx 17839712 18318944
remove_approx 139740618334272 139740618813504
remove_approx 139740622610496 139740623089728
add_approx 17839712 18318944
set_read_ber 0.001000
set_write_ber 0.000001
add_approx 139740618334272 139740618813504
set_read_ber 0.001000
set_write_ber 0.000001
add_approx 139740622610496 139740623089728
set_read_ber 0.001000
set_write_ber 0.000001
add_approx 21691264 22170496
set_read_ber 0.001000
set_write_ber 0.000001
remove_approx 17839712 18318944
remove_approx 139740618334272 139740618813504
remove_approx 139740622610496 139740623089728
remove_approx 21691264 22170496
add_approx 17839712 18318944
set_read_ber 0.001000
set_write_ber 0.000001
add_approx 139740618334272 139740618813504
set_read_ber 0.001000
set_write_ber 0.000001
add_approx 25542816 26022048
set_read_ber 0.001000
set_write_ber 0.000001
add_approx 21691264 22170496
set_read_ber 0.001000
set_write_ber 0.000001
remove_approx 17839712 18318944
remove_approx 139740618334272 139740618813504
remove_approx 25542816 26022048
remove_approx 21691264 22170496
add_approx 21691264 22170496
set_read_ber 0.001000
set_write_ber 0.000001
add_approx 25542816 26022048
set_read_ber 0.001000
set_write_ber 0.000001
add_approx 17839712 18318944
set_read_ber 0.001000
set_write_ber 0.000001
remove_approx 21691264 22170496
remove_approx 25542816 26022048
remove_approx 17839712 18318944
add_approx 139740622610496 139740623089728
set_read_ber 0.001000
set_write_ber 0.000001
add_approx 21691264 22170496
set_read_ber 0.001000
set_write_ber 0.000001
add_approx 25542816 26022048
set_read_ber 0.001000
set_write_ber 0.000001
remove_approx 139740622610496 139740623089728
remove_approx 21691264 22170496
remove_approx 25542816 26022048
add_approx 139740622610496 139740623089728
set_read_ber 0.001000
set_write_ber 0.000001
add_approx 21691264 22170496
set_read_ber 0.001000
set_write_ber 0.000001
add_approx 25542816 26022048
set_read_ber 0.001000
set_write_ber 0.000001
add_approx 139740640260160 139740640739392
set_read_ber 0.001000
set_write_ber 0.000001
remove_approx 139740622610496 139740623089728
remove_approx 21691264 22170496
remove_approx 25542816 26022048
remove_approx 139740640260160 139740640739392
add_approx 139740640260160 139740640739392
set_read_ber 0.001000
set_write_ber 0.000001
add_approx 139740622610496 139740623089728
set_read_ber 0.001000
set_write_ber 0.000001
add_approx 21691264 22170496
set_read_ber 0.001000
set_write_ber 0.000001
remove_approx 139740640260160 139740640739392
remove_approx 139740622610496 139740623089728
remove_approx 21691264 22170496
add_approx 17839712 18318944
set_read_ber 0.001000
set_write_ber 0.000001
add_approx 139740640260160 139740640739392
set_read_ber 0.001000
set_write_ber 0.000001
add_approx 139740622610496 139740623089728
set_read_ber 0.001000
set_write_ber 0.000001
remove_approx 17839712 18318944
remove_approx 139740640260160 139740640739392
remove_approx 139740622610496 139740623089728
add_approx 17839712 18318944
set_read_ber 0.001000
set_write_ber 0.000001
add_approx 139740640260160 139740640739392
set_read_ber 0.001000
set_write_ber 0.000001
add_approx 139740622610496 139740623089728
set_read_ber 0.001000
set_write_ber 0.000001
add_approx 139740618334272 139740618813504
set_read_ber 0.001000
set_write_ber 0.000001
remove_approx 17839712 18318944
remove_approx 139740640260160 139740640739392
remove_approx 139740622610496 139740623089728
remove_approx 139740618334272 139740618813504
add_approx 139740618334272 139740618813504
set_read_ber 0.001000
set_write_ber 0.000001
add_approx 17839712 18318944
set_read_ber 0.001000
set_write_ber 0.000001
add_approx 139740640260160 139740640739392
set_read_ber 0.001000
set_write_ber 0.000001
remove_approx 139740618334272 139740618813504
remove_approx 17839712 18318944
remove_approx 139740640260160 139740640739392
add_approx 25542816 26022048
set_read_ber 0.001000
set_write_ber 0.000001
add_approx 139740618334272 139740618813504
set_read_ber 0.001000
set_write_ber 0.000001
add_approx 17839712 18318944
set_read_ber 0.001000
set_write_ber 0.000001
remove_approx 25542816 26022048
remove_approx 139740618334272 139740618813504
remove_approx 17839712 18318944
add_approx 25542816 26022048
set_read_ber 0.001000
set_write_ber 0.000001
add_approx 139740618334272 139740618813504
set_read_ber 0.001000
set_write_ber 0.000001
add_approx 17839712 18318944
set_read_ber 0.001000
set_write_ber 0.000001
add_approx 21691264 22170496
set_read_ber 0.001000
set_write_ber 0.000001
remove_approx 25542816 26022048
remove_approx 139740618334272 139740618813504
remove_approx 17839712 18318944
remove_approx 21691264 22170496
add_approx 25542816 26022048
set_read_ber 0.001000
set_write_ber 0.000001
add_approx 139740618334272 139740618813504
set_read_ber 0.001000
set_write_ber 0.000001
add_approx 139740622610496 139740623089728
set_read_ber 0.001000
set_write_ber 0.000001
add_approx 21691264 22170496
set_read_ber 0.001000
set_write_ber 0.000001
remove_approx 25542816 26022048
remove_approx 139740618334272 139740618813504
remove_approx 139740622610496 139740623089728
remove_approx 21691264 22170496
add_approx 21691264 22170496
set_read_ber 0.001000
set_write_ber 0.000001
add_approx 139740622610496 139740623089728
set_read_ber 0.001000
set_write_ber 0.000001
add_approx 25542816 26022048
set_read_ber 0.001000
set_write_ber 0.000001
remove_approx 21691264 22170496
remove_approx 139740622610496 139740623089728
remove_approx 25542816 26022048
add_approx 17839712 18318944
set_read_ber 0.001000
set_write_ber 0.000001
add_approx 21691264 22170496
set_read_ber 0.001000
set_write_ber 0.000001
add_approx 139740622610496 139740623089728
set_read_ber 0.001000
set_write_ber 0.000001
remove_approx 17839712 18318944
remove_approx 21691264 22170496
remove_approx 139740622610496 139740623089728
add_approx 17839712 18318944
set_read_ber 0.001000
set_write_ber 0.000001
add_approx 21691264 22170496
set_read_ber 0.001000
set_write_ber 0.000001
add_approx 139740622610496 139740623089728
set_read_ber 0.001000
set_write_ber 0.000001
add_approx 139740640260160 139740640739392
set_read_ber 0.001000
set_write_ber 0.000001
remove_approx 17839712 18318944
remove_approx 21691264 22170496
remove_approx 139740622610496 139740623089728
remove_approx 139740640260160 139740640739392
add_approx 139740640260160 139740640739392
set_read_ber 0.001000
set_write_ber 0.000001
add_approx 17839712 18318944
set_read_ber 0.001000
set_write_ber 0.000001
add_approx 21691264 22170496
set_read_ber 0.001000
set_write_ber 0.000001
remove_approx 139740640260160 139740640739392
remove_approx 17839712 18318944
remove_approx 21691264 22170496
add_approx 25542816 26022048
set_read_ber 0.001000
set_write_ber 0.000001
add_approx 139740640260160 139740640739392
set_read_ber 0.001000
set_write_ber 0.000001
add_approx 17839712 18318944
set_read_ber 0.001000
set_write_ber 0.000001
remove_approx 25542816 26022048
remove_approx 139740640260160 139740640739392
remove_approx 17839712 18318944
add_approx 25542816 26022048
set_read_ber 0.001000
set_write_ber 0.000001
add_approx 139740640260160 139740640739392
set_read_ber 0.001000
set_write_ber 0.000001
add_approx 17839712 18318944
set_read_ber 0.001000
set_write_ber 0.000001
add_approx 139740618334272 139740618813504
set_read_ber 0.001000
set_write_ber 0.000001
remove_approx 25542816 26022048
remove_approx 139740640260160 139740640739392
remove_approx 17839712 18318944
remove_approx 139740618334272 139740618813504
add_approx 139740618334272 139740618813504
set_read_ber 0.001000
set_write_ber 0.000001
add_approx 25542816 26022048
set_read_ber 0.001000
set_write_ber 0.000001
add_approx 139740640260160 139740640739392
set_read_ber 0.001000
set_write_ber 0.000001
remove_approx 139740618334272 139740618813504
remove_approx 25542816 26022048
remove_approx 139740640260160 139740640739392
add_approx 139740622610496 139740623089728
set_read_ber 0.001000
set_write_ber 0.000001
add_approx 139740618334272 139740618813504
set_read_ber 0.001000
set_write_ber 0.000001
add_approx 25542816 26022048
set_read_ber 0.001000
set_write_ber 0.000001
remove_approx 139740622610496 139740623089728
remove_approx 139740618334272 139740618813504
remove_approx 25542816 26022048
add_approx 139740622610496 139740623089728
set_read_ber 0.001000
set_write_ber 0.000001
add_approx 139740618334272 139740618813504
set_read_ber 0.001000
set_write_ber 0.000001
add_approx 25542816 26022048
set_read_ber 0.001000
set_write_ber 0.000001
add_approx 21691264 22170496
set_read_ber 0.001000
set_write_ber 0.000001
remove_approx 139740622610496 139740623089728
remove_approx 139740618334272 139740618813504
remove_approx 25542816 26022048
remove_approx 21691264 22170496
add_approx 139740622610496 139740623089728
set_read_ber 0.001000
set_write_ber 0.000001
add_approx 139740618334272 139740618813504
set_read_ber 0.001000
set_write_ber 0.000001
add_approx 17839712 18318944
set_read_ber 0.001000
set_write_ber 0.000001
add_approx 21691264 22170496
set_read_ber 0.001000
set_write_ber 0.000001
remove_approx 139740622610496 139740623089728
remove_approx 139740618334272 139740618813504
remove_approx 17839712 18318944
remove_approx 21691264 22170496
add_approx 21691264 22170496
set_read_ber 0.001000
set_write_ber 0.000001
add_approx 17839712 18318944
set_read_ber 0.001000
set_write_ber 0.000001
add_approx 139740622610496 139740623089728
set_read_ber 0.001000
set_write_ber 0.000001
remove_approx 21691264 22170496
remove_approx 17839712 18318944
remove_approx 139740622610496 139740623089728
add_approx 25542816 26022048
set_read_ber 0.001000
set_write_ber 0.000001
add_approx 21691264 22170496
set_read_ber 0.001000
set_write_ber 0.000001
add_approx 17839712 18318944
set_read_ber 0.001000
set_write_ber 0.000001
remove_approx 25542816 26022048
remove_approx 21691264 22170496
remove_approx 17839712 18318944
add_approx 25542816 26022048
set_read_ber 0.001000
set_write_ber 0.000001
add_approx 21691264 22170496
set_read_ber 0.001000
set_write_ber 0.000001
add_approx 17839712 18318944
set_read_ber 0.001000
set_write_ber 0.000001
add_approx 139740640260160 139740640739392
set_read_ber 0.001000
set_write_ber 0.000001
remove_approx 25542816 26022048
remove_approx 21691264 22170496
remove_approx 17839712 18318944
remove_approx 139740640260160 139740640739392
add_approx 139740640260160 139740640739392
set_read_ber 0.001000
set