add_approx 140314141786176 140314142265408
set_read_ber 0.000100
set_write_ber 0.000010
add_approx 140314159542336 140314160021568
set_read_ber 0.000100
set_write_ber 0.000010
remove_approx 140314141786176 140314142265408
remove_approx 140314159542336 140314160021568
add_approx 140314137616448 140314138095680
set_read_ber 0.000100
set_write_ber 0.000010
add_approx 140314141786176 140314142265408
set_read_ber 0.000100
set_write_ber 0.000010
add_approx 140314159542336 140314160021568
set_read_ber 0.000100
set_write_ber 0.000010
remove_approx 140314137616448 140314138095680
remove_approx 140314141786176 140314142265408
remove_approx 140314159542336 140314160021568
add_approx 36972128 37451360
set_read_ber 0.000100
set_write_ber 0.000010
add_approx 140314137616448 140314138095680
set_read_ber 0.000100
set_write_ber 0.000010
add_approx 140314141786176 140314142265408
set_read_ber 0.000100
set_write_ber 0.000010
remove_approx 36972128 37451360
remove_approx 140314137616448 140314138095680
remove_approx 140314141786176 140314142265408
add_approx 36972128 37451360
set_read_ber 0.000100
set_write_ber 0.000010
add_approx 140314137616448 140314138095680
set_read_ber 0.000100
set_write_ber 0.000010
add_approx 140314141786176 140314142265408
set_read_ber 0.000100
set_write_ber 0.000010
add_approx 40823680 41302912
set_read_ber 0.000100
set_write_ber 0.000010
remove_approx 36972128 37451360
remove_approx 140314137616448 140314138095680
remove_approx 140314141786176 140314142265408
remove_approx 40823680 41302912
add_approx 36972128 37451360
set_read_ber 0.000100
set_write_ber 0.000010
add_approx 140314137616448 140314138095680
set_read_ber 0.000100
set_write_ber 0.000010
add_approx 44675232 45154464
set_read_ber 0.000100
set_write_ber 0.000010
add_approx 40823680 41302912
set_read_ber 0.000100
set_write_ber 0.000010
remove_approx 36972128 37451360
remove_approx 140314137616448 140314138095680
remove_approx 44675232 45154464
remove_approx 40823680 41302912
add_approx 40823680 41302912
set_read_ber 0.000100
set_write_ber 0.000010
add_approx 44675232 45154464
set_read_ber 0.000100
set_write_ber 0.000010
add_approx 36972128 37451360
set_read_ber 0.000100
set_write_ber 0.000010
remove_approx 40823680 41302912
remove_approx 44675232 45154464
remove_approx 36972128 37451360
add_approx 140314141786176 140314142265408
set_read_ber 0.000100
set_write_ber 0.000010
add_approx 40823680 41302912
set_read_ber 0.000100
set_write_ber 0.000010
add_approx 44675232 45154464
set_read_ber 0.000100
set_write_ber 0.000010
remove_approx 140314141786176 140314142265408
remove_approx 40823680 41302912
remove_approx 44675232 45154464
add_approx 140314141786176 140314142265408
set_read_ber 0.000100
set_write_ber 0.000010
add_approx 40823680 41302912
set_read_ber 0.000100
set_write_ber 0.000010
add_approx 44675232 45154464
set_read_ber 0.000100
set_write_ber 0.000010
add_approx 140314159542336 140314160021568
set_read_ber 0.000100
set_write_ber 0.000010
remove_approx 140314141786176 140314142265408
remove_approx 40823680 41302912
remove_approx 44675232 45154464
remove_approx 140314159542336 140314160021568
add_approx 140314159542336 140314160021568
set_read_ber 0.000100
set_write_ber 0.000010
add_approx 140314141786176 140314142265408
set_read_ber 0.000100
set_write_ber 0.000010
add_approx 40823680 41302912
set_read_ber 0.000100
set_write_ber 0.000010
remove_approx 140314159542336 140314160021568
remove_approx 140314141786176 140314142265408
remove_approx 40823680 41302912
add_approx 36972128 37451360
set_read_ber 0.000100
set_write_ber 0.000010
add_approx 140314159542336 140314160021568
set_read_ber 0.000100
set_write_ber 0.000010
add_approx 140314141786176 140314142265408
set_read_ber 0.000100
set_write_ber 0.000010
remove_approx 36972128 37451360
remove_approx 140314159542336 140314160021568
remove_approx 140314141786176 140314142265408
add_approx 36972128 37451360
set_read_ber 0.000100
set_write_ber 0.000010
add_approx 140314159542336 140314160021568
set_read_ber 0.000100
set_write_ber 0.000010
add_approx 140314141786176 140314142265408
set_read_ber 0.000100
set_write_ber 0.000010
add_approx 140314137616448 140314138095680
set_read_ber 0.000100
set_write_ber 0.000010
remove_approx 36972128 37451360
remove_approx 140314159542336 140314160021568
remove_approx 140314141786176 140314142265408
remove_approx 140314137616448 140314138095680
add_approx 140314137616448 140314138095680
set_read_ber 0.000100
set_write_ber 0.000010
add_approx 36972128 37451360
set_read_ber 0.000100
set_write_ber 0.000010
add_approx 140314159542336 140314160021568
set_read_ber 0.000100
set_write_ber 0.000010
remove_approx 140314137616448 140314138095680
remove_approx 36972128 37451360
remove_approx 140314159542336 140314160021568
add_approx 44675232 45154464
set_read_ber 0.000100
set_write_ber 0.000010
add_approx 140314137616448 140314138095680
set_read_ber 0.000100
set_write_ber 0.000010
add_approx 36972128 37451360
set_read_ber 0.000100
set_write_ber 0.000010
remove_approx 44675232 45154464
remove_approx 140314137616448 140314138095680
remove_approx 36972128 37451360
add_approx 44675232 45154464
set_read_ber 0.000100
set_write_ber 0.000010
add_approx 140314137616448 140314138095680
set_read_ber 0.000100
set_write_ber 0.000010
add_approx 36972128 37451360
set_read_ber 0.000100
set_write_ber 0.000010
add_approx 40823680 41302912
set_read_ber 0.000100
set_write_ber 0.000010
remove_approx 44675232 45154464
remove_approx 140314137616448 140314138095680
remove_approx 36972128 37451360
remove_approx 40823680 41302912
add_approx 44675232 45154464
set_read_ber 0.000100
set_write_ber 0.000010
add_approx 140314137616448 140314138095680
set_read_ber 0.000100
set_write_ber 0.000010
add_approx 140314141786176 140314142265408
set_read_ber 0.000100
set_write_ber 0.000010
add_approx 40823680 41302912
set_read_ber 0.000100
set_write_ber 0.000010
remove_approx 44675232 45154464
remove_approx 140314137616448 140314138095680
remove_approx 140314141786176 140314142265408
remove_approx 40823680 41302912
add_approx 40823680 41302912
set_read_ber 0.000100
set_write_ber 0.000010
add_approx 140314141786176 140314142265408
set_read_ber 0.000100
set_write_ber 0.000010
add_approx 44675232 45154464
set_read_ber 0.000100
set_write_ber 0.000010
remove_approx 40823680 41302912
remove_approx 140314141786176 140314142265408
remove_approx 44675232 45154464
add_approx 36972128 37451360
set_read_ber 0.000100
set_write_ber 0.000010
add_approx 40823680 41302912
set_read_ber 0.000100
set_write_ber 0.000010
add_approx 140314141786176 140314142265408
set_read_ber 0.000100
set_write_ber 0.000010
remove_approx 36972128 37451360
remove_approx 40823680 41302912
remove_approx 140314141786176 140314142265408
add_approx 36972128 37451360
set_read_ber 0.000100
set_write_ber 0.000010
add_approx 40823680 41302912
set_read_ber 0.000100
set_write_ber 0.000010
add_approx 140314141786176 140314142265408
set_read_ber 0.000100
set_write_ber 0.000010
add_approx 140314159542336 140314160021568
set_read_ber 0.000100
set_write_ber 0.000010
remove_approx 36972128 37451360
remove_approx 40823680 41302912
remove_approx 140314141786176 140314142265408
remove_approx 140314159542336 140314160021568
add_approx 140314159542336 140314160021568
set_read_ber 0.000100
set_write_ber 0.000010
add_approx 36972128 37451360
set_read_ber 0.000100
set_write_ber 0.000010
add_approx 40823680 41302912
set_read_ber 0.000100
set_write_ber 0.000010
remove_approx 140314159542336 140314160021568
remove_approx 36972128 37451360
remove_approx 40823680 41302912
add_approx 44675232 45154464
set_read_ber 0.000100
set_write_ber 0.000010
add_approx 140314159542336 140314160021568
set_read_ber 0.000100
set_write_ber 0.000010
add_approx 36972128 37451360
set_read_ber 0.000100
set_write_ber 0.000010
remove_approx 44675232 45154464
remove_approx 140314159542336 140314160021568
remove_approx 36972128 37451360
add_approx 44675232 45154464
set_read_ber 0.000100
set_write_ber 0.000010
add_approx 140314159542336 140314160021568
set_read_ber 0.000100
set_write_ber 0.000010
add_approx 36972128 37451360
set_read_ber 0.000100
set_write_ber 0.000010
add_approx 140314137616448 140314138095680
set_read_ber 0.000100
set_write_ber 0.000010
remove_approx 44675232 45154464
remove_approx 140314159542336 140314160021568
remove_approx 36972128 37451360
remove_approx 140314137616448 140314138095680
add_approx 140314137616448 140314138095680
set_read_ber 0.000100
set_write_ber 0.000010
add_approx 44675232 45154464
set_read_ber 0.000100
set_write_ber 0.000010
add_approx 140314159542336 140314160021568
set_read_ber 0.000100
set_write_ber 0.000010
remove_approx 140314137616448 140314138095680
remove_approx 44675232 45154464
remove_approx 140314159542336 140314160021568
add_approx 140314141786176 140314142265408
set_read_ber 0.000100
set_write_ber 0.000010
add_approx 140314137616448 140314138095680
set_read_ber 0.000100
set_write_ber 0.000010
add_approx 44675232 45154464
set_read_ber 0.000100
set_write_ber 0.000010
remove_approx 140314141786176 140314142265408
remove_approx 140314137616448 140314138095680
remove_approx 44675232 45154464
add_approx 140314141786176 140314142265408
set_read_ber 0.000100
set_write_ber 0.000010
add_approx 140314137616448 140314138095680
set_read_ber 0.000100
set_write_ber 0.000010
add_approx 44675232 45154464
set_read_ber 0.000100
set_write_ber 0.000010
add_approx 40823680 41302912
set_read_ber 0.000100
set_write_ber 0.000010
remove_approx 140314141786176 140314142265408
remove_approx 140314137616448 140314138095680
remove_approx 44675232 45154464
remove_approx 40823680 41302912
add_approx 140314141786176 140314142265408
set_read_ber 0.000100
set_write_ber 0.000010
add_approx 140314137616448 140314138095680
set_read_ber 0.000100
set_write_ber 0.000010
add_approx 36972128 37451360
set_read_ber 0.000100
set_write_ber 0.000010
add_approx 40823680 41302912
set_read_ber 0.000100
set_write_ber 0.000010
remove_approx 140314141786176 140314142265408
remove_approx 140314137616448 140314138095680
remove_approx 36972128 37451360
remove_approx 40823680 41302912
add_approx 40823680 41302912
set_read_ber 0.000100
set_write_ber 0.000010
add_approx 36972128 37451360
set_read_ber 0.000100
set_write_ber 0.000010
add_approx 1