add_approx 139955040301120 139955049719872
set_read_ber 0.000010
set_write_ber 0.000100
add_approx 139955171196992 139955180615744
set_read_ber 0.000010
set_write_ber 0.000100
remove_approx 139955040301120 139955049719872
remove_approx 139955171196992 139955180615744
add_approx 139954967183424 139954976602176
set_read_ber 0.000010
set_write_ber 0.000100
add_approx 139955040301120 139955049719872
set_read_ber 0.000010
set_write_ber 0.000100
add_approx 139955171196992 139955180615744
set_read_ber 0.000010
set_write_ber 0.000100
remove_approx 139954967183424 139954976602176
remove_approx 139955040301120 139955049719872
remove_approx 139955171196992 139955180615744
add_approx 139954967183424 139954976602176
set_read_ber 0.000010
set_write_ber 0.000100
add_approx 139955040301120 139955049719872
set_read_ber 0.000010
set_write_ber 0.000100
add_approx 139955171196992 139955180615744
set_read_ber 0.000010
set_write_ber 0.000100
add_approx 247837280 257256032
set_read_ber 0.000010
set_write_ber 0.000100
remove_approx 139954967183424 139954976602176
remove_approx 139955040301120 139955049719872
remove_approx 139955171196992 139955180615744
remove_approx 247837280 257256032
add_approx 139954967183424 139954976602176
set_read_ber 0.000010
set_write_ber 0.000100
add_approx 139955040301120 139955049719872
set_read_ber 0.000010
set_write_ber 0.000100
add_approx 314767328 324186080
set_read_ber 0.000010
set_write_ber 0.000100
add_approx 247837280 257256032
set_read_ber 0.000010
set_write_ber 0.000100
remove_approx 139954967183424 139954976602176
remove_approx 139955040301120 139955049719872
remove_approx 314767328 324186080
remove_approx 247837280 257256032
add_approx 139954967183424 139954976602176
set_read_ber 0.000010
set_write_ber 0.000100
add_approx 139955040301120 139955049719872
set_read_ber 0.000010
set_write_ber 0.000100
add_approx 314767328 324186080
set_read_ber 0.000010
set_write_ber 0.000100
add_approx 247837280 257256032
set_read_ber 0.000010
set_write_ber 0.000100
remove_approx 139954967183424 139954976602176
remove_approx 139955040301120 139955049719872
remove_approx 314767328 324186080
remove_approx 247837280 257256032
add_approx 314767328 324186080
set_read_ber 0.000010
set_write_ber 0.000100
add_approx 139954967183424 139954976602176
set_read_ber 0.000010
set_write_ber 0.000100
add_approx 139955040301120 139955049719872
set_read_ber 0.000010
set_write_ber 0.000100
add_approx 247837280 257256032
set_read_ber 0.000010
set_write_ber 0.000100
remove_approx 314767328 324186080
remove_approx 139954967183424 139954976602176
remove_approx 139955040301120 139955049719872
remove_approx 247837280 257256032
add_approx 247837280 257256032
set_read_ber 0.000010
set_write_ber 0.000100
add_approx 314767328 324186080
set_read_ber 0.000010
set_write_ber 0.000100
add_approx 139954967183424 139954976602176
set_read_ber 0.000010
set_write_ber 0.000100
remove_approx 247837280 257256032
remove_approx 314767328 324186080
remove_approx 139954967183424 139954976602176
add_approx 247837280 257256032
set_read_ber 0.000010
set_write_ber 0.000100
add_approx 314767328 324186080
set_read_ber 0.000010
set_write_ber 0.000100
add_approx 139954967183424 139954976602176
set_read_ber 0.000010
set_write_ber 0.000100
add_approx 139955171196992 139955180615744
set_read_ber 0.000010
set_write_ber 0.000100
remove_approx 247837280 257256032
remove_approx 314767328 324186080
remove_approx 139954967183424 139954976602176
remove_approx 139955171196992 139955180615744
add_approx 247837280 257256032
set_read_ber 0.000010
set_write_ber 0.000100
add_approx 314767328 324186080
set_read_ber 0.000010
set_write_ber 0.000100
add_approx 381697376 391116128
set_read_ber 0.000010
set_write_ber 0.000100
add_approx 139955171196992 139955180615744
set_read_ber 0.000010
set_write_ber 0.000100
remove_approx 247837280 257256032
remove_approx 314767328 324186080
remove_approx 381697376 391116128
remove_approx 139955171196992 139955180615744
add_approx 139955171196992 139955180615744
set_read_ber 0.000010
set_write_ber 0.000100
add_approx 381697376 391116128
set_read_ber 0.000010
set_write_ber 0.000100
add_approx 247837280 257256032
set_read_ber 0.000010
set_write_ber 0.000100
remove_approx 139955171196992 139955180615744
remove_approx 381697376 391116128
remove_approx 247837280 257256032
add_approx 139955171196992 139955180615744
set_read_ber 0.000010
set_write_ber 0.000100
add_approx 381697376 391116128
set_read_ber 0.000010
set_write_ber 0.000100
add_approx 314767328 324186080
set_read_ber 0.000010
set_write_ber 0.000100
add_approx 139954967183424 139954976602176
set_read_ber 0.000010
set_write_ber 0.000100
remove_approx 139955171196992 139955180615744
remove_approx 381697376 391116128
remove_approx 314767328 324186080
remove_approx 139954967183424 139954976602176
add_approx 139955171196992 139955180615744
set_read_ber 0.000010
set_write_ber 0.000100
add_approx 381697376 391116128
set_read_ber 0.000010
set_write_ber 0.000100
add_approx 139955040301120 139955049719872
set_read_ber 0.000010
set_write_ber 0.000100
add_approx 139954967183424 139954976602176
set_read_ber 0.000010
set_write_ber 0.000100
remove_approx 139955171196992 139955180615744
remove_approx 381697376 391116128
remove_approx 139955040301120 139955049719872
remove_approx 139954967183424 139954976602176
add_approx 139955171196992 139955180615744
set_read_ber 0.000010
set_write_ber 0.000100
add_approx 381697376 391116128
set_read_ber 0.000010
set_write_ber 0.000100
add_approx 139955040301120 139955049719872
set_read_ber 0.000010
set_write_ber 0.000100
add_approx 139954967183424 139954976602176
set_read_ber 0.000010
set_write_ber 0.000100
remove_approx 139955171196992 139955180615744
remove_approx 381697376 391116128
remove_approx 139955040301120 139955049719872
remove_approx 139954967183424 139954976602176
add_approx 139955040301120 139955049719872
set_read_ber 0.000010
set_write_ber 0.000100
add_approx 139955171196992 139955180615744
set_read_ber 0.000010
set_write_ber 0.000100
add_approx 381697376 391116128
set_read_ber 0.000010
set_write_ber 0.000100
add_approx 139954967183424 139954976602176
set_read_ber 0.000010
set_write_ber 0.000100
remove_approx 139955040301120 139955049719872
remove_approx 139955171196992 139955180615744
remove_approx 381697376 391116128
remove_approx 139954967183424 139954976602176
add_approx 139954967183424 139954976602176
set_read_ber 0.000010
set_write_ber 0.000100
add_approx 139955040301120 139955049719872
set_read_ber 0.000010
set_write_ber 0.000100
add_approx 139955171196992 139955180615744
set_read_ber 0.000010
set_write_ber 0.000100
remove_approx 139954967183424 139954976602176
remove_approx 139955040301120 139955049719872
remove_approx 139955171196992 139955180615744
add_approx 139954967183424 139954976602176
set_read_ber 0.000010
set_write_ber 0.000100
add_approx 139955040301120 139955049719872
set_read_ber 0.000010
set_write_ber 0.000100
add_approx 381697376 391116128
set_read_ber 0.000010
set_write_ber 0.000100
add_approx 314767328 324186080
set_read_ber 0.000010
set_write_ber 0.000100
remove_approx 139954967183424 139954976602176
remove_approx 139955040301120 139955049719872
remove_approx 381697376 391116128
remove_approx 314767328 324186080
add_approx 139954967183424 139954976602176
set_read_ber 0.000010
set_write_ber 0.000100
add_approx 139955040301120 139955049719872
set_read_ber 0.000010
set_write_ber 0.000100
add_approx 247837280 257256032
set_read_ber 0.000010
set_write_ber 0.000100
add_approx 314767328 324186080
set_read_ber 0.000010
set_write_ber 0.000100
remove_approx 139954967183424 139954976602176
remove_approx 139955040301120 139955049719872
remove_approx 247837280 257256032
remove_approx 314767328 324186080
add_approx 139954967183424 139954976602176
set_read_ber 0.000010
set_write_ber 0.000100
add_approx 139955040301120 139955049719872
set_read_ber 0.000010
set_write_ber 0.000100
add_approx 247837280 257256032
set_read_ber 0.000010
set_write_ber 0.000100
add_approx 314767328 324186080
set_read_ber 0.000010
set_write_ber 0.000100
remove_approx 139954967183424 139954976602176
remove_approx 139955040301120 139955049719872
remove_approx 247837280 257256032
remove_approx 314767328 324186080
add_approx 247837280 257256032
set_read_ber 0.000010
set_write_ber 0.000100
add_approx 139954967183424 139954976602176
set_read_ber 0.000010
set_write_ber 0.000100
add_approx 139955040301120 139955049719872
set_read_ber 0.000010
set_write_ber 0.000100
add_approx 314767328 324186080
set_read_ber 0.000010
set_write_ber 0.000100
remove_approx 247837280 257256032
remove_approx 139954967183424 139954976602176
remove_approx 139955040301120 139955049719872
remove_approx 314767328 324186080
add_approx 314767328 324186080
set_read_ber 0.000010
set_write_ber 0.000100
add_approx 247837280 257256032
set_read_ber 0.000010
set_write_ber 0.000100
add_approx 139954967183424 139954976602176
set_read_ber 0.000010
set_write_ber 0.000100
remove_approx 314767328 324186080
remove_approx 247837280 257256032
remove_approx 139954967183424 139954976602176
add_approx 314767328 324186080
set_read_ber 0.000010
set_write_ber 0.000100
add_approx 247837280 257256032
set_read_ber 0.000010
set_write_ber 0.000100
add_approx 139955040301120 139955049719872
set_read_ber 0.000010
set_write_ber 0.000100
add_approx 381697376 391116128
set_read_ber 0.000010
set_write_ber 0.000100
remove_approx 314767328 324186080
remove_approx 247837280 257256032
remove_approx 139955040301120 139955049719872
remove_approx 381697376 391116128
add_approx 314767328 324186080
set_read_ber 0.000010
set_write_ber 0.000100
add_approx 247837280 257256032
set_read_ber 0.000010
set_write_ber 0.000100
add_approx 139955171196992 139955180615744
set_read_ber 0.000010
set_write_ber 0.000100
add_approx 381697376 391116128
set_read_ber 0.000010
set_write_ber 0.000100
remove_approx 314767328 324186080
remove_approx 247837280 257256032
remove_approx 139955171196992 139955180615744
remove_approx 381697376 391116128
add_approx 314767328 324186080
set_read_ber 0.000010
set_write_ber 0.000100
add_approx 247837280 257256032
set_read_ber 0.000010
set_write_ber 0.000100
add_approx 139955171196992 139955180615744
set_read_ber 0.000010
set_write_ber 0.000100
add_approx 381697376 391116128
set_read_ber 0.000010
set_write_ber 0.000100
remove_approx 314767328 324186080
remove_approx 247837280 257256032
remove_approx 139955171196992 139955180615744
remove_approx 381697376 391116128
add_approx 139955171196992 139955180615744
set_read_ber 0.000010
set_write_ber 0.000100
add_approx 314767328 324186080
set_read_ber 0.000010
set_write_ber 0.000100
add_approx 247837280 257256032
set_read_ber 0.000010
set_write_ber 0.000100
add_approx 381697376 391116128
set_read_ber 0.000010
set_write_ber 0.000100
remove_approx 139955171196992 139955180615744
remove_approx 314767328 324186080
remove_approx 247837280 257256032
remove_approx 381697376 391116128
add_approx 381697376 391116128
set_read_ber 0.000010
set_write_ber 0.000100
add_approx 139955171196992 139955180615744
set_read_ber 0.000010
set_write_ber 0.000100
add_approx 314767328 324186080
set_read_ber 0.000010
set_write_ber 0.000100
remove_approx 381697376 391116128
remove_approx 139955171196992 139955180615744
remove_approx 314767328 324186080
add_approx 381697376 391116128
set_read_ber 0.000010
set_write_ber 0.000100
add_approx 139955171196992 139955180615744
set_read_ber 0.000010
set_write_ber 0.000100
add_approx 247837280 257256032
set_read_ber 0.000010
set_write_ber 0.000100
add_approx 139955040301120 139955049719872
set_read_ber 0.000010
set_write_ber 0.000100
remove_approx 381697376 391116128
remove_approx 139955171196992 139955180615744
remove_approx 247837280 257256032
remove_approx 139955040301120 139955049719872
add_approx 381697376 391116128
set_read_ber 0.000010
set_write_ber 0.000100
add_approx 139955171196992 139955180615744
set_read_ber 0.000010
set_write_ber 0.000100
add_approx 139954967183424 139954976602176
set_read_ber 0.000010
set_write_ber 0.000100
add_approx 139955040301120 139955049719872
set_read_ber 0.000010
set_write_ber 0.000100
remove_approx 381697376 391116128
remove_approx 139955171196992 139955180615744
remove_approx 139954967183424 139954976602176
remove_approx 139955040301120 139955049719872
add_approx 139955040301120 139955049719872
set_read_ber 0.000010
set_write_ber 0.000100
add_approx 139954967183424 139954976602176
set_read_ber 0.000010
set_write_ber 0.000100
add_approx 381697376 391116128
set_read_ber 0.000010
set_write_ber 0.000100
remove_approx 139955040301120 139955049719872
remove_approx 139954967183424 139954976602176
remove_approx 381697376 391116128
add_approx 139955040301120 139955049719872
set_read_ber 0.000010
set_write_ber 0.000100
add_approx 139954967183424 139954976602176
set_read_ber 0.000010
set_write_ber 0.000100
add_approx 139955171196992 139955180615744
set_read_ber 0.000010
set_write_ber 0.000100
add_approx 247837280 257256032
set_read_ber 0.000010
set_write_ber 0.000100
remove_approx 139955040301120 139955049719872
remove_approx 139954967183424 139954976602176
remove_approx 139955171196992 139955180615744
remove_approx 247837280 257256032
add_approx 139955040301120 139955049719872
set_read_ber 0.000010
set_write_ber 0.000100
add_approx 139954967183424 139954976602176
set_read_ber 0.000010
set_write_ber 0.000100
add_approx 314767328 324186080
set_read_ber 0.000010
set_write_ber 0.000100
add_approx 247837280 257256032
set_read_ber 0.000010
set_write_ber 0.000100
remove_approx 139955040301120 139955049719872
remove_approx 139954967183424 139954976602176
remove_approx 314767328 324186080
remove_approx 247837280 257256032
add_approx 139955040301120 139955049719872
set_read_ber 0.000010
set_write_ber 0.000100
add_approx 139954967183424 139954976602176
set_read_ber 0.000010
set_write_ber 0.000100
add_approx 314767328 324186080
set_read_ber 0.000010
set_write_ber 0.000100
add_approx 247837280 257256032
set_read_ber 0.000010
set_write_ber 0.000100
remove_approx 139955040301120 139955049719872
remove_approx 139954967183424 139954976602176
remove_approx 314767328 324186080
remove_approx 247837280 257256032
add_approx 314767328 324186080
set_read_ber 0.000010
set_write_ber 0.000100
add_approx 139955040301120 139955049719872
set_read_ber 0.000010
set_write_ber 0.000100
add_approx 139954967183424 139954976602176
set_read_ber 0.000010
set_write_ber 0.000100
add_approx 247837280 257256032
set_read_ber 0.000010
set_write_ber 0.000100
remove_approx 314767328 324186080
remove_approx 139955040301120 139955049719872
remove_approx 139954967183424 139954976602176
remove_approx 247837280 257256032
add_approx 247837280 257256032
set_read_ber 0.000010
set_write_ber 0.000100
add_approx 314767328 324186080
set_read_ber 0.000010
set_write_ber 0.000100
add_approx 139955040301120 139955049719872
set_read_ber 0.000010
set_write_ber 0.000100
remove_approx 247837280 257256032
remove_approx 314767328 324186080
remove_approx 139955040301120 139955049719872
add_approx 247837280 257256032
set_read_ber 0.000010
set_write_ber 0.000100
add_approx 314767328 324186080
set_read_ber 0.000010
set_write_ber 0.000100
add_approx 139954967183424 139954976602176
set_read_ber 0.000010
set_write_ber 0.000100
add_approx 139955171196992 139955180615744
set_read_ber 0.000010
set_write_ber 0.000100
remove_approx 247837280 257256032
remove_approx 314767328 324186080
remove_a