add_approx 140425857458240 140425866876992
set_read_ber 0.000000
set_write_ber 0.000100
add_approx 140425988313152 140425997731904
set_read_ber 0.000000
set_write_ber 0.000100
remove_approx 140425857458240 140425866876992
remove_approx 140425988313152 140425997731904
add_approx 140425784270912 140425793689664
set_read_ber 0.000000
set_write_ber 0.000100
add_approx 140425857458240 140425866876992
set_read_ber 0.000000
set_write_ber 0.000100
add_approx 140425988313152 140425997731904
set_read_ber 0.000000
set_write_ber 0.000100
remove_approx 140425784270912 140425793689664
remove_approx 140425857458240 140425866876992
remove_approx 140425988313152 140425997731904
add_approx 140425784270912 140425793689664
set_read_ber 0.000000
set_write_ber 0.000100
add_approx 140425857458240 140425866876992
set_read_ber 0.000000
set_write_ber 0.000100
add_approx 140425988313152 140425997731904
set_read_ber 0.000000
set_write_ber 0.000100
add_approx 228622944 238041696
set_read_ber 0.000000
set_write_ber 0.000100
remove_approx 140425784270912 140425793689664
remove_approx 140425857458240 140425866876992
remove_approx 140425988313152 140425997731904
remove_approx 228622944 238041696
add_approx 140425784270912 140425793689664
set_read_ber 0.000000
set_write_ber 0.000100
add_approx 140425857458240 140425866876992
set_read_ber 0.000000
set_write_ber 0.000100
add_approx 295552992 304971744
set_read_ber 0.000000
set_write_ber 0.000100
add_approx 228622944 238041696
set_read_ber 0.000000
set_write_ber 0.000100
remove_approx 140425784270912 140425793689664
remove_approx 140425857458240 140425866876992
remove_approx 295552992 304971744
remove_approx 228622944 238041696
add_approx 140425784270912 140425793689664
set_read_ber 0.000000
set_write_ber 0.000100
add_approx 140425857458240 140425866876992
set_read_ber 0.000000
set_write_ber 0.000100
add_approx 295552992 304971744
set_read_ber 0.000000
set_write_ber 0.000100
add_approx 228622944 238041696
set_read_ber 0.000000
set_write_ber 0.000100
remove_approx 140425784270912 140425793689664
remove_approx 140425857458240 140425866876992
remove_approx 295552992 304971744
remove_approx 228622944 238041696
add_approx 295552992 304971744
set_read_ber 0.000000
set_write_ber 0.000100
add_approx 140425784270912 140425793689664
set_read_ber 0.000000
set_write_ber 0.000100
add_approx 140425857458240 140425866876992
set_read_ber 0.000000
set_write_ber 0.000100
add_approx 228622944 238041696
set_read_ber 0.000000
set_write_ber 0.000100
remove_approx 295552992 304971744
remove_approx 140425784270912 140425793689664
remove_approx 140425857458240 140425866876992
remove_approx 228622944 238041696
add_approx 228622944 238041696
set_read_ber 0.000000
set_write_ber 0.000100
add_approx 295552992 304971744
set_read_ber 0.000000
set_write_ber 0.000100
add_approx 140425784270912 140425793689664
set_read_ber 0.000000
set_write_ber 0.000100
remove_approx 228622944 238041696
remove_approx 295552992 304971744
remove_approx 140425784270912 140425793689664
add_approx 228622944 238041696
set_read_ber 0.000000
set_write_ber 0.000100
add_approx 295552992 304971744
set_read_ber 0.000000
set_write_ber 0.000100
add_approx 140425784270912 140425793689664
set_read_ber 0.000000
set_write_ber 0.000100
add_approx 140425988313152 140425997731904
set_read_ber 0.000000
set_write_ber 0.000100
remove_approx 228622944 238041696
remove_approx 295552992 304971744
remove_approx 140425784270912 140425793689664
remove_approx 140425988313152 140425997731904
add_approx 228622944 238041696
set_read_ber 0.000000
set_write_ber 0.000100
add_approx 295552992 304971744
set_read_ber 0.000000
set_write_ber 0.000100
add_approx 362483040 371901792
set_read_ber 0.000000
set_write_ber 0.000100
add_approx 140425988313152 140425997731904
set_read_ber 0.000000
set_write_ber 0.000100
remove_approx 228622944 238041696
remove_approx 295552992 304971744
remove_approx 362483040 371901792
remove_approx 140425988313152 140425997731904
add_approx 140425988313152 140425997731904
set_read_ber 0.000000
set_write_ber 0.000100
add_approx 362483040 371901792
set_read_ber 0.000000
set_write_ber 0.000100
add_approx 228622944 238041696
set_read_ber 0.000000
set_write_ber 0.000100
remove_approx 140425988313152 140425997731904
remove_approx 362483040 371901792
remove_approx 228622944 238041696
add_approx 140425988313152 140425997731904
set_read_ber 0.000000
set_write_ber 0.000100
add_approx 362483040 371901792
set_read_ber 0.000000
set_write_ber 0.000100
add_approx 295552992 304971744
set_read_ber 0.000000
set_write_ber 0.000100
add_approx 140425784270912 140425793689664
set_read_ber 0.000000
set_write_ber 0.000100
remove_approx 140425988313152 140425997731904
remove_approx 362483040 371901792
remove_approx 295552992 304971744
remove_approx 140425784270912 140425793689664
add_approx 140425988313152 140425997731904
set_read_ber 0.000000
set_write_ber 0.000100
add_approx 362483040 371901792
set_read_ber 0.000000
set_write_ber 0.000100
add_approx 140425857458240 140425866876992
set_read_ber 0.000000
set_write_ber 0.000100
add_approx 140425784270912 140425793689664
set_read_ber 0.000000
set_write_ber 0.000100
remove_approx 140425988313152 140425997731904
remove_approx 362483040 371901792
remove_approx 140425857458240 140425866876992
remove_approx 140425784270912 140425793689664
add_approx 140425988313152 140425997731904
set_read_ber 0.000000
set_write_ber 0.000100
add_approx 362483040 371901792
set_read_ber 0.000000
set_write_ber 0.000100
add_approx 140425857458240 140425866876992
set_read_ber 0.000000
set_write_ber 0.000100
add_approx 140425784270912 140425793689664
set_read_ber 0.000000
set_write_ber 0.000100
remove_approx 140425988313152 140425997731904
remove_approx 362483040 371901792
remove_approx 140425857458240 140425866876992
remove_approx 140425784270912 140425793689664
add_approx 140425857458240 140425866876992
set_read_ber 0.000000
set_write_ber 0.000100
add_approx 140425988313152 140425997731904
set_read_ber 0.000000
set_write_ber 0.000100
add_approx 362483040 371901792
set_read_ber 0.000000
set_write_ber 0.000100
add_approx 140425784270912 140425793689664
set_read_ber 0.000000
set_write_ber 0.000100
remove_approx 140425857458240 140425866876992
remove_approx 140425988313152 140425997731904
remove_approx 362483040 371901792
remove_approx 140425784270912 140425793689664
add_approx 140425784270912 140425793689664
set_read_ber 0.000000
set_write_ber 0.000100
add_approx 140425857458240 140425866876992
set_read_ber 0.000000
set_write_ber 0.000100
add_approx 140425988313152 140425997731904
set_read_ber 0.000000
set_write_ber 0.000100
remove_approx 140425784270912 140425793689664
remove_approx 140425857458240 140425866876992
remove_approx 140425988313152 140425997731904
add_approx 140425784270912 140425793689664
set_read_ber 0.000000
set_write_ber 0.000100
add_approx 140425857458240 140425866876992
set_read_ber 0.000000
set_write_ber 0.000100
add_approx 362483040 371901792
set_read_ber 0.000000
set_write_ber 0.000100
add_approx 295552992 304971744
set_read_ber 0.000000
set_write_ber 0.000100
remove_approx 140425784270912 140425793689664
remove_approx 140425857458240 140425866876992
remove_approx 362483040 371901792
remove_approx 295552992 304971744
add_approx 140425784270912 140425793689664
set_read_ber 0.000000
set_write_ber 0.000100
add_approx 140425857458240 140425866876992
set_read_ber 0.000000
set_write_ber 0.000100
add_approx 228622944 238041696
set_read_ber 0.000000
set_write_ber 0.000100
add_approx 295552992 304971744
set_read_ber 0.000000
set_write_ber 0.000100
remove_approx 140425784270912 140425793689664
remove_approx 140425857458240 140425866876992
remove_approx 228622944 238041696
remove_approx 295552992 304971744
add_approx 140425784270912 140425793689664
set_read_ber 0.000000
set_write_ber 0.000100
add_approx 140425857458240 140425866876992
set_read_ber 0.000000
set_write_ber 0.000100
add_approx 228622944 238041696
set_read_ber 0.000000
set_write_ber 0.000100
add_approx 295552992 304971744
set_read_ber 0.000000
set_write_ber 0.000100
remove_approx 140425784270912 140425793689664
remove_approx 140425857458240 140425866876992
remove_approx 228622944 238041696
remove_approx 295552992 304971744
add_approx 228622944 238041696
set_read_ber 0.000000
set_write_ber 0.000100
add_approx 140425784270912 140425793689664
set_read_ber 0.000000
set_write_ber 0.000100
add_approx 140425857458240 140425866876992
set_read_ber 0.000000
set_write_ber 0.000100
add_approx 295552992 304971744
set_read_ber 0.000000
set_write_ber 0.000100
remove_approx 228622944 238041696
remove_approx 140425784270912 140425793689664
remove_approx 140425857458240 140425866876992
remove_approx 295552992 304971744
add_approx 295552992 304971744
set_read_ber 0.000000
set_write_ber 0.000100
add_approx 228622944 238041696
set_read_ber 0.000000
set_write_ber 0.000100
add_approx 140425784270912 140425793689664
set_read_ber 0.000000
set_write_ber 0.000100
remove_approx 295552992 304971744
remove_approx 228622944 238041696
remove_approx 140425784270912 140425793689664
add_approx 295552992 304971744
set_read_ber 0.000000
set_write_ber 0.000100
add_approx 228622944 238041696
set_read_ber 0.000000
set_write_ber 0.000100
add_approx 140425857458240 140425866876992
set_read_ber 0.000000
set_write_ber 0.000100
add_approx 362483040 371901792
set_read_ber 0.000000
set_write_ber 0.000100
remove_approx 295552992 304971744
remove_approx 228622944 238041696
remove_approx 140425857458240 140425866876992
remove_approx 362483040 371901792
add_approx 295552992 304971744
set_read_ber 0.000000
set_write_ber 0.000100
add_approx 228622944 238041696
set_read_ber 0.000000
set_write_ber 0.000100
add_approx 140425988313152 140425997731904
set_read_ber 0.000000
set_write_ber 0.000100
add_approx 362483040 371901792
set_read_ber 0.000000
set_write_ber 0.000100
remove_approx 295552992 304971744
remove_approx 228622944 238041696
remove_approx 140425988313152 140425997731904
remove_approx 362483040 371901792
add_approx 295552992 304971744
set_read_ber 0.000000
set_write_ber 0.000100
add_approx 228622944 238041696
set_read_ber 0.000000
set_write_ber 0.000100
add_approx 140425988313152 140425997731904
set_read_ber 0.000000
set_write_ber 0.000100
add_approx 362483040 371901792
set_read_ber 0.000000
set_write_ber 0.000100
remove_approx 295552992 304971744
remove_approx 228622944 238041696
remove_approx 140425988313152 140425997731904
remove_approx 362483040 371901792
add_approx 140425988313152 140425997731904
set_read_ber 0.000000
set_write_ber 0.000100
add_approx 295552992 304971744
set_read_ber 0.000000
set_write_ber 0.000100
add_approx 228622944 238041696
set_read_ber 0.000000
set_write_ber 0.000100
add_approx 362483040 371901792
set_read_ber 0.000000
set_write_ber 0.000100
remove_approx 140425988313152 140425997731904
remove_approx 295552992 304971744
remove_approx 228622944 238041696
remove_approx 362483040 371901792
add_approx 362483040 371901792
set_read_ber 0.000000
set_write_ber 0.000100
add_approx 140425988313152 140425997731904
set_read_ber 0.000000
set_write_ber 0.000100
add_approx 295552992 304971744
set_read_ber 0.000000
set_write_ber 0.000100
remove_approx 362483040 371901792
remove_approx 140425988313152 140425997731904
remove_approx 295552992 304971744
add_approx 362483040 371901792
set_read_ber 0.000000
set_write_ber 0.000100
add_approx 140425988313152 140425997731904
set_read_ber 0.000000
set_write_ber 0.000100
add_approx 228622944 238041696
set_read_ber 0.000000
set_write_ber 0.000100
add_approx 140425857458240 140425866876992
set_read_ber 0.000000
set_write_ber 0.000100
remove_approx 362483040 371901792
remove_approx 140425988313152 140425997731904
remove_approx 228622944 238041696
remove_approx 140425857458240 140425866876992
add_approx 362483040 371901792
set_read_ber 0.000000
set_write_ber 0.000100
add_approx 140425988313152 140425997731904
set_read_ber 0.000000
set_write_ber 0.000100
add_approx 140425784270912 140425793689664
set_read_ber 0.000000
set_write_ber 0.000100
add_approx 140425857458240 140425866876992
set_read_ber 0.000000
set_write_ber 0.000100
remove_approx 362483040 371901792
remove_approx 140425988313152 140425997731904
remove_approx 140425784270912 140425793689664
remove_approx 140425857458240 140425866876992
add_approx 140425857458240 140425866876992
set_read_ber 0.000000
set_write_ber 0.000100
add_approx 140425784270912 140425793689664
set_read_ber 0.000000
set_write_ber 0.000100
add_approx 362483040 371901792
set_read_ber 0.000000
set_write_ber 0.000100
remove_approx 140425857458240 140425866876992
remove_approx 140425784270912 140425793689664
remove_approx 362483040 371901792
add_approx 140425857458240 140425866876992
set_read_ber 0.000000
set_write_ber 0.000100
add_approx 140425784270912 140425793689664
set_read_ber 0.000000
set_write_ber 0.000100
add_approx 140425988313152 140425997731904
set_read_ber 0.000000
set_write_ber 0.000100
add_approx 228622944 238041696
set_read_ber 0.000000
set_write_ber 0.000100
remove_approx 140425857458240 140425866876992
remove_approx 140425784270912 140425793689664
remove_approx 140425988313152 140425997731904
remove_approx 228622944 238041696
add_approx 140425857458240 140425866876992
set_read_ber 0.000000
set_write_ber 0.000100
add_approx 140425784270912 140425793689664
set_read_ber 0.000000
set_write_ber 0.000100
add_approx 295552992 304971744
set_read_ber 0.000000
set_write_ber 0.000100
add_approx 228622944 238041696
set_read_ber 0.000000
set_write_ber 0.000100
remove_approx 140425857458240 140425866876992
remove_approx 140425784270912 140425793689664
remove_approx 295552992 304971744
remove_approx 228622944 238041696
add_approx 140425857458240 140425866876992
set_read_ber 0.000000
set_write_ber 0.000100
add_approx 140425784270912 140425793689664
set_read_ber 0.000000
set_write_ber 0.000100
add_approx 295552992 304971744
set_read_ber 0.000000
set_write_ber 0.000100
add_approx 228622944 238041696
set_read_ber 0.000000
set_write_ber 0.000100
remove_approx 140425857458240 140425866876992
remove_approx 140425784270912 140425793689664
remove_approx 295552992 304971744
remove_approx 228622944 238041696
add_approx 295552992 304971744
set_read_ber 0.000000
set_write_ber 0.000100
add_approx 140425857458240 140425866876992
set_read_ber 0.000000
set_write_ber 0.000100
add_approx 140425784270912 140425793689664
set_read_ber 0.000000
set_write_ber 0.000100
add_approx 228622944 238041696
set_read_ber 0.000000
set_write_ber 0.000100
remove_approx 295552992 304971744
remove_approx 140425857458240 140425866876992
remove_approx 140425784270912 140425793689664
remove_approx 228622944 238041696
add_approx 228622944 238041696
set_read_ber 0.000000
set_write_ber 0.000100
add_approx 295552992 304971744
set_read_ber 0.000000
set_write_ber 0.000100
add_approx 140425857458240 140425866876992
set_read_ber 0.000000
set_write_ber 0.000100
remove_approx 228622944 238041696
remove_approx 295552992 304971744
remove_approx 140425857458240 140425866876992
add_approx 228622944 238041696
set_read_ber 0.000000
set_write_ber 0.000100
add_approx 295552992 304971744
set_read_ber 0.000000
set_write_ber 0.000100
add_approx 140425784270912 140425793689664
set_read_ber 0.000000
set_write_ber 0.000100
add_approx 140425988313152 140425997731904
set_read_ber 0.000000
set_write_ber 0.000100
remove_approx 228622944 238041696
remove_approx 295552992 304971744
remove_a