add_approx 140077867774016 140077868253248
set_read_ber 0.000100
set_write_ber 0.000100
add_approx 140077952557120 140077953036352
set_read_ber 0.000100
set_write_ber 0.000100
remove_approx 140077867774016 140077868253248
remove_approx 140077952557120 140077953036352
add_approx 140077863555136 140077864034368
set_read_ber 0.000100
set_write_ber 0.000100
add_approx 140077867774016 140077868253248
set_read_ber 0.000100
set_write_ber 0.000100
add_approx 140077952557120 140077953036352
set_read_ber 0.000100
set_write_ber 0.000100
remove_approx 140077863555136 140077864034368
remove_approx 140077867774016 140077868253248
remove_approx 140077952557120 140077953036352
add_approx 17544800 18024032
set_read_ber 0.000100
set_write_ber 0.000100
add_approx 140077863555136 140077864034368
set_read_ber 0.000100
set_write_ber 0.000100
add_approx 140077867774016 140077868253248
set_read_ber 0.000100
set_write_ber 0.000100
remove_approx 17544800 18024032
remove_approx 140077863555136 140077864034368
remove_approx 140077867774016 140077868253248
add_approx 17544800 18024032
set_read_ber 0.000100
set_write_ber 0.000100
add_approx 140077863555136 140077864034368
set_read_ber 0.000100
set_write_ber 0.000100
add_approx 140077867774016 140077868253248
set_read_ber 0.000100
set_write_ber 0.000100
add_approx 21396352 21875584
set_read_ber 0.000100
set_write_ber 0.000100
remove_approx 17544800 18024032
remove_approx 140077863555136 140077864034368
remove_approx 140077867774016 140077868253248
remove_approx 21396352 21875584
add_approx 17544800 18024032
set_read_ber 0.000100
set_write_ber 0.000100
add_approx 140077863555136 140077864034368
set_read_ber 0.000100
set_write_ber 0.000100
add_approx 25247904 25727136
set_read_ber 0.000100
set_write_ber 0.000100
add_approx 21396352 21875584
set_read_ber 0.000100
set_write_ber 0.000100
remove_approx 17544800 18024032
remove_approx 140077863555136 140077864034368
remove_approx 25247904 25727136
remove_approx 21396352 21875584
add_approx 21396352 21875584
set_read_ber 0.000100
set_write_ber 0.000100
add_approx 25247904 25727136
set_read_ber 0.000100
set_write_ber 0.000100
add_approx 17544800 18024032
set_read_ber 0.000100
set_write_ber 0.000100
remove_approx 21396352 21875584
remove_approx 25247904 25727136
remove_approx 17544800 18024032
add_approx 140077867774016 140077868253248
set_read_ber 0.000100
set_write_ber 0.000100
add_approx 21396352 21875584
set_read_ber 0.000100
set_write_ber 0.000100
add_approx 25247904 25727136
set_read_ber 0.000100
set_write_ber 0.000100
remove_approx 140077867774016 140077868253248
remove_approx 21396352 21875584
remove_approx 25247904 25727136
add_approx 140077867774016 140077868253248
set_read_ber 0.000100
set_write_ber 0.000100
add_approx 21396352 21875584
set_read_ber 0.000100
set_write_ber 0.000100
add_approx 25247904 25727136
set_read_ber 0.000100
set_write_ber 0.000100
add_approx 140077952557120 140077953036352
set_read_ber 0.000100
set_write_ber 0.000100
remove_approx 140077867774016 140077868253248
remove_approx 21396352 21875584
remove_approx 25247904 25727136
remove_approx 140077952557120 140077953036352
add_approx 140077952557120 140077953036352
set_read_ber 0.000100
set_write_ber 0.000100
add_approx 140077867774016 140077868253248
set_read_ber 0.000100
set_write_ber 0.000100
add_approx 21396352 21875584
set_read_ber 0.000100
set_write_ber 0.000100
remove_approx 140077952557120 140077953036352
remove_approx 140077867774016 140077868253248
remove_approx 21396352 21875584
add_approx 17544800 18024032
set_read_ber 0.000100
set_write_ber 0.000100
add_approx 140077952557120 140077953036352
set_read_ber 0.000100
set_write_ber 0.000100
add_approx 140077867774016 140077868253248
set_read_ber 0.000100
set_write_ber 0.000100
remove_approx 17544800 18024032
remove_approx 140077952557120 140077953036352
remove_approx 140077867774016 140077868253248
add_approx 17544800 18024032
set_read_ber 0.000100
set_write_ber 0.000100
add_approx 140077952557120 140077953036352
set_read_ber 0.000100
set_write_ber 0.000100
add_approx 140077867774016 140077868253248
set_read_ber 0.000100
set_write_ber 0.000100
add_approx 140077863555136 140077864034368
set_read_ber 0.000100
set_write_ber 0.000100
remove_approx 17544800 18024032
remove_approx 140077952557120 140077953036352
remove_approx 140077867774016 140077868253248
remove_approx 140077863555136 140077864034368
add_approx 140077863555136 140077864034368
set_read_ber 0.000100
set_write_ber 0.000100
add_approx 17544800 18024032
set_read_ber 0.000100
set_write_ber 0.000100
add_approx 140077952557120 140077953036352
set_read_ber 0.000100
set_write_ber 0.000100
remove_approx 140077863555136 140077864034368
remove_approx 17544800 18024032
remove_approx 140077952557120 140077953036352
add_approx 25247904 25727136
set_read_ber 0.000100
set_write_ber 0.000100
add_approx 140077863555136 140077864034368
set_read_ber 0.000100
set_write_ber 0.000100
add_approx 17544800 18024032
set_read_ber 0.000100
set_write_ber 0.000100
remove_approx 25247904 25727136
remove_approx 140077863555136 140077864034368
remove_approx 17544800 18024032
add_approx 25247904 25727136
set_read_ber 0.000100
set_write_ber 0.000100
add_approx 140077863555136 140077864034368
set_read_ber 0.000100
set_write_ber 0.000100
add_approx 17544800 18024032
set_read_ber 0.000100
set_write_ber 0.000100
add_approx 21396352 21875584
set_read_ber 0.000100
set_write_ber 0.000100
remove_approx 25247904 25727136
remove_approx 140077863555136 140077864034368
remove_approx 17544800 18024032
remove_approx 21396352 21875584
add_approx 25247904 25727136
set_read_ber 0.000100
set_write_ber 0.000100
add_approx 140077863555136 140077864034368
set_read_ber 0.000100
set_write_ber 0.000100
add_approx 140077867774016 140077868253248
set_read_ber 0.000100
set_write_ber 0.000100
add_approx 21396352 21875584
set_read_ber 0.000100
set_write_ber 0.000100
remove_approx 25247904 25727136
remove_approx 140077863555136 140077864034368
remove_approx 140077867774016 140077868253248
remove_approx 21396352 21875584
add_approx 21396352 21875584
set_read_ber 0.000100
set_write_ber 0.000100
add_approx 140077867774016 140077868253248
set_read_ber 0.000100
set_write_ber 0.000100
add_approx 25247904 25727136
set_read_ber 0.000100
set_write_ber 0.000100
remove_approx 21396352 21875584
remove_approx 140077867774016 140077868253248
remove_approx 25247904 25727136
add_approx 17544800 18024032
set_read_ber 0.000100
set_write_ber 0.000100
add_approx 21396352 21875584
set_read_ber 0.000100
set_write_ber 0.000100
add_approx 140077867774016 140077868253248
set_read_ber 0.000100
set_write_ber 0.000100
remove_approx 17544800 18024032
remove_approx 21396352 21875584
remove_approx 140077867774016 140077868253248
add_approx 17544800 18024032
set_read_ber 0.000100
set_write_ber 0.000100
add_approx 21396352 21875584
set_read_ber 0.000100
set_write_ber 0.000100
add_approx 140077867774016 140077868253248
set_read_ber 0.000100
set_write_ber 0.000100
add_approx 140077952557120 140077953036352
set_read_ber 0.000100
set_write_ber 0.000100
remove_approx 17544800 18024032
remove_approx 21396352 21875584
remove_approx 140077867774016 140077868253248
remove_approx 140077952557120 140077953036352
add_approx 140077952557120 140077953036352
set_read_ber 0.000100
set_write_ber 0.000100
add_approx 17544800 18024032
set_read_ber 0.000100
set_write_ber 0.000100
add_approx 21396352 21875584
set_read_ber 0.000100
set_write_ber 0.000100
remove_approx 140077952557120 140077953036352
remove_approx 17544800 18024032
remove_approx 21396352 21875584
add_approx 25247904 25727136
set_read_ber 0.000100
set_write_ber 0.000100
add_approx 140077952557120 140077953036352
set_read_ber 0.000100
set_write_ber 0.000100
add_approx 17544800 18024032
set_read_ber 0.000100
set_write_ber 0.000100
remove_approx 25247904 25727136
remove_approx 140077952557120 140077953036352
remove_approx 17544800 18024032
add_approx 25247904 25727136
set_read_ber 0.000100
set_write_ber 0.000100
add_approx 140077952557120 140077953036352
set_read_ber 0.000100
set_write_ber 0.000100
add_approx 17544800 18024032
set_read_ber 0.000100
set_write_ber 0.000100
add_approx 140077863555136 140077864034368
set_read_ber 0.000100
set_write_ber 0.000100
remove_approx 25247904 25727136
remove_approx 140077952557120 140077953036352
remove_approx 17544800 18024032
remove_approx 140077863555136 140077864034368
add_approx 140077863555136 140077864034368
set_read_ber 0.000100
set_write_ber 0.000100
add_approx 25247904 25727136
set_read_ber 0.000100
set_write_ber 0.000100
add_approx 140077952557120 140077953036352
set_read_ber 0.000100
set_write_ber 0.000100
remove_approx 140077863555136 140077864034368
remove_approx 25247904 25727136
remove_approx 140077952557120 140077953036352
add_approx 140077867774016 140077868253248
set_read_ber 0.000100
set_write_ber 0.000100
add_approx 140077863555136 140077864034368
set_read_ber 0.000100
set_write_ber 0.000100
add_approx 25247904 25727136
set_read_ber 0.000100
set_write_ber 0.000100
remove_approx 140077867774016 140077868253248
remove_approx 140077863555136 140077864034368
remove_approx 25247904 25727136
add_approx 140077867774016 140077868253248
set_read_ber 0.000100
set_write_ber 0.000100
add_approx 140077863555136 140077864034368
set_read_ber 0.000100
set_write_ber 0.000100
add_approx 25247904 25727136
set_read_ber 0.000100
set_write_ber 0.000100
add_approx 21396352 21875584
set_read_ber 0.000100
set_write_ber 0.000100
remove_approx 140077867774016 140077868253248
remove_approx 140077863555136 140077864034368
remove_approx 25247904 25727136
remove_approx 21396352 21875584
add_approx 140077867774016 140077868253248
set_read_ber 0.000100
set_write_ber 0.000100
add_approx 140077863555136 140077864034368
set_read_ber 0.000100
set_write_ber 0.000100
add_approx 17544800 18024032
set_read_ber 0.000100
set_write_ber 0.000100
add_approx 21396352 21875584
set_read_ber 0.000100
set_write_ber 0.000100
remove_approx 140077867774016 140077868253248
remove_approx 140077863555136 140077864034368
remove_approx 17544800 18024032
remove_approx 21396352 21875584
add_approx 21396352 21875584
set_read_ber 0.000100
set_write_ber 0.000100
add_approx 17544800 18024032
set_read_ber 0.000100
set_write_ber 0.000100
add_approx 1