add_approx 140271699288128 140271708706880
set_read_ber 0.000010
set_write_ber 0.000010
add_approx 140271830220864 140271839639616
set_read_ber 0.000010
set_write_ber 0.000010
remove_approx 140271699288128 140271708706880
remove_approx 140271830220864 140271839639616
add_approx 140271626170432 140271635589184
set_read_ber 0.000010
set_write_ber 0.000010
add_approx 140271699288128 140271708706880
set_read_ber 0.000010
set_write_ber 0.000010
add_approx 140271830220864 140271839639616
set_read_ber 0.000010
set_write_ber 0.000010
remove_approx 140271626170432 140271635589184
remove_approx 140271699288128 140271708706880
remove_approx 140271830220864 140271839639616
add_approx 140271626170432 140271635589184
set_read_ber 0.000010
set_write_ber 0.000010
add_approx 140271699288128 140271708706880
set_read_ber 0.000010
set_write_ber 0.000010
add_approx 140271830220864 140271839639616
set_read_ber 0.000010
set_write_ber 0.000010
add_approx 237412960 246831712
set_read_ber 0.000010
set_write_ber 0.000010
remove_approx 140271626170432 140271635589184
remove_approx 140271699288128 140271708706880
remove_approx 140271830220864 140271839639616
remove_approx 237412960 246831712
add_approx 140271626170432 140271635589184
set_read_ber 0.000010
set_write_ber 0.000010
add_approx 140271699288128 140271708706880
set_read_ber 0.000010
set_write_ber 0.000010
add_approx 304343008 313761760
set_read_ber 0.000010
set_write_ber 0.000010
add_approx 237412960 246831712
set_read_ber 0.000010
set_write_ber 0.000010
remove_approx 140271626170432 140271635589184
remove_approx 140271699288128 140271708706880
remove_approx 304343008 313761760
remove_approx 237412960 246831712
add_approx 140271626170432 140271635589184
set_read_ber 0.000010
set_write_ber 0.000010
add_approx 140271699288128 140271708706880
set_read_ber 0.000010
set_write_ber 0.000010
add_approx 304343008 313761760
set_read_ber 0.000010
set_write_ber 0.000010
add_approx 237412960 246831712
set_read_ber 0.000010
set_write_ber 0.000010
remove_approx 140271626170432 140271635589184
remove_approx 140271699288128 140271708706880
remove_approx 304343008 313761760
remove_approx 237412960 246831712
add_approx 304343008 313761760
set_read_ber 0.000010
set_write_ber 0.000010
add_approx 140271626170432 140271635589184
set_read_ber 0.000010
set_write_ber 0.000010
add_approx 140271699288128 140271708706880
set_read_ber 0.000010
set_write_ber 0.000010
add_approx 237412960 246831712
set_read_ber 0.000010
set_write_ber 0.000010
remove_approx 304343008 313761760
remove_approx 140271626170432 140271635589184
remove_approx 140271699288128 140271708706880
remove_approx 237412960 246831712
add_approx 237412960 246831712
set_read_ber 0.000010
set_write_ber 0.000010
add_approx 304343008 313761760
set_read_ber 0.000010
set_write_ber 0.000010
add_approx 140271626170432 140271635589184
set_read_ber 0.000010
set_write_ber 0.000010
remove_approx 237412960 246831712
remove_approx 304343008 313761760
remove_approx 140271626170432 140271635589184
add_approx 237412960 246831712
set_read_ber 0.000010
set_write_ber 0.000010
add_approx 304343008 313761760
set_read_ber 0.000010
set_write_ber 0.000010
add_approx 140271626170432 140271635589184
set_read_ber 0.000010
set_write_ber 0.000010
add_approx 140271830220864 140271839639616
set_read_ber 0.000010
set_write_ber 0.000010
remove_approx 237412960 246831712
remove_approx 304343008 313761760
remove_approx 140271626170432 140271635589184
remove_approx 140271830220864 140271839639616
add_approx 237412960 246831712
set_read_ber 0.000010
set_write_ber 0.000010
add_approx 304343008 313761760
set_read_ber 0.000010
set_write_ber 0.000010
add_approx 371273056 380691808
set_read_ber 0.000010
set_write_ber 0.000010
add_approx 140271830220864 140271839639616
set_read_ber 0.000010
set_write_ber 0.000010
remove_approx 237412960 246831712
remove_approx 304343008 313761760
remove_approx 371273056 380691808
remove_approx 140271830220864 140271839639616
add_approx 140271830220864 140271839639616
set_read_ber 0.000010
set_write_ber 0.000010
add_approx 371273056 380691808
set_read_ber 0.000010
set_write_ber 0.000010
add_approx 237412960 246831712
set_read_ber 0.000010
set_write_ber 0.000010
remove_approx 140271830220864 140271839639616
remove_approx 371273056 380691808
remove_approx 237412960 246831712
add_approx 140271830220864 140271839639616
set_read_ber 0.000010
set_write_ber 0.000010
add_approx 371273056 380691808
set_read_ber 0.000010
set_write_ber 0.000010
add_approx 304343008 313761760
set_read_ber 0.000010
set_write_ber 0.000010
add_approx 140271626170432 140271635589184
set_read_ber 0.000010
set_write_ber 0.000010
remove_approx 140271830220864 140271839639616
remove_approx 371273056 380691808
remove_approx 304343008 313761760
remove_approx 140271626170432 140271635589184
add_approx 140271830220864 140271839639616
set_read_ber 0.000010
set_write_ber 0.000010
add_approx 371273056 380691808
set_read_ber 0.000010
set_write_ber 0.000010
add_approx 140271699288128 140271708706880
set_read_ber 0.000010
set_write_ber 0.000010
add_approx 140271626170432 140271635589184
set_read_ber 0.000010
set_write_ber 0.000010
remove_approx 140271830220864 140271839639616
remove_approx 371273056 380691808
remove_approx 140271699288128 140271708706880
remove_approx 140271626170432 140271635589184
add_approx 140271830220864 140271839639616
set_read_ber 0.000010
set_write_ber 0.000010
add_approx 371273056 380691808
set_read_ber 0.000010
set_write_ber 0.000010
add_approx 140271699288128 140271708706880
set_read_ber 0.000010
set_write_ber 0.000010
add_approx 140271626170432 140271635589184
set_read_ber 0.000010
set_write_ber 0.000010
remove_approx 140271830220864 140271839639616
remove_approx 371273056 380691808
remove_approx 140271699288128 140271708706880
remove_approx 140271626170432 140271635589184
add_approx 140271699288128 140271708706880
set_read_ber 0.000010
set_write_ber 0.000010
add_approx 140271830220864 140271839639616
set_read_ber 0.000010
set_write_ber 0.000010
add_approx 371273056 380691808
set_read_ber 0.000010
set_write_ber 0.000010
add_approx 140271626170432 140271635589184
set_read_ber 0.000010
set_write_ber 0.000010
remove_approx 140271699288128 140271708706880
remove_approx 140271830220864 140271839639616
remove_approx 371273056 380691808
remove_approx 140271626170432 140271635589184
add_approx 140271626170432 140271635589184
set_read_ber 0.000010
set_write_ber 0.000010
add_approx 140271699288128 140271708706880
set_read_ber 0.000010
set_write_ber 0.000010
add_approx 140271830220864 140271839639616
set_read_ber 0.000010
set_write_ber 0.000010
remove_approx 140271626170432 140271635589184
remove_approx 140271699288128 140271708706880
remove_approx 140271830220864 140271839639616
add_approx 140271626170432 140271635589184
set_read_ber 0.000010
set_write_ber 0.000010
add_approx 140271699288128 140271708706880
set_read_ber 0.000010
set_write_ber 0.000010
add_approx 371273056 380691808
set_read_ber 0.000010
set_write_ber 0.000010
add_approx 304343008 313761760
set_read_ber 0.000010
set_write_ber 0.000010
remove_approx 140271626170432 140271635589184
remove_approx 140271699288128 140271708706880
remove_approx 371273056 380691808
remove_approx 304343008 313761760
add_approx 140271626170432 140271635589184
set_read_ber 0.000010
set_write_ber 0.000010
add_approx 140271699288128 140271708706880
set_read_ber 0.000010
set_write_ber 0.000010
add_approx 237412960 246831712
set_read_ber 0.000010
set_write_ber 0.000010
add_approx 304343008 313761760
set_read_ber 0.000010
set_write_ber 0.000010
remove_approx 140271626170432 140271635589184
remove_approx 140271699288128 140271708706880
remove_approx 237412960 246831712
remove_approx 304343008 313761760
add_approx 140271626170432 140271635589184
set_read_ber 0.000010
set_write_ber 0.000010
add_approx 140271699288128 140271708706880
set_read_ber 0.000010
set_write_ber 0.000010
add_approx 237412960 246831712
set_read_ber 0.000010
set_write_ber 0.000010
add_approx 304343008 313761760
set_read_ber 0.000010
set_write_ber 0.000010
remove_approx 140271626170432 140271635589184
remove_approx 140271699288128 140271708706880
remove_approx 237412960 246831712
remove_approx 304343008 313761760
add_approx 237412960 246831712
set_read_ber 0.000010
set_write_ber 0.000010
add_approx 140271626170432 140271635589184
set_read_ber 0.000010
set_write_ber 0.000010
add_approx 140271699288128 140271708706880
set_read_ber 0.000010
set_write_ber 0.000010
add_approx 304343008 313761760
set_read_ber 0.000010
set_write_ber 0.000010
remove_approx 237412960 246831712
remove_approx 140271626170432 140271635589184
remove_approx 140271699288128 140271708706880
remove_approx 304343008 313761760
add_approx 304343008 313761760
set_read_ber 0.000010
set_write_ber 0.000010
add_approx 237412960 246831712
set_read_ber 0.000010
set_write_ber 0.000010
add_approx 140271626170432 140271635589184
set_read_ber 0.000010
set_write_ber 0.000010
remove_approx 304343008 313761760
remove_approx 237412960 246831712
remove_approx 140271626170432 140271635589184
add_approx 304343008 313761760
set_read_ber 0.000010
set_write_ber 0.000010
add_approx 237412960 246831712
set_read_ber 0.000010
set_write_ber 0.000010
add_approx 140271699288128 140271708706880
set_read_ber 0.000010
set_write_ber 0.000010
add_approx 371273056 380691808
set_read_ber 0.000010
set_write_ber 0.000010
remove_approx 304343008 313761760
remove_approx 237412960 246831712
remove_approx 140271699288128 140271708706880
remove_approx 371273056 380691808
add_approx 304343008 313761760
set_read_ber 0.000010
set_write_ber 0.000010
add_approx 237412960 246831712
set_read_ber 0.000010
set_write_ber 0.000010
add_approx 140271830220864 140271839639616
set_read_ber 0.000010
set_write_ber 0.000010
add_approx 371273056 380691808
set_read_ber 0.000010
set_write_ber 0.000010
remove_approx 304343008 313761760
remove_approx 237412960 246831712
remove_approx 140271830220864 140271839639616
remove_approx 371273056 380691808
add_approx 304343008 313761760
set_read_ber 0.000010
set_write_ber 0.000010
add_approx 237412960 246831712
set_read_ber 0.000010
set_write_ber 0.000010
add_approx 140271830220864 140271839639616
set_read_ber 0.000010
set_write_ber 0.000010
add_approx 371273056 380691808
set_read_ber 0.000010
set_write_ber 0.000010
remove_approx 304343008 313761760
remove_approx 237412960 246831712
remove_approx 140271830220864 140271839639616
remove_approx 371273056 380691808
add_approx 140271830220864 140271839639616
set_read_ber 0.000010
set_write_ber 0.000010
add_approx 304343008 313761760
set_read_ber 0.000010
set_write_ber 0.000010
add_approx 237412960 246831712
set_read_ber 0.000010
set_write_ber 0.000010
add_approx 371273056 380691808
set_read_ber 0.000010
set_write_ber 0.000010
remove_approx 140271830220864 140271839639616
remove_approx 304343008 313761760
remove_approx 237412960 246831712
remove_approx 371273056 380691808
add_approx 371273056 380691808
set_read_ber 0.000010
set_write_ber 0.000010
add_approx 140271830220864 140271839639616
set_read_ber 0.000010
set_write_ber 0.000010
add_approx 304343008 313761760
set_read_ber 0.000010
set_write_ber 0.000010
remove_approx 371273056 380691808
remove_approx 140271830220864 140271839639616
remove_approx 304343008 313761760
add_approx 371273056 380691808
set_read_ber 0.000010
set_write_ber 0.000010
add_approx 140271830220864 140271839639616
set_read_ber 0.000010
set_write_ber 0.000010
add_approx 237412960 246831712
set_read_ber 0.000010
set_write_ber 0.000010
add_approx 140271699288128 140271708706880
set_read_ber 0.000010
set_write_ber 0.000010
remove_approx 371273056 380691808
remove_approx 140271830220864 140271839639616
remove_approx 237412960 246831712
remove_approx 140271699288128 140271708706880
add_approx 371273056 380691808
set_read_ber 0.000010
set_write_ber 0.000010
add_approx 140271830220864 140271839639616
set_read_ber 0.000010
set_write_ber 0.000010
add_approx 140271626170432 140271635589184
set_read_ber 0.000010
set_write_ber 0.000010
add_approx 140271699288128 140271708706880
set_read_ber 0.000010
set_write_ber 0.000010
remove_approx 371273056 380691808
remove_approx 140271830220864 140271839639616
remove_approx 140271626170432 140271635589184
remove_approx 140271699288128 140271708706880
add_approx 140271699288128 140271708706880
set_read_ber 0.000010
set_write_ber 0.000010
add_approx 140271626170432 140271635589184
set_read_ber 0.000010
set_write_ber 0.000010
add_approx 371273056 380691808
set_read_ber 0.000010
set_write_ber 0.000010
remove_approx 140271699288128 140271708706880
remove_approx 140271626170432 140271635589184
remove_approx 371273056 380691808
add_approx 140271699288128 140271708706880
set_read_ber 0.000010
set_write_ber 0.000010
add_approx 140271626170432 140271635589184
set_read_ber 0.000010
set_write_ber 0.000010
add_approx 140271830220864 140271839639616
set_read_ber 0.000010
set_write_ber 0.000010
add_approx 237412960 246831712
set_read_ber 0.000010
set_write_ber 0.000010
remove_approx 140271699288128 140271708706880
remove_approx 140271626170432 140271635589184
remove_approx 140271830220864 140271839639616
remove_approx 237412960 246831712
add_approx 140271699288128 140271708706880
set_read_ber 0.000010
set_write_ber 0.000010
add_approx 140271626170432 140271635589184
set_read_ber 0.000010
set_write_ber 0.000010
add_approx 304343008 313761760
set_read_ber 0.000010
set_write_ber 0.000010
add_approx 237412960 246831712
set_read_ber 0.000010
set_write_ber 0.000010
remove_approx 140271699288128 140271708706880
remove_approx 140271626170432 140271635589184
remove_approx 304343008 313761760
remove_approx 237412960 246831712
add_approx 140271699288128 140271708706880
set_read_ber 0.000010
set_write_ber 0.000010
add_approx 140271626170432 140271635589184
set_read_ber 0.000010
set_write_ber 0.000010
add_approx 304343008 313761760
set_read_ber 0.000010
set_write_ber 0.000010
add_approx 237412960 246831712
set_read_ber 0.000010
set_write_ber 0.000010
remove_approx 140271699288128 140271708706880
remove_approx 140271626170432 140271635589184
remove_approx 304343008 313761760
remove_approx 237412960 246831712
add_approx 304343008 313761760
set_read_ber 0.000010
set_write_ber 0.000010
add_approx 140271699288128 140271708706880
set_read_ber 0.000010
set_write_ber 0.000010
add_approx 140271626170432 140271635589184
set_read_ber 0.000010
set_write_ber 0.000010
add_approx 237412960 246831712
set_read_ber 0.000010
set_write_ber 0.000010
remove_approx 304343008 313761760
remove_approx 140271699288128 140271708706880
remove_approx 140271626170432 140271635589184
remove_approx 237412960 246831712
add_approx 237412960 246831712
set_read_ber 0.000010
set_write_ber 0.000010
add_approx 304343008 313761760
set_read_ber 0.000010
set_write_ber 0.000010
add_approx 140271699288128 140271708706880
set_read_ber 0.000010
set_write_ber 0.000010
remove_approx 237412960 246831712
remove_approx 304343008 313761760
remove_approx 140271699288128 140271708706880
add_approx 237412960 246831712
set_read_ber 0.000010
set_write_ber 0.000010
add_approx 304343008 313761760
set_read_ber 0.000010
set_write_ber 0.000010
add_approx 140271626170432 140271635589184
set_read_ber 0.000010
set_write_ber 0.000010
add_approx 140271830220864 140271839639616
set_read_ber 0.000010
set_write_ber 0.000010
remove_approx 237412960 246831712
remove_approx 304343008 313761760
remove_a