add_approx 140381210107968 140381212743744
set_read_ber 0.000100
set_write_ber 0.000010
remove_approx 140381210107968 140381212743744
add_approx 140381210107968 140381212743744
set_read_ber 0.000100
set_write_ber 0.000010
add_approx 140381168431168 140381171066944
set_read_ber 0.000100
set_write_ber 0.000010
remove_approx 140381210107968 140381212743744
remove_approx 140381168431168 140381171066944
add_approx 140381210107968 140381212743744
set_read_ber 0.000100
set_write_ber 0.000010
add_approx 71834592 74470368
set_read_ber 0.000100
set_write_ber 0.000010
add_approx 140381168431168 140381171066944
set_read_ber 0.000100
set_write_ber 0.000010
remove_approx 140381210107968 140381212743744
remove_approx 71834592 74470368
remove_approx 140381168431168 140381171066944
add_approx 71834592 74470368
set_read_ber 0.000100
set_write_ber 0.000010
add_approx 140381210107968 140381212743744
set_read_ber 0.000100
set_write_ber 0.000010
add_approx 140381168431168 140381171066944
set_read_ber 0.000100
set_write_ber 0.000010
remove_approx 71834592 74470368
remove_approx 140381210107968 140381212743744
remove_approx 140381168431168 140381171066944
add_approx 140381168431168 140381171066944
set_read_ber 0.000100
set_write_ber 0.000010
add_approx 71834592 74470368
set_read_ber 0.000100
set_write_ber 0.000010
add_approx 140381210107968 140381212743744
set_read_ber 0.000100
set_write_ber 0.000010
remove_approx 140381168431168 140381171066944
remove_approx 71834592 74470368
remove_approx 140381210107968 140381212743744
add_approx 140381168431168 140381171066944
set_read_ber 0.000100
set_write_ber 0.000010
add_approx 71834592 74470368
set_read_ber 0.000100
set_write_ber 0.000010
add_approx 140381210107968 140381212743744
set_read_ber 0.000100
set_write_ber 0.000010
add_approx 90519616 93155392
set_read_ber 0.000100
set_write_ber 0.000010
remove_approx 140381168431168 140381171066944
remove_approx 71834592 74470368
remove_approx 140381210107968 140381212743744
remove_approx 90519616 93155392
add_approx 140381168431168 140381171066944
set_read_ber 0.000100
set_write_ber 0.000010
add_approx 71834592 74470368
set_read_ber 0.000100
set_write_ber 0.000010
add_approx 108885856 111521632
set_read_ber 0.000100
set_write_ber 0.000010
add_approx 90519616 93155392
set_read_ber 0.000100
set_write_ber 0.000010
remove_approx 140381168431168 140381171066944
remove_approx 71834592 74470368
remove_approx 108885856 111521632
remove_approx 90519616 93155392
add_approx 108885856 111521632
set_read_ber 0.000100
set_write_ber 0.000010
add_approx 140381168431168 140381171066944
set_read_ber 0.000100
set_write_ber 0.000010
add_approx 71834592 74470368
set_read_ber 0.000100
set_write_ber 0.000010
add_approx 90519616 93155392
set_read_ber 0.000100
set_write_ber 0.000010
remove_approx 108885856 111521632
remove_approx 140381168431168 140381171066944
remove_approx 71834592 74470368
remove_approx 90519616 93155392
add_approx 90519616 93155392
set_read_ber 0.000100
set_write_ber 0.000010
add_approx 108885856 111521632
set_read_ber 0.000100
set_write_ber 0.000010
add_approx 140381168431168 140381171066944
set_read_ber 0.000100
set_write_ber 0.000010
remove_approx 90519616 93155392
remove_approx 108885856 111521632
remove_approx 140381168431168 140381171066944
add_approx 90519616 93155392
set_read_ber 0.000100
set_write_ber 0.000010
add_approx 108885856 111521632
set_read_ber 0.000100
set_write_ber 0.000010
add_approx 71834592 74470368
set_read_ber 0.000100
set_write_ber 0.000010
add_approx 127252096 129887872
set_read_ber 0.000100
set_write_ber 0.000010
remove_approx 90519616 93155392
remove_approx 108885856 111521632
remove_approx 71834592 74470368
remove_approx 127252096 129887872
add_approx 90519616 93155392
set_read_ber 0.000100
set_write_ber 0.000010
add_approx 108885856 111521632
set_read_ber 0.000100
set_write_ber 0.000010
add_approx 140381210107968 140381212743744
set_read_ber 0.000100
set_write_ber 0.000010
add_approx 127252096 129887872
set_read_ber 0.000100
set_write_ber 0.000010
remove_approx 90519616 93155392
remove_approx 108885856 111521632
remove_approx 140381210107968 140381212743744
remove_approx 127252096 129887872
add_approx 90519616 93155392
set_read_ber 0.000100
set_write_ber 0.000010
add_approx 108885856 111521632
set_read_ber 0.000100
set_write_ber 0.000010
add_approx 140381210107968 140381212743744
set_read_ber 0.000100
set_write_ber 0.000010
add_approx 127252096 129887872
set_read_ber 0.000100
set_write_ber 0.000010
remove_approx 90519616 93155392
remove_approx 108885856 111521632
remove_approx 140381210107968 140381212743744
remove_approx 127252096 129887872
add_approx 140381210107968 140381212743744
set_read_ber 0.000100
set_write_ber 0.000010
add_approx 90519616 93155392
set_read_ber 0.000100
set_write_ber 0.000010
add_approx 108885856 111521632
set_read_ber 0.000100
set_write_ber 0.000010
add_approx 127252096 129887872
set_read_ber 0.000100
set_write_ber 0.000010
remove_approx 140381210107968 140381212743744
remove_approx 90519616 93155392
remove_approx 108885856 111521632
remove_approx 127252096 129887872
add_approx 127252096 129887872
set_read_ber 0.000100
set_write_ber 0.000010
add_approx 140381210107968 140381212743744
set_read_ber 0.000100
set_write_ber 0.000010
add_approx 90519616 93155392
set_read_ber 0.000100
set_write_ber 0.000010
remove_approx 127252096 129887872
remove_approx 140381210107968 140381212743744
remove_approx 90519616 93155392
add_approx 127252096 129887872
set_read_ber 0.000100
set_write_ber 0.000010
add_approx 140381210107968 140381212743744
set_read_ber 0.000100
set_write_ber 0.000010
add_approx 108885856 111521632
set_read_ber 0.000100
set_write_ber 0.000010
add_approx 71834592 74470368
set_read_ber 0.000100
set_write_ber 0.000010
remove_approx 127252096 129887872
remove_approx 140381210107968 140381212743744
remove_approx 108885856 111521632
remove_approx 71834592 74470368
add_approx 127252096 129887872
set_read_ber 0.000100
set_write_ber 0.000010
add_approx 140381210107968 140381212743744
set_read_ber 0.000100
set_write_ber 0.000010
add_approx 140381168431168 140381171066944
set_read_ber 0.000100
set_write_ber 0.000010
add_approx 71834592 74470368
set_read_ber 0.000100
set_write_ber 0.000010
remove_approx 127252096 129887872
remove_approx 140381210107968 140381212743744
remove_approx 140381168431168 140381171066944
remove_approx 71834592 74470368
add_approx 140381168431168 140381171066944
set_read_ber 0.000100
set_write_ber 0.000010
add_approx 127252096 129887872
set_read_ber 0.000100
set_write_ber 0.000010
add_approx 140381210107968 140381212743744
set_read_ber 0.000100
set_write_ber 0.000010
add_approx 71834592 74470368
set_read_ber 0.000100
set_write_ber 0.000010
#eof
