add_approx 140160744050752 140160744529984
set_read_ber 0.001000
set_write_ber 0.000010
add_approx 140160828694592 140160829173824
set_read_ber 0.001000
set_write_ber 0.000010
remove_approx 140160744050752 140160744529984
remove_approx 140160828694592 140160829173824
add_approx 140160739725376 140160740204608
set_read_ber 0.001000
set_write_ber 0.000010
add_approx 140160744050752 140160744529984
set_read_ber 0.001000
set_write_ber 0.000010
add_approx 140160828694592 140160829173824
set_read_ber 0.001000
set_write_ber 0.000010
remove_approx 140160739725376 140160740204608
remove_approx 140160744050752 140160744529984
remove_approx 140160828694592 140160829173824
add_approx 19031648 19510880
set_read_ber 0.001000
set_write_ber 0.000010
add_approx 140160739725376 140160740204608
set_read_ber 0.001000
set_write_ber 0.000010
add_approx 140160744050752 140160744529984
set_read_ber 0.001000
set_write_ber 0.000010
remove_approx 19031648 19510880
remove_approx 140160739725376 140160740204608
remove_approx 140160744050752 140160744529984
add_approx 19031648 19510880
set_read_ber 0.001000
set_write_ber 0.000010
add_approx 140160739725376 140160740204608
set_read_ber 0.001000
set_write_ber 0.000010
add_approx 140160744050752 140160744529984
set_read_ber 0.001000
set_write_ber 0.000010
add_approx 22883200 23362432
set_read_ber 0.001000
set_write_ber 0.000010
remove_approx 19031648 19510880
remove_approx 140160739725376 140160740204608
remove_approx 140160744050752 140160744529984
remove_approx 22883200 23362432
add_approx 19031648 19510880
set_read_ber 0.001000
set_write_ber 0.000010
add_approx 140160739725376 140160740204608
set_read_ber 0.001000
set_write_ber 0.000010
add_approx 26734752 27213984
set_read_ber 0.001000
set_write_ber 0.000010
add_approx 22883200 23362432
set_read_ber 0.001000
set_write_ber 0.000010
remove_approx 19031648 19510880
remove_approx 140160739725376 140160740204608
remove_approx 26734752 27213984
remove_approx 22883200 23362432
add_approx 22883200 23362432
set_read_ber 0.001000
set_write_ber 0.000010
add_approx 26734752 27213984
set_read_ber 0.001000
set_write_ber 0.000010
add_approx 19031648 19510880
set_read_ber 0.001000
set_write_ber 0.000010
remove_approx 22883200 23362432
remove_approx 26734752 27213984
remove_approx 19031648 19510880
add_approx 140160744050752 140160744529984
set_read_ber 0.001000
set_write_ber 0.000010
add_approx 22883200 23362432
set_read_ber 0.001000
set_write_ber 0.000010
add_approx 26734752 27213984
set_read_ber 0.001000
set_write_ber 0.000010
remove_approx 140160744050752 140160744529984
remove_approx 22883200 23362432
remove_approx 26734752 27213984
add_approx 140160744050752 140160744529984
set_read_ber 0.001000
set_write_ber 0.000010
add_approx 22883200 23362432
set_read_ber 0.001000
set_write_ber 0.000010
add_approx 26734752 27213984
set_read_ber 0.001000
set_write_ber 0.000010
add_approx 140160828694592 140160829173824
set_read_ber 0.001000
set_write_ber 0.000010
remove_approx 140160744050752 140160744529984
remove_approx 22883200 23362432
remove_approx 26734752 27213984
remove_approx 140160828694592 140160829173824
add_approx 140160828694592 140160829173824
set_read_ber 0.001000
set_write_ber 0.000010
add_approx 140160744050752 140160744529984
set_read_ber 0.001000
set_write_ber 0.000010
add_approx 22883200 23362432
set_read_ber 0.001000
set_write_ber 0.000010
remove_approx 140160828694592 140160829173824
remove_approx 140160744050752 140160744529984
remove_approx 22883200 23362432
add_approx 19031648 19510880
set_read_ber 0.001000
set_write_ber 0.000010
add_approx 140160828694592 140160829173824
set_read_ber 0.001000
set_write_ber 0.000010
add_approx 140160744050752 140160744529984
set_read_ber 0.001000
set_write_ber 0.000010
remove_approx 19031648 19510880
remove_approx 140160828694592 140160829173824
remove_approx 140160744050752 140160744529984
add_approx 19031648 19510880
set_read_ber 0.001000
set_write_ber 0.000010
add_approx 140160828694592 140160829173824
set_read_ber 0.001000
set_write_ber 0.000010
add_approx 140160744050752 140160744529984
set_read_ber 0.001000
set_write_ber 0.000010
add_approx 140160739725376 140160740204608
set_read_ber 0.001000
set_write_ber 0.000010
remove_approx 19031648 19510880
remove_approx 140160828694592 140160829173824
remove_approx 140160744050752 140160744529984
remove_approx 140160739725376 140160740204608
add_approx 140160739725376 140160740204608
set_read_ber 0.001000
set_write_ber 0.000010
add_approx 19031648 19510880
set_read_ber 0.001000
set_write_ber 0.000010
add_approx 140160828694592 140160829173824
set_read_ber 0.001000
set_write_ber 0.000010
remove_approx 140160739725376 140160740204608
remove_approx 19031648 19510880
remove_approx 140160828694592 140160829173824
add_approx 26734752 27213984
set_read_ber 0.001000
set_write_ber 0.000010
add_approx 140160739725376 140160740204608
set_read_ber 0.001000
set_write_ber 0.000010
add_approx 19031648 19510880
set_read_ber 0.001000
set_write_ber 0.000010
remove_approx 26734752 27213984
remove_approx 140160739725376 140160740204608
remove_approx 19031648 19510880
add_approx 26734752 27213984
set_read_ber 0.001000
set_write_ber 0.000010
add_approx 140160739725376 140160740204608
set_read_ber 0.001000
set_write_ber 0.000010
add_approx 19031648 19510880
set_read_ber 0.001000
set_write_ber 0.000010
add_approx 22883200 23362432
set_read_ber 0.001000
set_write_ber 0.000010
remove_approx 26734752 27213984
remove_approx 140160739725376 140160740204608
remove_approx 19031648 19510880
remove_approx 22883200 23362432
add_approx 26734752 27213984
set_read_ber 0.001000
set_write_ber 0.000010
add_approx 140160739725376 140160740204608
set_read_ber 0.001000
set_write_ber 0.000010
add_approx 140160744050752 140160744529984
set_read_ber 0.001000
set_write_ber 0.000010
add_approx 22883200 23362432
set_read_ber 0.001000
set_write_ber 0.000010
remove_approx 26734752 27213984
remove_approx 140160739725376 140160740204608
remove_approx 140160744050752 140160744529984
remove_approx 22883200 23362432
add_approx 22883200 23362432
set_read_ber 0.001000
set_write_ber 0.000010
add_approx 140160744050752 140160744529984
set_read_ber 0.001000
set_write_ber 0.000010
add_approx 26734752 27213984
set_read_ber 0.001000
set_write_ber 0.000010
remove_approx 22883200 23362432
remove_approx 140160744050752 140160744529984
remove_approx 26734752 27213984
add_approx 19031648 19510880
set_read_ber 0.001000
set_write_ber 0.000010
add_approx 22883200 23362432
set_read_ber 0.001000
set_write_ber 0.000010
add_approx 140160744050752 140160744529984
set_read_ber 0.001000
set_write_ber 0.000010
remove_approx 19031648 19510880
remove_approx 22883200 23362432
remove_approx 140160744050752 140160744529984
add_approx 19031648 19510880
set_read_ber 0.001000
set_write_ber 0.000010
add_approx 22883200 23362432
set_read_ber 0.001000
set_write_ber 0.000010
add_approx 140160744050752 140160744529984
set_read_ber 0.001000
set_write_ber 0.000010
add_approx 140160828694592 140160829173824
set_read_ber 0.001000
set_write_ber 0.000010
remove_approx 19031648 19510880
remove_approx 22883200 23362432
remove_approx 140160744050752 140160744529984
remove_approx 140160828694592 140160829173824
add_approx 140160828694592 140160829173824
set_read_ber 0.001000
set_write_ber 0.000010
add_approx 19031648 19510880
set_read_ber 0.001000
set_write_ber 0.000010
add_approx 22883200 23362432
set_read_ber 0.001000
set_write_ber 0.000010
remove_approx 140160828694592 140160829173824
remove_approx 19031648 19510880
remove_approx 22883200 23362432
add_approx 26734752 27213984
set_read_ber 0.001000
set_write_ber 0.000010
add_approx 140160828694592 140160829173824
set_read_ber 0.001000
set_write_ber 0.000010
add_approx 19031648 19510880
set_read_ber 0.001000
set_write_ber 0.000010
remove_approx 26734752 27213984
remove_approx 140160828694592 140160829173824
remove_approx 19031648 19510880
add_approx 26734752 27213984
set_read_ber 0.001000
set_write_ber 0.000010
add_approx 140160828694592 140160829173824
set_read_ber 0.001000
set_write_ber 0.000010
add_approx 19031648 19510880
set_read_ber 0.001000
set_write_ber 0.000010
add_approx 140160739725376 140160740204608
set_read_ber 0.001000
set_write_ber 0.000010
remove_approx 26734752 27213984
remove_approx 140160828694592 140160829173824
remove_approx 19031648 19510880
remove_approx 140160739725376 140160740204608
add_approx 140160739725376 140160740204608
set_read_ber 0.001000
set_write_ber 0.000010
add_approx 26734752 27213984
set_read_ber 0.001000
set_write_ber 0.000010
add_approx 140160828694592 140160829173824
set_read_ber 0.001000
set_write_ber 0.000010
remove_approx 140160739725376 140160740204608
remove_approx 26734752 27213984
remove_approx 140160828694592 140160829173824
add_approx 140160744050752 140160744529984
set_read_ber 0.001000
set_write_ber 0.000010
add_approx 140160739725376 140160740204608
set_read_ber 0.001000
set_write_ber 0.000010
add_approx 26734752 27213984
set_read_ber 0.001000
set_write_ber 0.000010
remove_approx 140160744050752 140160744529984
remove_approx 140160739725376 140160740204608
remove_approx 26734752 27213984
add_approx 140160744050752 140160744529984
set_read_ber 0.001000
set_write_ber 0.000010
add_approx 140160739725376 140160740204608
set_read_ber 0.001000
set_write_ber 0.000010
add_approx 26734752 27213984
set_read_ber 0.001000
set_write_ber 0.000010
add_approx 22883200 23362432
set_read_ber 0.001000
set_write_ber 0.000010
remove_approx 140160744050752 140160744529984
remove_approx 140160739725376 140160740204608
remove_approx 26734752 27213984
remove_approx 22883200 23362432
add_approx 140160744050752 140160744529984
set_read_ber 0.001000
set_write_ber 0.000010
add_approx 140160739725376 140160740204608
set_read_ber 0.001000
set_write_ber 0.000010
add_approx 19031648 19510880
set_read_ber 0.001000
set_write_ber 0.000010
add_approx 22883200 23362432
set_read_ber 0.001000
set_write_ber 0.000010
remove_approx 140160744050752 140160744529984
remove_approx 140160739725376 140160740204608
remove_approx 19031648 19510880
remove_approx 22883200 23362432
add_approx 22883200 23362432
set_read_ber 0.001000
set_write_ber 0.000010
add_approx 19031648 19510880
set_read_ber 0.001000
set_write_ber 0.000010
add_approx 140160744050752 140160744529984
set_read_ber 0.001000
set_write_ber 0.000010
remove_approx 22883200 23362432
remove_approx 19031648 19510880
remove_approx 140160744050752 140160744529984
add_approx 26734752 27213984
set_read_ber 0.001000
set_write_ber 0.000010
add_approx 22883200 23362432
set_read_ber 0.001000
set_write_ber 0.000010
add_approx 19031648 19510880
set_read_ber 0.001000
set_write_ber 0.000010
remove_approx 26734752 27213984
remove_approx 22883200 23362432
remove_approx 19031648 19510880
add_approx 26734752 27213984
set_read_ber 0.001000
set_write_ber 0.000010
add_approx 22883200 23362432
set_read_ber 0.001000
set_write_ber 0.000010
add_approx 19031648 19510880
set_read_ber 0.001000
set_write_ber 0.000010
add_approx 140160828694592 140160829173824
set_read_ber 0.001000
set_write_ber 0.000010
remove_approx 26734752 27213984
remove_approx 22883200 23362432
remove_approx 19031648 19510880
remove_approx 140160828694592 140160829173824
add_approx 140160828694592 140160829173824
set_read_ber 0.001000
set